#-----------------------------------------------------------
# xsim v2016.3 (64-bit)
# SW Build 1682563 on Mon Oct 10 19:07:27 MDT 2016
# IP Build 1681267 on Mon Oct 10 21:28:31 MDT 2016
# Start of session at: Thu Mar 14 13:24:55 2019
# Process ID: 13524
# Current directory: C:/Users/dougo/LDPC_INIT_DSP3/solution2/sim/verilog
# Command line: xsim.exe -mode tcl -source {xsim.dir/setupLDPC/xsim_script.tcl}
# Log file: C:/Users/dougo/LDPC_INIT_DSP3/solution2/sim/verilog/xsim.log
# Journal file: C:/Users/dougo/LDPC_INIT_DSP3/solution2/sim/verilog\xsim.jou
#-----------------------------------------------------------
source xsim.dir/setupLDPC/xsim_script.tcl
# xsim {setupLDPC} -autoloadwcfg -tclbatch {setupLDPC.tcl}
Vivado Simulator 2016.3
Time resolution is 1 ps
source setupLDPC.tcl
## run all
////////////////////////////////////////////////////////////////////////////////////
// Inter-Transaction Progress: Completed Transaction / Total Transaction
// Intra-Transaction Progress: Measured Latency / Latency Estimation * 100%
//
// RTL Simulation : "Inter-Transaction Progress" ["Intra-Transaction Progress"] @ "Simulation Time"
////////////////////////////////////////////////////////////////////////////////////
// RTL Simulation : 0 / 1 [n/a] @ "125000"
// RTL Simulation : 1 / 1 [n/a] @ "145000"
////////////////////////////////////////////////////////////////////////////////////
$finish called at time : 185 ns : File "C:/Users/dougo/LDPC_INIT_DSP3/solution2/sim/verilog/setupLDPC.autotb.v" Line 641
## quit
INFO: [Common 17-206] Exiting xsim at Thu Mar 14 13:25:05 2019...
