@I [HLS-0] Workspace C:/Engineering/Triple_Demod/BS1000-FPGA/branches/LDPC_Decoder/HLS_modules/LDPC_Decoder3U/solution1 opened at Thu Aug 11 10:31:25 -0400 2022
@I [HLS-100] Execute     config_clock -quiet -name default -period 10 -default=false 
@I [SYN-201] Setting up clock 'default' with a period of 10ns.
@I [HLS-100] Command     config_clock returned 0; 0 sec.
@I [HLS-100] Execute     open_platform DefaultPlatform 
@I [HLS-100] Command     open_platform returned 0; 0 sec.
@I [HLS-100] Execute     import_lib C:/Xilinx/Vivado_HLS/2016.4/common/technology/xilinx/kintex7/kintex7 
@I [HLS-100] Execute       source C:/Xilinx/Vivado_HLS/2016.4/common/technology/xilinx/common/xilinx.lib 
@I [HLS-100] Execute         source C:/Xilinx/Vivado_HLS/2016.4/common/technology/xilinx/interface/xilinx_interface.lib 
@I [HLS-100] Execute           source C:/Xilinx/Vivado_HLS/2016.4/common/technology/xilinx/interface/plb46.lib 
@I [HLS-100] Command           ap_source returned 0; 0 sec.
@I [HLS-100] Execute           source C:/Xilinx/Vivado_HLS/2016.4/common/technology/xilinx/interface/fsl.lib 
@I [HLS-100] Command           ap_source returned 0; 0 sec.
@I [HLS-100] Execute           source C:/Xilinx/Vivado_HLS/2016.4/common/technology/xilinx/interface/axi4.lib 
@I [HLS-100] Command           ap_source returned 0; 0 sec.
@I [HLS-100] Execute           source C:/Xilinx/Vivado_HLS/2016.4/common/technology/xilinx/interface/maxi.lib 
@I [HLS-100] Command           ap_source returned 0; 0 sec.
@I [HLS-100] Execute           source C:/Xilinx/Vivado_HLS/2016.4/common/technology/xilinx/interface/saxilite.lib 
@I [HLS-100] Command           ap_source returned 0; 0 sec.
@I [HLS-100] Command         ap_source returned 0; 0 sec.
@I [HLS-100] Execute         source C:/Xilinx/Vivado_HLS/2016.4/common/technology/xilinx/common/dsp48.lib 
@I [HLS-100] Command         ap_source returned 0; 0.004 sec.
@I [HLS-100] Execute         source C:/Xilinx/Vivado_HLS/2016.4/common/technology/xilinx/ip/dds_compiler.lib 
@I [HLS-100] Command         ap_source returned 0; 0 sec.
@I [HLS-100] Execute         source C:/Xilinx/Vivado_HLS/2016.4/common/technology/xilinx/ip/xfft.lib 
@I [HLS-100] Command         ap_source returned 0; 0 sec.
@I [HLS-100] Execute         source C:/Xilinx/Vivado_HLS/2016.4/common/technology/xilinx/ip/xfir.lib 
@I [HLS-100] Command         ap_source returned 0; 0 sec.
@I [HLS-100] Command       ap_source returned 0; 0.004 sec.
@I [HLS-100] Execute       source C:/Xilinx/Vivado_HLS/2016.4/common/technology/xilinx/common/xilinx_old.lib 
@I [HLS-100] Command       ap_source returned 0; 0 sec.
@I [HLS-100] Execute       source C:/Xilinx/Vivado_HLS/2016.4/common/technology/xilinx/common/xilinx_vivado.lib 
@I [HLS-100] Command       ap_source returned 0; 0 sec.
@I [HLS-100] Execute       source C:/Xilinx/Vivado_HLS/2016.4/common/technology/xilinx/common/xilinx.hlp 
@I [HLS-100] Execute         source C:/Xilinx/Vivado_HLS/2016.4/common/technology/xilinx/common/target_info.tcl 
@I [HLS-100] Command         ap_source returned 0; 0 sec.
@I [HLS-100] Execute         source C:/Xilinx/Vivado_HLS/2016.4/common/technology/xilinx/interface/xilinx_interface.hlp 
@I [HLS-100] Execute           source C:/Xilinx/Vivado_HLS/2016.4/common/technology/xilinx/interface/maxi.hlp 
@I [HLS-100] Command           ap_source returned 0; 0 sec.
@I [HLS-100] Execute           source C:/Xilinx/Vivado_HLS/2016.4/common/technology/xilinx/interface/saxilite.hlp 
@I [HLS-100] Command           ap_source returned 0; 0 sec.
@I [HLS-100] Command         ap_source returned 0; 0 sec.
@I [HLS-100] Execute         source C:/Xilinx/Vivado_HLS/2016.4/common/technology/xilinx/common/dsp48.hlp 
@I [HLS-100] Command         ap_source returned 0; 0.004 sec.
@I [HLS-100] Command       ap_source returned 0; 0.008 sec.
@I [HLS-100] Execute       source C:/Xilinx/Vivado_HLS/2016.4/common/technology/xilinx/kintex7/dsp48e1.hlp 
@I [HLS-100] Command       ap_source returned 0; 0 sec.
@I [HLS-100] Execute       get_default_platform 
@I [HLS-100] Command       get_default_platform returned 0; 0 sec.
@I [HLS-100] Execute       config_chip_info -quiet -resource  {SLICE 50950} {LUT 203800}    {FF 407600} {DSP48E 840}    {BRAM 890}  
@I [HLS-100] Command       config_chip_info returned 0; 0 sec.
@I [HLS-100] Execute       config_chip_info -quiet -speed medium 
@I [HLS-100] Command       config_chip_info returned 0; 0 sec.
@I [HLS-100] Command     import_lib returned 0; 0.017 sec.
@I [HLS-100] Execute     source C:/Xilinx/Vivado_HLS/2016.4/common/technology/xilinx/kintex7/kintex7.gen 
@I [HLS-100] Execute       source C:/Xilinx/Vivado_HLS/2016.4/common/technology/xilinx/common/virtex.gen 
@I [HLS-100] Execute         source C:/Xilinx/Vivado_HLS/2016.4/common/technology/xilinx/common/xilinx.gen 
@I [HLS-100] Execute           source C:/Xilinx/Vivado_HLS/2016.4/common/technology/xilinx/interface/plb46.gen 
@I [HLS-100] Command           ap_source returned 0; 0 sec.
@I [HLS-100] Execute           source C:/Xilinx/Vivado_HLS/2016.4/common/technology/xilinx/interface/fsl.gen 
@I [HLS-100] Command           ap_source returned 0; 0 sec.
@I [HLS-100] Execute           source C:/Xilinx/Vivado_HLS/2016.4/common/technology/xilinx/interface/axi4.gen 
@I [HLS-100] Command           ap_source returned 0; 0.004 sec.
@I [HLS-100] Execute           source C:/Xilinx/Vivado_HLS/2016.4/common/technology/xilinx/interface/nativeAXI4.gen 
@I [HLS-100] Execute             source C:/Xilinx/Vivado_HLS/2016.4/common/technology/xilinx/interface/saxilite.gen 
@I [HLS-100] Command             ap_source returned 0; 0.004 sec.
@I [HLS-100] Execute             source C:/Xilinx/Vivado_HLS/2016.4/common/technology/xilinx/interface/maxi.gen 
@I [HLS-100] Command             ap_source returned 0; 0.004 sec.
@I [HLS-100] Command           ap_source returned 0; 0.008 sec.
@I [HLS-100] Execute           source C:/Xilinx/Vivado_HLS/2016.4/common/technology/xilinx/scripts/xilinxcoregen.gen 
@I [HLS-100] Command           ap_source returned 0; 0.008 sec.
@I [HLS-100] Execute           source C:/Xilinx/Vivado_HLS/2016.4/common/technology/xilinx/interface/XilEDKCoreGen.gen 
@I [HLS-100] Command           ap_source returned 0; 0.008 sec.
@I [HLS-100] Execute           source C:/Xilinx/Vivado_HLS/2016.4/common/technology/xilinx/ip/dds_compiler.gen 
@I [HLS-100] Command           ap_source returned 0; 0.004 sec.
@I [HLS-100] Execute           source C:/Xilinx/Vivado_HLS/2016.4/common/technology/xilinx/ip/util.gen 
@I [HLS-100] Command           ap_source returned 0; 0 sec.
@I [HLS-100] Execute           source C:/Xilinx/Vivado_HLS/2016.4/common/technology/xilinx/ip/xfft.gen 
@I [HLS-100] Command           ap_source returned 0; 0.07 sec.
@I [HLS-100] Execute           source C:/Xilinx/Vivado_HLS/2016.4/common/technology/xilinx/ip/xfir.gen 
@I [HLS-100] Command           ap_source returned 0; 0.004 sec.
@I [HLS-100] Command         ap_source returned 0; 0.11 sec.
@I [HLS-100] Execute         source C:/Xilinx/Vivado_HLS/2016.4/common/technology/xilinx/common/dsp48.gen 
@I [HLS-100] Command         ap_source returned 0; 0 sec.
@I [HLS-100] Command       ap_source returned 0; 0.11 sec.
@I [HLS-100] Command     ap_source returned 0; 0.114 sec.
@I [HLS-100] Execute     open_platform DefaultPlatform 
@I [HLS-100] Command     open_platform returned 0; 0 sec.
@I [HLS-100] Execute     import_lib C:/Xilinx/Vivado_HLS/2016.4/common/technology/xilinx/kintex7/kintex7_fpv6 
@I [HLS-100] Execute       source C:/Xilinx/Vivado_HLS/2016.4/common/technology/xilinx/common/xilinx_fpv7.lib 
@I [HLS-100] Execute         source C:/Xilinx/Vivado_HLS/2016.4/common/technology/xilinx/common/xilinx_hp.lib 
@I [HLS-100] Command         ap_source returned 0; 0 sec.
@I [HLS-100] Command       ap_source returned 0; 0.004 sec.
@I [HLS-100] Execute       source C:/Xilinx/Vivado_HLS/2016.4/common/technology/xilinx/common/xilinx_fpv.hlp 
@I [HLS-100] Execute         source C:/Xilinx/Vivado_HLS/2016.4/common/technology/xilinx/common/xilinx.hlp 
@I [HLS-100] Execute           source C:/Xilinx/Vivado_HLS/2016.4/common/technology/xilinx/common/target_info.tcl 
@I [HLS-100] Command           ap_source returned 0; 0 sec.
@I [HLS-100] Execute           source C:/Xilinx/Vivado_HLS/2016.4/common/technology/xilinx/interface/xilinx_interface.hlp 
@I [HLS-100] Execute             source C:/Xilinx/Vivado_HLS/2016.4/common/technology/xilinx/interface/maxi.hlp 
@I [HLS-100] Command             ap_source returned 0; 0 sec.
@I [HLS-100] Execute             source C:/Xilinx/Vivado_HLS/2016.4/common/technology/xilinx/interface/saxilite.hlp 
@I [HLS-100] Command             ap_source returned 0; 0 sec.
@I [HLS-100] Command           ap_source returned 0; 0 sec.
@I [HLS-100] Execute           source C:/Xilinx/Vivado_HLS/2016.4/common/technology/xilinx/common/dsp48.hlp 
@I [HLS-100] Command           ap_source returned 0; 0 sec.
@I [HLS-100] Command         ap_source returned 0; 0.004 sec.
@I [HLS-100] Command       ap_source returned 0; 0.008 sec.
@I [HLS-100] Execute       source C:/Xilinx/Vivado_HLS/2016.4/common/technology/xilinx/kintex7/kintex7_hp.hlp 
@I [HLS-100] Command       ap_source returned 0; 0.004 sec.
@I [HLS-100] Command     import_lib returned 0; 0.02 sec.
@I [HLS-100] Execute     source C:/Xilinx/Vivado_HLS/2016.4/common/technology/xilinx/kintex7/kintex7_fpv6.gen 
@I [HLS-100] Execute       source C:/Xilinx/Vivado_HLS/2016.4/common/technology/xilinx/common/xilinx_fpv6.gen 
@I [HLS-100] Command       ap_source returned 0; 0 sec.
@I [HLS-100] Command     ap_source returned 0; 0.004 sec.
@I [HLS-100] Execute     set_part xc7k160tfbg676-1 
@I [HLS-100] Execute       add_library xilinx/kintex7/kintex7:xc7k160t:fbg676:-1 
@I [HLS-100] Execute         get_default_platform 
@I [HLS-100] Command         get_default_platform returned 0; 0 sec.
@I [HLS-100] Execute         license_isbetapart xc7k160t 
@I [HLS-100] Command         license_isbetapart returned 1; 0.013 sec.
@I [HLS-100] Execute         get_default_platform 
@I [HLS-100] Command         get_default_platform returned 0; 0 sec.
@I [HLS-100] Execute         config_chip_info -quiet -resource  {SLICE 25350} {LUT 101400}    {FF 202800} {DSP48E 600}    {BRAM 650}  
@I [HLS-100] Command         config_chip_info returned 0; 0 sec.
@I [HLS-100] Execute         config_chip_info -quiet -speed slow 
@I [HLS-100] Command         config_chip_info returned 0; 0 sec.
@I [HLS-100] Command       add_library returned 0; 0.021 sec.
@I [HLS-100] Execute       add_library xilinx/kintex7/kintex7_fpv6 
@I [HLS-100] Execute         get_default_platform 
@I [HLS-100] Command         get_default_platform returned 0; 0 sec.
@I [HLS-100] Command       add_library returned 0; 0.004 sec.
@I [HLS-10] Setting target device to 'xc7k160tfbg676-1'
@I [HLS-100] Command     set_part returned 0; 0.033 sec.
@I [HLS-100] Execute     get_default_platform 
@I [HLS-100] Command     get_default_platform returned 0; 0 sec.
@I [HLS-100] Execute     config_chip_info -quiet -resource  {SLICE 25350} {LUT 101400}    {FF 202800} {DSP48E 600}    {BRAM 650}  
@I [HLS-100] Command     config_chip_info returned 0; 0 sec.
@I [HLS-100] Execute     config_chip_info -quiet -speed slow 
@I [HLS-100] Command     config_chip_info returned 0; 0 sec.
@I [HLS-100] Command   open_solution returned 0; 0.21 sec.
@I [HLS-100] Execute   cosim_design 
@I [HLS-100] Execute     source C:/Engineering/Triple_Demod/BS1000-FPGA/branches/LDPC_Decoder/HLS_modules/LDPC_Decoder3U/solution1/.autopilot/db/global.setting.tcl 
@I [HLS-100] Command     ap_source returned 0; 0 sec.
@I [HLS-100] Execute     source C:/Engineering/Triple_Demod/BS1000-FPGA/branches/LDPC_Decoder/HLS_modules/LDPC_Decoder3U/solution1/.autopilot/db/global.setting.tcl 
@I [HLS-100] Command     ap_source returned 0; 0.004 sec.
@I [HLS-100] Execute     source C:/Engineering/Triple_Demod/BS1000-FPGA/branches/LDPC_Decoder/HLS_modules/LDPC_Decoder3U/solution1/.autopilot/db/global.setting.tcl 
@I [HLS-100] Command     ap_source returned 0; 0 sec.
@I [HLS-100] Execute     source C:/Xilinx/Vivado_HLS/2016.4/common/technology/generic/autopilot/common.gen 
@I [HLS-100] Execute       source C:/Xilinx/Vivado_HLS/2016.4/common/technology/generic/autopilot/APCoreGen.gen 
@I [HLS-100] Command       ap_source returned 0; 0 sec.
@I [HLS-100] Command     ap_source returned 0; 0 sec.
@I [HLS-100] Execute     source C:/Xilinx/Vivado_HLS/2016.4/common/technology/generic/autopilot/op.gen 
@I [HLS-100] Command     ap_source returned 0; 0 sec.
@I [HLS-100] Execute     source C:/Xilinx/Vivado_HLS/2016.4/common/technology/generic/autopilot/op_simcore.gen 
@I [HLS-100] Command     ap_source returned 0; 0.004 sec.
@I [HLS-100] Execute     source C:/Xilinx/Vivado_HLS/2016.4/common/technology/generic/autopilot/interface.gen 
@I [HLS-100] Command     ap_source returned 0; 0 sec.
@I [HLS-100] Execute     source C:/Engineering/Triple_Demod/BS1000-FPGA/branches/LDPC_Decoder/HLS_modules/LDPC_Decoder3U/solution1/.autopilot/db/global.setting.tcl 
@I [HLS-100] Command     ap_source returned 0; 0 sec.
@I [HLS-100] Execute     source C:/Xilinx/Vivado_HLS/2016.4/common/technology/xilinx/kintex7/kintex7.gen 
@I [HLS-100] Execute       source C:/Xilinx/Vivado_HLS/2016.4/common/technology/xilinx/common/virtex.gen 
@I [HLS-100] Execute         source C:/Xilinx/Vivado_HLS/2016.4/common/technology/xilinx/common/xilinx.gen 
@I [HLS-100] Execute           source C:/Xilinx/Vivado_HLS/2016.4/common/technology/xilinx/interface/plb46.gen 
@I [HLS-100] Command           ap_source returned 0; 0 sec.
@I [HLS-100] Execute           source C:/Xilinx/Vivado_HLS/2016.4/common/technology/xilinx/interface/fsl.gen 
@I [HLS-100] Command           ap_source returned 0; 0 sec.
@I [HLS-100] Execute           source C:/Xilinx/Vivado_HLS/2016.4/common/technology/xilinx/interface/axi4.gen 
@I [HLS-100] Command           ap_source returned 0; 0.004 sec.
@I [HLS-100] Execute           source C:/Xilinx/Vivado_HLS/2016.4/common/technology/xilinx/interface/nativeAXI4.gen 
@I [HLS-100] Execute             source C:/Xilinx/Vivado_HLS/2016.4/common/technology/xilinx/interface/saxilite.gen 
@I [HLS-100] Command             ap_source returned 0; 0.004 sec.
@I [HLS-100] Execute             source C:/Xilinx/Vivado_HLS/2016.4/common/technology/xilinx/interface/maxi.gen 
@I [HLS-100] Command             ap_source returned 0; 0.004 sec.
@I [HLS-100] Command           ap_source returned 0; 0.008 sec.
@I [HLS-100] Execute           source C:/Xilinx/Vivado_HLS/2016.4/common/technology/xilinx/scripts/xilinxcoregen.gen 
@I [HLS-100] Command           ap_source returned 0; 0.008 sec.
@I [HLS-100] Execute           source C:/Xilinx/Vivado_HLS/2016.4/common/technology/xilinx/interface/XilEDKCoreGen.gen 
@I [HLS-100] Command           ap_source returned 0; 0.008 sec.
@I [HLS-100] Execute           source C:/Xilinx/Vivado_HLS/2016.4/common/technology/xilinx/ip/dds_compiler.gen 
@I [HLS-100] Command           ap_source returned 0; 0.004 sec.
@I [HLS-100] Execute           source C:/Xilinx/Vivado_HLS/2016.4/common/technology/xilinx/ip/util.gen 
@I [HLS-100] Command           ap_source returned 0; 0 sec.
@I [HLS-100] Execute           source C:/Xilinx/Vivado_HLS/2016.4/common/technology/xilinx/ip/xfft.gen 
@I [HLS-100] Command           ap_source returned 0; 0.06 sec.
@I [HLS-100] Execute           source C:/Xilinx/Vivado_HLS/2016.4/common/technology/xilinx/ip/xfir.gen 
@I [HLS-100] Command           ap_source returned 0; 0 sec.
@I [HLS-100] Command         ap_source returned 0; 0.097 sec.
@I [HLS-100] Execute         source C:/Xilinx/Vivado_HLS/2016.4/common/technology/xilinx/common/dsp48.gen 
@I [HLS-100] Command         ap_source returned 0; 0 sec.
@I [HLS-100] Command       ap_source returned 0; 0.097 sec.
@I [HLS-100] Command     ap_source returned 0; 0.097 sec.
@I [HLS-100] Execute     source C:/Xilinx/Vivado_HLS/2016.4/common/technology/xilinx/kintex7/kintex7_fpv6.gen 
@I [HLS-100] Execute       source C:/Xilinx/Vivado_HLS/2016.4/common/technology/xilinx/common/xilinx_fpv6.gen 
@I [HLS-100] Command       ap_source returned 0; 0.003 sec.
@I [HLS-100] Command     ap_source returned 0; 0.003 sec.
@I [HLS-100] Execute     source C:/Engineering/Triple_Demod/BS1000-FPGA/branches/LDPC_Decoder/HLS_modules/LDPC_Decoder3U/solution1/.autopilot/db/global.setting.tcl 
@I [HLS-100] Command     ap_source returned 0; 0 sec.
@I [HLS-100] Execute     source C:/Engineering/Triple_Demod/BS1000-FPGA/branches/LDPC_Decoder/HLS_modules/LDPC_Decoder3U/solution1/.autopilot/db/HLSLdpcLogDecScaledMin.rtl_wrap.cfg.tcl 
@I [HLS-100] Command     ap_source returned 0; 0.012 sec.
@I [HLS-100] Execute     source C:/Engineering/Triple_Demod/BS1000-FPGA/branches/LDPC_Decoder/HLS_modules/LDPC_Decoder3U/solution1/.autopilot/db/HLSLdpcLogDecScaledMin.tbgen.tcl 
@I [HLS-100] Command     ap_source returned 0; 0.002 sec.
@I [HLS-100] Execute     is_encrypted C:/Engineering/Triple_Demod/BS1000-FPGA/branches/LDPC_Decoder/HLS_modules/LDPC_Decoder3U/txword.h 
@I [HLS-100] Command     is_encrypted returned 0; 0 sec.
@I [HLS-100] Execute     is_encrypted C:/Engineering/Triple_Demod/BS1000-FPGA/branches/LDPC_Decoder/HLS_modules/LDPC_Decoder3U/ldpc4096_45_info.h 
@I [HLS-100] Command     is_encrypted returned 0; 0 sec.
@I [HLS-100] Execute     is_encrypted C:/Engineering/Triple_Demod/BS1000-FPGA/branches/LDPC_Decoder/HLS_modules/LDPC_Decoder3U/ldpc4096_45_data.h 
@I [HLS-100] Command     is_encrypted returned 0; 0 sec.
@I [HLS-100] Execute     is_encrypted C:/Engineering/Triple_Demod/BS1000-FPGA/branches/LDPC_Decoder/HLS_modules/LDPC_Decoder3U/ldpc4096_45_code.h 
@I [HLS-100] Command     is_encrypted returned 0; 0 sec.
@I [HLS-100] Execute     is_encrypted C:/Engineering/Triple_Demod/BS1000-FPGA/branches/LDPC_Decoder/HLS_modules/LDPC_Decoder3U/ldpc1024_23.h 
@I [HLS-100] Command     is_encrypted returned 0; 0 sec.
@I [HLS-100] Execute     is_encrypted C:/Engineering/Triple_Demod/BS1000-FPGA/branches/LDPC_Decoder/HLS_modules/LDPC_Decoder3U/Txcode_1024_23.h 
@I [HLS-100] Command     is_encrypted returned 0; 0 sec.
@I [HLS-100] Execute     is_encrypted C:/Engineering/Triple_Demod/BS1000-FPGA/branches/LDPC_Decoder/HLS_modules/LDPC_Decoder3U/LDPC_Decoder_parms.h 
@I [HLS-100] Command     is_encrypted returned 0; 0.004 sec.
@I [HLS-100] Execute     is_encrypted C:/Engineering/Triple_Demod/BS1000-FPGA/branches/LDPC_Decoder/HLS_modules/LDPC_Decoder3U/LDPC_Decoder_check.cpp 
@I [HLS-100] Command     is_encrypted returned 0; 0 sec.
@I [HLS-100] Execute     is_encrypted C:/Engineering/Triple_Demod/BS1000-FPGA/branches/LDPC_Decoder/HLS_modules/LDPC_Decoder3U/ldpc4096_4_5_trichk.h 
@I [HLS-100] Command     is_encrypted returned 0; 0 sec.
@I [HLS-100] Execute     is_encrypted C:/Engineering/Triple_Demod/BS1000-FPGA/branches/LDPC_Decoder/HLS_modules/LDPC_Decoder3U/ldpc4096_4_5_6_trichk.h 
@I [HLS-100] Command     is_encrypted returned 0; 0 sec.
@I [HLS-100] Execute     is_encrypted C:/Engineering/Triple_Demod/BS1000-FPGA/branches/LDPC_Decoder/HLS_modules/LDPC_Decoder3U/ldpc4096_4_5_5_trichk.h 
@I [HLS-100] Command     is_encrypted returned 0; 0 sec.
@I [HLS-100] Execute     is_encrypted C:/Engineering/Triple_Demod/BS1000-FPGA/branches/LDPC_Decoder/HLS_modules/LDPC_Decoder3U/ldpc4096_4_5_4_trichk.h 
@I [HLS-100] Command     is_encrypted returned 0; 0 sec.
@I [HLS-100] Execute     is_encrypted C:/Engineering/Triple_Demod/BS1000-FPGA/branches/LDPC_Decoder/HLS_modules/LDPC_Decoder3U/ldpc4096_4_5_3_trichk.h 
@I [HLS-100] Command     is_encrypted returned 0; 0 sec.
@I [HLS-100] Execute     is_encrypted C:/Engineering/Triple_Demod/BS1000-FPGA/branches/LDPC_Decoder/HLS_modules/LDPC_Decoder3U/ldpc4096_4_5_2_trichk.h 
@I [HLS-100] Command     is_encrypted returned 0; 0 sec.
@I [HLS-100] Execute     is_encrypted C:/Engineering/Triple_Demod/BS1000-FPGA/branches/LDPC_Decoder/HLS_modules/LDPC_Decoder3U/ldpc4096_4_5_1_trichk.h 
@I [HLS-100] Command     is_encrypted returned 0; 0.004 sec.
@I [HLS-100] Execute     is_encrypted C:/Engineering/Triple_Demod/BS1000-FPGA/branches/LDPC_Decoder/HLS_modules/LDPC_Decoder3U/ldpc4096_2_3_trichk.h 
@I [HLS-100] Command     is_encrypted returned 0; 0.001 sec.
@I [HLS-100] Execute     is_encrypted C:/Engineering/Triple_Demod/BS1000-FPGA/branches/LDPC_Decoder/HLS_modules/LDPC_Decoder3U/ldpc4096_2_3_4_trichk.h 
@I [HLS-100] Command     is_encrypted returned 0; 0 sec.
@I [HLS-100] Execute     is_encrypted C:/Engineering/Triple_Demod/BS1000-FPGA/branches/LDPC_Decoder/HLS_modules/LDPC_Decoder3U/ldpc4096_2_3_3_trichk.h 
@I [HLS-100] Command     is_encrypted returned 0; 0 sec.
@I [HLS-100] Execute     is_encrypted C:/Engineering/Triple_Demod/BS1000-FPGA/branches/LDPC_Decoder/HLS_modules/LDPC_Decoder3U/ldpc4096_2_3_2_trichk.h 
@I [HLS-100] Command     is_encrypted returned 0; 0 sec.
@I [HLS-100] Execute     is_encrypted C:/Engineering/Triple_Demod/BS1000-FPGA/branches/LDPC_Decoder/HLS_modules/LDPC_Decoder3U/ldpc4096_2_3_1_trichk.h 
@I [HLS-100] Command     is_encrypted returned 0; 0 sec.
@I [HLS-100] Execute     is_encrypted C:/Engineering/Triple_Demod/BS1000-FPGA/branches/LDPC_Decoder/HLS_modules/LDPC_Decoder3U/ldpc4096_1_2_trichk.h 
@I [HLS-100] Command     is_encrypted returned 0; 0.003 sec.
@I [HLS-100] Execute     is_encrypted C:/Engineering/Triple_Demod/BS1000-FPGA/branches/LDPC_Decoder/HLS_modules/LDPC_Decoder3U/ldpc4096_1_2_2_trichk.h 
@I [HLS-100] Command     is_encrypted returned 0; 0.001 sec.
@I [HLS-100] Execute     is_encrypted C:/Engineering/Triple_Demod/BS1000-FPGA/branches/LDPC_Decoder/HLS_modules/LDPC_Decoder3U/ldpc4096_1_2_1_trichk.h 
@I [HLS-100] Command     is_encrypted returned 0; 0 sec.
@I [HLS-100] Execute     is_encrypted C:/Engineering/Triple_Demod/BS1000-FPGA/branches/LDPC_Decoder/HLS_modules/LDPC_Decoder3U/ldpc1024_4_5_trichk.h 
@I [HLS-100] Command     is_encrypted returned 0; 0 sec.
@I [HLS-100] Execute     is_encrypted C:/Engineering/Triple_Demod/BS1000-FPGA/branches/LDPC_Decoder/HLS_modules/LDPC_Decoder3U/ldpc1024_4_5_6_trichk.h 
@I [HLS-100] Command     is_encrypted returned 0; 0 sec.
@I [HLS-100] Execute     is_encrypted C:/Engineering/Triple_Demod/BS1000-FPGA/branches/LDPC_Decoder/HLS_modules/LDPC_Decoder3U/ldpc1024_4_5_5_trichk.h 
@I [HLS-100] Command     is_encrypted returned 0; 0 sec.
@I [HLS-100] Execute     is_encrypted C:/Engineering/Triple_Demod/BS1000-FPGA/branches/LDPC_Decoder/HLS_modules/LDPC_Decoder3U/ldpc1024_4_5_4_trichk.h 
@I [HLS-100] Command     is_encrypted returned 0; 0 sec.
@I [HLS-100] Execute     is_encrypted C:/Engineering/Triple_Demod/BS1000-FPGA/branches/LDPC_Decoder/HLS_modules/LDPC_Decoder3U/ldpc1024_4_5_3_trichk.h 
@I [HLS-100] Command     is_encrypted returned 0; 0 sec.
@I [HLS-100] Execute     is_encrypted C:/Engineering/Triple_Demod/BS1000-FPGA/branches/LDPC_Decoder/HLS_modules/LDPC_Decoder3U/ldpc1024_4_5_2_trichk.h 
@I [HLS-100] Command     is_encrypted returned 0; 0 sec.
@I [HLS-100] Execute     is_encrypted C:/Engineering/Triple_Demod/BS1000-FPGA/branches/LDPC_Decoder/HLS_modules/LDPC_Decoder3U/ldpc1024_4_5_1_trichk.h 
@I [HLS-100] Command     is_encrypted returned 0; 0 sec.
@I [HLS-100] Execute     is_encrypted C:/Engineering/Triple_Demod/BS1000-FPGA/branches/LDPC_Decoder/HLS_modules/LDPC_Decoder3U/ldpc1024_2_3_trichk.h 
@I [HLS-100] Command     is_encrypted returned 0; 0.004 sec.
@I [HLS-100] Execute     is_encrypted C:/Engineering/Triple_Demod/BS1000-FPGA/branches/LDPC_Decoder/HLS_modules/LDPC_Decoder3U/ldpc1024_2_3_4_trichk.h 
@I [HLS-100] Command     is_encrypted returned 0; 0 sec.
@I [HLS-100] Execute     is_encrypted C:/Engineering/Triple_Demod/BS1000-FPGA/branches/LDPC_Decoder/HLS_modules/LDPC_Decoder3U/ldpc1024_2_3_3_trichk.h 
@I [HLS-100] Command     is_encrypted returned 0; 0 sec.
@I [HLS-100] Execute     is_encrypted C:/Engineering/Triple_Demod/BS1000-FPGA/branches/LDPC_Decoder/HLS_modules/LDPC_Decoder3U/ldpc1024_2_3_2_trichk.h 
@I [HLS-100] Command     is_encrypted returned 0; 0 sec.
@I [HLS-100] Execute     is_encrypted C:/Engineering/Triple_Demod/BS1000-FPGA/branches/LDPC_Decoder/HLS_modules/LDPC_Decoder3U/ldpc1024_2_3_1_trichk.h 
@I [HLS-100] Command     is_encrypted returned 0; 0 sec.
@I [HLS-100] Execute     is_encrypted C:/Engineering/Triple_Demod/BS1000-FPGA/branches/LDPC_Decoder/HLS_modules/LDPC_Decoder3U/ldpc1024_1_2_trichk.h 
@I [HLS-100] Command     is_encrypted returned 0; 0 sec.
@I [HLS-100] Execute     is_encrypted C:/Engineering/Triple_Demod/BS1000-FPGA/branches/LDPC_Decoder/HLS_modules/LDPC_Decoder3U/ldpc1024_1_2_2_trichk.h 
@I [HLS-100] Command     is_encrypted returned 0; 0 sec.
@I [HLS-100] Execute     is_encrypted C:/Engineering/Triple_Demod/BS1000-FPGA/branches/LDPC_Decoder/HLS_modules/LDPC_Decoder3U/ldpc1024_1_2_1_trichk.h 
@I [HLS-100] Command     is_encrypted returned 0; 0 sec.
@I [HLS-100] Execute     is_encrypted C:/Engineering/Triple_Demod/BS1000-FPGA/branches/LDPC_Decoder/HLS_modules/LDPC_Decoder3U/HLSLdpcLogDecScaledMin.cpp 
@I [HLS-100] Command     is_encrypted returned 0; 0 sec.
@I [HLS-100] Execute     source C:/Engineering/Triple_Demod/BS1000-FPGA/branches/LDPC_Decoder/HLS_modules/LDPC_Decoder3U/solution1/.autopilot/db/HLSLdpcLogDecScaledMin.tbgen.tcl 
@I [HLS-100] Command     ap_source returned 0; 0.004 sec.
@I [HLS-100] Execute     source C:/Engineering/Triple_Demod/BS1000-FPGA/branches/LDPC_Decoder/HLS_modules/LDPC_Decoder3U/solution1/.autopilot/db/HLSLdpcLogDecScaledMin.tbgen.tcl 
@I [HLS-100] Command     ap_source returned 0; 0.004 sec.
@I [COSIM-47] Using XSIM for RTL simulation.
@I [COSIM-14] Instrumenting C test bench ...
@I [HLS-0] Marker-Pragma convertor: C:/Engineering/Triple_Demod/BS1000-FPGA/branches/LDPC_Decoder/HLS_modules/LDPC_Decoder3U/solution1/./sim/autowrap/testbench/LDPC_Decoder_check.cpp_pre.cpp C:/Engineering/Triple_Demod/BS1000-FPGA/branches/LDPC_Decoder/HLS_modules/LDPC_Decoder3U/solution1/./sim/autowrap/testbench/LDPC_Decoder_check.cpp_pre.cpp.line.cpp ./sim/autowrap/testbench/line.tmp 1
@I [HLS-0] Converting Markers to Pragmas...
@I [HLS-0] Marker-Pragma convertor: ./sim/autowrap/testbench/LDPC_Decoder_check.cpp_pre.cpp.tb.cpp.line ./sim/autowrap/testbench/LDPC_Decoder_check.cpp_pre.cpp.tb.cpp ./sim/autowrap/testbench/line.tmp 0
@I [HLS-0] Converting Pragmas to Markers...
@I [HLS-0] Marker-Pragma convertor: C:/Engineering/Triple_Demod/BS1000-FPGA/branches/LDPC_Decoder/HLS_modules/LDPC_Decoder3U/solution1/./sim/autowrap/testbench/HLSLdpcLogDecScaledMin.cpp_pre.cpp C:/Engineering/Triple_Demod/BS1000-FPGA/branches/LDPC_Decoder/HLS_modules/LDPC_Decoder3U/solution1/./sim/autowrap/testbench/HLSLdpcLogDecScaledMin.cpp_pre.cpp.line.cpp ./sim/autowrap/testbench/line.tmp 1
@I [HLS-0] Converting Markers to Pragmas...
@I [HLS-0] Marker-Pragma convertor: ./sim/autowrap/testbench/HLSLdpcLogDecScaledMin.cpp_pre.cpp.tb.cpp.line ./sim/autowrap/testbench/HLSLdpcLogDecScaledMin.cpp_pre.cpp.tb.cpp ./sim/autowrap/testbench/line.tmp 0
@I [HLS-0] Converting Pragmas to Markers...
@I [HLS-100] Execute     source C:/Engineering/Triple_Demod/BS1000-FPGA/branches/LDPC_Decoder/HLS_modules/LDPC_Decoder3U/solution1/./sim/autowrap/testbench/tb.status.tcl 
@I [HLS-100] Command     ap_source returned 0; 0.002 sec.
@I [HLS-100] Execute     source C:/Engineering/Triple_Demod/BS1000-FPGA/branches/LDPC_Decoder/HLS_modules/LDPC_Decoder3U/solution1/.autopilot/db/global.setting.tcl 
@I [HLS-100] Command     ap_source returned 0; 0 sec.
@I [HLS-100] Execute     source C:/Engineering/Triple_Demod/BS1000-FPGA/branches/LDPC_Decoder/HLS_modules/LDPC_Decoder3U/solution1/.autopilot/db/HLSLdpcLogDecScaledMin.rtl_wrap.cfg.tcl 
@I [HLS-100] Command     ap_source returned 0; 0.012 sec.
@I [HLS-100] Execute     source C:/Engineering/Triple_Demod/BS1000-FPGA/branches/LDPC_Decoder/HLS_modules/LDPC_Decoder3U/solution1/.autopilot/db/HLSLdpcLogDecScaledMin.rtl_wrap.cfg.tcl 
@I [HLS-100] Command     ap_source returned 0; 0.012 sec.
@I [HLS-100] Execute     source C:/Engineering/Triple_Demod/BS1000-FPGA/branches/LDPC_Decoder/HLS_modules/LDPC_Decoder3U/solution1/.autopilot/db/HLSLdpcLogDecScaledMin.rtl_wrap.cfg.tcl 
@I [HLS-100] Command     ap_source returned 0; 0.012 sec.
@I [HLS-100] Execute     source C:/Engineering/Triple_Demod/BS1000-FPGA/branches/LDPC_Decoder/HLS_modules/LDPC_Decoder3U/solution1/.autopilot/db/HLSLdpcLogDecScaledMin.tbgen.tcl 
@I [HLS-100] Command     ap_source returned 0; 0.004 sec.
@I [HLS-100] Execute     source C:/Engineering/Triple_Demod/BS1000-FPGA/branches/LDPC_Decoder/HLS_modules/LDPC_Decoder3U/solution1/.autopilot/db/HLSLdpcLogDecScaledMin.tbgen.tcl 
@I [HLS-100] Command     ap_source returned 0; 0.004 sec.
@I [HLS-100] Execute     source .run_sim.tcl 
@I [COSIM-302] Starting C TB testing ... 
@I [HLS-100] Command     ap_source returned 0; 0.97 sec.
@I [COSIM-333] Generating C post check test bench ...
@I [COSIM-12] Generating RTL test bench ...
@I [HLS-100] Execute     source C:/Engineering/Triple_Demod/BS1000-FPGA/branches/LDPC_Decoder/HLS_modules/LDPC_Decoder3U/solution1/.autopilot/db/HLSLdpcLogDecScaledMin.tbgen.tcl 
@I [HLS-100] Command     ap_source returned 0; 0 sec.
@I [HLS-100] Execute     source C:/Engineering/Triple_Demod/BS1000-FPGA/branches/LDPC_Decoder/HLS_modules/LDPC_Decoder3U/solution1/.autopilot/db/HLSLdpcLogDecScaledMin.tbgen.tcl 
@I [HLS-100] Command     ap_source returned 0; 0.005 sec.
@I [HLS-100] Execute     source C:/Engineering/Triple_Demod/BS1000-FPGA/branches/LDPC_Decoder/HLS_modules/LDPC_Decoder3U/solution1/.autopilot/db/HLSLdpcLogDecScaledMin.tbgen.tcl 
@I [HLS-100] Command     ap_source returned 0; 0 sec.
@I [HLS-100] Execute     source C:/Engineering/Triple_Demod/BS1000-FPGA/branches/LDPC_Decoder/HLS_modules/LDPC_Decoder3U/solution1/.autopilot/db/HLSLdpcLogDecScaledMin.tbgen.tcl 
@I [HLS-100] Command     ap_source returned 0; 0.011 sec.
@I [HLS-100] Execute     source ../tv/cdatafile/ref.tcl 
@I [HLS-100] Command     ap_source returned 0; 0 sec.
@I [HLS-100] Execute     source C:/Engineering/Triple_Demod/BS1000-FPGA/branches/LDPC_Decoder/HLS_modules/LDPC_Decoder3U/solution1/.autopilot/db/HLSLdpcLogDecScaledMin.tbgen.tcl 
@I [HLS-100] Command     ap_source returned 0; 0.009 sec.
@I [HLS-100] Execute     source C:/Engineering/Triple_Demod/BS1000-FPGA/branches/LDPC_Decoder/HLS_modules/LDPC_Decoder3U/solution1/.autopilot/db/HLSLdpcLogDecScaledMin.tbgen.tcl 
@I [HLS-100] Command     ap_source returned 0; 0 sec.
@I [HLS-100] Execute     source C:/Engineering/Triple_Demod/BS1000-FPGA/branches/LDPC_Decoder/HLS_modules/LDPC_Decoder3U/solution1/.autopilot/db/HLSLdpcLogDecScaledMin.tbgen.tcl 
@I [HLS-100] Command     ap_source returned 0; 0.01 sec.
@I [HLS-100] Execute     source C:/Engineering/Triple_Demod/BS1000-FPGA/branches/LDPC_Decoder/HLS_modules/LDPC_Decoder3U/solution1/.autopilot/db/HLSLdpcLogDecScaledMin.tbgen.tcl 
@I [HLS-100] Command     ap_source returned 0; 0 sec.
@I [HLS-100] Execute     source C:/Engineering/Triple_Demod/BS1000-FPGA/branches/LDPC_Decoder/HLS_modules/LDPC_Decoder3U/solution1/.autopilot/db/HLSLdpcLogDecScaledMin.tbgen.tcl 
@I [HLS-100] Command     ap_source returned 0; 0.01 sec.
@I [HLS-100] Execute     source C:/Engineering/Triple_Demod/BS1000-FPGA/branches/LDPC_Decoder/HLS_modules/LDPC_Decoder3U/solution1/.autopilot/db/HLSLdpcLogDecScaledMin.tbgen.tcl 
@I [HLS-100] Command     ap_source returned 0; 0 sec.
@I [HLS-100] Execute     source C:/Engineering/Triple_Demod/BS1000-FPGA/branches/LDPC_Decoder/HLS_modules/LDPC_Decoder3U/solution1/.autopilot/db/HLSLdpcLogDecScaledMin.tbgen.tcl 
@I [HLS-100] Command     ap_source returned 0; 0 sec.
@I [HLS-100] Execute     source C:/Engineering/Triple_Demod/BS1000-FPGA/branches/LDPC_Decoder/HLS_modules/LDPC_Decoder3U/solution1/.autopilot/db/HLSLdpcLogDecScaledMin.tbgen.tcl 
@I [HLS-100] Command     ap_source returned 0; 0 sec.
@I [HLS-100] Execute     source C:/Engineering/Triple_Demod/BS1000-FPGA/branches/LDPC_Decoder/HLS_modules/LDPC_Decoder3U/solution1/.autopilot/db/HLSLdpcLogDecScaledMin.tbgen.tcl 
@I [HLS-100] Command     ap_source returned 0; 0 sec.
@I [HLS-100] Execute     source C:/Engineering/Triple_Demod/BS1000-FPGA/branches/LDPC_Decoder/HLS_modules/LDPC_Decoder3U/solution1/.autopilot/db/HLSLdpcLogDecScaledMin.tbgen.tcl 
@I [HLS-100] Command     ap_source returned 0; 0.01 sec.
@I [HLS-100] Execute     source C:/Engineering/Triple_Demod/BS1000-FPGA/branches/LDPC_Decoder/HLS_modules/LDPC_Decoder3U/solution1/.autopilot/db/HLSLdpcLogDecScaledMin.tbgen.tcl 
@I [HLS-100] Command     ap_source returned 0; 0.005 sec.
@I [HLS-100] Execute     source C:/Engineering/Triple_Demod/BS1000-FPGA/branches/LDPC_Decoder/HLS_modules/LDPC_Decoder3U/solution1/.autopilot/db/HLSLdpcLogDecScaledMin.tbgen.tcl 
@I [HLS-100] Command     ap_source returned 0; 0.005 sec.
@I [HLS-100] Execute     source C:/Engineering/Triple_Demod/BS1000-FPGA/branches/LDPC_Decoder/HLS_modules/LDPC_Decoder3U/solution1/.autopilot/db/HLSLdpcLogDecScaledMin.tbgen.tcl 
@I [HLS-100] Command     ap_source returned 0; 0 sec.
@I [HLS-100] Execute     source C:/Engineering/Triple_Demod/BS1000-FPGA/branches/LDPC_Decoder/HLS_modules/LDPC_Decoder3U/solution1/.autopilot/db/HLSLdpcLogDecScaledMin.tbgen.tcl 
@I [HLS-100] Command     ap_source returned 0; 0 sec.
@I [HLS-100] Execute     source C:/Engineering/Triple_Demod/BS1000-FPGA/branches/LDPC_Decoder/HLS_modules/LDPC_Decoder3U/solution1/.autopilot/db/HLSLdpcLogDecScaledMin.tbgen.tcl 
@I [HLS-100] Command     ap_source returned 0; 0 sec.
@I [HLS-100] Execute     source C:/Engineering/Triple_Demod/BS1000-FPGA/branches/LDPC_Decoder/HLS_modules/LDPC_Decoder3U/solution1/.autopilot/db/HLSLdpcLogDecScaledMin.tbgen.tcl 
@I [HLS-100] Command     ap_source returned 0; 0.001 sec.
@I [HLS-100] Execute     source ../tv/cdatafile/ref.tcl 
@I [HLS-100] Command     ap_source returned 0; 0 sec.
@I [HLS-100] Execute     source C:/Engineering/Triple_Demod/BS1000-FPGA/branches/LDPC_Decoder/HLS_modules/LDPC_Decoder3U/solution1/.autopilot/db/HLSLdpcLogDecScaledMin.tbgen.tcl 
@I [HLS-100] Command     ap_source returned 0; 0.009 sec.
@I [HLS-100] Execute     source C:/Engineering/Triple_Demod/BS1000-FPGA/branches/LDPC_Decoder/HLS_modules/LDPC_Decoder3U/solution1/.autopilot/db/HLSLdpcLogDecScaledMin.tbgen.tcl 
@I [HLS-100] Command     ap_source returned 0; 0 sec.
@I [HLS-100] Execute     source C:/Engineering/Triple_Demod/BS1000-FPGA/branches/LDPC_Decoder/HLS_modules/LDPC_Decoder3U/solution1/.autopilot/db/HLSLdpcLogDecScaledMin.tbgen.tcl 
@I [HLS-100] Command     ap_source returned 0; 0.01 sec.
@I [HLS-100] Execute     source C:/Engineering/Triple_Demod/BS1000-FPGA/branches/LDPC_Decoder/HLS_modules/LDPC_Decoder3U/solution1/.autopilot/db/HLSLdpcLogDecScaledMin.tbgen.tcl 
@I [HLS-100] Command     ap_source returned 0; 0 sec.
@I [HLS-100] Execute     source C:/Engineering/Triple_Demod/BS1000-FPGA/branches/LDPC_Decoder/HLS_modules/LDPC_Decoder3U/solution1/.autopilot/db/HLSLdpcLogDecScaledMin.tbgen.tcl 
@I [HLS-100] Command     ap_source returned 0; 0.01 sec.
@I [HLS-100] Execute     source C:/Engineering/Triple_Demod/BS1000-FPGA/branches/LDPC_Decoder/HLS_modules/LDPC_Decoder3U/solution1/.autopilot/db/HLSLdpcLogDecScaledMin.tbgen.tcl 
@I [HLS-100] Command     ap_source returned 0; 0 sec.
@I [HLS-100] Execute     source C:/Engineering/Triple_Demod/BS1000-FPGA/branches/LDPC_Decoder/HLS_modules/LDPC_Decoder3U/solution1/.autopilot/db/HLSLdpcLogDecScaledMin.tbgen.tcl 
@I [HLS-100] Command     ap_source returned 0; 0 sec.
@I [HLS-100] Execute     source C:/Engineering/Triple_Demod/BS1000-FPGA/branches/LDPC_Decoder/HLS_modules/LDPC_Decoder3U/solution1/.autopilot/db/HLSLdpcLogDecScaledMin.tbgen.tcl 
@I [HLS-100] Command     ap_source returned 0; 0 sec.
@I [HLS-100] Execute     source C:/Engineering/Triple_Demod/BS1000-FPGA/branches/LDPC_Decoder/HLS_modules/LDPC_Decoder3U/solution1/.autopilot/db/HLSLdpcLogDecScaledMin.tbgen.tcl 
@I [HLS-100] Command     ap_source returned 0; 0.01 sec.
@I [HLS-100] Execute     source C:/Engineering/Triple_Demod/BS1000-FPGA/branches/LDPC_Decoder/HLS_modules/LDPC_Decoder3U/solution1/.autopilot/db/HLSLdpcLogDecScaledMin.tbgen.tcl 
@I [HLS-100] Command     ap_source returned 0; 0 sec.
@I [HLS-100] Execute     source C:/Engineering/Triple_Demod/BS1000-FPGA/branches/LDPC_Decoder/HLS_modules/LDPC_Decoder3U/solution1/.autopilot/db/HLSLdpcLogDecScaledMin.tbgen.tcl 
@I [HLS-100] Command     ap_source returned 0; 0.01 sec.
@I [HLS-100] Execute     source .run_sim.tcl 
@I [HLS-100] Execute       source check_sim.tcl 
@I [HLS-100] Command       ap_source returned 0; 0.003 sec.
@I [HLS-100] Execute       source .sim.status.tcl 
@I [HLS-100] Command       ap_source returned 0; 0 sec.
@I [COSIM-323] Starting verilog simulation. 
@I [COSIM-15] Starting XSIM ...
@I [COSIM-316] Starting C post checking ...
@I [HLS-100] Command     ap_source returned 0; 550.451 sec.
@I [COSIM-1000] *** C/RTL co-simulation finished: PASS ***
@I [HLS-100] Command   cosim_design returned 0; 609.685 sec.
@I [HLS-100] Command ap_source returned 0; 609.907 sec.
@I [HLS-100] Execute cleanup_all 
@I [HLS-100] Command cleanup_all returned 0; 0.001 sec.
