

================================================================
== Vivado HLS Report for 'load_pest_all_23'
================================================================
* Date:           Thu Aug 11 10:26:23 2022

* Version:        2016.4 (Build 1756540 on Mon Jan 23 19:31:01 MST 2017)
* Project:        LDPC_Decoder3U
* Solution:       solution1
* Product family: kintex7
* Target device:  xc7k160tfbg676-1


================================================================
== Performance Estimates
================================================================
+ Timing (ns): 
    * Summary: 
    +--------+-------+----------+------------+
    |  Clock | Target| Estimated| Uncertainty|
    +--------+-------+----------+------------+
    |ap_clk  |  10.00|      8.59|        1.25|
    +--------+-------+----------+------------+

+ Latency (clock cycles): 
    * Summary: 
    +-----+-----+-----+-----+---------+
    |  Latency  |  Interval | Pipeline|
    | min | max | min | max |   Type  |
    +-----+-----+-----+-----+---------+
    |    1|    1|    1|    1|   none  |
    +-----+-----+-----+-----+---------+

    + Detail: 
        * Instance: 
        N/A

        * Loop: 
        N/A

============================================================
+ Verbose Summary: Synthesis Manager
============================================================
InlineROM: 1
ExposeGlobal: 0
============================================================
+ Verbose Summary: CDFG Model
============================================================
IsTopModel: 0
ResetActiveHigh: 1
IsCombinational: 0
IsDatapathOnly: 0
HasWiredReturn: 1
HasMFsm: 0
HasVarLatency: 1
IsPipeline: 0
IsRtlPipelined: 0
IsInstanceOverlapped: 0
IsDontTouch: 0
HasImplIP: 0
IsGatedGlobalClock: 0


============================================================
+ Verbose Summary: Schedule
============================================================
* Number of FSM states: 2
* Pipeline: 0
* Dataflow Pipeline: 0

* FSM state transitions: 
1 --> 
	2  / true
2 --> 
* FSM state operations: 

 <State 1>: 2.33ns
ST_1: pos_read (85)  [1/1] 0.00ns
:0  %pos_read = call i13 @_ssdm_op_Read.ap_auto.i13(i13 %pos_r)

ST_1: pos_cast (86)  [1/1] 0.00ns
:1  %pos_cast = sext i13 %pos_read to i16

ST_1: tmp (89)  [1/1] 0.00ns  loc: LDPC_Decoder3U/HLSLdpcLogDecScaledMin.cpp:5068
:4  %tmp = zext i16 %pos_cast to i32

ST_1: pLambda0_addr (90)  [1/1] 0.00ns  loc: LDPC_Decoder3U/HLSLdpcLogDecScaledMin.cpp:5068
:5  %pLambda0_addr = getelementptr inbounds [2048 x i16]* @pLambda0, i32 0, i32 %tmp

ST_1: pLambda0_load (91)  [2/2] 2.33ns  loc: LDPC_Decoder3U/HLSLdpcLogDecScaledMin.cpp:5068
:6  %pLambda0_load = load i16* %pLambda0_addr, align 2

ST_1: prLamB_buf_addr (92)  [1/1] 0.00ns  loc: LDPC_Decoder3U/HLSLdpcLogDecScaledMin.cpp:5068
:7  %prLamB_buf_addr = getelementptr inbounds [1024 x i16]* @prLamB_buf, i32 0, i32 %tmp

ST_1: prLamB_buf_load (93)  [2/2] 2.33ns  loc: LDPC_Decoder3U/HLSLdpcLogDecScaledMin.cpp:5068
:8  %prLamB_buf_load = load i16* %prLamB_buf_addr, align 2

ST_1: prLamC_buf_addr (94)  [1/1] 0.00ns  loc: LDPC_Decoder3U/HLSLdpcLogDecScaledMin.cpp:5068
:9  %prLamC_buf_addr = getelementptr inbounds [1024 x i16]* @prLamC_buf, i32 0, i32 %tmp

ST_1: prLamC_buf_load (95)  [2/2] 2.33ns  loc: LDPC_Decoder3U/HLSLdpcLogDecScaledMin.cpp:5068
:10  %prLamC_buf_load = load i16* %prLamC_buf_addr, align 2

ST_1: prLamC_bufa_addr (96)  [1/1] 0.00ns  loc: LDPC_Decoder3U/HLSLdpcLogDecScaledMin.cpp:5068
:11  %prLamC_bufa_addr = getelementptr inbounds [1024 x i16]* @prLamC_bufa, i32 0, i32 %tmp

ST_1: prLamC_bufa_load (97)  [2/2] 2.33ns  loc: LDPC_Decoder3U/HLSLdpcLogDecScaledMin.cpp:5068
:12  %prLamC_bufa_load = load i16* %prLamC_bufa_addr, align 2

ST_1: prLamC_bufb_addr (98)  [1/1] 0.00ns  loc: LDPC_Decoder3U/HLSLdpcLogDecScaledMin.cpp:5068
:13  %prLamC_bufb_addr = getelementptr inbounds [1024 x i16]* @prLamC_bufb, i32 0, i32 %tmp

ST_1: prLamC_bufb_load (99)  [2/2] 2.33ns  loc: LDPC_Decoder3U/HLSLdpcLogDecScaledMin.cpp:5068
:14  %prLamC_bufb_load = load i16* %prLamC_bufb_addr, align 2

ST_1: prLam2B_buf_addr (100)  [1/1] 0.00ns  loc: LDPC_Decoder3U/HLSLdpcLogDecScaledMin.cpp:5068
:15  %prLam2B_buf_addr = getelementptr inbounds [1024 x i16]* @prLam2B_buf, i32 0, i32 %tmp

ST_1: prLam2B_buf_load (101)  [2/2] 2.33ns  loc: LDPC_Decoder3U/HLSLdpcLogDecScaledMin.cpp:5068
:16  %prLam2B_buf_load = load i16* %prLam2B_buf_addr, align 2

ST_1: prLam2C_buf_addr (102)  [1/1] 0.00ns  loc: LDPC_Decoder3U/HLSLdpcLogDecScaledMin.cpp:5068
:17  %prLam2C_buf_addr = getelementptr inbounds [1024 x i16]* @prLam2C_buf, i32 0, i32 %tmp

ST_1: prLam2C_buf_load (103)  [2/2] 2.33ns  loc: LDPC_Decoder3U/HLSLdpcLogDecScaledMin.cpp:5068
:18  %prLam2C_buf_load = load i16* %prLam2C_buf_addr, align 2

ST_1: prLam2C_bufa_addr (104)  [1/1] 0.00ns  loc: LDPC_Decoder3U/HLSLdpcLogDecScaledMin.cpp:5068
:19  %prLam2C_bufa_addr = getelementptr inbounds [1024 x i16]* @prLam2C_bufa, i32 0, i32 %tmp

ST_1: prLam2C_bufa_load (105)  [2/2] 2.33ns  loc: LDPC_Decoder3U/HLSLdpcLogDecScaledMin.cpp:5068
:20  %prLam2C_bufa_load = load i16* %prLam2C_bufa_addr, align 2

ST_1: prLam2C_bufb_addr (106)  [1/1] 0.00ns  loc: LDPC_Decoder3U/HLSLdpcLogDecScaledMin.cpp:5068
:21  %prLam2C_bufb_addr = getelementptr inbounds [1024 x i16]* @prLam2C_bufb, i32 0, i32 %tmp

ST_1: prLam2C_bufb_load (107)  [2/2] 2.33ns  loc: LDPC_Decoder3U/HLSLdpcLogDecScaledMin.cpp:5068
:22  %prLam2C_bufb_load = load i16* %prLam2C_bufb_addr, align 2

ST_1: pLambda1_addr (117)  [1/1] 0.00ns  loc: LDPC_Decoder3U/HLSLdpcLogDecScaledMin.cpp:5070
:32  %pLambda1_addr = getelementptr inbounds [2048 x i16]* @pLambda1, i32 0, i32 %tmp

ST_1: pLambda1_load (118)  [2/2] 2.33ns  loc: LDPC_Decoder3U/HLSLdpcLogDecScaledMin.cpp:5070
:33  %pLambda1_load = load i16* %pLambda1_addr, align 2

ST_1: prLamB_buf1_addr (119)  [1/1] 0.00ns  loc: LDPC_Decoder3U/HLSLdpcLogDecScaledMin.cpp:5070
:34  %prLamB_buf1_addr = getelementptr inbounds [1024 x i16]* @prLamB_buf1, i32 0, i32 %tmp

ST_1: prLamB_buf1_load (120)  [2/2] 2.33ns  loc: LDPC_Decoder3U/HLSLdpcLogDecScaledMin.cpp:5070
:35  %prLamB_buf1_load = load i16* %prLamB_buf1_addr, align 2

ST_1: prLamB_buf1a_addr (121)  [1/1] 0.00ns  loc: LDPC_Decoder3U/HLSLdpcLogDecScaledMin.cpp:5070
:36  %prLamB_buf1a_addr = getelementptr inbounds [1024 x i16]* @prLamB_buf1a, i32 0, i32 %tmp

ST_1: prLamB_buf1a_load (122)  [2/2] 2.33ns  loc: LDPC_Decoder3U/HLSLdpcLogDecScaledMin.cpp:5070
:37  %prLamB_buf1a_load = load i16* %prLamB_buf1a_addr, align 2

ST_1: prLamB_buf1b_addr (123)  [1/1] 0.00ns  loc: LDPC_Decoder3U/HLSLdpcLogDecScaledMin.cpp:5070
:38  %prLamB_buf1b_addr = getelementptr inbounds [1024 x i16]* @prLamB_buf1b, i32 0, i32 %tmp

ST_1: prLamB_buf1b_load (124)  [2/2] 2.33ns  loc: LDPC_Decoder3U/HLSLdpcLogDecScaledMin.cpp:5070
:39  %prLamB_buf1b_load = load i16* %prLamB_buf1b_addr, align 2

ST_1: prLamC_buf1_addr (125)  [1/1] 0.00ns  loc: LDPC_Decoder3U/HLSLdpcLogDecScaledMin.cpp:5070
:40  %prLamC_buf1_addr = getelementptr inbounds [1024 x i16]* @prLamC_buf1, i32 0, i32 %tmp

ST_1: prLamC_buf1_load (126)  [2/2] 2.33ns  loc: LDPC_Decoder3U/HLSLdpcLogDecScaledMin.cpp:5070
:41  %prLamC_buf1_load = load i16* %prLamC_buf1_addr, align 2

ST_1: prLam2B_buf1_addr (127)  [1/1] 0.00ns  loc: LDPC_Decoder3U/HLSLdpcLogDecScaledMin.cpp:5070
:42  %prLam2B_buf1_addr = getelementptr inbounds [1024 x i16]* @prLam2B_buf1, i32 0, i32 %tmp

ST_1: prLam2B_buf1_load (128)  [2/2] 2.33ns  loc: LDPC_Decoder3U/HLSLdpcLogDecScaledMin.cpp:5070
:43  %prLam2B_buf1_load = load i16* %prLam2B_buf1_addr, align 2

ST_1: prLam2B_buf1a_addr (129)  [1/1] 0.00ns  loc: LDPC_Decoder3U/HLSLdpcLogDecScaledMin.cpp:5070
:44  %prLam2B_buf1a_addr = getelementptr inbounds [1024 x i16]* @prLam2B_buf1a, i32 0, i32 %tmp

ST_1: prLam2B_buf1a_load (130)  [2/2] 2.33ns  loc: LDPC_Decoder3U/HLSLdpcLogDecScaledMin.cpp:5070
:45  %prLam2B_buf1a_load = load i16* %prLam2B_buf1a_addr, align 2

ST_1: prLam2B_buf1b_addr (131)  [1/1] 0.00ns  loc: LDPC_Decoder3U/HLSLdpcLogDecScaledMin.cpp:5070
:46  %prLam2B_buf1b_addr = getelementptr inbounds [1024 x i16]* @prLam2B_buf1b, i32 0, i32 %tmp

ST_1: prLam2B_buf1b_load (132)  [2/2] 2.33ns  loc: LDPC_Decoder3U/HLSLdpcLogDecScaledMin.cpp:5070
:47  %prLam2B_buf1b_load = load i16* %prLam2B_buf1b_addr, align 2

ST_1: prLam2C_buf1_addr (133)  [1/1] 0.00ns  loc: LDPC_Decoder3U/HLSLdpcLogDecScaledMin.cpp:5070
:48  %prLam2C_buf1_addr = getelementptr inbounds [1024 x i16]* @prLam2C_buf1, i32 0, i32 %tmp

ST_1: prLam2C_buf1_load (134)  [2/2] 2.33ns  loc: LDPC_Decoder3U/HLSLdpcLogDecScaledMin.cpp:5070
:49  %prLam2C_buf1_load = load i16* %prLam2C_buf1_addr, align 2

ST_1: pLambda2_addr (144)  [1/1] 0.00ns  loc: LDPC_Decoder3U/HLSLdpcLogDecScaledMin.cpp:5072
:59  %pLambda2_addr = getelementptr inbounds [2048 x i16]* @pLambda2, i32 0, i32 %tmp

ST_1: pLambda2_load (145)  [2/2] 2.33ns  loc: LDPC_Decoder3U/HLSLdpcLogDecScaledMin.cpp:5072
:60  %pLambda2_load = load i16* %pLambda2_addr, align 2

ST_1: prLamB_buf2_addr (146)  [1/1] 0.00ns  loc: LDPC_Decoder3U/HLSLdpcLogDecScaledMin.cpp:5072
:61  %prLamB_buf2_addr = getelementptr inbounds [1024 x i16]* @prLamB_buf2, i32 0, i32 %tmp

ST_1: prLamB_buf2_load (147)  [2/2] 2.33ns  loc: LDPC_Decoder3U/HLSLdpcLogDecScaledMin.cpp:5072
:62  %prLamB_buf2_load = load i16* %prLamB_buf2_addr, align 2

ST_1: prLamC_buf2_addr (148)  [1/1] 0.00ns  loc: LDPC_Decoder3U/HLSLdpcLogDecScaledMin.cpp:5072
:63  %prLamC_buf2_addr = getelementptr inbounds [1024 x i16]* @prLamC_buf2, i32 0, i32 %tmp

ST_1: prLamC_buf2_load (149)  [2/2] 2.33ns  loc: LDPC_Decoder3U/HLSLdpcLogDecScaledMin.cpp:5072
:64  %prLamC_buf2_load = load i16* %prLamC_buf2_addr, align 2

ST_1: prLamC_buf2a_addr (150)  [1/1] 0.00ns  loc: LDPC_Decoder3U/HLSLdpcLogDecScaledMin.cpp:5072
:65  %prLamC_buf2a_addr = getelementptr inbounds [1024 x i16]* @prLamC_buf2a, i32 0, i32 %tmp

ST_1: prLamC_buf2a_load (151)  [2/2] 2.33ns  loc: LDPC_Decoder3U/HLSLdpcLogDecScaledMin.cpp:5072
:66  %prLamC_buf2a_load = load i16* %prLamC_buf2a_addr, align 2

ST_1: prLamC_buf2b_addr (152)  [1/1] 0.00ns  loc: LDPC_Decoder3U/HLSLdpcLogDecScaledMin.cpp:5072
:67  %prLamC_buf2b_addr = getelementptr inbounds [1024 x i16]* @prLamC_buf2b, i32 0, i32 %tmp

ST_1: prLamC_buf2b_load (153)  [2/2] 2.33ns  loc: LDPC_Decoder3U/HLSLdpcLogDecScaledMin.cpp:5072
:68  %prLamC_buf2b_load = load i16* %prLamC_buf2b_addr, align 2

ST_1: prLam2B_buf2_addr (154)  [1/1] 0.00ns  loc: LDPC_Decoder3U/HLSLdpcLogDecScaledMin.cpp:5072
:69  %prLam2B_buf2_addr = getelementptr inbounds [1024 x i16]* @prLam2B_buf2, i32 0, i32 %tmp

ST_1: prLam2B_buf2_load (155)  [2/2] 2.33ns  loc: LDPC_Decoder3U/HLSLdpcLogDecScaledMin.cpp:5072
:70  %prLam2B_buf2_load = load i16* %prLam2B_buf2_addr, align 2

ST_1: prLam2C_buf2_addr (156)  [1/1] 0.00ns  loc: LDPC_Decoder3U/HLSLdpcLogDecScaledMin.cpp:5072
:71  %prLam2C_buf2_addr = getelementptr inbounds [1024 x i16]* @prLam2C_buf2, i32 0, i32 %tmp

ST_1: prLam2C_buf2_load (157)  [2/2] 2.33ns  loc: LDPC_Decoder3U/HLSLdpcLogDecScaledMin.cpp:5072
:72  %prLam2C_buf2_load = load i16* %prLam2C_buf2_addr, align 2

ST_1: prLam2C_buf2a_addr (158)  [1/1] 0.00ns  loc: LDPC_Decoder3U/HLSLdpcLogDecScaledMin.cpp:5072
:73  %prLam2C_buf2a_addr = getelementptr inbounds [1024 x i16]* @prLam2C_buf2a, i32 0, i32 %tmp

ST_1: prLam2C_buf2a_load (159)  [2/2] 2.33ns  loc: LDPC_Decoder3U/HLSLdpcLogDecScaledMin.cpp:5072
:74  %prLam2C_buf2a_load = load i16* %prLam2C_buf2a_addr, align 2

ST_1: prLam2C_buf2b_addr (160)  [1/1] 0.00ns  loc: LDPC_Decoder3U/HLSLdpcLogDecScaledMin.cpp:5072
:75  %prLam2C_buf2b_addr = getelementptr inbounds [1024 x i16]* @prLam2C_buf2b, i32 0, i32 %tmp

ST_1: prLam2C_buf2b_load (161)  [2/2] 2.33ns  loc: LDPC_Decoder3U/HLSLdpcLogDecScaledMin.cpp:5072
:76  %prLam2C_buf2b_load = load i16* %prLam2C_buf2b_addr, align 2

ST_1: pLambda3_addr (171)  [1/1] 0.00ns  loc: LDPC_Decoder3U/HLSLdpcLogDecScaledMin.cpp:5074
:86  %pLambda3_addr = getelementptr inbounds [2048 x i16]* @pLambda3, i32 0, i32 %tmp

ST_1: pLambda3_load (172)  [2/2] 2.33ns  loc: LDPC_Decoder3U/HLSLdpcLogDecScaledMin.cpp:5074
:87  %pLambda3_load = load i16* %pLambda3_addr, align 2

ST_1: prLamB_buf3_addr (173)  [1/1] 0.00ns  loc: LDPC_Decoder3U/HLSLdpcLogDecScaledMin.cpp:5074
:88  %prLamB_buf3_addr = getelementptr inbounds [1024 x i16]* @prLamB_buf3, i32 0, i32 %tmp

ST_1: prLamB_buf3_load (174)  [2/2] 2.33ns  loc: LDPC_Decoder3U/HLSLdpcLogDecScaledMin.cpp:5074
:89  %prLamB_buf3_load = load i16* %prLamB_buf3_addr, align 2

ST_1: prLamB_buf3a_addr (175)  [1/1] 0.00ns  loc: LDPC_Decoder3U/HLSLdpcLogDecScaledMin.cpp:5074
:90  %prLamB_buf3a_addr = getelementptr inbounds [1024 x i16]* @prLamB_buf3a, i32 0, i32 %tmp

ST_1: prLamB_buf3a_load (176)  [2/2] 2.33ns  loc: LDPC_Decoder3U/HLSLdpcLogDecScaledMin.cpp:5074
:91  %prLamB_buf3a_load = load i16* %prLamB_buf3a_addr, align 2

ST_1: prLamB_buf3b_addr (177)  [1/1] 0.00ns  loc: LDPC_Decoder3U/HLSLdpcLogDecScaledMin.cpp:5074
:92  %prLamB_buf3b_addr = getelementptr inbounds [1024 x i16]* @prLamB_buf3b, i32 0, i32 %tmp

ST_1: prLamB_buf3b_load (178)  [2/2] 2.33ns  loc: LDPC_Decoder3U/HLSLdpcLogDecScaledMin.cpp:5074
:93  %prLamB_buf3b_load = load i16* %prLamB_buf3b_addr, align 2

ST_1: prLamC_buf3_addr (179)  [1/1] 0.00ns  loc: LDPC_Decoder3U/HLSLdpcLogDecScaledMin.cpp:5074
:94  %prLamC_buf3_addr = getelementptr inbounds [1024 x i16]* @prLamC_buf3, i32 0, i32 %tmp

ST_1: prLamC_buf3_load (180)  [2/2] 2.33ns  loc: LDPC_Decoder3U/HLSLdpcLogDecScaledMin.cpp:5074
:95  %prLamC_buf3_load = load i16* %prLamC_buf3_addr, align 2

ST_1: prLam2B_buf3_addr (181)  [1/1] 0.00ns  loc: LDPC_Decoder3U/HLSLdpcLogDecScaledMin.cpp:5074
:96  %prLam2B_buf3_addr = getelementptr inbounds [1024 x i16]* @prLam2B_buf3, i32 0, i32 %tmp

ST_1: prLam2B_buf3_load (182)  [2/2] 2.33ns  loc: LDPC_Decoder3U/HLSLdpcLogDecScaledMin.cpp:5074
:97  %prLam2B_buf3_load = load i16* %prLam2B_buf3_addr, align 2

ST_1: prLam2B_buf3a_addr (183)  [1/1] 0.00ns  loc: LDPC_Decoder3U/HLSLdpcLogDecScaledMin.cpp:5074
:98  %prLam2B_buf3a_addr = getelementptr inbounds [1024 x i16]* @prLam2B_buf3a, i32 0, i32 %tmp

ST_1: prLam2B_buf3a_load (184)  [2/2] 2.33ns  loc: LDPC_Decoder3U/HLSLdpcLogDecScaledMin.cpp:5074
:99  %prLam2B_buf3a_load = load i16* %prLam2B_buf3a_addr, align 2

ST_1: prLam2B_buf3b_addr (185)  [1/1] 0.00ns  loc: LDPC_Decoder3U/HLSLdpcLogDecScaledMin.cpp:5074
:100  %prLam2B_buf3b_addr = getelementptr inbounds [1024 x i16]* @prLam2B_buf3b, i32 0, i32 %tmp

ST_1: prLam2B_buf3b_load (186)  [2/2] 2.33ns  loc: LDPC_Decoder3U/HLSLdpcLogDecScaledMin.cpp:5074
:101  %prLam2B_buf3b_load = load i16* %prLam2B_buf3b_addr, align 2

ST_1: prLam2C_buf3_addr (187)  [1/1] 0.00ns  loc: LDPC_Decoder3U/HLSLdpcLogDecScaledMin.cpp:5074
:102  %prLam2C_buf3_addr = getelementptr inbounds [1024 x i16]* @prLam2C_buf3, i32 0, i32 %tmp

ST_1: prLam2C_buf3_load (188)  [2/2] 2.33ns  loc: LDPC_Decoder3U/HLSLdpcLogDecScaledMin.cpp:5074
:103  %prLam2C_buf3_load = load i16* %prLam2C_buf3_addr, align 2

ST_1: pLambda4_addr (198)  [1/1] 0.00ns  loc: LDPC_Decoder3U/HLSLdpcLogDecScaledMin.cpp:5076
:113  %pLambda4_addr = getelementptr inbounds [2048 x i16]* @pLambda4, i32 0, i32 %tmp

ST_1: pLambda4_load (199)  [2/2] 2.33ns  loc: LDPC_Decoder3U/HLSLdpcLogDecScaledMin.cpp:5076
:114  %pLambda4_load = load i16* %pLambda4_addr, align 2

ST_1: prLam_buf4_addr (200)  [1/1] 0.00ns  loc: LDPC_Decoder3U/HLSLdpcLogDecScaledMin.cpp:5076
:115  %prLam_buf4_addr = getelementptr inbounds [1024 x i16]* @prLam_buf4, i32 0, i32 %tmp

ST_1: prLam_buf4_load (201)  [2/2] 2.33ns  loc: LDPC_Decoder3U/HLSLdpcLogDecScaledMin.cpp:5076
:116  %prLam_buf4_load = load i16* %prLam_buf4_addr, align 2

ST_1: prLamB_buf4_addr (202)  [1/1] 0.00ns  loc: LDPC_Decoder3U/HLSLdpcLogDecScaledMin.cpp:5076
:117  %prLamB_buf4_addr = getelementptr inbounds [1024 x i16]* @prLamB_buf4, i32 0, i32 %tmp

ST_1: prLamB_buf4_load (203)  [2/2] 2.33ns  loc: LDPC_Decoder3U/HLSLdpcLogDecScaledMin.cpp:5076
:118  %prLamB_buf4_load = load i16* %prLamB_buf4_addr, align 2

ST_1: prLamC_buf4_addr (204)  [1/1] 0.00ns  loc: LDPC_Decoder3U/HLSLdpcLogDecScaledMin.cpp:5076
:119  %prLamC_buf4_addr = getelementptr inbounds [1024 x i16]* @prLamC_buf4, i32 0, i32 %tmp

ST_1: prLamC_buf4_load (205)  [2/2] 2.33ns  loc: LDPC_Decoder3U/HLSLdpcLogDecScaledMin.cpp:5076
:120  %prLamC_buf4_load = load i16* %prLamC_buf4_addr, align 2

ST_1: prLamC_buf4a_addr (206)  [1/1] 0.00ns  loc: LDPC_Decoder3U/HLSLdpcLogDecScaledMin.cpp:5076
:121  %prLamC_buf4a_addr = getelementptr inbounds [1024 x i16]* @prLamC_buf4a, i32 0, i32 %tmp

ST_1: prLamC_buf4a_load (207)  [2/2] 2.33ns  loc: LDPC_Decoder3U/HLSLdpcLogDecScaledMin.cpp:5076
:122  %prLamC_buf4a_load = load i16* %prLamC_buf4a_addr, align 2

ST_1: prLamC_buf4b_addr (208)  [1/1] 0.00ns  loc: LDPC_Decoder3U/HLSLdpcLogDecScaledMin.cpp:5076
:123  %prLamC_buf4b_addr = getelementptr inbounds [1024 x i16]* @prLamC_buf4b, i32 0, i32 %tmp

ST_1: prLamC_buf4b_load (209)  [2/2] 2.33ns  loc: LDPC_Decoder3U/HLSLdpcLogDecScaledMin.cpp:5076
:124  %prLamC_buf4b_load = load i16* %prLamC_buf4b_addr, align 2

ST_1: prLam2_buf4_addr (210)  [1/1] 0.00ns  loc: LDPC_Decoder3U/HLSLdpcLogDecScaledMin.cpp:5076
:125  %prLam2_buf4_addr = getelementptr inbounds [1024 x i16]* @prLam2_buf4, i32 0, i32 %tmp

ST_1: prLam2_buf4_load (211)  [2/2] 2.33ns  loc: LDPC_Decoder3U/HLSLdpcLogDecScaledMin.cpp:5076
:126  %prLam2_buf4_load = load i16* %prLam2_buf4_addr, align 2

ST_1: prLam2B_buf4_addr (212)  [1/1] 0.00ns  loc: LDPC_Decoder3U/HLSLdpcLogDecScaledMin.cpp:5076
:127  %prLam2B_buf4_addr = getelementptr inbounds [1024 x i16]* @prLam2B_buf4, i32 0, i32 %tmp

ST_1: prLam2B_buf4_load (213)  [2/2] 2.33ns  loc: LDPC_Decoder3U/HLSLdpcLogDecScaledMin.cpp:5076
:128  %prLam2B_buf4_load = load i16* %prLam2B_buf4_addr, align 2

ST_1: prLam2C_buf4_addr (214)  [1/1] 0.00ns  loc: LDPC_Decoder3U/HLSLdpcLogDecScaledMin.cpp:5076
:129  %prLam2C_buf4_addr = getelementptr inbounds [1024 x i16]* @prLam2C_buf4, i32 0, i32 %tmp

ST_1: prLam2C_buf4_load (215)  [2/2] 2.33ns  loc: LDPC_Decoder3U/HLSLdpcLogDecScaledMin.cpp:5076
:130  %prLam2C_buf4_load = load i16* %prLam2C_buf4_addr, align 2

ST_1: prLam2C_buf4a_addr (216)  [1/1] 0.00ns  loc: LDPC_Decoder3U/HLSLdpcLogDecScaledMin.cpp:5076
:131  %prLam2C_buf4a_addr = getelementptr inbounds [1024 x i16]* @prLam2C_buf4a, i32 0, i32 %tmp

ST_1: prLam2C_buf4a_load (217)  [2/2] 2.33ns  loc: LDPC_Decoder3U/HLSLdpcLogDecScaledMin.cpp:5076
:132  %prLam2C_buf4a_load = load i16* %prLam2C_buf4a_addr, align 2

ST_1: prLam2C_buf4b_addr (218)  [1/1] 0.00ns  loc: LDPC_Decoder3U/HLSLdpcLogDecScaledMin.cpp:5076
:133  %prLam2C_buf4b_addr = getelementptr inbounds [1024 x i16]* @prLam2C_buf4b, i32 0, i32 %tmp

ST_1: prLam2C_buf4b_load (219)  [2/2] 2.33ns  loc: LDPC_Decoder3U/HLSLdpcLogDecScaledMin.cpp:5076
:134  %prLam2C_buf4b_load = load i16* %prLam2C_buf4b_addr, align 2

ST_1: pLambda5_addr (231)  [1/1] 0.00ns  loc: LDPC_Decoder3U/HLSLdpcLogDecScaledMin.cpp:5078
:146  %pLambda5_addr = getelementptr inbounds [1024 x i16]* @pLambda5, i32 0, i32 %tmp

ST_1: pLambda5_load (232)  [2/2] 2.33ns  loc: LDPC_Decoder3U/HLSLdpcLogDecScaledMin.cpp:5078
:147  %pLambda5_load = load i16* %pLambda5_addr, align 2

ST_1: prLamB_buf5_addr (233)  [1/1] 0.00ns  loc: LDPC_Decoder3U/HLSLdpcLogDecScaledMin.cpp:5078
:148  %prLamB_buf5_addr = getelementptr inbounds [1024 x i16]* @prLamB_buf5, i32 0, i32 %tmp

ST_1: prLamB_buf5_load (234)  [2/2] 2.33ns  loc: LDPC_Decoder3U/HLSLdpcLogDecScaledMin.cpp:5078
:149  %prLamB_buf5_load = load i16* %prLamB_buf5_addr, align 2

ST_1: prLamB_buf5a_addr (235)  [1/1] 0.00ns  loc: LDPC_Decoder3U/HLSLdpcLogDecScaledMin.cpp:5078
:150  %prLamB_buf5a_addr = getelementptr inbounds [1024 x i16]* @prLamB_buf5a, i32 0, i32 %tmp

ST_1: prLamB_buf5a_load (236)  [2/2] 2.33ns  loc: LDPC_Decoder3U/HLSLdpcLogDecScaledMin.cpp:5078
:151  %prLamB_buf5a_load = load i16* %prLamB_buf5a_addr, align 2

ST_1: prLamB_buf5b_addr (237)  [1/1] 0.00ns  loc: LDPC_Decoder3U/HLSLdpcLogDecScaledMin.cpp:5078
:152  %prLamB_buf5b_addr = getelementptr inbounds [1024 x i16]* @prLamB_buf5b, i32 0, i32 %tmp

ST_1: prLamB_buf5b_load (238)  [2/2] 2.33ns  loc: LDPC_Decoder3U/HLSLdpcLogDecScaledMin.cpp:5078
:153  %prLamB_buf5b_load = load i16* %prLamB_buf5b_addr, align 2

ST_1: prLamC_buf5_addr (239)  [1/1] 0.00ns  loc: LDPC_Decoder3U/HLSLdpcLogDecScaledMin.cpp:5078
:154  %prLamC_buf5_addr = getelementptr inbounds [1024 x i16]* @prLamC_buf5, i32 0, i32 %tmp

ST_1: prLamC_buf5_load (240)  [2/2] 2.33ns  loc: LDPC_Decoder3U/HLSLdpcLogDecScaledMin.cpp:5078
:155  %prLamC_buf5_load = load i16* %prLamC_buf5_addr, align 2

ST_1: prLam2B_buf5_addr (241)  [1/1] 0.00ns  loc: LDPC_Decoder3U/HLSLdpcLogDecScaledMin.cpp:5078
:156  %prLam2B_buf5_addr = getelementptr inbounds [1024 x i16]* @prLam2B_buf5, i32 0, i32 %tmp

ST_1: prLam2B_buf5_load (242)  [2/2] 2.33ns  loc: LDPC_Decoder3U/HLSLdpcLogDecScaledMin.cpp:5078
:157  %prLam2B_buf5_load = load i16* %prLam2B_buf5_addr, align 2

ST_1: prLam2B_buf5a_addr (243)  [1/1] 0.00ns  loc: LDPC_Decoder3U/HLSLdpcLogDecScaledMin.cpp:5078
:158  %prLam2B_buf5a_addr = getelementptr inbounds [1024 x i16]* @prLam2B_buf5a, i32 0, i32 %tmp

ST_1: prLam2B_buf5a_load (244)  [2/2] 2.33ns  loc: LDPC_Decoder3U/HLSLdpcLogDecScaledMin.cpp:5078
:159  %prLam2B_buf5a_load = load i16* %prLam2B_buf5a_addr, align 2

ST_1: prLam2B_buf5b_addr (245)  [1/1] 0.00ns  loc: LDPC_Decoder3U/HLSLdpcLogDecScaledMin.cpp:5078
:160  %prLam2B_buf5b_addr = getelementptr inbounds [1024 x i16]* @prLam2B_buf5b, i32 0, i32 %tmp

ST_1: prLam2B_buf5b_load (246)  [2/2] 2.33ns  loc: LDPC_Decoder3U/HLSLdpcLogDecScaledMin.cpp:5078
:161  %prLam2B_buf5b_load = load i16* %prLam2B_buf5b_addr, align 2

ST_1: prLam2C_buf5_addr (247)  [1/1] 0.00ns  loc: LDPC_Decoder3U/HLSLdpcLogDecScaledMin.cpp:5078
:162  %prLam2C_buf5_addr = getelementptr inbounds [1024 x i16]* @prLam2C_buf5, i32 0, i32 %tmp

ST_1: prLam2C_buf5_load (248)  [2/2] 2.33ns  loc: LDPC_Decoder3U/HLSLdpcLogDecScaledMin.cpp:5078
:163  %prLam2C_buf5_load = load i16* %prLam2C_buf5_addr, align 2

ST_1: pLambda6_addr (258)  [1/1] 0.00ns  loc: LDPC_Decoder3U/HLSLdpcLogDecScaledMin.cpp:5080
:173  %pLambda6_addr = getelementptr inbounds [1024 x i16]* @pLambda6, i32 0, i32 %tmp

ST_1: pLambda6_load (259)  [2/2] 2.33ns  loc: LDPC_Decoder3U/HLSLdpcLogDecScaledMin.cpp:5080
:174  %pLambda6_load = load i16* %pLambda6_addr, align 2

ST_1: prLam_buf2_addr (260)  [1/1] 0.00ns  loc: LDPC_Decoder3U/HLSLdpcLogDecScaledMin.cpp:5080
:175  %prLam_buf2_addr = getelementptr inbounds [1024 x i16]* @prLam_buf2, i32 0, i32 %tmp

ST_1: prLam_buf2_load (261)  [2/2] 2.33ns  loc: LDPC_Decoder3U/HLSLdpcLogDecScaledMin.cpp:5080
:176  %prLam_buf2_load = load i16* %prLam_buf2_addr, align 2

ST_1: prLam_buf4a_addr (262)  [1/1] 0.00ns  loc: LDPC_Decoder3U/HLSLdpcLogDecScaledMin.cpp:5080
:177  %prLam_buf4a_addr = getelementptr inbounds [1024 x i16]* @prLam_buf4a, i32 0, i32 %tmp

ST_1: prLam_buf4a_load (263)  [2/2] 2.33ns  loc: LDPC_Decoder3U/HLSLdpcLogDecScaledMin.cpp:5080
:178  %prLam_buf4a_load = load i16* %prLam_buf4a_addr, align 2

ST_1: prLamB_buf6_addr (264)  [1/1] 0.00ns  loc: LDPC_Decoder3U/HLSLdpcLogDecScaledMin.cpp:5080
:179  %prLamB_buf6_addr = getelementptr inbounds [1024 x i16]* @prLamB_buf6, i32 0, i32 %tmp

ST_1: prLamB_buf6_load (265)  [2/2] 2.33ns  loc: LDPC_Decoder3U/HLSLdpcLogDecScaledMin.cpp:5080
:180  %prLamB_buf6_load = load i16* %prLamB_buf6_addr, align 2

ST_1: prLamC_buf6_addr (266)  [1/1] 0.00ns  loc: LDPC_Decoder3U/HLSLdpcLogDecScaledMin.cpp:5080
:181  %prLamC_buf6_addr = getelementptr inbounds [1024 x i16]* @prLamC_buf6, i32 0, i32 %tmp

ST_1: prLamC_buf6_load (267)  [2/2] 2.33ns  loc: LDPC_Decoder3U/HLSLdpcLogDecScaledMin.cpp:5080
:182  %prLamC_buf6_load = load i16* %prLamC_buf6_addr, align 2

ST_1: prLamC_buf10a_addr (268)  [1/1] 0.00ns  loc: LDPC_Decoder3U/HLSLdpcLogDecScaledMin.cpp:5080
:183  %prLamC_buf10a_addr = getelementptr inbounds [1024 x i16]* @prLamC_buf10a, i32 0, i32 %tmp

ST_1: prLamC_buf10a_load (269)  [2/2] 2.33ns  loc: LDPC_Decoder3U/HLSLdpcLogDecScaledMin.cpp:5080
:184  %prLamC_buf10a_load = load i16* %prLamC_buf10a_addr, align 2

ST_1: prLamC_buf10b_addr (270)  [1/1] 0.00ns  loc: LDPC_Decoder3U/HLSLdpcLogDecScaledMin.cpp:5080
:185  %prLamC_buf10b_addr = getelementptr inbounds [1024 x i16]* @prLamC_buf10b, i32 0, i32 %tmp

ST_1: prLamC_buf10b_load (271)  [2/2] 2.33ns  loc: LDPC_Decoder3U/HLSLdpcLogDecScaledMin.cpp:5080
:186  %prLamC_buf10b_load = load i16* %prLamC_buf10b_addr, align 2

ST_1: prLam2_buf2_addr (272)  [1/1] 0.00ns  loc: LDPC_Decoder3U/HLSLdpcLogDecScaledMin.cpp:5080
:187  %prLam2_buf2_addr = getelementptr inbounds [1024 x i16]* @prLam2_buf2, i32 0, i32 %tmp

ST_1: prLam2_buf2_load (273)  [2/2] 2.33ns  loc: LDPC_Decoder3U/HLSLdpcLogDecScaledMin.cpp:5080
:188  %prLam2_buf2_load = load i16* %prLam2_buf2_addr, align 2

ST_1: prLam2_buf4a_addr (274)  [1/1] 0.00ns  loc: LDPC_Decoder3U/HLSLdpcLogDecScaledMin.cpp:5080
:189  %prLam2_buf4a_addr = getelementptr inbounds [1024 x i16]* @prLam2_buf4a, i32 0, i32 %tmp

ST_1: prLam2_buf4a_load (275)  [2/2] 2.33ns  loc: LDPC_Decoder3U/HLSLdpcLogDecScaledMin.cpp:5080
:190  %prLam2_buf4a_load = load i16* %prLam2_buf4a_addr, align 2

ST_1: prLam2B_buf6_addr (276)  [1/1] 0.00ns  loc: LDPC_Decoder3U/HLSLdpcLogDecScaledMin.cpp:5080
:191  %prLam2B_buf6_addr = getelementptr inbounds [1024 x i16]* @prLam2B_buf6, i32 0, i32 %tmp

ST_1: prLam2B_buf6_load (277)  [2/2] 2.33ns  loc: LDPC_Decoder3U/HLSLdpcLogDecScaledMin.cpp:5080
:192  %prLam2B_buf6_load = load i16* %prLam2B_buf6_addr, align 2

ST_1: prLam2C_buf6_addr (278)  [1/1] 0.00ns  loc: LDPC_Decoder3U/HLSLdpcLogDecScaledMin.cpp:5080
:193  %prLam2C_buf6_addr = getelementptr inbounds [1024 x i16]* @prLam2C_buf6, i32 0, i32 %tmp

ST_1: prLam2C_buf6_load (279)  [2/2] 2.33ns  loc: LDPC_Decoder3U/HLSLdpcLogDecScaledMin.cpp:5080
:194  %prLam2C_buf6_load = load i16* %prLam2C_buf6_addr, align 2

ST_1: prLam2C_buf10a_addr (280)  [1/1] 0.00ns  loc: LDPC_Decoder3U/HLSLdpcLogDecScaledMin.cpp:5080
:195  %prLam2C_buf10a_addr = getelementptr inbounds [1024 x i16]* @prLam2C_buf10a, i32 0, i32 %tmp

ST_1: prLam2C_buf10a_load (281)  [2/2] 2.33ns  loc: LDPC_Decoder3U/HLSLdpcLogDecScaledMin.cpp:5080
:196  %prLam2C_buf10a_load = load i16* %prLam2C_buf10a_addr, align 2

ST_1: prLam2C_buf10b_addr (282)  [1/1] 0.00ns  loc: LDPC_Decoder3U/HLSLdpcLogDecScaledMin.cpp:5080
:197  %prLam2C_buf10b_addr = getelementptr inbounds [1024 x i16]* @prLam2C_buf10b, i32 0, i32 %tmp

ST_1: prLam2C_buf10b_load (283)  [2/2] 2.33ns  loc: LDPC_Decoder3U/HLSLdpcLogDecScaledMin.cpp:5080
:198  %prLam2C_buf10b_load = load i16* %prLam2C_buf10b_addr, align 2


 <State 2>: 8.59ns
ST_2: StgValue_144 (87)  [1/1] 0.00ns
:2  call void (...)* @_ssdm_op_SpecMemCore([1024 x i16]* @prLam_buf2, [1 x i8]* @p_str, [13 x i8]* @p_str79, [1 x i8]* @p_str, i32 -1, [1 x i8]* @p_str, [1 x i8]* @p_str, [1 x i8]* @p_str, [1 x i8]* @p_str, [1 x i8]* @p_str) nounwind

ST_2: StgValue_145 (88)  [1/1] 0.00ns
:3  call void (...)* @_ssdm_op_SpecMemCore([1024 x i16]* @prLam_buf4, [1 x i8]* @p_str, [13 x i8]* @p_str79, [1 x i8]* @p_str, i32 -1, [1 x i8]* @p_str, [1 x i8]* @p_str, [1 x i8]* @p_str, [1 x i8]* @p_str, [1 x i8]* @p_str) nounwind

ST_2: pLambda0_load (91)  [1/2] 2.33ns  loc: LDPC_Decoder3U/HLSLdpcLogDecScaledMin.cpp:5068
:6  %pLambda0_load = load i16* %pLambda0_addr, align 2

ST_2: prLamB_buf_load (93)  [1/2] 2.33ns  loc: LDPC_Decoder3U/HLSLdpcLogDecScaledMin.cpp:5068
:8  %prLamB_buf_load = load i16* %prLamB_buf_addr, align 2

ST_2: prLamC_buf_load (95)  [1/2] 2.33ns  loc: LDPC_Decoder3U/HLSLdpcLogDecScaledMin.cpp:5068
:10  %prLamC_buf_load = load i16* %prLamC_buf_addr, align 2

ST_2: prLamC_bufa_load (97)  [1/2] 2.33ns  loc: LDPC_Decoder3U/HLSLdpcLogDecScaledMin.cpp:5068
:12  %prLamC_bufa_load = load i16* %prLamC_bufa_addr, align 2

ST_2: prLamC_bufb_load (99)  [1/2] 2.33ns  loc: LDPC_Decoder3U/HLSLdpcLogDecScaledMin.cpp:5068
:14  %prLamC_bufb_load = load i16* %prLamC_bufb_addr, align 2

ST_2: prLam2B_buf_load (101)  [1/2] 2.33ns  loc: LDPC_Decoder3U/HLSLdpcLogDecScaledMin.cpp:5068
:16  %prLam2B_buf_load = load i16* %prLam2B_buf_addr, align 2

ST_2: prLam2C_buf_load (103)  [1/2] 2.33ns  loc: LDPC_Decoder3U/HLSLdpcLogDecScaledMin.cpp:5068
:18  %prLam2C_buf_load = load i16* %prLam2C_buf_addr, align 2

ST_2: prLam2C_bufa_load (105)  [1/2] 2.33ns  loc: LDPC_Decoder3U/HLSLdpcLogDecScaledMin.cpp:5068
:20  %prLam2C_bufa_load = load i16* %prLam2C_bufa_addr, align 2

ST_2: prLam2C_bufb_load (107)  [1/2] 2.33ns  loc: LDPC_Decoder3U/HLSLdpcLogDecScaledMin.cpp:5068
:22  %prLam2C_bufb_load = load i16* %prLam2C_bufb_addr, align 2

ST_2: tmp8 (108)  [1/1] 1.46ns  loc: LDPC_Decoder3U/HLSLdpcLogDecScaledMin.cpp:5068
:23  %tmp8 = add i16 %prLam2C_bufa_load, %prLam2C_buf_load

ST_2: tmp9 (109)  [1/1] 1.32ns  loc: LDPC_Decoder3U/HLSLdpcLogDecScaledMin.cpp:5068
:24  %tmp9 = add i16 %prLamC_bufb_load, %prLam2B_buf_load

ST_2: tmp7 (110)  [1/1] 1.32ns  loc: LDPC_Decoder3U/HLSLdpcLogDecScaledMin.cpp:5068
:25  %tmp7 = add i16 %tmp8, %tmp9

ST_2: tmp11 (111)  [1/1] 1.46ns  loc: LDPC_Decoder3U/HLSLdpcLogDecScaledMin.cpp:5068
:26  %tmp11 = add i16 %prLamB_buf_load, %pLambda0_load

ST_2: tmp13 (112)  [1/1] 1.32ns  loc: LDPC_Decoder3U/HLSLdpcLogDecScaledMin.cpp:5068
:27  %tmp13 = add i16 %prLam2C_bufb_load, %prLamC_buf_load

ST_2: tmp12 (113)  [1/1] 1.32ns  loc: LDPC_Decoder3U/HLSLdpcLogDecScaledMin.cpp:5068
:28  %tmp12 = add i16 %prLamC_bufa_load, %tmp13

ST_2: tmp10 (114)  [1/1] 1.32ns  loc: LDPC_Decoder3U/HLSLdpcLogDecScaledMin.cpp:5068
:29  %tmp10 = add i16 %tmp11, %tmp12

ST_2: tmp_s (115)  [1/1] 1.32ns  loc: LDPC_Decoder3U/HLSLdpcLogDecScaledMin.cpp:5068
:30  %tmp_s = add i16 %tmp7, %tmp10

ST_2: StgValue_163 (116)  [1/1] 0.00ns  loc: LDPC_Decoder3U/HLSLdpcLogDecScaledMin.cpp:5068
:31  store i16 %tmp_s, i16* @pest0, align 2

ST_2: pLambda1_load (118)  [1/2] 2.33ns  loc: LDPC_Decoder3U/HLSLdpcLogDecScaledMin.cpp:5070
:33  %pLambda1_load = load i16* %pLambda1_addr, align 2

ST_2: prLamB_buf1_load (120)  [1/2] 2.33ns  loc: LDPC_Decoder3U/HLSLdpcLogDecScaledMin.cpp:5070
:35  %prLamB_buf1_load = load i16* %prLamB_buf1_addr, align 2

ST_2: prLamB_buf1a_load (122)  [1/2] 2.33ns  loc: LDPC_Decoder3U/HLSLdpcLogDecScaledMin.cpp:5070
:37  %prLamB_buf1a_load = load i16* %prLamB_buf1a_addr, align 2

ST_2: prLamB_buf1b_load (124)  [1/2] 2.33ns  loc: LDPC_Decoder3U/HLSLdpcLogDecScaledMin.cpp:5070
:39  %prLamB_buf1b_load = load i16* %prLamB_buf1b_addr, align 2

ST_2: prLamC_buf1_load (126)  [1/2] 2.33ns  loc: LDPC_Decoder3U/HLSLdpcLogDecScaledMin.cpp:5070
:41  %prLamC_buf1_load = load i16* %prLamC_buf1_addr, align 2

ST_2: prLam2B_buf1_load (128)  [1/2] 2.33ns  loc: LDPC_Decoder3U/HLSLdpcLogDecScaledMin.cpp:5070
:43  %prLam2B_buf1_load = load i16* %prLam2B_buf1_addr, align 2

ST_2: prLam2B_buf1a_load (130)  [1/2] 2.33ns  loc: LDPC_Decoder3U/HLSLdpcLogDecScaledMin.cpp:5070
:45  %prLam2B_buf1a_load = load i16* %prLam2B_buf1a_addr, align 2

ST_2: prLam2B_buf1b_load (132)  [1/2] 2.33ns  loc: LDPC_Decoder3U/HLSLdpcLogDecScaledMin.cpp:5070
:47  %prLam2B_buf1b_load = load i16* %prLam2B_buf1b_addr, align 2

ST_2: prLam2C_buf1_load (134)  [1/2] 2.33ns  loc: LDPC_Decoder3U/HLSLdpcLogDecScaledMin.cpp:5070
:49  %prLam2C_buf1_load = load i16* %prLam2C_buf1_addr, align 2

ST_2: tmp21 (135)  [1/1] 1.46ns  loc: LDPC_Decoder3U/HLSLdpcLogDecScaledMin.cpp:5070
:50  %tmp21 = add i16 %prLam2B_buf1b_load, %prLam2B_buf1a_load

ST_2: tmp22 (136)  [1/1] 1.32ns  loc: LDPC_Decoder3U/HLSLdpcLogDecScaledMin.cpp:5070
:51  %tmp22 = add i16 %prLamC_buf1_load, %prLam2B_buf1_load

ST_2: tmp20 (137)  [1/1] 1.32ns  loc: LDPC_Decoder3U/HLSLdpcLogDecScaledMin.cpp:5070
:52  %tmp20 = add i16 %tmp21, %tmp22

ST_2: tmp24 (138)  [1/1] 1.46ns  loc: LDPC_Decoder3U/HLSLdpcLogDecScaledMin.cpp:5070
:53  %tmp24 = add i16 %prLamB_buf1_load, %pLambda1_load

ST_2: tmp26 (139)  [1/1] 1.32ns  loc: LDPC_Decoder3U/HLSLdpcLogDecScaledMin.cpp:5070
:54  %tmp26 = add i16 %prLam2C_buf1_load, %prLamB_buf1a_load

ST_2: tmp25 (140)  [1/1] 1.32ns  loc: LDPC_Decoder3U/HLSLdpcLogDecScaledMin.cpp:5070
:55  %tmp25 = add i16 %prLamB_buf1b_load, %tmp26

ST_2: tmp23 (141)  [1/1] 1.32ns  loc: LDPC_Decoder3U/HLSLdpcLogDecScaledMin.cpp:5070
:56  %tmp23 = add i16 %tmp24, %tmp25

ST_2: tmp_919 (142)  [1/1] 1.32ns  loc: LDPC_Decoder3U/HLSLdpcLogDecScaledMin.cpp:5070
:57  %tmp_919 = add i16 %tmp20, %tmp23

ST_2: StgValue_181 (143)  [1/1] 0.00ns  loc: LDPC_Decoder3U/HLSLdpcLogDecScaledMin.cpp:5070
:58  store i16 %tmp_919, i16* @pest1, align 2

ST_2: pLambda2_load (145)  [1/2] 2.33ns  loc: LDPC_Decoder3U/HLSLdpcLogDecScaledMin.cpp:5072
:60  %pLambda2_load = load i16* %pLambda2_addr, align 2

ST_2: prLamB_buf2_load (147)  [1/2] 2.33ns  loc: LDPC_Decoder3U/HLSLdpcLogDecScaledMin.cpp:5072
:62  %prLamB_buf2_load = load i16* %prLamB_buf2_addr, align 2

ST_2: prLamC_buf2_load (149)  [1/2] 2.33ns  loc: LDPC_Decoder3U/HLSLdpcLogDecScaledMin.cpp:5072
:64  %prLamC_buf2_load = load i16* %prLamC_buf2_addr, align 2

ST_2: prLamC_buf2a_load (151)  [1/2] 2.33ns  loc: LDPC_Decoder3U/HLSLdpcLogDecScaledMin.cpp:5072
:66  %prLamC_buf2a_load = load i16* %prLamC_buf2a_addr, align 2

ST_2: prLamC_buf2b_load (153)  [1/2] 2.33ns  loc: LDPC_Decoder3U/HLSLdpcLogDecScaledMin.cpp:5072
:68  %prLamC_buf2b_load = load i16* %prLamC_buf2b_addr, align 2

ST_2: prLam2B_buf2_load (155)  [1/2] 2.33ns  loc: LDPC_Decoder3U/HLSLdpcLogDecScaledMin.cpp:5072
:70  %prLam2B_buf2_load = load i16* %prLam2B_buf2_addr, align 2

ST_2: prLam2C_buf2_load (157)  [1/2] 2.33ns  loc: LDPC_Decoder3U/HLSLdpcLogDecScaledMin.cpp:5072
:72  %prLam2C_buf2_load = load i16* %prLam2C_buf2_addr, align 2

ST_2: prLam2C_buf2a_load (159)  [1/2] 2.33ns  loc: LDPC_Decoder3U/HLSLdpcLogDecScaledMin.cpp:5072
:74  %prLam2C_buf2a_load = load i16* %prLam2C_buf2a_addr, align 2

ST_2: prLam2C_buf2b_load (161)  [1/2] 2.33ns  loc: LDPC_Decoder3U/HLSLdpcLogDecScaledMin.cpp:5072
:76  %prLam2C_buf2b_load = load i16* %prLam2C_buf2b_addr, align 2

ST_2: tmp34 (162)  [1/1] 1.46ns  loc: LDPC_Decoder3U/HLSLdpcLogDecScaledMin.cpp:5072
:77  %tmp34 = add i16 %prLam2C_buf2a_load, %prLam2C_buf2_load

ST_2: tmp35 (163)  [1/1] 1.32ns  loc: LDPC_Decoder3U/HLSLdpcLogDecScaledMin.cpp:5072
:78  %tmp35 = add i16 %prLamC_buf2b_load, %prLam2B_buf2_load

ST_2: tmp33 (164)  [1/1] 1.32ns  loc: LDPC_Decoder3U/HLSLdpcLogDecScaledMin.cpp:5072
:79  %tmp33 = add i16 %tmp34, %tmp35

ST_2: tmp37 (165)  [1/1] 1.46ns  loc: LDPC_Decoder3U/HLSLdpcLogDecScaledMin.cpp:5072
:80  %tmp37 = add i16 %prLamB_buf2_load, %pLambda2_load

ST_2: tmp39 (166)  [1/1] 1.32ns  loc: LDPC_Decoder3U/HLSLdpcLogDecScaledMin.cpp:5072
:81  %tmp39 = add i16 %prLam2C_buf2b_load, %prLamC_buf2_load

ST_2: tmp38 (167)  [1/1] 1.32ns  loc: LDPC_Decoder3U/HLSLdpcLogDecScaledMin.cpp:5072
:82  %tmp38 = add i16 %prLamC_buf2a_load, %tmp39

ST_2: tmp36 (168)  [1/1] 1.32ns  loc: LDPC_Decoder3U/HLSLdpcLogDecScaledMin.cpp:5072
:83  %tmp36 = add i16 %tmp37, %tmp38

ST_2: tmp_920 (169)  [1/1] 1.32ns  loc: LDPC_Decoder3U/HLSLdpcLogDecScaledMin.cpp:5072
:84  %tmp_920 = add i16 %tmp33, %tmp36

ST_2: StgValue_199 (170)  [1/1] 0.00ns  loc: LDPC_Decoder3U/HLSLdpcLogDecScaledMin.cpp:5072
:85  store i16 %tmp_920, i16* @pest2, align 2

ST_2: pLambda3_load (172)  [1/2] 2.33ns  loc: LDPC_Decoder3U/HLSLdpcLogDecScaledMin.cpp:5074
:87  %pLambda3_load = load i16* %pLambda3_addr, align 2

ST_2: prLamB_buf3_load (174)  [1/2] 2.33ns  loc: LDPC_Decoder3U/HLSLdpcLogDecScaledMin.cpp:5074
:89  %prLamB_buf3_load = load i16* %prLamB_buf3_addr, align 2

ST_2: prLamB_buf3a_load (176)  [1/2] 2.33ns  loc: LDPC_Decoder3U/HLSLdpcLogDecScaledMin.cpp:5074
:91  %prLamB_buf3a_load = load i16* %prLamB_buf3a_addr, align 2

ST_2: prLamB_buf3b_load (178)  [1/2] 2.33ns  loc: LDPC_Decoder3U/HLSLdpcLogDecScaledMin.cpp:5074
:93  %prLamB_buf3b_load = load i16* %prLamB_buf3b_addr, align 2

ST_2: prLamC_buf3_load (180)  [1/2] 2.33ns  loc: LDPC_Decoder3U/HLSLdpcLogDecScaledMin.cpp:5074
:95  %prLamC_buf3_load = load i16* %prLamC_buf3_addr, align 2

ST_2: prLam2B_buf3_load (182)  [1/2] 2.33ns  loc: LDPC_Decoder3U/HLSLdpcLogDecScaledMin.cpp:5074
:97  %prLam2B_buf3_load = load i16* %prLam2B_buf3_addr, align 2

ST_2: prLam2B_buf3a_load (184)  [1/2] 2.33ns  loc: LDPC_Decoder3U/HLSLdpcLogDecScaledMin.cpp:5074
:99  %prLam2B_buf3a_load = load i16* %prLam2B_buf3a_addr, align 2

ST_2: prLam2B_buf3b_load (186)  [1/2] 2.33ns  loc: LDPC_Decoder3U/HLSLdpcLogDecScaledMin.cpp:5074
:101  %prLam2B_buf3b_load = load i16* %prLam2B_buf3b_addr, align 2

ST_2: prLam2C_buf3_load (188)  [1/2] 2.33ns  loc: LDPC_Decoder3U/HLSLdpcLogDecScaledMin.cpp:5074
:103  %prLam2C_buf3_load = load i16* %prLam2C_buf3_addr, align 2

ST_2: tmp47 (189)  [1/1] 1.46ns  loc: LDPC_Decoder3U/HLSLdpcLogDecScaledMin.cpp:5074
:104  %tmp47 = add i16 %prLam2B_buf3b_load, %prLam2B_buf3a_load

ST_2: tmp48 (190)  [1/1] 1.32ns  loc: LDPC_Decoder3U/HLSLdpcLogDecScaledMin.cpp:5074
:105  %tmp48 = add i16 %prLamC_buf3_load, %prLam2B_buf3_load

ST_2: tmp46 (191)  [1/1] 1.32ns  loc: LDPC_Decoder3U/HLSLdpcLogDecScaledMin.cpp:5074
:106  %tmp46 = add i16 %tmp47, %tmp48

ST_2: tmp50 (192)  [1/1] 1.46ns  loc: LDPC_Decoder3U/HLSLdpcLogDecScaledMin.cpp:5074
:107  %tmp50 = add i16 %prLamB_buf3_load, %pLambda3_load

ST_2: tmp52 (193)  [1/1] 1.32ns  loc: LDPC_Decoder3U/HLSLdpcLogDecScaledMin.cpp:5074
:108  %tmp52 = add i16 %prLam2C_buf3_load, %prLamB_buf3a_load

ST_2: tmp51 (194)  [1/1] 1.32ns  loc: LDPC_Decoder3U/HLSLdpcLogDecScaledMin.cpp:5074
:109  %tmp51 = add i16 %prLamB_buf3b_load, %tmp52

ST_2: tmp49 (195)  [1/1] 1.32ns  loc: LDPC_Decoder3U/HLSLdpcLogDecScaledMin.cpp:5074
:110  %tmp49 = add i16 %tmp50, %tmp51

ST_2: tmp_921 (196)  [1/1] 1.32ns  loc: LDPC_Decoder3U/HLSLdpcLogDecScaledMin.cpp:5074
:111  %tmp_921 = add i16 %tmp46, %tmp49

ST_2: StgValue_217 (197)  [1/1] 0.00ns  loc: LDPC_Decoder3U/HLSLdpcLogDecScaledMin.cpp:5074
:112  store i16 %tmp_921, i16* @pest3, align 2

ST_2: pLambda4_load (199)  [1/2] 2.33ns  loc: LDPC_Decoder3U/HLSLdpcLogDecScaledMin.cpp:5076
:114  %pLambda4_load = load i16* %pLambda4_addr, align 2

ST_2: prLam_buf4_load (201)  [1/2] 2.33ns  loc: LDPC_Decoder3U/HLSLdpcLogDecScaledMin.cpp:5076
:116  %prLam_buf4_load = load i16* %prLam_buf4_addr, align 2

ST_2: prLamB_buf4_load (203)  [1/2] 2.33ns  loc: LDPC_Decoder3U/HLSLdpcLogDecScaledMin.cpp:5076
:118  %prLamB_buf4_load = load i16* %prLamB_buf4_addr, align 2

ST_2: prLamC_buf4_load (205)  [1/2] 2.33ns  loc: LDPC_Decoder3U/HLSLdpcLogDecScaledMin.cpp:5076
:120  %prLamC_buf4_load = load i16* %prLamC_buf4_addr, align 2

ST_2: prLamC_buf4a_load (207)  [1/2] 2.33ns  loc: LDPC_Decoder3U/HLSLdpcLogDecScaledMin.cpp:5076
:122  %prLamC_buf4a_load = load i16* %prLamC_buf4a_addr, align 2

ST_2: prLamC_buf4b_load (209)  [1/2] 2.33ns  loc: LDPC_Decoder3U/HLSLdpcLogDecScaledMin.cpp:5076
:124  %prLamC_buf4b_load = load i16* %prLamC_buf4b_addr, align 2

ST_2: prLam2_buf4_load (211)  [1/2] 2.33ns  loc: LDPC_Decoder3U/HLSLdpcLogDecScaledMin.cpp:5076
:126  %prLam2_buf4_load = load i16* %prLam2_buf4_addr, align 2

ST_2: prLam2B_buf4_load (213)  [1/2] 2.33ns  loc: LDPC_Decoder3U/HLSLdpcLogDecScaledMin.cpp:5076
:128  %prLam2B_buf4_load = load i16* %prLam2B_buf4_addr, align 2

ST_2: prLam2C_buf4_load (215)  [1/2] 2.33ns  loc: LDPC_Decoder3U/HLSLdpcLogDecScaledMin.cpp:5076
:130  %prLam2C_buf4_load = load i16* %prLam2C_buf4_addr, align 2

ST_2: prLam2C_buf4a_load (217)  [1/2] 2.33ns  loc: LDPC_Decoder3U/HLSLdpcLogDecScaledMin.cpp:5076
:132  %prLam2C_buf4a_load = load i16* %prLam2C_buf4a_addr, align 2

ST_2: prLam2C_buf4b_load (219)  [1/2] 2.33ns  loc: LDPC_Decoder3U/HLSLdpcLogDecScaledMin.cpp:5076
:134  %prLam2C_buf4b_load = load i16* %prLam2C_buf4b_addr, align 2

ST_2: tmp62 (220)  [1/1] 1.46ns  loc: LDPC_Decoder3U/HLSLdpcLogDecScaledMin.cpp:5076
:135  %tmp62 = add i16 %prLam2C_buf4a_load, %prLam2C_buf4_load

ST_2: tmp64 (221)  [1/1] 1.46ns  loc: LDPC_Decoder3U/HLSLdpcLogDecScaledMin.cpp:5076
:136  %tmp64 = add i16 %prLamC_buf4b_load, %prLam2_buf4_load

ST_2: tmp63 (222)  [1/1] 1.32ns  loc: LDPC_Decoder3U/HLSLdpcLogDecScaledMin.cpp:5076
:137  %tmp63 = add i16 %prLam2B_buf4_load, %tmp64

ST_2: tmp61 (223)  [1/1] 1.32ns  loc: LDPC_Decoder3U/HLSLdpcLogDecScaledMin.cpp:5076
:138  %tmp61 = add i16 %tmp62, %tmp63

ST_2: tmp67 (224)  [1/1] 1.32ns  loc: LDPC_Decoder3U/HLSLdpcLogDecScaledMin.cpp:5076
:139  %tmp67 = add i16 %prLamB_buf4_load, %prLam_buf4_load

ST_2: tmp66 (225)  [1/1] 1.32ns  loc: LDPC_Decoder3U/HLSLdpcLogDecScaledMin.cpp:5076
:140  %tmp66 = add i16 %pLambda4_load, %tmp67

ST_2: tmp69 (226)  [1/1] 1.32ns  loc: LDPC_Decoder3U/HLSLdpcLogDecScaledMin.cpp:5076
:141  %tmp69 = add i16 %prLam2C_buf4b_load, %prLamC_buf4_load

ST_2: tmp68 (227)  [1/1] 1.32ns  loc: LDPC_Decoder3U/HLSLdpcLogDecScaledMin.cpp:5076
:142  %tmp68 = add i16 %prLamC_buf4a_load, %tmp69

ST_2: tmp65 (228)  [1/1] 1.32ns  loc: LDPC_Decoder3U/HLSLdpcLogDecScaledMin.cpp:5076
:143  %tmp65 = add i16 %tmp66, %tmp68

ST_2: tmp_922 (229)  [1/1] 1.32ns  loc: LDPC_Decoder3U/HLSLdpcLogDecScaledMin.cpp:5076
:144  %tmp_922 = add i16 %tmp61, %tmp65

ST_2: StgValue_239 (230)  [1/1] 0.00ns  loc: LDPC_Decoder3U/HLSLdpcLogDecScaledMin.cpp:5076
:145  store i16 %tmp_922, i16* @pest4, align 2

ST_2: pLambda5_load (232)  [1/2] 2.33ns  loc: LDPC_Decoder3U/HLSLdpcLogDecScaledMin.cpp:5078
:147  %pLambda5_load = load i16* %pLambda5_addr, align 2

ST_2: prLamB_buf5_load (234)  [1/2] 2.33ns  loc: LDPC_Decoder3U/HLSLdpcLogDecScaledMin.cpp:5078
:149  %prLamB_buf5_load = load i16* %prLamB_buf5_addr, align 2

ST_2: prLamB_buf5a_load (236)  [1/2] 2.33ns  loc: LDPC_Decoder3U/HLSLdpcLogDecScaledMin.cpp:5078
:151  %prLamB_buf5a_load = load i16* %prLamB_buf5a_addr, align 2

ST_2: prLamB_buf5b_load (238)  [1/2] 2.33ns  loc: LDPC_Decoder3U/HLSLdpcLogDecScaledMin.cpp:5078
:153  %prLamB_buf5b_load = load i16* %prLamB_buf5b_addr, align 2

ST_2: prLamC_buf5_load (240)  [1/2] 2.33ns  loc: LDPC_Decoder3U/HLSLdpcLogDecScaledMin.cpp:5078
:155  %prLamC_buf5_load = load i16* %prLamC_buf5_addr, align 2

ST_2: prLam2B_buf5_load (242)  [1/2] 2.33ns  loc: LDPC_Decoder3U/HLSLdpcLogDecScaledMin.cpp:5078
:157  %prLam2B_buf5_load = load i16* %prLam2B_buf5_addr, align 2

ST_2: prLam2B_buf5a_load (244)  [1/2] 2.33ns  loc: LDPC_Decoder3U/HLSLdpcLogDecScaledMin.cpp:5078
:159  %prLam2B_buf5a_load = load i16* %prLam2B_buf5a_addr, align 2

ST_2: prLam2B_buf5b_load (246)  [1/2] 2.33ns  loc: LDPC_Decoder3U/HLSLdpcLogDecScaledMin.cpp:5078
:161  %prLam2B_buf5b_load = load i16* %prLam2B_buf5b_addr, align 2

ST_2: prLam2C_buf5_load (248)  [1/2] 2.33ns  loc: LDPC_Decoder3U/HLSLdpcLogDecScaledMin.cpp:5078
:163  %prLam2C_buf5_load = load i16* %prLam2C_buf5_addr, align 2

ST_2: tmp77 (249)  [1/1] 1.46ns  loc: LDPC_Decoder3U/HLSLdpcLogDecScaledMin.cpp:5078
:164  %tmp77 = add i16 %prLam2B_buf5b_load, %prLam2B_buf5a_load

ST_2: tmp78 (250)  [1/1] 1.32ns  loc: LDPC_Decoder3U/HLSLdpcLogDecScaledMin.cpp:5078
:165  %tmp78 = add i16 %prLamC_buf5_load, %prLam2B_buf5_load

ST_2: tmp76 (251)  [1/1] 1.32ns  loc: LDPC_Decoder3U/HLSLdpcLogDecScaledMin.cpp:5078
:166  %tmp76 = add i16 %tmp77, %tmp78

ST_2: tmp80 (252)  [1/1] 1.46ns  loc: LDPC_Decoder3U/HLSLdpcLogDecScaledMin.cpp:5078
:167  %tmp80 = add i16 %prLamB_buf5_load, %pLambda5_load

ST_2: tmp82 (253)  [1/1] 1.32ns  loc: LDPC_Decoder3U/HLSLdpcLogDecScaledMin.cpp:5078
:168  %tmp82 = add i16 %prLam2C_buf5_load, %prLamB_buf5a_load

ST_2: tmp81 (254)  [1/1] 1.32ns  loc: LDPC_Decoder3U/HLSLdpcLogDecScaledMin.cpp:5078
:169  %tmp81 = add i16 %prLamB_buf5b_load, %tmp82

ST_2: tmp79 (255)  [1/1] 1.32ns  loc: LDPC_Decoder3U/HLSLdpcLogDecScaledMin.cpp:5078
:170  %tmp79 = add i16 %tmp80, %tmp81

ST_2: tmp_923 (256)  [1/1] 1.32ns  loc: LDPC_Decoder3U/HLSLdpcLogDecScaledMin.cpp:5078
:171  %tmp_923 = add i16 %tmp76, %tmp79

ST_2: StgValue_257 (257)  [1/1] 0.00ns  loc: LDPC_Decoder3U/HLSLdpcLogDecScaledMin.cpp:5078
:172  store i16 %tmp_923, i16* @pest5, align 2

ST_2: pLambda6_load (259)  [1/2] 2.33ns  loc: LDPC_Decoder3U/HLSLdpcLogDecScaledMin.cpp:5080
:174  %pLambda6_load = load i16* %pLambda6_addr, align 2

ST_2: prLam_buf2_load (261)  [1/2] 2.33ns  loc: LDPC_Decoder3U/HLSLdpcLogDecScaledMin.cpp:5080
:176  %prLam_buf2_load = load i16* %prLam_buf2_addr, align 2

ST_2: prLam_buf4a_load (263)  [1/2] 2.33ns  loc: LDPC_Decoder3U/HLSLdpcLogDecScaledMin.cpp:5080
:178  %prLam_buf4a_load = load i16* %prLam_buf4a_addr, align 2

ST_2: prLamB_buf6_load (265)  [1/2] 2.33ns  loc: LDPC_Decoder3U/HLSLdpcLogDecScaledMin.cpp:5080
:180  %prLamB_buf6_load = load i16* %prLamB_buf6_addr, align 2

ST_2: prLamC_buf6_load (267)  [1/2] 2.33ns  loc: LDPC_Decoder3U/HLSLdpcLogDecScaledMin.cpp:5080
:182  %prLamC_buf6_load = load i16* %prLamC_buf6_addr, align 2

ST_2: prLamC_buf10a_load (269)  [1/2] 2.33ns  loc: LDPC_Decoder3U/HLSLdpcLogDecScaledMin.cpp:5080
:184  %prLamC_buf10a_load = load i16* %prLamC_buf10a_addr, align 2

ST_2: prLamC_buf10b_load (271)  [1/2] 2.33ns  loc: LDPC_Decoder3U/HLSLdpcLogDecScaledMin.cpp:5080
:186  %prLamC_buf10b_load = load i16* %prLamC_buf10b_addr, align 2

ST_2: prLam2_buf2_load (273)  [1/2] 2.33ns  loc: LDPC_Decoder3U/HLSLdpcLogDecScaledMin.cpp:5080
:188  %prLam2_buf2_load = load i16* %prLam2_buf2_addr, align 2

ST_2: prLam2_buf4a_load (275)  [1/2] 2.33ns  loc: LDPC_Decoder3U/HLSLdpcLogDecScaledMin.cpp:5080
:190  %prLam2_buf4a_load = load i16* %prLam2_buf4a_addr, align 2

ST_2: prLam2B_buf6_load (277)  [1/2] 2.33ns  loc: LDPC_Decoder3U/HLSLdpcLogDecScaledMin.cpp:5080
:192  %prLam2B_buf6_load = load i16* %prLam2B_buf6_addr, align 2

ST_2: prLam2C_buf6_load (279)  [1/2] 2.33ns  loc: LDPC_Decoder3U/HLSLdpcLogDecScaledMin.cpp:5080
:194  %prLam2C_buf6_load = load i16* %prLam2C_buf6_addr, align 2

ST_2: prLam2C_buf10a_load (281)  [1/2] 2.33ns  loc: LDPC_Decoder3U/HLSLdpcLogDecScaledMin.cpp:5080
:196  %prLam2C_buf10a_load = load i16* %prLam2C_buf10a_addr, align 2

ST_2: prLam2C_buf10b_load (283)  [1/2] 2.33ns  loc: LDPC_Decoder3U/HLSLdpcLogDecScaledMin.cpp:5080
:198  %prLam2C_buf10b_load = load i16* %prLam2C_buf10b_addr, align 2

ST_2: tmp95 (284)  [1/1] 1.32ns  loc: LDPC_Decoder3U/HLSLdpcLogDecScaledMin.cpp:5080
:199  %tmp95 = add i16 %prLam2B_buf6_load, %prLam2C_buf10a_load

ST_2: tmp94 (285)  [1/1] 1.32ns  loc: LDPC_Decoder3U/HLSLdpcLogDecScaledMin.cpp:5080
:200  %tmp94 = add i16 %prLam2C_buf6_load, %tmp95

ST_2: tmp97 (286)  [1/1] 1.46ns  loc: LDPC_Decoder3U/HLSLdpcLogDecScaledMin.cpp:5080
:201  %tmp97 = add i16 %prLam2_buf2_load, %prLam2_buf4a_load

ST_2: tmp96 (287)  [1/1] 1.32ns  loc: LDPC_Decoder3U/HLSLdpcLogDecScaledMin.cpp:5080
:202  %tmp96 = add i16 %prLamC_buf10b_load, %tmp97

ST_2: tmp93 (288)  [1/1] 1.32ns  loc: LDPC_Decoder3U/HLSLdpcLogDecScaledMin.cpp:5080
:203  %tmp93 = add i16 %tmp94, %tmp96

ST_2: tmp100 (289)  [1/1] 1.32ns  loc: LDPC_Decoder3U/HLSLdpcLogDecScaledMin.cpp:5080
:204  %tmp100 = add i16 %pLambda6_load, %prLam_buf4a_load

ST_2: tmp99 (290)  [1/1] 1.32ns  loc: LDPC_Decoder3U/HLSLdpcLogDecScaledMin.cpp:5080
:205  %tmp99 = add i16 %prLam_buf2_load, %tmp100

ST_2: tmp102 (291)  [1/1] 1.46ns  loc: LDPC_Decoder3U/HLSLdpcLogDecScaledMin.cpp:5080
:206  %tmp102 = add i16 %prLamC_buf10a_load, %prLamB_buf6_load

ST_2: tmp103 (292)  [1/1] 1.32ns  loc: LDPC_Decoder3U/HLSLdpcLogDecScaledMin.cpp:5080
:207  %tmp103 = add i16 %prLam2C_buf10b_load, %prLamC_buf6_load

ST_2: tmp101 (293)  [1/1] 1.32ns  loc: LDPC_Decoder3U/HLSLdpcLogDecScaledMin.cpp:5080
:208  %tmp101 = add i16 %tmp102, %tmp103

ST_2: tmp98 (294)  [1/1] 1.32ns  loc: LDPC_Decoder3U/HLSLdpcLogDecScaledMin.cpp:5080
:209  %tmp98 = add i16 %tmp99, %tmp101

ST_2: tmp_924 (295)  [1/1] 1.32ns  loc: LDPC_Decoder3U/HLSLdpcLogDecScaledMin.cpp:5080
:210  %tmp_924 = add i16 %tmp93, %tmp98

ST_2: StgValue_283 (296)  [1/1] 0.00ns  loc: LDPC_Decoder3U/HLSLdpcLogDecScaledMin.cpp:5080
:211  store i16 %tmp_924, i16* @pest6, align 2

ST_2: tmp_1032 (297)  [1/1] 0.00ns  loc: LDPC_Decoder3U/HLSLdpcLogDecScaledMin.cpp:5083
:212  %tmp_1032 = call i1 @_ssdm_op_BitSelect.i1.i16.i32(i16 %tmp_s, i32 15)

ST_2: rev (298)  [1/1] 0.84ns  loc: LDPC_Decoder3U/HLSLdpcLogDecScaledMin.cpp:5083
:213  %rev = xor i1 %tmp_1032, true

ST_2: StgValue_286 (299)  [1/1] 0.00ns  loc: LDPC_Decoder3U/HLSLdpcLogDecScaledMin.cpp:5083
:214  store i1 %rev, i1* @bpest0, align 1

ST_2: tmp_1033 (300)  [1/1] 0.00ns  loc: LDPC_Decoder3U/HLSLdpcLogDecScaledMin.cpp:5084
:215  %tmp_1033 = call i1 @_ssdm_op_BitSelect.i1.i16.i32(i16 %tmp_919, i32 15)

ST_2: rev5 (301)  [1/1] 0.84ns  loc: LDPC_Decoder3U/HLSLdpcLogDecScaledMin.cpp:5084
:216  %rev5 = xor i1 %tmp_1033, true

ST_2: StgValue_289 (302)  [1/1] 0.00ns  loc: LDPC_Decoder3U/HLSLdpcLogDecScaledMin.cpp:5084
:217  store i1 %rev5, i1* @bpest1, align 1

ST_2: tmp_1034 (303)  [1/1] 0.00ns  loc: LDPC_Decoder3U/HLSLdpcLogDecScaledMin.cpp:5085
:218  %tmp_1034 = call i1 @_ssdm_op_BitSelect.i1.i16.i32(i16 %tmp_920, i32 15)

ST_2: rev8 (304)  [1/1] 0.84ns  loc: LDPC_Decoder3U/HLSLdpcLogDecScaledMin.cpp:5085
:219  %rev8 = xor i1 %tmp_1034, true

ST_2: StgValue_292 (305)  [1/1] 0.00ns  loc: LDPC_Decoder3U/HLSLdpcLogDecScaledMin.cpp:5085
:220  store i1 %rev8, i1* @bpest2, align 1

ST_2: tmp_1035 (306)  [1/1] 0.00ns  loc: LDPC_Decoder3U/HLSLdpcLogDecScaledMin.cpp:5086
:221  %tmp_1035 = call i1 @_ssdm_op_BitSelect.i1.i16.i32(i16 %tmp_921, i32 15)

ST_2: rev1 (307)  [1/1] 0.84ns  loc: LDPC_Decoder3U/HLSLdpcLogDecScaledMin.cpp:5086
:222  %rev1 = xor i1 %tmp_1035, true

ST_2: StgValue_295 (308)  [1/1] 0.00ns  loc: LDPC_Decoder3U/HLSLdpcLogDecScaledMin.cpp:5086
:223  store i1 %rev1, i1* @bpest3, align 1

ST_2: tmp_1036 (309)  [1/1] 0.00ns  loc: LDPC_Decoder3U/HLSLdpcLogDecScaledMin.cpp:5087
:224  %tmp_1036 = call i1 @_ssdm_op_BitSelect.i1.i16.i32(i16 %tmp_922, i32 15)

ST_2: rev2 (310)  [1/1] 0.84ns  loc: LDPC_Decoder3U/HLSLdpcLogDecScaledMin.cpp:5087
:225  %rev2 = xor i1 %tmp_1036, true

ST_2: StgValue_298 (311)  [1/1] 0.00ns  loc: LDPC_Decoder3U/HLSLdpcLogDecScaledMin.cpp:5087
:226  store i1 %rev2, i1* @bpest4, align 1

ST_2: tmp_1037 (312)  [1/1] 0.00ns  loc: LDPC_Decoder3U/HLSLdpcLogDecScaledMin.cpp:5088
:227  %tmp_1037 = call i1 @_ssdm_op_BitSelect.i1.i16.i32(i16 %tmp_923, i32 15)

ST_2: rev3 (313)  [1/1] 0.84ns  loc: LDPC_Decoder3U/HLSLdpcLogDecScaledMin.cpp:5088
:228  %rev3 = xor i1 %tmp_1037, true

ST_2: StgValue_301 (314)  [1/1] 0.00ns  loc: LDPC_Decoder3U/HLSLdpcLogDecScaledMin.cpp:5088
:229  store i1 %rev3, i1* @bpest5, align 1

ST_2: tmp_1038 (315)  [1/1] 0.00ns  loc: LDPC_Decoder3U/HLSLdpcLogDecScaledMin.cpp:5089
:230  %tmp_1038 = call i1 @_ssdm_op_BitSelect.i1.i16.i32(i16 %tmp_924, i32 15)

ST_2: rev4 (316)  [1/1] 0.84ns  loc: LDPC_Decoder3U/HLSLdpcLogDecScaledMin.cpp:5089
:231  %rev4 = xor i1 %tmp_1038, true

ST_2: StgValue_304 (317)  [1/1] 0.00ns  loc: LDPC_Decoder3U/HLSLdpcLogDecScaledMin.cpp:5089
:232  store i1 %rev4, i1* @bpest6, align 1

ST_2: StgValue_305 (318)  [1/1] 0.00ns  loc: LDPC_Decoder3U/HLSLdpcLogDecScaledMin.cpp:5090
:233  ret void



============================================================
+ Verbose Summary: Timing violations
============================================================
Target clock period: 10ns, clock uncertainty: 1.25ns.

 <State 1>: 2.33ns
The critical path consists of the following:
	wire read on port 'pos_r' [85]  (0 ns)
	'getelementptr' operation ('prLamC_buf2_addr', LDPC_Decoder3U/HLSLdpcLogDecScaledMin.cpp:5072) [148]  (0 ns)
	'load' operation ('prLamC_buf2_load', LDPC_Decoder3U/HLSLdpcLogDecScaledMin.cpp:5072) on array 'prLamC_buf2' [149]  (2.33 ns)

 <State 2>: 8.59ns
The critical path consists of the following:
	'load' operation ('prLamC_buf4b_load', LDPC_Decoder3U/HLSLdpcLogDecScaledMin.cpp:5076) on array 'prLamC_buf4b' [209]  (2.33 ns)
	'add' operation ('tmp64', LDPC_Decoder3U/HLSLdpcLogDecScaledMin.cpp:5076) [221]  (1.46 ns)
	'add' operation ('tmp63', LDPC_Decoder3U/HLSLdpcLogDecScaledMin.cpp:5076) [222]  (1.32 ns)
	'add' operation ('tmp61', LDPC_Decoder3U/HLSLdpcLogDecScaledMin.cpp:5076) [223]  (1.32 ns)
	'add' operation ('tmp_922', LDPC_Decoder3U/HLSLdpcLogDecScaledMin.cpp:5076) [229]  (1.32 ns)
	'xor' operation ('rev2', LDPC_Decoder3U/HLSLdpcLogDecScaledMin.cpp:5087) [310]  (0.84 ns)


============================================================
+ Verbose Summary: Binding
============================================================
N/A
* FSMD analyzer results:
  - Output states:
 - Input state : 
  - Chain level:
	State 1
	State 2


============================================================
+ Verbose Summary: Datapath Resource usage 
============================================================
N/A
