

================================================================
== Vivado HLS Report for 'update_hat_all'
================================================================
* Date:           Sat Oct 05 17:10:08 2019

* Version:        2016.3 (Build 1682563 on Mon Oct 10 19:41:59 MDT 2016)
* Project:        LDPC_Decoder3U
* Solution:       solution1
* Product family: kintex7
* Target device:  xc7k160tfbg676-1


================================================================
== Performance Estimates
================================================================
+ Timing (ns): 
    * Summary: 
    +--------+-------+----------+------------+
    |  Clock | Target| Estimated| Uncertainty|
    +--------+-------+----------+------------+
    |ap_clk  |  10.00|      2.39|        1.25|
    +--------+-------+----------+------------+

+ Latency (clock cycles): 
    * Summary: 
    +-----+-----+-----+-----+----------+
    |  Latency  |  Interval | Pipeline |
    | min | max | min | max |   Type   |
    +-----+-----+-----+-----+----------+
    |    0|    0|    1|    1| function |
    +-----+-----+-----+-----+----------+

    + Detail: 
        * Instance: 
        N/A

        * Loop: 
        N/A

============================================================
+ Verbose Summary: Synthesis Manager
============================================================
InlineROM: 1
ExposeGlobal: 0
============================================================
+ Verbose Summary: CDFG Model
============================================================
IsTopModel: 0
ResetActiveHigh: 1
IsCombinational: 0
IsDatapathOnly: 0
HasWiredReturn: 1
HasMFsm: 2
HasVarLatency: 0
IsPipeline: 1
IsRtlPipelined: 0
IsInstanceOverlapped: 0
IsDontTouch: 0
HasImplIP: 0
IsGatedGlobalClock: 0

+ Individual pipeline summary: 
  * Pipeline-0: initiation interval (II) = 1, depth = 1


============================================================
+ Verbose Summary: Schedule
============================================================
* Number of FSM states: 1
* Pipeline: 1
  Pipeline-0: II = 1, D = 1, States = { 1 }
* Dataflow Pipeline: 0

* FSM state transitions: 
1 --> 
* FSM state operations: 

 <State 1>: 2.39ns
ST_1: pos_read (70)  [1/1] 0.00ns
:0  %pos_read = call i13 @_ssdm_op_Read.ap_auto.i13(i13 %pos_r)

ST_1: pos_cast (71)  [1/1] 0.00ns
:1  %pos_cast = sext i13 %pos_read to i16

ST_1: StgValue_4 (72)  [1/1] 0.00ns
:2  call void (...)* @_ssdm_op_SpecMemCore([2048 x i1]* @prHat_buf6, [1 x i8]* @p_str, [15 x i8]* @p_str77, [1 x i8]* @p_str, i32 -1, [1 x i8]* @p_str, [1 x i8]* @p_str, [1 x i8]* @p_str, [1 x i8]* @p_str, [1 x i8]* @p_str) nounwind

ST_1: StgValue_5 (73)  [1/1] 0.00ns
:3  call void (...)* @_ssdm_op_SpecMemCore([2048 x i1]* @prHat_buf, [1 x i8]* @p_str, [15 x i8]* @p_str77, [1 x i8]* @p_str, i32 -1, [1 x i8]* @p_str, [1 x i8]* @p_str, [1 x i8]* @p_str, [1 x i8]* @p_str, [1 x i8]* @p_str) nounwind

ST_1: StgValue_6 (74)  [1/1] 0.00ns
:4  call void (...)* @_ssdm_op_SpecMemCore([2048 x i1]* @prHat_buf1, [1 x i8]* @p_str, [15 x i8]* @p_str77, [1 x i8]* @p_str, i32 -1, [1 x i8]* @p_str, [1 x i8]* @p_str, [1 x i8]* @p_str, [1 x i8]* @p_str, [1 x i8]* @p_str) nounwind

ST_1: StgValue_7 (75)  [1/1] 0.00ns
:5  call void (...)* @_ssdm_op_SpecMemCore([2048 x i1]* @prHat_buf2, [1 x i8]* @p_str, [15 x i8]* @p_str77, [1 x i8]* @p_str, i32 -1, [1 x i8]* @p_str, [1 x i8]* @p_str, [1 x i8]* @p_str, [1 x i8]* @p_str, [1 x i8]* @p_str) nounwind

ST_1: StgValue_8 (76)  [1/1] 0.00ns
:6  call void (...)* @_ssdm_op_SpecMemCore([2048 x i1]* @prHat_buf3, [1 x i8]* @p_str, [15 x i8]* @p_str77, [1 x i8]* @p_str, i32 -1, [1 x i8]* @p_str, [1 x i8]* @p_str, [1 x i8]* @p_str, [1 x i8]* @p_str, [1 x i8]* @p_str) nounwind

ST_1: StgValue_9 (77)  [1/1] 0.00ns
:7  call void (...)* @_ssdm_op_SpecMemCore([2048 x i1]* @prHat_buf4, [1 x i8]* @p_str, [15 x i8]* @p_str77, [1 x i8]* @p_str, i32 -1, [1 x i8]* @p_str, [1 x i8]* @p_str, [1 x i8]* @p_str, [1 x i8]* @p_str, [1 x i8]* @p_str) nounwind

ST_1: StgValue_10 (78)  [1/1] 0.00ns
:8  call void (...)* @_ssdm_op_SpecMemCore([2048 x i1]* @prHat_buf8, [1 x i8]* @p_str, [15 x i8]* @p_str77, [1 x i8]* @p_str, i32 -1, [1 x i8]* @p_str, [1 x i8]* @p_str, [1 x i8]* @p_str, [1 x i8]* @p_str, [1 x i8]* @p_str) nounwind

ST_1: StgValue_11 (79)  [1/1] 0.00ns
:9  call void (...)* @_ssdm_op_SpecMemCore([2048 x i1]* @prHat_buf10, [1 x i8]* @p_str, [15 x i8]* @p_str77, [1 x i8]* @p_str, i32 -1, [1 x i8]* @p_str, [1 x i8]* @p_str, [1 x i8]* @p_str, [1 x i8]* @p_str, [1 x i8]* @p_str) nounwind

ST_1: StgValue_12 (80)  [1/1] 0.00ns
:10  call void (...)* @_ssdm_op_SpecMemCore([2048 x i1]* @prHat_bufA, [1 x i8]* @p_str, [15 x i8]* @p_str77, [1 x i8]* @p_str, i32 -1, [1 x i8]* @p_str, [1 x i8]* @p_str, [1 x i8]* @p_str, [1 x i8]* @p_str, [1 x i8]* @p_str) nounwind

ST_1: StgValue_13 (81)  [1/1] 0.00ns
:11  call void (...)* @_ssdm_op_SpecMemCore([2048 x i1]* @prHat_bufA1, [1 x i8]* @p_str, [15 x i8]* @p_str77, [1 x i8]* @p_str, i32 -1, [1 x i8]* @p_str, [1 x i8]* @p_str, [1 x i8]* @p_str, [1 x i8]* @p_str, [1 x i8]* @p_str) nounwind

ST_1: StgValue_14 (82)  [1/1] 0.00ns
:12  call void (...)* @_ssdm_op_SpecMemCore([2048 x i1]* @prHat_bufA2, [1 x i8]* @p_str, [15 x i8]* @p_str77, [1 x i8]* @p_str, i32 -1, [1 x i8]* @p_str, [1 x i8]* @p_str, [1 x i8]* @p_str, [1 x i8]* @p_str, [1 x i8]* @p_str) nounwind

ST_1: StgValue_15 (83)  [1/1] 0.00ns
:13  call void (...)* @_ssdm_op_SpecMemCore([2048 x i1]* @prHat_bufA3, [1 x i8]* @p_str, [15 x i8]* @p_str77, [1 x i8]* @p_str, i32 -1, [1 x i8]* @p_str, [1 x i8]* @p_str, [1 x i8]* @p_str, [1 x i8]* @p_str, [1 x i8]* @p_str) nounwind

ST_1: StgValue_16 (84)  [1/1] 0.00ns
:14  call void (...)* @_ssdm_op_SpecMemCore([2048 x i1]* @prHat_bufA4, [1 x i8]* @p_str, [15 x i8]* @p_str77, [1 x i8]* @p_str, i32 -1, [1 x i8]* @p_str, [1 x i8]* @p_str, [1 x i8]* @p_str, [1 x i8]* @p_str, [1 x i8]* @p_str) nounwind

ST_1: StgValue_17 (85)  [1/1] 0.00ns
:15  call void (...)* @_ssdm_op_SpecMemCore([2048 x i1]* @prHat_bufA5, [1 x i8]* @p_str, [15 x i8]* @p_str77, [1 x i8]* @p_str, i32 -1, [1 x i8]* @p_str, [1 x i8]* @p_str, [1 x i8]* @p_str, [1 x i8]* @p_str, [1 x i8]* @p_str) nounwind

ST_1: StgValue_18 (86)  [1/1] 0.00ns
:16  call void (...)* @_ssdm_op_SpecMemCore([2048 x i1]* @prHat_bufA6, [1 x i8]* @p_str, [15 x i8]* @p_str77, [1 x i8]* @p_str, i32 -1, [1 x i8]* @p_str, [1 x i8]* @p_str, [1 x i8]* @p_str, [1 x i8]* @p_str, [1 x i8]* @p_str) nounwind

ST_1: StgValue_19 (87)  [1/1] 0.00ns
:17  call void (...)* @_ssdm_op_SpecMemCore([2048 x i1]* @prHat_bufA7, [1 x i8]* @p_str, [15 x i8]* @p_str77, [1 x i8]* @p_str, i32 -1, [1 x i8]* @p_str, [1 x i8]* @p_str, [1 x i8]* @p_str, [1 x i8]* @p_str, [1 x i8]* @p_str) nounwind

ST_1: StgValue_20 (88)  [1/1] 0.00ns
:18  call void (...)* @_ssdm_op_SpecMemCore([2048 x i1]* @prHat_bufA9, [1 x i8]* @p_str, [15 x i8]* @p_str77, [1 x i8]* @p_str, i32 -1, [1 x i8]* @p_str, [1 x i8]* @p_str, [1 x i8]* @p_str, [1 x i8]* @p_str, [1 x i8]* @p_str) nounwind

ST_1: StgValue_21 (89)  [1/1] 0.00ns
:19  call void (...)* @_ssdm_op_SpecMemCore([2048 x i1]* @prHat_bufA10, [1 x i8]* @p_str, [15 x i8]* @p_str77, [1 x i8]* @p_str, i32 -1, [1 x i8]* @p_str, [1 x i8]* @p_str, [1 x i8]* @p_str, [1 x i8]* @p_str, [1 x i8]* @p_str) nounwind

ST_1: StgValue_22 (90)  [1/1] 0.00ns
:20  call void (...)* @_ssdm_op_SpecMemCore([2048 x i1]* @prHat_bufB, [1 x i8]* @p_str, [15 x i8]* @p_str77, [1 x i8]* @p_str, i32 -1, [1 x i8]* @p_str, [1 x i8]* @p_str, [1 x i8]* @p_str, [1 x i8]* @p_str, [1 x i8]* @p_str) nounwind

ST_1: StgValue_23 (91)  [1/1] 0.00ns
:21  call void (...)* @_ssdm_op_SpecMemCore([2048 x i1]* @prHat_bufB1, [1 x i8]* @p_str, [15 x i8]* @p_str77, [1 x i8]* @p_str, i32 -1, [1 x i8]* @p_str, [1 x i8]* @p_str, [1 x i8]* @p_str, [1 x i8]* @p_str, [1 x i8]* @p_str) nounwind

ST_1: StgValue_24 (92)  [1/1] 0.00ns
:22  call void (...)* @_ssdm_op_SpecMemCore([2048 x i1]* @prHat_bufB2, [1 x i8]* @p_str, [15 x i8]* @p_str77, [1 x i8]* @p_str, i32 -1, [1 x i8]* @p_str, [1 x i8]* @p_str, [1 x i8]* @p_str, [1 x i8]* @p_str, [1 x i8]* @p_str) nounwind

ST_1: StgValue_25 (93)  [1/1] 0.00ns
:23  call void (...)* @_ssdm_op_SpecMemCore([2048 x i1]* @prHat_bufB3, [1 x i8]* @p_str, [15 x i8]* @p_str77, [1 x i8]* @p_str, i32 -1, [1 x i8]* @p_str, [1 x i8]* @p_str, [1 x i8]* @p_str, [1 x i8]* @p_str, [1 x i8]* @p_str) nounwind

ST_1: StgValue_26 (94)  [1/1] 0.00ns
:24  call void (...)* @_ssdm_op_SpecMemCore([2048 x i1]* @prHat_bufB4, [1 x i8]* @p_str, [15 x i8]* @p_str77, [1 x i8]* @p_str, i32 -1, [1 x i8]* @p_str, [1 x i8]* @p_str, [1 x i8]* @p_str, [1 x i8]* @p_str, [1 x i8]* @p_str) nounwind

ST_1: StgValue_27 (95)  [1/1] 0.00ns
:25  call void (...)* @_ssdm_op_SpecMemCore([2048 x i1]* @prHat_bufB5, [1 x i8]* @p_str, [15 x i8]* @p_str77, [1 x i8]* @p_str, i32 -1, [1 x i8]* @p_str, [1 x i8]* @p_str, [1 x i8]* @p_str, [1 x i8]* @p_str, [1 x i8]* @p_str) nounwind

ST_1: StgValue_28 (96)  [1/1] 0.00ns
:26  call void (...)* @_ssdm_op_SpecMemCore([2048 x i1]* @prHat_bufB6, [1 x i8]* @p_str, [15 x i8]* @p_str77, [1 x i8]* @p_str, i32 -1, [1 x i8]* @p_str, [1 x i8]* @p_str, [1 x i8]* @p_str, [1 x i8]* @p_str, [1 x i8]* @p_str) nounwind

ST_1: StgValue_29 (97)  [1/1] 0.00ns
:27  call void (...)* @_ssdm_op_SpecMemCore([2048 x i1]* @prHat_bufB7, [1 x i8]* @p_str, [15 x i8]* @p_str77, [1 x i8]* @p_str, i32 -1, [1 x i8]* @p_str, [1 x i8]* @p_str, [1 x i8]* @p_str, [1 x i8]* @p_str, [1 x i8]* @p_str) nounwind

ST_1: StgValue_30 (98)  [1/1] 0.00ns
:28  call void (...)* @_ssdm_op_SpecMemCore([2048 x i1]* @prHat_bufB9, [1 x i8]* @p_str, [15 x i8]* @p_str77, [1 x i8]* @p_str, i32 -1, [1 x i8]* @p_str, [1 x i8]* @p_str, [1 x i8]* @p_str, [1 x i8]* @p_str, [1 x i8]* @p_str) nounwind

ST_1: StgValue_31 (99)  [1/1] 0.00ns
:29  call void (...)* @_ssdm_op_SpecMemCore([2048 x i1]* @prHat_bufB10, [1 x i8]* @p_str, [15 x i8]* @p_str77, [1 x i8]* @p_str, i32 -1, [1 x i8]* @p_str, [1 x i8]* @p_str, [1 x i8]* @p_str, [1 x i8]* @p_str, [1 x i8]* @p_str) nounwind

ST_1: StgValue_32 (100)  [1/1] 0.00ns
:30  call void (...)* @_ssdm_op_SpecMemCore([2048 x i1]* @prHat_buf4a, [1 x i8]* @p_str, [15 x i8]* @p_str77, [1 x i8]* @p_str, i32 -1, [1 x i8]* @p_str, [1 x i8]* @p_str, [1 x i8]* @p_str, [1 x i8]* @p_str, [1 x i8]* @p_str) nounwind

ST_1: StgValue_33 (101)  [1/1] 0.00ns
:31  call void (...)* @_ssdm_op_SpecMemCore([2048 x i1]* @prHat_bufAa, [1 x i8]* @p_str, [15 x i8]* @p_str77, [1 x i8]* @p_str, i32 -1, [1 x i8]* @p_str, [1 x i8]* @p_str, [1 x i8]* @p_str, [1 x i8]* @p_str, [1 x i8]* @p_str) nounwind

ST_1: StgValue_34 (102)  [1/1] 0.00ns
:32  call void (...)* @_ssdm_op_SpecMemCore([2048 x i1]* @prHat_bufA4a, [1 x i8]* @p_str, [15 x i8]* @p_str77, [1 x i8]* @p_str, i32 -1, [1 x i8]* @p_str, [1 x i8]* @p_str, [1 x i8]* @p_str, [1 x i8]* @p_str, [1 x i8]* @p_str) nounwind

ST_1: StgValue_35 (103)  [1/1] 0.00ns
:33  call void (...)* @_ssdm_op_SpecMemCore([2048 x i1]* @prHat_bufB1a, [1 x i8]* @p_str, [15 x i8]* @p_str77, [1 x i8]* @p_str, i32 -1, [1 x i8]* @p_str, [1 x i8]* @p_str, [1 x i8]* @p_str, [1 x i8]* @p_str, [1 x i8]* @p_str) nounwind

ST_1: StgValue_36 (104)  [1/1] 0.00ns
:34  call void (...)* @_ssdm_op_SpecMemCore([2048 x i1]* @prHat_bufB5a, [1 x i8]* @p_str, [15 x i8]* @p_str77, [1 x i8]* @p_str, i32 -1, [1 x i8]* @p_str, [1 x i8]* @p_str, [1 x i8]* @p_str, [1 x i8]* @p_str, [1 x i8]* @p_str) nounwind

ST_1: StgValue_37 (105)  [1/1] 0.00ns
:35  call void (...)* @_ssdm_op_SpecMemCore([2048 x i1]* @prHat_bufA2a, [1 x i8]* @p_str, [15 x i8]* @p_str77, [1 x i8]* @p_str, i32 -1, [1 x i8]* @p_str, [1 x i8]* @p_str, [1 x i8]* @p_str, [1 x i8]* @p_str, [1 x i8]* @p_str) nounwind

ST_1: StgValue_38 (106)  [1/1] 0.00ns
:36  call void (...)* @_ssdm_op_SpecMemCore([2048 x i1]* @prHat_bufA10a, [1 x i8]* @p_str, [15 x i8]* @p_str77, [1 x i8]* @p_str, i32 -1, [1 x i8]* @p_str, [1 x i8]* @p_str, [1 x i8]* @p_str, [1 x i8]* @p_str, [1 x i8]* @p_str) nounwind

ST_1: StgValue_39 (107)  [1/1] 0.00ns
:37  call void (...)* @_ssdm_op_SpecMemCore([2048 x i1]* @prHat_bufA6a, [1 x i8]* @p_str, [15 x i8]* @p_str77, [1 x i8]* @p_str, i32 -1, [1 x i8]* @p_str, [1 x i8]* @p_str, [1 x i8]* @p_str, [1 x i8]* @p_str, [1 x i8]* @p_str) nounwind

ST_1: StgValue_40 (108)  [1/1] 0.00ns
:38  call void (...)* @_ssdm_op_SpecMemCore([2048 x i1]* @prHat_bufB3a, [1 x i8]* @p_str, [15 x i8]* @p_str77, [1 x i8]* @p_str, i32 -1, [1 x i8]* @p_str, [1 x i8]* @p_str, [1 x i8]* @p_str, [1 x i8]* @p_str, [1 x i8]* @p_str) nounwind

ST_1: StgValue_41 (109)  [1/1] 0.00ns
:39  call void (...)* @_ssdm_op_SpecMemCore([2048 x i1]* @prHat_buf10a, [1 x i8]* @p_str, [15 x i8]* @p_str77, [1 x i8]* @p_str, i32 -1, [1 x i8]* @p_str, [1 x i8]* @p_str, [1 x i8]* @p_str, [1 x i8]* @p_str, [1 x i8]* @p_str) nounwind

ST_1: StgValue_42 (110)  [1/1] 0.00ns
:40  call void (...)* @_ssdm_op_SpecMemCore([2048 x i1]* @prHat_bufB7a, [1 x i8]* @p_str, [15 x i8]* @p_str77, [1 x i8]* @p_str, i32 -1, [1 x i8]* @p_str, [1 x i8]* @p_str, [1 x i8]* @p_str, [1 x i8]* @p_str, [1 x i8]* @p_str) nounwind

ST_1: StgValue_43 (111)  [1/1] 0.00ns
:41  call void (...)* @_ssdm_op_SpecMemCore([2048 x i1]* @prHat_bufB9a, [1 x i8]* @p_str, [15 x i8]* @p_str77, [1 x i8]* @p_str, i32 -1, [1 x i8]* @p_str, [1 x i8]* @p_str, [1 x i8]* @p_str, [1 x i8]* @p_str, [1 x i8]* @p_str) nounwind

ST_1: StgValue_44 (112)  [1/1] 0.00ns
:42  call void (...)* @_ssdm_op_SpecMemCore([2048 x i1]* @prHat_buf6a, [1 x i8]* @p_str, [15 x i8]* @p_str77, [1 x i8]* @p_str, i32 -1, [1 x i8]* @p_str, [1 x i8]* @p_str, [1 x i8]* @p_str, [1 x i8]* @p_str, [1 x i8]* @p_str) nounwind

ST_1: StgValue_45 (113)  [1/1] 0.00ns
:43  call void (...)* @_ssdm_op_SpecMemCore([2048 x i1]* @prHat_bufA4b, [1 x i8]* @p_str, [15 x i8]* @p_str77, [1 x i8]* @p_str, i32 -1, [1 x i8]* @p_str, [1 x i8]* @p_str, [1 x i8]* @p_str, [1 x i8]* @p_str, [1 x i8]* @p_str) nounwind

ST_1: StgValue_46 (114)  [1/1] 0.00ns
:44  call void (...)* @_ssdm_op_SpecMemCore([2048 x i1]* @prHat_buf10b, [1 x i8]* @p_str, [15 x i8]* @p_str77, [1 x i8]* @p_str, i32 -1, [1 x i8]* @p_str, [1 x i8]* @p_str, [1 x i8]* @p_str, [1 x i8]* @p_str, [1 x i8]* @p_str) nounwind

ST_1: StgValue_47 (115)  [1/1] 0.00ns
:45  call void (...)* @_ssdm_op_SpecMemCore([2048 x i1]* @prHat_bufB1b, [1 x i8]* @p_str, [15 x i8]* @p_str77, [1 x i8]* @p_str, i32 -1, [1 x i8]* @p_str, [1 x i8]* @p_str, [1 x i8]* @p_str, [1 x i8]* @p_str, [1 x i8]* @p_str) nounwind

ST_1: StgValue_48 (116)  [1/1] 0.00ns
:46  call void (...)* @_ssdm_op_SpecMemCore([2048 x i1]* @prHat_bufB1c, [1 x i8]* @p_str, [15 x i8]* @p_str77, [1 x i8]* @p_str, i32 -1, [1 x i8]* @p_str, [1 x i8]* @p_str, [1 x i8]* @p_str, [1 x i8]* @p_str, [1 x i8]* @p_str) nounwind

ST_1: StgValue_49 (117)  [1/1] 0.00ns
:47  call void (...)* @_ssdm_op_SpecMemCore([2048 x i1]* @prHat_bufB5b, [1 x i8]* @p_str, [15 x i8]* @p_str77, [1 x i8]* @p_str, i32 -1, [1 x i8]* @p_str, [1 x i8]* @p_str, [1 x i8]* @p_str, [1 x i8]* @p_str, [1 x i8]* @p_str) nounwind

ST_1: StgValue_50 (118)  [1/1] 0.00ns
:48  call void (...)* @_ssdm_op_SpecMemCore([2048 x i1]* @prHat_bufB5c, [1 x i8]* @p_str, [15 x i8]* @p_str77, [1 x i8]* @p_str, i32 -1, [1 x i8]* @p_str, [1 x i8]* @p_str, [1 x i8]* @p_str, [1 x i8]* @p_str, [1 x i8]* @p_str) nounwind

ST_1: StgValue_51 (119)  [1/1] 0.00ns
:49  call void (...)* @_ssdm_op_SpecMemCore([2048 x i1]* @prHat_bufA10b, [1 x i8]* @p_str, [15 x i8]* @p_str77, [1 x i8]* @p_str, i32 -1, [1 x i8]* @p_str, [1 x i8]* @p_str, [1 x i8]* @p_str, [1 x i8]* @p_str, [1 x i8]* @p_str) nounwind

ST_1: StgValue_52 (120)  [1/1] 0.00ns
:50  call void (...)* @_ssdm_op_SpecMemCore([2048 x i1]* @prHat_bufA10c, [1 x i8]* @p_str, [15 x i8]* @p_str77, [1 x i8]* @p_str, i32 -1, [1 x i8]* @p_str, [1 x i8]* @p_str, [1 x i8]* @p_str, [1 x i8]* @p_str, [1 x i8]* @p_str) nounwind

ST_1: StgValue_53 (121)  [1/1] 0.00ns
:51  call void (...)* @_ssdm_op_SpecMemCore([2048 x i1]* @prHat_bufAb, [1 x i8]* @p_str, [15 x i8]* @p_str77, [1 x i8]* @p_str, i32 -1, [1 x i8]* @p_str, [1 x i8]* @p_str, [1 x i8]* @p_str, [1 x i8]* @p_str, [1 x i8]* @p_str) nounwind

ST_1: StgValue_54 (122)  [1/1] 0.00ns
:52  call void (...)* @_ssdm_op_SpecMemCore([2048 x i1]* @prHat_bufAc, [1 x i8]* @p_str, [15 x i8]* @p_str77, [1 x i8]* @p_str, i32 -1, [1 x i8]* @p_str, [1 x i8]* @p_str, [1 x i8]* @p_str, [1 x i8]* @p_str, [1 x i8]* @p_str) nounwind

ST_1: StgValue_55 (123)  [1/1] 0.00ns
:53  call void (...)* @_ssdm_op_SpecMemCore([2048 x i1]* @prHat_bufB3b, [1 x i8]* @p_str, [15 x i8]* @p_str77, [1 x i8]* @p_str, i32 -1, [1 x i8]* @p_str, [1 x i8]* @p_str, [1 x i8]* @p_str, [1 x i8]* @p_str, [1 x i8]* @p_str) nounwind

ST_1: StgValue_56 (124)  [1/1] 0.00ns
:54  call void (...)* @_ssdm_op_SpecMemCore([2048 x i1]* @prHat_bufB3c, [1 x i8]* @p_str, [15 x i8]* @p_str77, [1 x i8]* @p_str, i32 -1, [1 x i8]* @p_str, [1 x i8]* @p_str, [1 x i8]* @p_str, [1 x i8]* @p_str, [1 x i8]* @p_str) nounwind

ST_1: StgValue_57 (125)  [1/1] 0.00ns
:55  call void (...)* @_ssdm_op_SpecMemCore([2048 x i1]* @prHat_bufA2b, [1 x i8]* @p_str, [15 x i8]* @p_str77, [1 x i8]* @p_str, i32 -1, [1 x i8]* @p_str, [1 x i8]* @p_str, [1 x i8]* @p_str, [1 x i8]* @p_str, [1 x i8]* @p_str) nounwind

ST_1: StgValue_58 (126)  [1/1] 0.00ns
:56  call void (...)* @_ssdm_op_SpecMemCore([2048 x i1]* @prHat_bufA2c, [1 x i8]* @p_str, [15 x i8]* @p_str77, [1 x i8]* @p_str, i32 -1, [1 x i8]* @p_str, [1 x i8]* @p_str, [1 x i8]* @p_str, [1 x i8]* @p_str, [1 x i8]* @p_str) nounwind

ST_1: StgValue_59 (127)  [1/1] 0.00ns
:57  call void (...)* @_ssdm_op_SpecMemCore([2048 x i1]* @prHat_bufA6b, [1 x i8]* @p_str, [15 x i8]* @p_str77, [1 x i8]* @p_str, i32 -1, [1 x i8]* @p_str, [1 x i8]* @p_str, [1 x i8]* @p_str, [1 x i8]* @p_str, [1 x i8]* @p_str) nounwind

ST_1: StgValue_60 (128)  [1/1] 0.00ns
:58  call void (...)* @_ssdm_op_SpecMemCore([2048 x i1]* @prHat_bufA6c, [1 x i8]* @p_str, [15 x i8]* @p_str77, [1 x i8]* @p_str, i32 -1, [1 x i8]* @p_str, [1 x i8]* @p_str, [1 x i8]* @p_str, [1 x i8]* @p_str, [1 x i8]* @p_str) nounwind

ST_1: bpest0_load (129)  [1/1] 0.00ns  loc: LDPC_Decoder3U/HLSLdpcLogDecScaledMin.cpp:4852
:59  %bpest0_load = load i1* @bpest0, align 1

ST_1: tmp (130)  [1/1] 0.00ns  loc: LDPC_Decoder3U/HLSLdpcLogDecScaledMin.cpp:4852
:60  %tmp = zext i16 %pos_cast to i32

ST_1: prHat_buf_addr (131)  [1/1] 0.00ns  loc: LDPC_Decoder3U/HLSLdpcLogDecScaledMin.cpp:4852
:61  %prHat_buf_addr = getelementptr inbounds [2048 x i1]* @prHat_buf, i32 0, i32 %tmp

ST_1: StgValue_64 (132)  [1/1] 2.39ns  loc: LDPC_Decoder3U/HLSLdpcLogDecScaledMin.cpp:4852
:62  store i1 %bpest0_load, i1* %prHat_buf_addr, align 1

ST_1: prHat_bufA_addr (133)  [1/1] 0.00ns  loc: LDPC_Decoder3U/HLSLdpcLogDecScaledMin.cpp:4853
:63  %prHat_bufA_addr = getelementptr inbounds [2048 x i1]* @prHat_bufA, i32 0, i32 %tmp

ST_1: StgValue_66 (134)  [1/1] 2.39ns  loc: LDPC_Decoder3U/HLSLdpcLogDecScaledMin.cpp:4853
:64  store i1 %bpest0_load, i1* %prHat_bufA_addr, align 1

ST_1: prHat_bufAa_addr (135)  [1/1] 0.00ns  loc: LDPC_Decoder3U/HLSLdpcLogDecScaledMin.cpp:4854
:65  %prHat_bufAa_addr = getelementptr inbounds [2048 x i1]* @prHat_bufAa, i32 0, i32 %tmp

ST_1: StgValue_68 (136)  [1/1] 2.39ns  loc: LDPC_Decoder3U/HLSLdpcLogDecScaledMin.cpp:4854
:66  store i1 %bpest0_load, i1* %prHat_bufAa_addr, align 1

ST_1: prHat_bufAb_addr (137)  [1/1] 0.00ns  loc: LDPC_Decoder3U/HLSLdpcLogDecScaledMin.cpp:4855
:67  %prHat_bufAb_addr = getelementptr inbounds [2048 x i1]* @prHat_bufAb, i32 0, i32 %tmp

ST_1: StgValue_70 (138)  [1/1] 2.39ns  loc: LDPC_Decoder3U/HLSLdpcLogDecScaledMin.cpp:4855
:68  store i1 %bpest0_load, i1* %prHat_bufAb_addr, align 1

ST_1: prHat_bufAc_addr (139)  [1/1] 0.00ns  loc: LDPC_Decoder3U/HLSLdpcLogDecScaledMin.cpp:4856
:69  %prHat_bufAc_addr = getelementptr inbounds [2048 x i1]* @prHat_bufAc, i32 0, i32 %tmp

ST_1: StgValue_72 (140)  [1/1] 2.39ns  loc: LDPC_Decoder3U/HLSLdpcLogDecScaledMin.cpp:4856
:70  store i1 %bpest0_load, i1* %prHat_bufAc_addr, align 1

ST_1: prHat_bufB_addr (141)  [1/1] 0.00ns  loc: LDPC_Decoder3U/HLSLdpcLogDecScaledMin.cpp:4857
:71  %prHat_bufB_addr = getelementptr inbounds [2048 x i1]* @prHat_bufB, i32 0, i32 %tmp

ST_1: StgValue_74 (142)  [1/1] 2.39ns  loc: LDPC_Decoder3U/HLSLdpcLogDecScaledMin.cpp:4857
:72  store i1 %bpest0_load, i1* %prHat_bufB_addr, align 1

ST_1: bpest1_load (143)  [1/1] 0.00ns  loc: LDPC_Decoder3U/HLSLdpcLogDecScaledMin.cpp:4859
:73  %bpest1_load = load i1* @bpest1, align 1

ST_1: prHat_buf1_addr (144)  [1/1] 0.00ns  loc: LDPC_Decoder3U/HLSLdpcLogDecScaledMin.cpp:4859
:74  %prHat_buf1_addr = getelementptr inbounds [2048 x i1]* @prHat_buf1, i32 0, i32 %tmp

ST_1: StgValue_77 (145)  [1/1] 2.39ns  loc: LDPC_Decoder3U/HLSLdpcLogDecScaledMin.cpp:4859
:75  store i1 %bpest1_load, i1* %prHat_buf1_addr, align 1

ST_1: prHat_bufA1_addr (146)  [1/1] 0.00ns  loc: LDPC_Decoder3U/HLSLdpcLogDecScaledMin.cpp:4860
:76  %prHat_bufA1_addr = getelementptr inbounds [2048 x i1]* @prHat_bufA1, i32 0, i32 %tmp

ST_1: StgValue_79 (147)  [1/1] 2.39ns  loc: LDPC_Decoder3U/HLSLdpcLogDecScaledMin.cpp:4860
:77  store i1 %bpest1_load, i1* %prHat_bufA1_addr, align 1

ST_1: prHat_bufB1_addr (148)  [1/1] 0.00ns  loc: LDPC_Decoder3U/HLSLdpcLogDecScaledMin.cpp:4861
:78  %prHat_bufB1_addr = getelementptr inbounds [2048 x i1]* @prHat_bufB1, i32 0, i32 %tmp

ST_1: StgValue_81 (149)  [1/1] 2.39ns  loc: LDPC_Decoder3U/HLSLdpcLogDecScaledMin.cpp:4861
:79  store i1 %bpest1_load, i1* %prHat_bufB1_addr, align 1

ST_1: prHat_bufB1a_addr (150)  [1/1] 0.00ns  loc: LDPC_Decoder3U/HLSLdpcLogDecScaledMin.cpp:4862
:80  %prHat_bufB1a_addr = getelementptr inbounds [2048 x i1]* @prHat_bufB1a, i32 0, i32 %tmp

ST_1: StgValue_83 (151)  [1/1] 2.39ns  loc: LDPC_Decoder3U/HLSLdpcLogDecScaledMin.cpp:4862
:81  store i1 %bpest1_load, i1* %prHat_bufB1a_addr, align 1

ST_1: prHat_bufB1b_addr (152)  [1/1] 0.00ns  loc: LDPC_Decoder3U/HLSLdpcLogDecScaledMin.cpp:4863
:82  %prHat_bufB1b_addr = getelementptr inbounds [2048 x i1]* @prHat_bufB1b, i32 0, i32 %tmp

ST_1: StgValue_85 (153)  [1/1] 2.39ns  loc: LDPC_Decoder3U/HLSLdpcLogDecScaledMin.cpp:4863
:83  store i1 %bpest1_load, i1* %prHat_bufB1b_addr, align 1

ST_1: prHat_bufB1c_addr (154)  [1/1] 0.00ns  loc: LDPC_Decoder3U/HLSLdpcLogDecScaledMin.cpp:4864
:84  %prHat_bufB1c_addr = getelementptr inbounds [2048 x i1]* @prHat_bufB1c, i32 0, i32 %tmp

ST_1: StgValue_87 (155)  [1/1] 2.39ns  loc: LDPC_Decoder3U/HLSLdpcLogDecScaledMin.cpp:4864
:85  store i1 %bpest1_load, i1* %prHat_bufB1c_addr, align 1

ST_1: bpest2_load (156)  [1/1] 0.00ns  loc: LDPC_Decoder3U/HLSLdpcLogDecScaledMin.cpp:4866
:86  %bpest2_load = load i1* @bpest2, align 1

ST_1: prHat_buf2_addr (157)  [1/1] 0.00ns  loc: LDPC_Decoder3U/HLSLdpcLogDecScaledMin.cpp:4866
:87  %prHat_buf2_addr = getelementptr inbounds [2048 x i1]* @prHat_buf2, i32 0, i32 %tmp

ST_1: StgValue_90 (158)  [1/1] 2.39ns  loc: LDPC_Decoder3U/HLSLdpcLogDecScaledMin.cpp:4866
:88  store i1 %bpest2_load, i1* %prHat_buf2_addr, align 1

ST_1: prHat_bufA2_addr (159)  [1/1] 0.00ns  loc: LDPC_Decoder3U/HLSLdpcLogDecScaledMin.cpp:4867
:89  %prHat_bufA2_addr = getelementptr inbounds [2048 x i1]* @prHat_bufA2, i32 0, i32 %tmp

ST_1: StgValue_92 (160)  [1/1] 2.39ns  loc: LDPC_Decoder3U/HLSLdpcLogDecScaledMin.cpp:4867
:90  store i1 %bpest2_load, i1* %prHat_bufA2_addr, align 1

ST_1: prHat_bufA2a_addr (161)  [1/1] 0.00ns  loc: LDPC_Decoder3U/HLSLdpcLogDecScaledMin.cpp:4868
:91  %prHat_bufA2a_addr = getelementptr inbounds [2048 x i1]* @prHat_bufA2a, i32 0, i32 %tmp

ST_1: StgValue_94 (162)  [1/1] 2.39ns  loc: LDPC_Decoder3U/HLSLdpcLogDecScaledMin.cpp:4868
:92  store i1 %bpest2_load, i1* %prHat_bufA2a_addr, align 1

ST_1: prHat_bufA2b_addr (163)  [1/1] 0.00ns  loc: LDPC_Decoder3U/HLSLdpcLogDecScaledMin.cpp:4869
:93  %prHat_bufA2b_addr = getelementptr inbounds [2048 x i1]* @prHat_bufA2b, i32 0, i32 %tmp

ST_1: StgValue_96 (164)  [1/1] 2.39ns  loc: LDPC_Decoder3U/HLSLdpcLogDecScaledMin.cpp:4869
:94  store i1 %bpest2_load, i1* %prHat_bufA2b_addr, align 1

ST_1: prHat_bufA2c_addr (165)  [1/1] 0.00ns  loc: LDPC_Decoder3U/HLSLdpcLogDecScaledMin.cpp:4870
:95  %prHat_bufA2c_addr = getelementptr inbounds [2048 x i1]* @prHat_bufA2c, i32 0, i32 %tmp

ST_1: StgValue_98 (166)  [1/1] 2.39ns  loc: LDPC_Decoder3U/HLSLdpcLogDecScaledMin.cpp:4870
:96  store i1 %bpest2_load, i1* %prHat_bufA2c_addr, align 1

ST_1: prHat_bufB2_addr (167)  [1/1] 0.00ns  loc: LDPC_Decoder3U/HLSLdpcLogDecScaledMin.cpp:4871
:97  %prHat_bufB2_addr = getelementptr inbounds [2048 x i1]* @prHat_bufB2, i32 0, i32 %tmp

ST_1: StgValue_100 (168)  [1/1] 2.39ns  loc: LDPC_Decoder3U/HLSLdpcLogDecScaledMin.cpp:4871
:98  store i1 %bpest2_load, i1* %prHat_bufB2_addr, align 1

ST_1: bpest3_load (169)  [1/1] 0.00ns  loc: LDPC_Decoder3U/HLSLdpcLogDecScaledMin.cpp:4873
:99  %bpest3_load = load i1* @bpest3, align 1

ST_1: prHat_buf3_addr (170)  [1/1] 0.00ns  loc: LDPC_Decoder3U/HLSLdpcLogDecScaledMin.cpp:4873
:100  %prHat_buf3_addr = getelementptr inbounds [2048 x i1]* @prHat_buf3, i32 0, i32 %tmp

ST_1: StgValue_103 (171)  [1/1] 2.39ns  loc: LDPC_Decoder3U/HLSLdpcLogDecScaledMin.cpp:4873
:101  store i1 %bpest3_load, i1* %prHat_buf3_addr, align 1

ST_1: prHat_bufA3_addr (172)  [1/1] 0.00ns  loc: LDPC_Decoder3U/HLSLdpcLogDecScaledMin.cpp:4874
:102  %prHat_bufA3_addr = getelementptr inbounds [2048 x i1]* @prHat_bufA3, i32 0, i32 %tmp

ST_1: StgValue_105 (173)  [1/1] 2.39ns  loc: LDPC_Decoder3U/HLSLdpcLogDecScaledMin.cpp:4874
:103  store i1 %bpest3_load, i1* %prHat_bufA3_addr, align 1

ST_1: prHat_bufB3_addr (174)  [1/1] 0.00ns  loc: LDPC_Decoder3U/HLSLdpcLogDecScaledMin.cpp:4875
:104  %prHat_bufB3_addr = getelementptr inbounds [2048 x i1]* @prHat_bufB3, i32 0, i32 %tmp

ST_1: StgValue_107 (175)  [1/1] 2.39ns  loc: LDPC_Decoder3U/HLSLdpcLogDecScaledMin.cpp:4875
:105  store i1 %bpest3_load, i1* %prHat_bufB3_addr, align 1

ST_1: prHat_bufB3a_addr (176)  [1/1] 0.00ns  loc: LDPC_Decoder3U/HLSLdpcLogDecScaledMin.cpp:4876
:106  %prHat_bufB3a_addr = getelementptr inbounds [2048 x i1]* @prHat_bufB3a, i32 0, i32 %tmp

ST_1: StgValue_109 (177)  [1/1] 2.39ns  loc: LDPC_Decoder3U/HLSLdpcLogDecScaledMin.cpp:4876
:107  store i1 %bpest3_load, i1* %prHat_bufB3a_addr, align 1

ST_1: prHat_bufB3b_addr (178)  [1/1] 0.00ns  loc: LDPC_Decoder3U/HLSLdpcLogDecScaledMin.cpp:4877
:108  %prHat_bufB3b_addr = getelementptr inbounds [2048 x i1]* @prHat_bufB3b, i32 0, i32 %tmp

ST_1: StgValue_111 (179)  [1/1] 2.39ns  loc: LDPC_Decoder3U/HLSLdpcLogDecScaledMin.cpp:4877
:109  store i1 %bpest3_load, i1* %prHat_bufB3b_addr, align 1

ST_1: prHat_bufB3c_addr (180)  [1/1] 0.00ns  loc: LDPC_Decoder3U/HLSLdpcLogDecScaledMin.cpp:4878
:110  %prHat_bufB3c_addr = getelementptr inbounds [2048 x i1]* @prHat_bufB3c, i32 0, i32 %tmp

ST_1: StgValue_113 (181)  [1/1] 2.39ns  loc: LDPC_Decoder3U/HLSLdpcLogDecScaledMin.cpp:4878
:111  store i1 %bpest3_load, i1* %prHat_bufB3c_addr, align 1

ST_1: bpest4_load (182)  [1/1] 0.00ns  loc: LDPC_Decoder3U/HLSLdpcLogDecScaledMin.cpp:4880
:112  %bpest4_load = load i1* @bpest4, align 1

ST_1: prHat_buf4_addr (183)  [1/1] 0.00ns  loc: LDPC_Decoder3U/HLSLdpcLogDecScaledMin.cpp:4880
:113  %prHat_buf4_addr = getelementptr inbounds [2048 x i1]* @prHat_buf4, i32 0, i32 %tmp

ST_1: StgValue_116 (184)  [1/1] 2.39ns  loc: LDPC_Decoder3U/HLSLdpcLogDecScaledMin.cpp:4880
:114  store i1 %bpest4_load, i1* %prHat_buf4_addr, align 1

ST_1: prHat_buf4a_addr (185)  [1/1] 0.00ns  loc: LDPC_Decoder3U/HLSLdpcLogDecScaledMin.cpp:4881
:115  %prHat_buf4a_addr = getelementptr inbounds [2048 x i1]* @prHat_buf4a, i32 0, i32 %tmp

ST_1: StgValue_118 (186)  [1/1] 2.39ns  loc: LDPC_Decoder3U/HLSLdpcLogDecScaledMin.cpp:4881
:116  store i1 %bpest4_load, i1* %prHat_buf4a_addr, align 1

ST_1: prHat_bufA4_addr (187)  [1/1] 0.00ns  loc: LDPC_Decoder3U/HLSLdpcLogDecScaledMin.cpp:4882
:117  %prHat_bufA4_addr = getelementptr inbounds [2048 x i1]* @prHat_bufA4, i32 0, i32 %tmp

ST_1: StgValue_120 (188)  [1/1] 2.39ns  loc: LDPC_Decoder3U/HLSLdpcLogDecScaledMin.cpp:4882
:118  store i1 %bpest4_load, i1* %prHat_bufA4_addr, align 1

ST_1: prHat_bufA4a_addr (189)  [1/1] 0.00ns  loc: LDPC_Decoder3U/HLSLdpcLogDecScaledMin.cpp:4883
:119  %prHat_bufA4a_addr = getelementptr inbounds [2048 x i1]* @prHat_bufA4a, i32 0, i32 %tmp

ST_1: StgValue_122 (190)  [1/1] 2.39ns  loc: LDPC_Decoder3U/HLSLdpcLogDecScaledMin.cpp:4883
:120  store i1 %bpest4_load, i1* %prHat_bufA4a_addr, align 1

ST_1: prHat_bufA4b_addr (191)  [1/1] 0.00ns  loc: LDPC_Decoder3U/HLSLdpcLogDecScaledMin.cpp:4884
:121  %prHat_bufA4b_addr = getelementptr inbounds [2048 x i1]* @prHat_bufA4b, i32 0, i32 %tmp

ST_1: StgValue_124 (192)  [1/1] 2.39ns  loc: LDPC_Decoder3U/HLSLdpcLogDecScaledMin.cpp:4884
:122  store i1 %bpest4_load, i1* %prHat_bufA4b_addr, align 1

ST_1: prHat_bufB4_addr (193)  [1/1] 0.00ns  loc: LDPC_Decoder3U/HLSLdpcLogDecScaledMin.cpp:4885
:123  %prHat_bufB4_addr = getelementptr inbounds [2048 x i1]* @prHat_bufB4, i32 0, i32 %tmp

ST_1: StgValue_126 (194)  [1/1] 2.39ns  loc: LDPC_Decoder3U/HLSLdpcLogDecScaledMin.cpp:4885
:124  store i1 %bpest4_load, i1* %prHat_bufB4_addr, align 1

ST_1: bpest5_load (195)  [1/1] 0.00ns  loc: LDPC_Decoder3U/HLSLdpcLogDecScaledMin.cpp:4888
:125  %bpest5_load = load i1* @bpest5, align 1

ST_1: prHat_bufA5_addr (196)  [1/1] 0.00ns  loc: LDPC_Decoder3U/HLSLdpcLogDecScaledMin.cpp:4888
:126  %prHat_bufA5_addr = getelementptr inbounds [2048 x i1]* @prHat_bufA5, i32 0, i32 %tmp

ST_1: StgValue_129 (197)  [1/1] 2.39ns  loc: LDPC_Decoder3U/HLSLdpcLogDecScaledMin.cpp:4888
:127  store i1 %bpest5_load, i1* %prHat_bufA5_addr, align 1

ST_1: prHat_bufB5_addr (198)  [1/1] 0.00ns  loc: LDPC_Decoder3U/HLSLdpcLogDecScaledMin.cpp:4889
:128  %prHat_bufB5_addr = getelementptr inbounds [2048 x i1]* @prHat_bufB5, i32 0, i32 %tmp

ST_1: StgValue_131 (199)  [1/1] 2.39ns  loc: LDPC_Decoder3U/HLSLdpcLogDecScaledMin.cpp:4889
:129  store i1 %bpest5_load, i1* %prHat_bufB5_addr, align 1

ST_1: prHat_bufB5a_addr (200)  [1/1] 0.00ns  loc: LDPC_Decoder3U/HLSLdpcLogDecScaledMin.cpp:4890
:130  %prHat_bufB5a_addr = getelementptr inbounds [2048 x i1]* @prHat_bufB5a, i32 0, i32 %tmp

ST_1: StgValue_133 (201)  [1/1] 2.39ns  loc: LDPC_Decoder3U/HLSLdpcLogDecScaledMin.cpp:4890
:131  store i1 %bpest5_load, i1* %prHat_bufB5a_addr, align 1

ST_1: prHat_bufB5b_addr (202)  [1/1] 0.00ns  loc: LDPC_Decoder3U/HLSLdpcLogDecScaledMin.cpp:4891
:132  %prHat_bufB5b_addr = getelementptr inbounds [2048 x i1]* @prHat_bufB5b, i32 0, i32 %tmp

ST_1: StgValue_135 (203)  [1/1] 2.39ns  loc: LDPC_Decoder3U/HLSLdpcLogDecScaledMin.cpp:4891
:133  store i1 %bpest5_load, i1* %prHat_bufB5b_addr, align 1

ST_1: prHat_bufB5c_addr (204)  [1/1] 0.00ns  loc: LDPC_Decoder3U/HLSLdpcLogDecScaledMin.cpp:4892
:134  %prHat_bufB5c_addr = getelementptr inbounds [2048 x i1]* @prHat_bufB5c, i32 0, i32 %tmp

ST_1: StgValue_137 (205)  [1/1] 2.39ns  loc: LDPC_Decoder3U/HLSLdpcLogDecScaledMin.cpp:4892
:135  store i1 %bpest5_load, i1* %prHat_bufB5c_addr, align 1

ST_1: bpest6_load (206)  [1/1] 0.00ns  loc: LDPC_Decoder3U/HLSLdpcLogDecScaledMin.cpp:4894
:136  %bpest6_load = load i1* @bpest6, align 1

ST_1: prHat_buf6_addr (207)  [1/1] 0.00ns  loc: LDPC_Decoder3U/HLSLdpcLogDecScaledMin.cpp:4894
:137  %prHat_buf6_addr = getelementptr inbounds [2048 x i1]* @prHat_buf6, i32 0, i32 %tmp

ST_1: StgValue_140 (208)  [1/1] 2.39ns  loc: LDPC_Decoder3U/HLSLdpcLogDecScaledMin.cpp:4894
:138  store i1 %bpest6_load, i1* %prHat_buf6_addr, align 1

ST_1: prHat_buf6a_addr (209)  [1/1] 0.00ns  loc: LDPC_Decoder3U/HLSLdpcLogDecScaledMin.cpp:4895
:139  %prHat_buf6a_addr = getelementptr inbounds [2048 x i1]* @prHat_buf6a, i32 0, i32 %tmp

ST_1: StgValue_142 (210)  [1/1] 2.39ns  loc: LDPC_Decoder3U/HLSLdpcLogDecScaledMin.cpp:4895
:140  store i1 %bpest6_load, i1* %prHat_buf6a_addr, align 1

ST_1: prHat_bufA6_addr (211)  [1/1] 0.00ns  loc: LDPC_Decoder3U/HLSLdpcLogDecScaledMin.cpp:4896
:141  %prHat_bufA6_addr = getelementptr inbounds [2048 x i1]* @prHat_bufA6, i32 0, i32 %tmp

ST_1: StgValue_144 (212)  [1/1] 2.39ns  loc: LDPC_Decoder3U/HLSLdpcLogDecScaledMin.cpp:4896
:142  store i1 %bpest6_load, i1* %prHat_bufA6_addr, align 1

ST_1: prHat_bufA6a_addr (213)  [1/1] 0.00ns  loc: LDPC_Decoder3U/HLSLdpcLogDecScaledMin.cpp:4897
:143  %prHat_bufA6a_addr = getelementptr inbounds [2048 x i1]* @prHat_bufA6a, i32 0, i32 %tmp

ST_1: StgValue_146 (214)  [1/1] 2.39ns  loc: LDPC_Decoder3U/HLSLdpcLogDecScaledMin.cpp:4897
:144  store i1 %bpest6_load, i1* %prHat_bufA6a_addr, align 1

ST_1: prHat_bufA6b_addr (215)  [1/1] 0.00ns  loc: LDPC_Decoder3U/HLSLdpcLogDecScaledMin.cpp:4898
:145  %prHat_bufA6b_addr = getelementptr inbounds [2048 x i1]* @prHat_bufA6b, i32 0, i32 %tmp

ST_1: StgValue_148 (216)  [1/1] 2.39ns  loc: LDPC_Decoder3U/HLSLdpcLogDecScaledMin.cpp:4898
:146  store i1 %bpest6_load, i1* %prHat_bufA6b_addr, align 1

ST_1: prHat_bufA6c_addr (217)  [1/1] 0.00ns  loc: LDPC_Decoder3U/HLSLdpcLogDecScaledMin.cpp:4899
:147  %prHat_bufA6c_addr = getelementptr inbounds [2048 x i1]* @prHat_bufA6c, i32 0, i32 %tmp

ST_1: StgValue_150 (218)  [1/1] 2.39ns  loc: LDPC_Decoder3U/HLSLdpcLogDecScaledMin.cpp:4899
:148  store i1 %bpest6_load, i1* %prHat_bufA6c_addr, align 1

ST_1: prHat_bufB6_addr (219)  [1/1] 0.00ns  loc: LDPC_Decoder3U/HLSLdpcLogDecScaledMin.cpp:4900
:149  %prHat_bufB6_addr = getelementptr inbounds [2048 x i1]* @prHat_bufB6, i32 0, i32 %tmp

ST_1: StgValue_152 (220)  [1/1] 2.39ns  loc: LDPC_Decoder3U/HLSLdpcLogDecScaledMin.cpp:4900
:150  store i1 %bpest6_load, i1* %prHat_bufB6_addr, align 1

ST_1: bpest7_load (221)  [1/1] 0.00ns  loc: LDPC_Decoder3U/HLSLdpcLogDecScaledMin.cpp:4903
:151  %bpest7_load = load i1* @bpest7, align 1

ST_1: prHat_bufA7_addr (222)  [1/1] 0.00ns  loc: LDPC_Decoder3U/HLSLdpcLogDecScaledMin.cpp:4903
:152  %prHat_bufA7_addr = getelementptr inbounds [2048 x i1]* @prHat_bufA7, i32 0, i32 %tmp

ST_1: StgValue_155 (223)  [1/1] 2.39ns  loc: LDPC_Decoder3U/HLSLdpcLogDecScaledMin.cpp:4903
:153  store i1 %bpest7_load, i1* %prHat_bufA7_addr, align 1

ST_1: prHat_bufB7_addr (224)  [1/1] 0.00ns  loc: LDPC_Decoder3U/HLSLdpcLogDecScaledMin.cpp:4904
:154  %prHat_bufB7_addr = getelementptr inbounds [2048 x i1]* @prHat_bufB7, i32 0, i32 %tmp

ST_1: StgValue_157 (225)  [1/1] 2.39ns  loc: LDPC_Decoder3U/HLSLdpcLogDecScaledMin.cpp:4904
:155  store i1 %bpest7_load, i1* %prHat_bufB7_addr, align 1

ST_1: prHat_bufB7a_addr (226)  [1/1] 0.00ns  loc: LDPC_Decoder3U/HLSLdpcLogDecScaledMin.cpp:4905
:156  %prHat_bufB7a_addr = getelementptr inbounds [2048 x i1]* @prHat_bufB7a, i32 0, i32 %tmp

ST_1: StgValue_159 (227)  [1/1] 2.39ns  loc: LDPC_Decoder3U/HLSLdpcLogDecScaledMin.cpp:4905
:157  store i1 %bpest7_load, i1* %prHat_bufB7a_addr, align 1

ST_1: bpest8_load (228)  [1/1] 0.00ns  loc: LDPC_Decoder3U/HLSLdpcLogDecScaledMin.cpp:4907
:158  %bpest8_load = load i1* @bpest8, align 1

ST_1: prHat_buf8_addr (229)  [1/1] 0.00ns  loc: LDPC_Decoder3U/HLSLdpcLogDecScaledMin.cpp:4907
:159  %prHat_buf8_addr = getelementptr inbounds [2048 x i1]* @prHat_buf8, i32 0, i32 %tmp

ST_1: StgValue_162 (230)  [1/1] 2.39ns  loc: LDPC_Decoder3U/HLSLdpcLogDecScaledMin.cpp:4907
:160  store i1 %bpest8_load, i1* %prHat_buf8_addr, align 1

ST_1: bpest9_load (231)  [1/1] 0.00ns  loc: LDPC_Decoder3U/HLSLdpcLogDecScaledMin.cpp:4912
:161  %bpest9_load = load i1* @bpest9, align 1

ST_1: prHat_bufA9_addr (232)  [1/1] 0.00ns  loc: LDPC_Decoder3U/HLSLdpcLogDecScaledMin.cpp:4912
:162  %prHat_bufA9_addr = getelementptr inbounds [2048 x i1]* @prHat_bufA9, i32 0, i32 %tmp

ST_1: StgValue_165 (233)  [1/1] 2.39ns  loc: LDPC_Decoder3U/HLSLdpcLogDecScaledMin.cpp:4912
:163  store i1 %bpest9_load, i1* %prHat_bufA9_addr, align 1

ST_1: prHat_bufB9_addr (234)  [1/1] 0.00ns  loc: LDPC_Decoder3U/HLSLdpcLogDecScaledMin.cpp:4913
:164  %prHat_bufB9_addr = getelementptr inbounds [2048 x i1]* @prHat_bufB9, i32 0, i32 %tmp

ST_1: StgValue_167 (235)  [1/1] 2.39ns  loc: LDPC_Decoder3U/HLSLdpcLogDecScaledMin.cpp:4913
:165  store i1 %bpest9_load, i1* %prHat_bufB9_addr, align 1

ST_1: prHat_bufB9a_addr (236)  [1/1] 0.00ns  loc: LDPC_Decoder3U/HLSLdpcLogDecScaledMin.cpp:4914
:166  %prHat_bufB9a_addr = getelementptr inbounds [2048 x i1]* @prHat_bufB9a, i32 0, i32 %tmp

ST_1: StgValue_169 (237)  [1/1] 2.39ns  loc: LDPC_Decoder3U/HLSLdpcLogDecScaledMin.cpp:4914
:167  store i1 %bpest9_load, i1* %prHat_bufB9a_addr, align 1

ST_1: bpest10_load (238)  [1/1] 0.00ns  loc: LDPC_Decoder3U/HLSLdpcLogDecScaledMin.cpp:4916
:168  %bpest10_load = load i1* @bpest10, align 1

ST_1: prHat_buf10_addr (239)  [1/1] 0.00ns  loc: LDPC_Decoder3U/HLSLdpcLogDecScaledMin.cpp:4916
:169  %prHat_buf10_addr = getelementptr inbounds [2048 x i1]* @prHat_buf10, i32 0, i32 %tmp

ST_1: StgValue_172 (240)  [1/1] 2.39ns  loc: LDPC_Decoder3U/HLSLdpcLogDecScaledMin.cpp:4916
:170  store i1 %bpest10_load, i1* %prHat_buf10_addr, align 1

ST_1: prHat_buf10a_addr (241)  [1/1] 0.00ns  loc: LDPC_Decoder3U/HLSLdpcLogDecScaledMin.cpp:4917
:171  %prHat_buf10a_addr = getelementptr inbounds [2048 x i1]* @prHat_buf10a, i32 0, i32 %tmp

ST_1: StgValue_174 (242)  [1/1] 2.39ns  loc: LDPC_Decoder3U/HLSLdpcLogDecScaledMin.cpp:4917
:172  store i1 %bpest10_load, i1* %prHat_buf10a_addr, align 1

ST_1: prHat_bufA10_addr (243)  [1/1] 0.00ns  loc: LDPC_Decoder3U/HLSLdpcLogDecScaledMin.cpp:4918
:173  %prHat_bufA10_addr = getelementptr inbounds [2048 x i1]* @prHat_bufA10, i32 0, i32 %tmp

ST_1: StgValue_176 (244)  [1/1] 2.39ns  loc: LDPC_Decoder3U/HLSLdpcLogDecScaledMin.cpp:4918
:174  store i1 %bpest10_load, i1* %prHat_bufA10_addr, align 1

ST_1: prHat_bufA10a_addr (245)  [1/1] 0.00ns  loc: LDPC_Decoder3U/HLSLdpcLogDecScaledMin.cpp:4919
:175  %prHat_bufA10a_addr = getelementptr inbounds [2048 x i1]* @prHat_bufA10a, i32 0, i32 %tmp

ST_1: StgValue_178 (246)  [1/1] 2.39ns  loc: LDPC_Decoder3U/HLSLdpcLogDecScaledMin.cpp:4919
:176  store i1 %bpest10_load, i1* %prHat_bufA10a_addr, align 1

ST_1: prHat_bufA10b_addr (247)  [1/1] 0.00ns  loc: LDPC_Decoder3U/HLSLdpcLogDecScaledMin.cpp:4920
:177  %prHat_bufA10b_addr = getelementptr inbounds [2048 x i1]* @prHat_bufA10b, i32 0, i32 %tmp

ST_1: StgValue_180 (248)  [1/1] 2.39ns  loc: LDPC_Decoder3U/HLSLdpcLogDecScaledMin.cpp:4920
:178  store i1 %bpest10_load, i1* %prHat_bufA10b_addr, align 1

ST_1: prHat_bufA10c_addr (249)  [1/1] 0.00ns  loc: LDPC_Decoder3U/HLSLdpcLogDecScaledMin.cpp:4921
:179  %prHat_bufA10c_addr = getelementptr inbounds [2048 x i1]* @prHat_bufA10c, i32 0, i32 %tmp

ST_1: StgValue_182 (250)  [1/1] 2.39ns  loc: LDPC_Decoder3U/HLSLdpcLogDecScaledMin.cpp:4921
:180  store i1 %bpest10_load, i1* %prHat_bufA10c_addr, align 1

ST_1: prHat_buf10b_addr (251)  [1/1] 0.00ns  loc: LDPC_Decoder3U/HLSLdpcLogDecScaledMin.cpp:4923
:181  %prHat_buf10b_addr = getelementptr inbounds [2048 x i1]* @prHat_buf10b, i32 0, i32 %tmp

ST_1: StgValue_184 (252)  [1/1] 2.39ns  loc: LDPC_Decoder3U/HLSLdpcLogDecScaledMin.cpp:4923
:182  store i1 %bpest10_load, i1* %prHat_buf10b_addr, align 1

ST_1: prHat_bufB10_addr (253)  [1/1] 0.00ns  loc: LDPC_Decoder3U/HLSLdpcLogDecScaledMin.cpp:4924
:183  %prHat_bufB10_addr = getelementptr inbounds [2048 x i1]* @prHat_bufB10, i32 0, i32 %tmp

ST_1: StgValue_186 (254)  [1/1] 2.39ns  loc: LDPC_Decoder3U/HLSLdpcLogDecScaledMin.cpp:4924
:184  store i1 %bpest10_load, i1* %prHat_bufB10_addr, align 1

ST_1: StgValue_187 (255)  [1/1] 0.00ns  loc: LDPC_Decoder3U/HLSLdpcLogDecScaledMin.cpp:4925
:185  ret void



============================================================
+ Verbose Summary: Timing violations
============================================================
Target clock period: 10ns, clock uncertainty: 1.25ns.

 <State 1>: 2.39ns
The critical path consists of the following:
	wire read on port 'pos_r' [70]  (0 ns)
	'getelementptr' operation ('prHat_bufA2_addr', LDPC_Decoder3U/HLSLdpcLogDecScaledMin.cpp:4867) [159]  (0 ns)
	'store' operation (LDPC_Decoder3U/HLSLdpcLogDecScaledMin.cpp:4867) of variable 'bpest2_load', LDPC_Decoder3U/HLSLdpcLogDecScaledMin.cpp:4866 on array 'prHat_bufA2' [160]  (2.39 ns)


============================================================
+ Verbose Summary: Binding
============================================================
N/A
* FSMD analyzer results:
  - Output states:
 - Input state : 
  - Chain level:
	State 1


============================================================
+ Verbose Summary: Datapath Resource usage 
============================================================
N/A
