

================================================================
== Vivado HLS Report for 'update_lam_all_12'
================================================================
* Date:           Thu Aug 11 10:26:16 2022

* Version:        2016.4 (Build 1756540 on Mon Jan 23 19:31:01 MST 2017)
* Project:        LDPC_Decoder3U
* Solution:       solution1
* Product family: kintex7
* Target device:  xc7k160tfbg676-1


================================================================
== Performance Estimates
================================================================
+ Timing (ns): 
    * Summary: 
    +--------+-------+----------+------------+
    |  Clock | Target| Estimated| Uncertainty|
    +--------+-------+----------+------------+
    |ap_clk  |  10.00|      3.17|        1.25|
    +--------+-------+----------+------------+

+ Latency (clock cycles): 
    * Summary: 
    +-----+-----+-----+-----+---------+
    |  Latency  |  Interval | Pipeline|
    | min | max | min | max |   Type  |
    +-----+-----+-----+-----+---------+
    |    0|    0|    0|    0|   none  |
    +-----+-----+-----+-----+---------+

    + Detail: 
        * Instance: 
        N/A

        * Loop: 
        N/A

============================================================
+ Verbose Summary: Synthesis Manager
============================================================
InlineROM: 1
ExposeGlobal: 0
============================================================
+ Verbose Summary: CDFG Model
============================================================
IsTopModel: 0
ResetActiveHigh: 1
IsCombinational: 0
IsDatapathOnly: 0
HasWiredReturn: 1
HasMFsm: 0
HasVarLatency: 0
IsPipeline: 0
IsRtlPipelined: 0
IsInstanceOverlapped: 0
IsDontTouch: 0
HasImplIP: 0
IsGatedGlobalClock: 0


============================================================
+ Verbose Summary: Schedule
============================================================
* Number of FSM states: 1
* Pipeline: 0
* Dataflow Pipeline: 0

* FSM state transitions: 
1 --> 
* FSM state operations: 

 <State 1>: 3.17ns
ST_1: pos_read (97)  [1/1] 0.00ns
:0  %pos_read = call i13 @_ssdm_op_Read.ap_auto.i13(i13 %pos_r)

ST_1: pos_cast2 (98)  [1/1] 0.00ns
:1  %pos_cast2 = sext i13 %pos_read to i16

ST_1: StgValue_4 (99)  [1/1] 0.00ns
:2  call void (...)* @_ssdm_op_SpecMemCore([1024 x i16]* @prLam_buf2, [1 x i8]* @p_str, [13 x i8]* @p_str79, [1 x i8]* @p_str, i32 -1, [1 x i8]* @p_str, [1 x i8]* @p_str, [1 x i8]* @p_str, [1 x i8]* @p_str, [1 x i8]* @p_str) nounwind

ST_1: StgValue_5 (100)  [1/1] 0.00ns
:3  call void (...)* @_ssdm_op_SpecMemCore([1024 x i16]* @prLam_buf4, [1 x i8]* @p_str, [13 x i8]* @p_str79, [1 x i8]* @p_str, i32 -1, [1 x i8]* @p_str, [1 x i8]* @p_str, [1 x i8]* @p_str, [1 x i8]* @p_str, [1 x i8]* @p_str) nounwind

ST_1: tmp (101)  [1/1] 0.00ns  loc: LDPC_Decoder3U/HLSLdpcLogDecScaledMin.cpp:4728
:4  %tmp = call i2 @_ssdm_op_PartSelect.i2.i13.i32.i32(i13 %pos_read, i32 10, i32 11)

ST_1: icmp (102)  [1/1] 0.85ns  loc: LDPC_Decoder3U/HLSLdpcLogDecScaledMin.cpp:4728
:5  %icmp = icmp eq i2 %tmp, 1

ST_1: StgValue_8 (103)  [1/1] 0.00ns  loc: LDPC_Decoder3U/HLSLdpcLogDecScaledMin.cpp:4728
:6  br i1 %icmp, label %2, label %1

ST_1: pest0_load (105)  [1/1] 0.00ns  loc: LDPC_Decoder3U/HLSLdpcLogDecScaledMin.cpp:4731
:0  %pest0_load = load i16* @pest0, align 2

ST_1: tmp_s (106)  [1/1] 0.00ns  loc: LDPC_Decoder3U/HLSLdpcLogDecScaledMin.cpp:4731
:1  %tmp_s = zext i16 %pos_cast2 to i32

ST_1: Lam_bufAa_addr (107)  [1/1] 0.00ns  loc: LDPC_Decoder3U/HLSLdpcLogDecScaledMin.cpp:4731
:2  %Lam_bufAa_addr = getelementptr inbounds [1024 x i16]* @Lam_bufAa, i32 0, i32 %tmp_s

ST_1: StgValue_12 (108)  [1/1] 2.33ns  loc: LDPC_Decoder3U/HLSLdpcLogDecScaledMin.cpp:4731
:3  store i16 %pest0_load, i16* %Lam_bufAa_addr, align 2

ST_1: Lam_bufB_addr (109)  [1/1] 0.00ns  loc: LDPC_Decoder3U/HLSLdpcLogDecScaledMin.cpp:4732
:4  %Lam_bufB_addr = getelementptr inbounds [1024 x i16]* @Lam_bufB, i32 0, i32 %tmp_s

ST_1: StgValue_14 (110)  [1/1] 2.33ns  loc: LDPC_Decoder3U/HLSLdpcLogDecScaledMin.cpp:4732
:5  store i16 %pest0_load, i16* %Lam_bufB_addr, align 2

ST_1: pest1_load (111)  [1/1] 0.00ns  loc: LDPC_Decoder3U/HLSLdpcLogDecScaledMin.cpp:4734
:6  %pest1_load = load i16* @pest1, align 2

ST_1: Lam_bufA1_addr (112)  [1/1] 0.00ns  loc: LDPC_Decoder3U/HLSLdpcLogDecScaledMin.cpp:4734
:7  %Lam_bufA1_addr = getelementptr inbounds [1024 x i16]* @Lam_bufA1, i32 0, i32 %tmp_s

ST_1: StgValue_17 (113)  [1/1] 2.33ns  loc: LDPC_Decoder3U/HLSLdpcLogDecScaledMin.cpp:4734
:8  store i16 %pest1_load, i16* %Lam_bufA1_addr, align 2

ST_1: Lam_bufB1a_addr (114)  [1/1] 0.00ns  loc: LDPC_Decoder3U/HLSLdpcLogDecScaledMin.cpp:4735
:9  %Lam_bufB1a_addr = getelementptr inbounds [1024 x i16]* @Lam_bufB1a, i32 0, i32 %tmp_s

ST_1: StgValue_19 (115)  [1/1] 2.33ns  loc: LDPC_Decoder3U/HLSLdpcLogDecScaledMin.cpp:4735
:10  store i16 %pest1_load, i16* %Lam_bufB1a_addr, align 2

ST_1: Lam_bufB1b_addr (116)  [1/1] 0.00ns  loc: LDPC_Decoder3U/HLSLdpcLogDecScaledMin.cpp:4736
:11  %Lam_bufB1b_addr = getelementptr inbounds [1024 x i16]* @Lam_bufB1b, i32 0, i32 %tmp_s

ST_1: StgValue_21 (117)  [1/1] 2.33ns  loc: LDPC_Decoder3U/HLSLdpcLogDecScaledMin.cpp:4736
:12  store i16 %pest1_load, i16* %Lam_bufB1b_addr, align 2

ST_1: pest2_load (118)  [1/1] 0.00ns  loc: LDPC_Decoder3U/HLSLdpcLogDecScaledMin.cpp:4738
:13  %pest2_load = load i16* @pest2, align 2

ST_1: Lam_buf2_addr (119)  [1/1] 0.00ns  loc: LDPC_Decoder3U/HLSLdpcLogDecScaledMin.cpp:4738
:14  %Lam_buf2_addr = getelementptr inbounds [1024 x i16]* @Lam_buf2, i32 0, i32 %tmp_s

ST_1: StgValue_24 (120)  [1/1] 2.33ns  loc: LDPC_Decoder3U/HLSLdpcLogDecScaledMin.cpp:4738
:15  store i16 %pest2_load, i16* %Lam_buf2_addr, align 2

ST_1: pest3_load (121)  [1/1] 0.00ns  loc: LDPC_Decoder3U/HLSLdpcLogDecScaledMin.cpp:4740
:16  %pest3_load = load i16* @pest3, align 2

ST_1: Lam_bufA3_addr (122)  [1/1] 0.00ns  loc: LDPC_Decoder3U/HLSLdpcLogDecScaledMin.cpp:4740
:17  %Lam_bufA3_addr = getelementptr inbounds [1024 x i16]* @Lam_bufA3, i32 0, i32 %tmp_s

ST_1: StgValue_27 (123)  [1/1] 2.33ns  loc: LDPC_Decoder3U/HLSLdpcLogDecScaledMin.cpp:4740
:18  store i16 %pest3_load, i16* %Lam_bufA3_addr, align 2

ST_1: Lam_bufB3a_addr (124)  [1/1] 0.00ns  loc: LDPC_Decoder3U/HLSLdpcLogDecScaledMin.cpp:4741
:19  %Lam_bufB3a_addr = getelementptr inbounds [1024 x i16]* @Lam_bufB3a, i32 0, i32 %tmp_s

ST_1: StgValue_29 (125)  [1/1] 2.33ns  loc: LDPC_Decoder3U/HLSLdpcLogDecScaledMin.cpp:4741
:20  store i16 %pest3_load, i16* %Lam_bufB3a_addr, align 2

ST_1: Lam_bufB3b_addr (126)  [1/1] 0.00ns  loc: LDPC_Decoder3U/HLSLdpcLogDecScaledMin.cpp:4742
:21  %Lam_bufB3b_addr = getelementptr inbounds [1024 x i16]* @Lam_bufB3b, i32 0, i32 %tmp_s

ST_1: StgValue_31 (127)  [1/1] 2.33ns  loc: LDPC_Decoder3U/HLSLdpcLogDecScaledMin.cpp:4742
:22  store i16 %pest3_load, i16* %Lam_bufB3b_addr, align 2

ST_1: pest4_load (128)  [1/1] 0.00ns  loc: LDPC_Decoder3U/HLSLdpcLogDecScaledMin.cpp:4744
:23  %pest4_load = load i16* @pest4, align 2

ST_1: Lam_buf4_addr (129)  [1/1] 0.00ns  loc: LDPC_Decoder3U/HLSLdpcLogDecScaledMin.cpp:4744
:24  %Lam_buf4_addr = getelementptr inbounds [1024 x i16]* @Lam_buf4, i32 0, i32 %tmp_s

ST_1: StgValue_34 (130)  [1/1] 2.33ns  loc: LDPC_Decoder3U/HLSLdpcLogDecScaledMin.cpp:4744
:25  store i16 %pest4_load, i16* %Lam_buf4_addr, align 2

ST_1: Lam_buf4a_addr (131)  [1/1] 0.00ns  loc: LDPC_Decoder3U/HLSLdpcLogDecScaledMin.cpp:4745
:26  %Lam_buf4a_addr = getelementptr inbounds [1024 x i16]* @Lam_buf4a, i32 0, i32 %tmp_s

ST_1: StgValue_36 (132)  [1/1] 2.33ns  loc: LDPC_Decoder3U/HLSLdpcLogDecScaledMin.cpp:4745
:27  store i16 %pest4_load, i16* %Lam_buf4a_addr, align 2

ST_1: Lam_bufA4a_addr (133)  [1/1] 0.00ns  loc: LDPC_Decoder3U/HLSLdpcLogDecScaledMin.cpp:4746
:28  %Lam_bufA4a_addr = getelementptr inbounds [1024 x i16]* @Lam_bufA4a, i32 0, i32 %tmp_s

ST_1: StgValue_38 (134)  [1/1] 2.33ns  loc: LDPC_Decoder3U/HLSLdpcLogDecScaledMin.cpp:4746
:29  store i16 %pest4_load, i16* %Lam_bufA4a_addr, align 2

ST_1: Lam_bufA4b_addr (135)  [1/1] 0.00ns  loc: LDPC_Decoder3U/HLSLdpcLogDecScaledMin.cpp:4747
:30  %Lam_bufA4b_addr = getelementptr inbounds [1024 x i16]* @Lam_bufA4b, i32 0, i32 %tmp_s

ST_1: StgValue_40 (136)  [1/1] 2.33ns  loc: LDPC_Decoder3U/HLSLdpcLogDecScaledMin.cpp:4747
:31  store i16 %pest4_load, i16* %Lam_bufA4b_addr, align 2

ST_1: Lam_bufA4c_addr (137)  [1/1] 0.00ns  loc: LDPC_Decoder3U/HLSLdpcLogDecScaledMin.cpp:4748
:32  %Lam_bufA4c_addr = getelementptr inbounds [1024 x i16]* @Lam_bufA4c, i32 0, i32 %tmp_s

ST_1: StgValue_42 (138)  [1/1] 2.33ns  loc: LDPC_Decoder3U/HLSLdpcLogDecScaledMin.cpp:4748
:33  store i16 %pest4_load, i16* %Lam_bufA4c_addr, align 2

ST_1: Lam_bufB4_addr (139)  [1/1] 0.00ns  loc: LDPC_Decoder3U/HLSLdpcLogDecScaledMin.cpp:4749
:34  %Lam_bufB4_addr = getelementptr inbounds [1024 x i16]* @Lam_bufB4, i32 0, i32 %tmp_s

ST_1: StgValue_44 (140)  [1/1] 2.33ns  loc: LDPC_Decoder3U/HLSLdpcLogDecScaledMin.cpp:4749
:35  store i16 %pest4_load, i16* %Lam_bufB4_addr, align 2

ST_1: prLam_buf2_addr (141)  [1/1] 0.00ns  loc: LDPC_Decoder3U/HLSLdpcLogDecScaledMin.cpp:4751
:36  %prLam_buf2_addr = getelementptr inbounds [1024 x i16]* @prLam_buf2, i32 0, i32 %tmp_s

ST_1: StgValue_46 (142)  [1/1] 2.33ns  loc: LDPC_Decoder3U/HLSLdpcLogDecScaledMin.cpp:4751
:37  store i16 0, i16* %prLam_buf2_addr, align 2

ST_1: prLam_buf4_addr (143)  [1/1] 0.00ns  loc: LDPC_Decoder3U/HLSLdpcLogDecScaledMin.cpp:4752
:38  %prLam_buf4_addr = getelementptr inbounds [1024 x i16]* @prLam_buf4, i32 0, i32 %tmp_s

ST_1: StgValue_48 (144)  [1/1] 2.33ns  loc: LDPC_Decoder3U/HLSLdpcLogDecScaledMin.cpp:4752
:39  store i16 0, i16* %prLam_buf4_addr, align 2

ST_1: prLam_buf4a_addr (145)  [1/1] 0.00ns  loc: LDPC_Decoder3U/HLSLdpcLogDecScaledMin.cpp:4753
:40  %prLam_buf4a_addr = getelementptr inbounds [1024 x i16]* @prLam_buf4a, i32 0, i32 %tmp_s

ST_1: StgValue_50 (146)  [1/1] 2.33ns  loc: LDPC_Decoder3U/HLSLdpcLogDecScaledMin.cpp:4753
:41  store i16 0, i16* %prLam_buf4a_addr, align 2

ST_1: prLam2_buf2_addr (147)  [1/1] 0.00ns  loc: LDPC_Decoder3U/HLSLdpcLogDecScaledMin.cpp:4755
:42  %prLam2_buf2_addr = getelementptr inbounds [1024 x i16]* @prLam2_buf2, i32 0, i32 %tmp_s

ST_1: StgValue_52 (148)  [1/1] 2.33ns  loc: LDPC_Decoder3U/HLSLdpcLogDecScaledMin.cpp:4755
:43  store i16 0, i16* %prLam2_buf2_addr, align 2

ST_1: prLam2_buf4_addr (149)  [1/1] 0.00ns  loc: LDPC_Decoder3U/HLSLdpcLogDecScaledMin.cpp:4756
:44  %prLam2_buf4_addr = getelementptr inbounds [1024 x i16]* @prLam2_buf4, i32 0, i32 %tmp_s

ST_1: StgValue_54 (150)  [1/1] 2.33ns  loc: LDPC_Decoder3U/HLSLdpcLogDecScaledMin.cpp:4756
:45  store i16 0, i16* %prLam2_buf4_addr, align 2

ST_1: prLam2_buf4a_addr (151)  [1/1] 0.00ns  loc: LDPC_Decoder3U/HLSLdpcLogDecScaledMin.cpp:4757
:46  %prLam2_buf4a_addr = getelementptr inbounds [1024 x i16]* @prLam2_buf4a, i32 0, i32 %tmp_s

ST_1: StgValue_56 (152)  [1/1] 2.33ns  loc: LDPC_Decoder3U/HLSLdpcLogDecScaledMin.cpp:4757
:47  store i16 0, i16* %prLam2_buf4a_addr, align 2

ST_1: prLamB_buf_addr (153)  [1/1] 0.00ns  loc: LDPC_Decoder3U/HLSLdpcLogDecScaledMin.cpp:4759
:48  %prLamB_buf_addr = getelementptr inbounds [1024 x i16]* @prLamB_buf, i32 0, i32 %tmp_s

ST_1: StgValue_58 (154)  [1/1] 2.33ns  loc: LDPC_Decoder3U/HLSLdpcLogDecScaledMin.cpp:4759
:49  store i16 0, i16* %prLamB_buf_addr, align 2

ST_1: prLamB_buf1_addr (155)  [1/1] 0.00ns  loc: LDPC_Decoder3U/HLSLdpcLogDecScaledMin.cpp:4760
:50  %prLamB_buf1_addr = getelementptr inbounds [1024 x i16]* @prLamB_buf1, i32 0, i32 %tmp_s

ST_1: StgValue_60 (156)  [1/1] 2.33ns  loc: LDPC_Decoder3U/HLSLdpcLogDecScaledMin.cpp:4760
:51  store i16 0, i16* %prLamB_buf1_addr, align 2

ST_1: prLamB_buf1a_addr (157)  [1/1] 0.00ns  loc: LDPC_Decoder3U/HLSLdpcLogDecScaledMin.cpp:4761
:52  %prLamB_buf1a_addr = getelementptr inbounds [1024 x i16]* @prLamB_buf1a, i32 0, i32 %tmp_s

ST_1: StgValue_62 (158)  [1/1] 2.33ns  loc: LDPC_Decoder3U/HLSLdpcLogDecScaledMin.cpp:4761
:53  store i16 0, i16* %prLamB_buf1a_addr, align 2

ST_1: prLamB_buf3_addr (159)  [1/1] 0.00ns  loc: LDPC_Decoder3U/HLSLdpcLogDecScaledMin.cpp:4762
:54  %prLamB_buf3_addr = getelementptr inbounds [1024 x i16]* @prLamB_buf3, i32 0, i32 %tmp_s

ST_1: StgValue_64 (160)  [1/1] 2.33ns  loc: LDPC_Decoder3U/HLSLdpcLogDecScaledMin.cpp:4762
:55  store i16 0, i16* %prLamB_buf3_addr, align 2

ST_1: prLamB_buf3a_addr (161)  [1/1] 0.00ns  loc: LDPC_Decoder3U/HLSLdpcLogDecScaledMin.cpp:4763
:56  %prLamB_buf3a_addr = getelementptr inbounds [1024 x i16]* @prLamB_buf3a, i32 0, i32 %tmp_s

ST_1: StgValue_66 (162)  [1/1] 2.33ns  loc: LDPC_Decoder3U/HLSLdpcLogDecScaledMin.cpp:4763
:57  store i16 0, i16* %prLamB_buf3a_addr, align 2

ST_1: prLamB_buf4_addr (163)  [1/1] 0.00ns  loc: LDPC_Decoder3U/HLSLdpcLogDecScaledMin.cpp:4764
:58  %prLamB_buf4_addr = getelementptr inbounds [1024 x i16]* @prLamB_buf4, i32 0, i32 %tmp_s

ST_1: StgValue_68 (164)  [1/1] 2.33ns  loc: LDPC_Decoder3U/HLSLdpcLogDecScaledMin.cpp:4764
:59  store i16 0, i16* %prLamB_buf4_addr, align 2

ST_1: prLam2B_buf_addr (165)  [1/1] 0.00ns  loc: LDPC_Decoder3U/HLSLdpcLogDecScaledMin.cpp:4766
:60  %prLam2B_buf_addr = getelementptr inbounds [1024 x i16]* @prLam2B_buf, i32 0, i32 %tmp_s

ST_1: StgValue_70 (166)  [1/1] 2.33ns  loc: LDPC_Decoder3U/HLSLdpcLogDecScaledMin.cpp:4766
:61  store i16 0, i16* %prLam2B_buf_addr, align 2

ST_1: prLam2B_buf1_addr (167)  [1/1] 0.00ns  loc: LDPC_Decoder3U/HLSLdpcLogDecScaledMin.cpp:4767
:62  %prLam2B_buf1_addr = getelementptr inbounds [1024 x i16]* @prLam2B_buf1, i32 0, i32 %tmp_s

ST_1: StgValue_72 (168)  [1/1] 2.33ns  loc: LDPC_Decoder3U/HLSLdpcLogDecScaledMin.cpp:4767
:63  store i16 0, i16* %prLam2B_buf1_addr, align 2

ST_1: prLam2B_buf1a_addr (169)  [1/1] 0.00ns  loc: LDPC_Decoder3U/HLSLdpcLogDecScaledMin.cpp:4768
:64  %prLam2B_buf1a_addr = getelementptr inbounds [1024 x i16]* @prLam2B_buf1a, i32 0, i32 %tmp_s

ST_1: StgValue_74 (170)  [1/1] 2.33ns  loc: LDPC_Decoder3U/HLSLdpcLogDecScaledMin.cpp:4768
:65  store i16 0, i16* %prLam2B_buf1a_addr, align 2

ST_1: prLam2B_buf3_addr (171)  [1/1] 0.00ns  loc: LDPC_Decoder3U/HLSLdpcLogDecScaledMin.cpp:4769
:66  %prLam2B_buf3_addr = getelementptr inbounds [1024 x i16]* @prLam2B_buf3, i32 0, i32 %tmp_s

ST_1: StgValue_76 (172)  [1/1] 2.33ns  loc: LDPC_Decoder3U/HLSLdpcLogDecScaledMin.cpp:4769
:67  store i16 0, i16* %prLam2B_buf3_addr, align 2

ST_1: prLam2B_buf3a_addr (173)  [1/1] 0.00ns  loc: LDPC_Decoder3U/HLSLdpcLogDecScaledMin.cpp:4770
:68  %prLam2B_buf3a_addr = getelementptr inbounds [1024 x i16]* @prLam2B_buf3a, i32 0, i32 %tmp_s

ST_1: StgValue_78 (174)  [1/1] 2.33ns  loc: LDPC_Decoder3U/HLSLdpcLogDecScaledMin.cpp:4770
:69  store i16 0, i16* %prLam2B_buf3a_addr, align 2

ST_1: prLam2B_buf4_addr (175)  [1/1] 0.00ns  loc: LDPC_Decoder3U/HLSLdpcLogDecScaledMin.cpp:4771
:70  %prLam2B_buf4_addr = getelementptr inbounds [1024 x i16]* @prLam2B_buf4, i32 0, i32 %tmp_s

ST_1: StgValue_80 (176)  [1/1] 2.33ns  loc: LDPC_Decoder3U/HLSLdpcLogDecScaledMin.cpp:4771
:71  store i16 0, i16* %prLam2B_buf4_addr, align 2

ST_1: prLamC_buf_addr (177)  [1/1] 0.00ns  loc: LDPC_Decoder3U/HLSLdpcLogDecScaledMin.cpp:4773
:72  %prLamC_buf_addr = getelementptr inbounds [1024 x i16]* @prLamC_buf, i32 0, i32 %tmp_s

ST_1: StgValue_82 (178)  [1/1] 2.33ns  loc: LDPC_Decoder3U/HLSLdpcLogDecScaledMin.cpp:4773
:73  store i16 0, i16* %prLamC_buf_addr, align 2

ST_1: prLamC_buf1_addr (179)  [1/1] 0.00ns  loc: LDPC_Decoder3U/HLSLdpcLogDecScaledMin.cpp:4774
:74  %prLamC_buf1_addr = getelementptr inbounds [1024 x i16]* @prLamC_buf1, i32 0, i32 %tmp_s

ST_1: StgValue_84 (180)  [1/1] 2.33ns  loc: LDPC_Decoder3U/HLSLdpcLogDecScaledMin.cpp:4774
:75  store i16 0, i16* %prLamC_buf1_addr, align 2

ST_1: prLamC_buf3_addr (181)  [1/1] 0.00ns  loc: LDPC_Decoder3U/HLSLdpcLogDecScaledMin.cpp:4775
:76  %prLamC_buf3_addr = getelementptr inbounds [1024 x i16]* @prLamC_buf3, i32 0, i32 %tmp_s

ST_1: StgValue_86 (182)  [1/1] 2.33ns  loc: LDPC_Decoder3U/HLSLdpcLogDecScaledMin.cpp:4775
:77  store i16 0, i16* %prLamC_buf3_addr, align 2

ST_1: prLamC_buf4_addr (183)  [1/1] 0.00ns  loc: LDPC_Decoder3U/HLSLdpcLogDecScaledMin.cpp:4776
:78  %prLamC_buf4_addr = getelementptr inbounds [1024 x i16]* @prLamC_buf4, i32 0, i32 %tmp_s

ST_1: StgValue_88 (184)  [1/1] 2.33ns  loc: LDPC_Decoder3U/HLSLdpcLogDecScaledMin.cpp:4776
:79  store i16 0, i16* %prLamC_buf4_addr, align 2

ST_1: prLamC_buf4a_addr (185)  [1/1] 0.00ns  loc: LDPC_Decoder3U/HLSLdpcLogDecScaledMin.cpp:4777
:80  %prLamC_buf4a_addr = getelementptr inbounds [1024 x i16]* @prLamC_buf4a, i32 0, i32 %tmp_s

ST_1: StgValue_90 (186)  [1/1] 2.33ns  loc: LDPC_Decoder3U/HLSLdpcLogDecScaledMin.cpp:4777
:81  store i16 0, i16* %prLamC_buf4a_addr, align 2

ST_1: prLamC_buf4b_addr (187)  [1/1] 0.00ns  loc: LDPC_Decoder3U/HLSLdpcLogDecScaledMin.cpp:4778
:82  %prLamC_buf4b_addr = getelementptr inbounds [1024 x i16]* @prLamC_buf4b, i32 0, i32 %tmp_s

ST_1: StgValue_92 (188)  [1/1] 2.33ns  loc: LDPC_Decoder3U/HLSLdpcLogDecScaledMin.cpp:4778
:83  store i16 0, i16* %prLamC_buf4b_addr, align 2

ST_1: prLam2C_buf_addr (189)  [1/1] 0.00ns  loc: LDPC_Decoder3U/HLSLdpcLogDecScaledMin.cpp:4780
:84  %prLam2C_buf_addr = getelementptr inbounds [1024 x i16]* @prLam2C_buf, i32 0, i32 %tmp_s

ST_1: StgValue_94 (190)  [1/1] 2.33ns  loc: LDPC_Decoder3U/HLSLdpcLogDecScaledMin.cpp:4780
:85  store i16 0, i16* %prLam2C_buf_addr, align 2

ST_1: prLam2C_buf1_addr (191)  [1/1] 0.00ns  loc: LDPC_Decoder3U/HLSLdpcLogDecScaledMin.cpp:4781
:86  %prLam2C_buf1_addr = getelementptr inbounds [1024 x i16]* @prLam2C_buf1, i32 0, i32 %tmp_s

ST_1: StgValue_96 (192)  [1/1] 2.33ns  loc: LDPC_Decoder3U/HLSLdpcLogDecScaledMin.cpp:4781
:87  store i16 0, i16* %prLam2C_buf1_addr, align 2

ST_1: prLam2C_buf3_addr (193)  [1/1] 0.00ns  loc: LDPC_Decoder3U/HLSLdpcLogDecScaledMin.cpp:4782
:88  %prLam2C_buf3_addr = getelementptr inbounds [1024 x i16]* @prLam2C_buf3, i32 0, i32 %tmp_s

ST_1: StgValue_98 (194)  [1/1] 2.33ns  loc: LDPC_Decoder3U/HLSLdpcLogDecScaledMin.cpp:4782
:89  store i16 0, i16* %prLam2C_buf3_addr, align 2

ST_1: prLam2C_buf4_addr (195)  [1/1] 0.00ns  loc: LDPC_Decoder3U/HLSLdpcLogDecScaledMin.cpp:4783
:90  %prLam2C_buf4_addr = getelementptr inbounds [1024 x i16]* @prLam2C_buf4, i32 0, i32 %tmp_s

ST_1: StgValue_100 (196)  [1/1] 2.33ns  loc: LDPC_Decoder3U/HLSLdpcLogDecScaledMin.cpp:4783
:91  store i16 0, i16* %prLam2C_buf4_addr, align 2

ST_1: prLam2C_buf4a_addr (197)  [1/1] 0.00ns  loc: LDPC_Decoder3U/HLSLdpcLogDecScaledMin.cpp:4784
:92  %prLam2C_buf4a_addr = getelementptr inbounds [1024 x i16]* @prLam2C_buf4a, i32 0, i32 %tmp_s

ST_1: StgValue_102 (198)  [1/1] 2.33ns  loc: LDPC_Decoder3U/HLSLdpcLogDecScaledMin.cpp:4784
:93  store i16 0, i16* %prLam2C_buf4a_addr, align 2

ST_1: prLam2C_buf4b_addr (199)  [1/1] 0.00ns  loc: LDPC_Decoder3U/HLSLdpcLogDecScaledMin.cpp:4785
:94  %prLam2C_buf4b_addr = getelementptr inbounds [1024 x i16]* @prLam2C_buf4b, i32 0, i32 %tmp_s

ST_1: StgValue_104 (200)  [1/1] 2.33ns  loc: LDPC_Decoder3U/HLSLdpcLogDecScaledMin.cpp:4785
:95  store i16 0, i16* %prLam2C_buf4b_addr, align 2

ST_1: StgValue_105 (201)  [1/1] 0.00ns  loc: LDPC_Decoder3U/HLSLdpcLogDecScaledMin.cpp:4787
:96  br label %3

ST_1: tmp_513 (203)  [1/1] 0.00ns  loc: LDPC_Decoder3U/HLSLdpcLogDecScaledMin.cpp:4790
:0  %tmp_513 = trunc i13 %pos_read to i11

ST_1: pos_assign (204)  [1/1] 0.84ns  loc: LDPC_Decoder3U/HLSLdpcLogDecScaledMin.cpp:4790
:1  %pos_assign = xor i11 %tmp_513, -1024

ST_1: pest0_load_1 (205)  [1/1] 0.00ns  loc: LDPC_Decoder3U/HLSLdpcLogDecScaledMin.cpp:4792
:2  %pest0_load_1 = load i16* @pest0, align 2

ST_1: tmp_443 (206)  [1/1] 0.00ns  loc: LDPC_Decoder3U/HLSLdpcLogDecScaledMin.cpp:4792
:3  %tmp_443 = zext i11 %pos_assign to i32

ST_1: Lam_bufB6_addr (207)  [1/1] 0.00ns  loc: LDPC_Decoder3U/HLSLdpcLogDecScaledMin.cpp:4792
:4  %Lam_bufB6_addr = getelementptr inbounds [1024 x i16]* @Lam_bufB6, i32 0, i32 %tmp_443

ST_1: StgValue_111 (208)  [1/1] 2.33ns  loc: LDPC_Decoder3U/HLSLdpcLogDecScaledMin.cpp:4792
:5  store i16 %pest0_load_1, i16* %Lam_bufB6_addr, align 2

ST_1: Lam_bufAb_addr (209)  [1/1] 0.00ns  loc: LDPC_Decoder3U/HLSLdpcLogDecScaledMin.cpp:4793
:6  %Lam_bufAb_addr = getelementptr inbounds [1024 x i16]* @Lam_bufAb, i32 0, i32 %tmp_443

ST_1: StgValue_113 (210)  [1/1] 2.33ns  loc: LDPC_Decoder3U/HLSLdpcLogDecScaledMin.cpp:4793
:7  store i16 %pest0_load_1, i16* %Lam_bufAb_addr, align 2

ST_1: pest1_load_1 (211)  [1/1] 0.00ns  loc: LDPC_Decoder3U/HLSLdpcLogDecScaledMin.cpp:4795
:8  %pest1_load_1 = load i16* @pest1, align 2

ST_1: Lam_bufAc_addr (212)  [1/1] 0.00ns  loc: LDPC_Decoder3U/HLSLdpcLogDecScaledMin.cpp:4795
:9  %Lam_bufAc_addr = getelementptr inbounds [1024 x i16]* @Lam_bufAc, i32 0, i32 %tmp_443

ST_1: StgValue_116 (213)  [1/1] 2.33ns  loc: LDPC_Decoder3U/HLSLdpcLogDecScaledMin.cpp:4795
:10  store i16 %pest1_load_1, i16* %Lam_bufAc_addr, align 2

ST_1: Lam_bufB7a_addr (214)  [1/1] 0.00ns  loc: LDPC_Decoder3U/HLSLdpcLogDecScaledMin.cpp:4796
:11  %Lam_bufB7a_addr = getelementptr inbounds [1024 x i16]* @Lam_bufB7a, i32 0, i32 %tmp_443

ST_1: StgValue_118 (215)  [1/1] 2.33ns  loc: LDPC_Decoder3U/HLSLdpcLogDecScaledMin.cpp:4796
:12  store i16 %pest1_load_1, i16* %Lam_bufB7a_addr, align 2

ST_1: Lam_bufB7b_addr (216)  [1/1] 0.00ns  loc: LDPC_Decoder3U/HLSLdpcLogDecScaledMin.cpp:4797
:13  %Lam_bufB7b_addr = getelementptr inbounds [1024 x i16]* @Lam_bufB7b, i32 0, i32 %tmp_443

ST_1: StgValue_120 (217)  [1/1] 2.33ns  loc: LDPC_Decoder3U/HLSLdpcLogDecScaledMin.cpp:4797
:14  store i16 %pest1_load_1, i16* %Lam_bufB7b_addr, align 2

ST_1: pest2_load_1 (218)  [1/1] 0.00ns  loc: LDPC_Decoder3U/HLSLdpcLogDecScaledMin.cpp:4799
:15  %pest2_load_1 = load i16* @pest2, align 2

ST_1: Lam_buf8_addr (219)  [1/1] 0.00ns  loc: LDPC_Decoder3U/HLSLdpcLogDecScaledMin.cpp:4799
:16  %Lam_buf8_addr = getelementptr inbounds [1024 x i16]* @Lam_buf8, i32 0, i32 %tmp_443

ST_1: StgValue_123 (220)  [1/1] 2.33ns  loc: LDPC_Decoder3U/HLSLdpcLogDecScaledMin.cpp:4799
:17  store i16 %pest2_load_1, i16* %Lam_buf8_addr, align 2

ST_1: pest3_load_1 (221)  [1/1] 0.00ns  loc: LDPC_Decoder3U/HLSLdpcLogDecScaledMin.cpp:4801
:18  %pest3_load_1 = load i16* @pest3, align 2

ST_1: Lam_bufA2a_addr (222)  [1/1] 0.00ns  loc: LDPC_Decoder3U/HLSLdpcLogDecScaledMin.cpp:4801
:19  %Lam_bufA2a_addr = getelementptr inbounds [1024 x i16]* @Lam_bufA2a, i32 0, i32 %tmp_443

ST_1: StgValue_126 (223)  [1/1] 2.33ns  loc: LDPC_Decoder3U/HLSLdpcLogDecScaledMin.cpp:4801
:20  store i16 %pest3_load_1, i16* %Lam_bufA2a_addr, align 2

ST_1: Lam_bufB9a_addr (224)  [1/1] 0.00ns  loc: LDPC_Decoder3U/HLSLdpcLogDecScaledMin.cpp:4802
:21  %Lam_bufB9a_addr = getelementptr inbounds [1024 x i16]* @Lam_bufB9a, i32 0, i32 %tmp_443

ST_1: StgValue_128 (225)  [1/1] 2.33ns  loc: LDPC_Decoder3U/HLSLdpcLogDecScaledMin.cpp:4802
:22  store i16 %pest3_load_1, i16* %Lam_bufB9a_addr, align 2

ST_1: Lam_bufB9b_addr (226)  [1/1] 0.00ns  loc: LDPC_Decoder3U/HLSLdpcLogDecScaledMin.cpp:4803
:23  %Lam_bufB9b_addr = getelementptr inbounds [1024 x i16]* @Lam_bufB9b, i32 0, i32 %tmp_443

ST_1: StgValue_130 (227)  [1/1] 2.33ns  loc: LDPC_Decoder3U/HLSLdpcLogDecScaledMin.cpp:4803
:24  store i16 %pest3_load_1, i16* %Lam_bufB9b_addr, align 2

ST_1: pest4_load_1 (228)  [1/1] 0.00ns  loc: LDPC_Decoder3U/HLSLdpcLogDecScaledMin.cpp:4805
:25  %pest4_load_1 = load i16* @pest4, align 2

ST_1: Lam_buf6_addr (229)  [1/1] 0.00ns  loc: LDPC_Decoder3U/HLSLdpcLogDecScaledMin.cpp:4805
:26  %Lam_buf6_addr = getelementptr inbounds [1024 x i16]* @Lam_buf6, i32 0, i32 %tmp_443

ST_1: StgValue_133 (230)  [1/1] 2.33ns  loc: LDPC_Decoder3U/HLSLdpcLogDecScaledMin.cpp:4805
:27  store i16 %pest4_load_1, i16* %Lam_buf6_addr, align 2

ST_1: Lam_buf6a_addr (231)  [1/1] 0.00ns  loc: LDPC_Decoder3U/HLSLdpcLogDecScaledMin.cpp:4806
:28  %Lam_buf6a_addr = getelementptr inbounds [1024 x i16]* @Lam_buf6a, i32 0, i32 %tmp_443

ST_1: StgValue_135 (232)  [1/1] 2.33ns  loc: LDPC_Decoder3U/HLSLdpcLogDecScaledMin.cpp:4806
:29  store i16 %pest4_load_1, i16* %Lam_buf6a_addr, align 2

ST_1: Lam_bufA6_addr (233)  [1/1] 0.00ns  loc: LDPC_Decoder3U/HLSLdpcLogDecScaledMin.cpp:4807
:30  %Lam_bufA6_addr = getelementptr inbounds [1024 x i16]* @Lam_bufA6, i32 0, i32 %tmp_443

ST_1: StgValue_137 (234)  [1/1] 2.33ns  loc: LDPC_Decoder3U/HLSLdpcLogDecScaledMin.cpp:4807
:31  store i16 %pest4_load_1, i16* %Lam_bufA6_addr, align 2

ST_1: Lam_bufA6b_addr (235)  [1/1] 0.00ns  loc: LDPC_Decoder3U/HLSLdpcLogDecScaledMin.cpp:4808
:32  %Lam_bufA6b_addr = getelementptr inbounds [1024 x i16]* @Lam_bufA6b, i32 0, i32 %tmp_443

ST_1: StgValue_139 (236)  [1/1] 2.33ns  loc: LDPC_Decoder3U/HLSLdpcLogDecScaledMin.cpp:4808
:33  store i16 %pest4_load_1, i16* %Lam_bufA6b_addr, align 2

ST_1: Lam_bufA6c_addr (237)  [1/1] 0.00ns  loc: LDPC_Decoder3U/HLSLdpcLogDecScaledMin.cpp:4809
:34  %Lam_bufA6c_addr = getelementptr inbounds [1024 x i16]* @Lam_bufA6c, i32 0, i32 %tmp_443

ST_1: StgValue_141 (238)  [1/1] 2.33ns  loc: LDPC_Decoder3U/HLSLdpcLogDecScaledMin.cpp:4809
:35  store i16 %pest4_load_1, i16* %Lam_bufA6c_addr, align 2

ST_1: Lam_bufB10_addr (239)  [1/1] 0.00ns  loc: LDPC_Decoder3U/HLSLdpcLogDecScaledMin.cpp:4810
:36  %Lam_bufB10_addr = getelementptr inbounds [1024 x i16]* @Lam_bufB10, i32 0, i32 %tmp_443

ST_1: StgValue_143 (240)  [1/1] 2.33ns  loc: LDPC_Decoder3U/HLSLdpcLogDecScaledMin.cpp:4810
:37  store i16 %pest4_load_1, i16* %Lam_bufB10_addr, align 2

ST_1: prLamB_buf3b_addr (241)  [1/1] 0.00ns  loc: LDPC_Decoder3U/HLSLdpcLogDecScaledMin.cpp:4812
:38  %prLamB_buf3b_addr = getelementptr inbounds [1024 x i16]* @prLamB_buf3b, i32 0, i32 %tmp_443

ST_1: StgValue_145 (242)  [1/1] 2.33ns  loc: LDPC_Decoder3U/HLSLdpcLogDecScaledMin.cpp:4812
:39  store i16 0, i16* %prLamB_buf3b_addr, align 2

ST_1: prLamB_buf5_addr (243)  [1/1] 0.00ns  loc: LDPC_Decoder3U/HLSLdpcLogDecScaledMin.cpp:4813
:40  %prLamB_buf5_addr = getelementptr inbounds [1024 x i16]* @prLamB_buf5, i32 0, i32 %tmp_443

ST_1: StgValue_147 (244)  [1/1] 2.33ns  loc: LDPC_Decoder3U/HLSLdpcLogDecScaledMin.cpp:4813
:41  store i16 0, i16* %prLamB_buf5_addr, align 2

ST_1: prLamB_buf5a_addr (245)  [1/1] 0.00ns  loc: LDPC_Decoder3U/HLSLdpcLogDecScaledMin.cpp:4814
:42  %prLamB_buf5a_addr = getelementptr inbounds [1024 x i16]* @prLamB_buf5a, i32 0, i32 %tmp_443

ST_1: StgValue_149 (246)  [1/1] 2.33ns  loc: LDPC_Decoder3U/HLSLdpcLogDecScaledMin.cpp:4814
:43  store i16 0, i16* %prLamB_buf5a_addr, align 2

ST_1: prLamB_buf6_addr (247)  [1/1] 0.00ns  loc: LDPC_Decoder3U/HLSLdpcLogDecScaledMin.cpp:4815
:44  %prLamB_buf6_addr = getelementptr inbounds [1024 x i16]* @prLamB_buf6, i32 0, i32 %tmp_443

ST_1: StgValue_151 (248)  [1/1] 2.33ns  loc: LDPC_Decoder3U/HLSLdpcLogDecScaledMin.cpp:4815
:45  store i16 0, i16* %prLamB_buf6_addr, align 2

ST_1: prLamB_buf7_addr (249)  [1/1] 0.00ns  loc: LDPC_Decoder3U/HLSLdpcLogDecScaledMin.cpp:4816
:46  %prLamB_buf7_addr = getelementptr inbounds [1024 x i16]* @prLamB_buf7, i32 0, i32 %tmp_443

ST_1: StgValue_153 (250)  [1/1] 2.33ns  loc: LDPC_Decoder3U/HLSLdpcLogDecScaledMin.cpp:4816
:47  store i16 0, i16* %prLamB_buf7_addr, align 2

ST_1: prLamB_buf7a_addr (251)  [1/1] 0.00ns  loc: LDPC_Decoder3U/HLSLdpcLogDecScaledMin.cpp:4817
:48  %prLamB_buf7a_addr = getelementptr inbounds [1024 x i16]* @prLamB_buf7a, i32 0, i32 %tmp_443

ST_1: StgValue_155 (252)  [1/1] 2.33ns  loc: LDPC_Decoder3U/HLSLdpcLogDecScaledMin.cpp:4817
:49  store i16 0, i16* %prLamB_buf7a_addr, align 2

ST_1: prLamB_buf9_addr (253)  [1/1] 0.00ns  loc: LDPC_Decoder3U/HLSLdpcLogDecScaledMin.cpp:4818
:50  %prLamB_buf9_addr = getelementptr inbounds [1024 x i16]* @prLamB_buf9, i32 0, i32 %tmp_443

ST_1: StgValue_157 (254)  [1/1] 2.33ns  loc: LDPC_Decoder3U/HLSLdpcLogDecScaledMin.cpp:4818
:51  store i16 0, i16* %prLamB_buf9_addr, align 2

ST_1: prLamB_buf9a_addr (255)  [1/1] 0.00ns  loc: LDPC_Decoder3U/HLSLdpcLogDecScaledMin.cpp:4819
:52  %prLamB_buf9a_addr = getelementptr inbounds [1024 x i16]* @prLamB_buf9a, i32 0, i32 %tmp_443

ST_1: StgValue_159 (256)  [1/1] 2.33ns  loc: LDPC_Decoder3U/HLSLdpcLogDecScaledMin.cpp:4819
:53  store i16 0, i16* %prLamB_buf9a_addr, align 2

ST_1: prLamB_buf10_addr (257)  [1/1] 0.00ns  loc: LDPC_Decoder3U/HLSLdpcLogDecScaledMin.cpp:4820
:54  %prLamB_buf10_addr = getelementptr inbounds [1024 x i16]* @prLamB_buf10, i32 0, i32 %tmp_443

ST_1: StgValue_161 (258)  [1/1] 2.33ns  loc: LDPC_Decoder3U/HLSLdpcLogDecScaledMin.cpp:4820
:55  store i16 0, i16* %prLamB_buf10_addr, align 2

ST_1: prLam2B_buf3b_addr (259)  [1/1] 0.00ns  loc: LDPC_Decoder3U/HLSLdpcLogDecScaledMin.cpp:4822
:56  %prLam2B_buf3b_addr = getelementptr inbounds [1024 x i16]* @prLam2B_buf3b, i32 0, i32 %tmp_443

ST_1: StgValue_163 (260)  [1/1] 2.33ns  loc: LDPC_Decoder3U/HLSLdpcLogDecScaledMin.cpp:4822
:57  store i16 0, i16* %prLam2B_buf3b_addr, align 2

ST_1: prLam2B_buf5_addr (261)  [1/1] 0.00ns  loc: LDPC_Decoder3U/HLSLdpcLogDecScaledMin.cpp:4823
:58  %prLam2B_buf5_addr = getelementptr inbounds [1024 x i16]* @prLam2B_buf5, i32 0, i32 %tmp_443

ST_1: StgValue_165 (262)  [1/1] 2.33ns  loc: LDPC_Decoder3U/HLSLdpcLogDecScaledMin.cpp:4823
:59  store i16 0, i16* %prLam2B_buf5_addr, align 2

ST_1: prLam2B_buf5a_addr (263)  [1/1] 0.00ns  loc: LDPC_Decoder3U/HLSLdpcLogDecScaledMin.cpp:4824
:60  %prLam2B_buf5a_addr = getelementptr inbounds [1024 x i16]* @prLam2B_buf5a, i32 0, i32 %tmp_443

ST_1: StgValue_167 (264)  [1/1] 2.33ns  loc: LDPC_Decoder3U/HLSLdpcLogDecScaledMin.cpp:4824
:61  store i16 0, i16* %prLam2B_buf5a_addr, align 2

ST_1: prLam2B_buf6_addr (265)  [1/1] 0.00ns  loc: LDPC_Decoder3U/HLSLdpcLogDecScaledMin.cpp:4825
:62  %prLam2B_buf6_addr = getelementptr inbounds [1024 x i16]* @prLam2B_buf6, i32 0, i32 %tmp_443

ST_1: StgValue_169 (266)  [1/1] 2.33ns  loc: LDPC_Decoder3U/HLSLdpcLogDecScaledMin.cpp:4825
:63  store i16 0, i16* %prLam2B_buf6_addr, align 2

ST_1: prLam2B_buf7_addr (267)  [1/1] 0.00ns  loc: LDPC_Decoder3U/HLSLdpcLogDecScaledMin.cpp:4826
:64  %prLam2B_buf7_addr = getelementptr inbounds [1024 x i16]* @prLam2B_buf7, i32 0, i32 %tmp_443

ST_1: StgValue_171 (268)  [1/1] 2.33ns  loc: LDPC_Decoder3U/HLSLdpcLogDecScaledMin.cpp:4826
:65  store i16 0, i16* %prLam2B_buf7_addr, align 2

ST_1: prLam2B_buf7a_addr (269)  [1/1] 0.00ns  loc: LDPC_Decoder3U/HLSLdpcLogDecScaledMin.cpp:4827
:66  %prLam2B_buf7a_addr = getelementptr inbounds [1024 x i16]* @prLam2B_buf7a, i32 0, i32 %tmp_443

ST_1: StgValue_173 (270)  [1/1] 2.33ns  loc: LDPC_Decoder3U/HLSLdpcLogDecScaledMin.cpp:4827
:67  store i16 0, i16* %prLam2B_buf7a_addr, align 2

ST_1: prLam2B_buf9_addr (271)  [1/1] 0.00ns  loc: LDPC_Decoder3U/HLSLdpcLogDecScaledMin.cpp:4828
:68  %prLam2B_buf9_addr = getelementptr inbounds [1024 x i16]* @prLam2B_buf9, i32 0, i32 %tmp_443

ST_1: StgValue_175 (272)  [1/1] 2.33ns  loc: LDPC_Decoder3U/HLSLdpcLogDecScaledMin.cpp:4828
:69  store i16 0, i16* %prLam2B_buf9_addr, align 2

ST_1: prLam2B_buf9a_addr (273)  [1/1] 0.00ns  loc: LDPC_Decoder3U/HLSLdpcLogDecScaledMin.cpp:4829
:70  %prLam2B_buf9a_addr = getelementptr inbounds [1024 x i16]* @prLam2B_buf9a, i32 0, i32 %tmp_443

ST_1: StgValue_177 (274)  [1/1] 2.33ns  loc: LDPC_Decoder3U/HLSLdpcLogDecScaledMin.cpp:4829
:71  store i16 0, i16* %prLam2B_buf9a_addr, align 2

ST_1: prLam2B_buf10_addr (275)  [1/1] 0.00ns  loc: LDPC_Decoder3U/HLSLdpcLogDecScaledMin.cpp:4830
:72  %prLam2B_buf10_addr = getelementptr inbounds [1024 x i16]* @prLam2B_buf10, i32 0, i32 %tmp_443

ST_1: StgValue_179 (276)  [1/1] 2.33ns  loc: LDPC_Decoder3U/HLSLdpcLogDecScaledMin.cpp:4830
:73  store i16 0, i16* %prLam2B_buf10_addr, align 2

ST_1: prLamC_buf5_addr (277)  [1/1] 0.00ns  loc: LDPC_Decoder3U/HLSLdpcLogDecScaledMin.cpp:4833
:74  %prLamC_buf5_addr = getelementptr inbounds [1024 x i16]* @prLamC_buf5, i32 0, i32 %tmp_443

ST_1: StgValue_181 (278)  [1/1] 2.33ns  loc: LDPC_Decoder3U/HLSLdpcLogDecScaledMin.cpp:4833
:75  store i16 0, i16* %prLamC_buf5_addr, align 2

ST_1: prLamC_buf6_addr (279)  [1/1] 0.00ns  loc: LDPC_Decoder3U/HLSLdpcLogDecScaledMin.cpp:4834
:76  %prLamC_buf6_addr = getelementptr inbounds [1024 x i16]* @prLamC_buf6, i32 0, i32 %tmp_443

ST_1: StgValue_183 (280)  [1/1] 2.33ns  loc: LDPC_Decoder3U/HLSLdpcLogDecScaledMin.cpp:4834
:77  store i16 0, i16* %prLamC_buf6_addr, align 2

ST_1: prLamC_buf7_addr (281)  [1/1] 0.00ns  loc: LDPC_Decoder3U/HLSLdpcLogDecScaledMin.cpp:4835
:78  %prLamC_buf7_addr = getelementptr inbounds [1024 x i16]* @prLamC_buf7, i32 0, i32 %tmp_443

ST_1: StgValue_185 (282)  [1/1] 2.33ns  loc: LDPC_Decoder3U/HLSLdpcLogDecScaledMin.cpp:4835
:79  store i16 0, i16* %prLamC_buf7_addr, align 2

ST_1: prLamC_buf10_addr (283)  [1/1] 0.00ns  loc: LDPC_Decoder3U/HLSLdpcLogDecScaledMin.cpp:4836
:80  %prLamC_buf10_addr = getelementptr inbounds [1024 x i16]* @prLamC_buf10, i32 0, i32 %tmp_443

ST_1: StgValue_187 (284)  [1/1] 2.33ns  loc: LDPC_Decoder3U/HLSLdpcLogDecScaledMin.cpp:4836
:81  store i16 0, i16* %prLamC_buf10_addr, align 2

ST_1: prLamC_buf10a_addr (285)  [1/1] 0.00ns  loc: LDPC_Decoder3U/HLSLdpcLogDecScaledMin.cpp:4837
:82  %prLamC_buf10a_addr = getelementptr inbounds [1024 x i16]* @prLamC_buf10a, i32 0, i32 %tmp_443

ST_1: StgValue_189 (286)  [1/1] 2.33ns  loc: LDPC_Decoder3U/HLSLdpcLogDecScaledMin.cpp:4837
:83  store i16 0, i16* %prLamC_buf10a_addr, align 2

ST_1: prLamC_buf10b_addr (287)  [1/1] 0.00ns  loc: LDPC_Decoder3U/HLSLdpcLogDecScaledMin.cpp:4838
:84  %prLamC_buf10b_addr = getelementptr inbounds [1024 x i16]* @prLamC_buf10b, i32 0, i32 %tmp_443

ST_1: StgValue_191 (288)  [1/1] 2.33ns  loc: LDPC_Decoder3U/HLSLdpcLogDecScaledMin.cpp:4838
:85  store i16 0, i16* %prLamC_buf10b_addr, align 2

ST_1: prLam2C_buf5_addr (289)  [1/1] 0.00ns  loc: LDPC_Decoder3U/HLSLdpcLogDecScaledMin.cpp:4840
:86  %prLam2C_buf5_addr = getelementptr inbounds [1024 x i16]* @prLam2C_buf5, i32 0, i32 %tmp_443

ST_1: StgValue_193 (290)  [1/1] 2.33ns  loc: LDPC_Decoder3U/HLSLdpcLogDecScaledMin.cpp:4840
:87  store i16 0, i16* %prLam2C_buf5_addr, align 2

ST_1: prLam2C_buf6_addr (291)  [1/1] 0.00ns  loc: LDPC_Decoder3U/HLSLdpcLogDecScaledMin.cpp:4841
:88  %prLam2C_buf6_addr = getelementptr inbounds [1024 x i16]* @prLam2C_buf6, i32 0, i32 %tmp_443

ST_1: StgValue_195 (292)  [1/1] 2.33ns  loc: LDPC_Decoder3U/HLSLdpcLogDecScaledMin.cpp:4841
:89  store i16 0, i16* %prLam2C_buf6_addr, align 2

ST_1: prLam2C_buf7_addr (293)  [1/1] 0.00ns  loc: LDPC_Decoder3U/HLSLdpcLogDecScaledMin.cpp:4842
:90  %prLam2C_buf7_addr = getelementptr inbounds [1024 x i16]* @prLam2C_buf7, i32 0, i32 %tmp_443

ST_1: StgValue_197 (294)  [1/1] 2.33ns  loc: LDPC_Decoder3U/HLSLdpcLogDecScaledMin.cpp:4842
:91  store i16 0, i16* %prLam2C_buf7_addr, align 2

ST_1: prLam2C_buf10_addr (295)  [1/1] 0.00ns  loc: LDPC_Decoder3U/HLSLdpcLogDecScaledMin.cpp:4843
:92  %prLam2C_buf10_addr = getelementptr inbounds [1024 x i16]* @prLam2C_buf10, i32 0, i32 %tmp_443

ST_1: StgValue_199 (296)  [1/1] 2.33ns  loc: LDPC_Decoder3U/HLSLdpcLogDecScaledMin.cpp:4843
:93  store i16 0, i16* %prLam2C_buf10_addr, align 2

ST_1: prLam2C_buf10a_addr (297)  [1/1] 0.00ns  loc: LDPC_Decoder3U/HLSLdpcLogDecScaledMin.cpp:4844
:94  %prLam2C_buf10a_addr = getelementptr inbounds [1024 x i16]* @prLam2C_buf10a, i32 0, i32 %tmp_443

ST_1: StgValue_201 (298)  [1/1] 2.33ns  loc: LDPC_Decoder3U/HLSLdpcLogDecScaledMin.cpp:4844
:95  store i16 0, i16* %prLam2C_buf10a_addr, align 2

ST_1: prLam2C_buf10b_addr (299)  [1/1] 0.00ns  loc: LDPC_Decoder3U/HLSLdpcLogDecScaledMin.cpp:4845
:96  %prLam2C_buf10b_addr = getelementptr inbounds [1024 x i16]* @prLam2C_buf10b, i32 0, i32 %tmp_443

ST_1: StgValue_203 (300)  [1/1] 2.33ns  loc: LDPC_Decoder3U/HLSLdpcLogDecScaledMin.cpp:4845
:97  store i16 0, i16* %prLam2C_buf10b_addr, align 2

ST_1: StgValue_204 (301)  [1/1] 0.00ns
:98  br label %3

ST_1: StgValue_205 (303)  [1/1] 0.00ns  loc: LDPC_Decoder3U/HLSLdpcLogDecScaledMin.cpp:4849
:0  ret void



============================================================
+ Verbose Summary: Timing violations
============================================================
Target clock period: 10ns, clock uncertainty: 1.25ns.

 <State 1>: 3.17ns
The critical path consists of the following:
	wire read on port 'pos_r' [97]  (0 ns)
	'xor' operation ('pos', LDPC_Decoder3U/HLSLdpcLogDecScaledMin.cpp:4790) [204]  (0.84 ns)
	'getelementptr' operation ('Lam_bufAb_addr', LDPC_Decoder3U/HLSLdpcLogDecScaledMin.cpp:4793) [209]  (0 ns)
	'store' operation (LDPC_Decoder3U/HLSLdpcLogDecScaledMin.cpp:4793) of variable 'pest0_load_1', LDPC_Decoder3U/HLSLdpcLogDecScaledMin.cpp:4792 on array 'Lam_bufAb' [210]  (2.33 ns)


============================================================
+ Verbose Summary: Binding
============================================================
N/A
* FSMD analyzer results:
  - Output states:
 - Input state : 
  - Chain level:
	State 1


============================================================
+ Verbose Summary: Datapath Resource usage 
============================================================
N/A
