Vivado Simulator 2016.3
Copyright 1986-1999, 2001-2016 Xilinx, Inc. All Rights Reserved.
Running: C:/Xilinx/Vivado/2016.3/bin/unwrapped/win64.o/xelab.exe -wto 7b5c2931ff9f467db4efc64cc4b41775 --debug typical --relax --mt 2 -L xil_defaultlib -L blk_mem_gen_v8_3_4 -L xbip_utils_v3_0_7 -L c_reg_fd_v12_0_3 -L xbip_dsp48_wrapper_v3_0_4 -L xbip_pipe_v3_0_3 -L xbip_dsp48_addsub_v3_0_3 -L xbip_addsub_v3_0_3 -L c_addsub_v12_0_10 -L util_vector_logic_v2_0 -L unisims_ver -L unimacro_ver -L secureip -L xpm --snapshot design_2_wrapper_behav xil_defaultlib.design_2_wrapper xil_defaultlib.glbl -log elaborate.log 
Using 2 slave threads.
Starting static elaboration
WARNING: [VRFC 10-1783] select index 30 into current_contents is out of bounds [/wrk/2016.3/nightly/2016_10_10_1682563/packages/customer/vivado/data/ip/xilinx/blk_mem_gen_v8_3/simulation/blk_mem_gen_v8_3.v:2414]
WARNING: [VRFC 10-1783] select index 1 into current_contents is out of bounds [/wrk/2016.3/nightly/2016_10_10_1682563/packages/customer/vivado/data/ip/xilinx/blk_mem_gen_v8_3/simulation/blk_mem_gen_v8_3.v:2415]
Completed static elaboration
Starting simulation data flow analysis
Completed simulation data flow analysis
Time Resolution for simulation is 1ps
Compiling package std.standard
Compiling package std.textio
Compiling package ieee.std_logic_1164
Compiling package ieee.numeric_std
Compiling package c_addsub_v12_0_10.c_addsub_v12_0_10_viv_comp
Compiling package xbip_utils_v3_0_7.xbip_utils_v3_0_7_pkg
Compiling package xbip_pipe_v3_0_3.xbip_pipe_v3_0_3_viv_comp
Compiling package xbip_addsub_v3_0_3.xbip_addsub_v3_0_3_viv_comp
Compiling package c_addsub_v12_0_10.c_addsub_v12_0_10_pkg
Compiling package c_addsub_v12_0_10.c_addsub_v12_0_10_pkg_legacy
Compiling package c_reg_fd_v12_0_3.c_reg_fd_v12_0_3_viv_comp
Compiling package unisim.vcomponents
Compiling architecture imp of entity util_vector_logic_v2_0.util_vector_logic [\util_vector_logic(c_operation="...]
Compiling architecture design_2_data_ce_mux_1_arch of entity xil_defaultlib.design_2_data_ce_mux_1 [design_2_data_ce_mux_1_default]
Compiling module xil_defaultlib.HLSLdpcLogDecScal3i2_ram
Compiling module xil_defaultlib.HLSLdpcLogDecScal3i2(DataWidth=1...
Compiling module xil_defaultlib.HLSLdpcLogDecScal8jQ_ram
Compiling module xil_defaultlib.HLSLdpcLogDecScal8jQ(DataWidth=1...
Compiling module xil_defaultlib.HLSLdpcLogDecScalbvn_ram
Compiling module xil_defaultlib.HLSLdpcLogDecScalbvn(DataWidth=1...
Compiling module xil_defaultlib.HLSLdpcLogDecScalcGz_ram
Compiling module xil_defaultlib.HLSLdpcLogDecScalcGz(DataWidth=1...
Compiling module xil_defaultlib.HLSLdpcLogDecScaldeE_ram
Compiling module xil_defaultlib.HLSLdpcLogDecScaldeE(DataWidth=3...
Compiling module xil_defaultlib.HLSLdpcLogDecScaldiF_ram
Compiling module xil_defaultlib.HLSLdpcLogDecScaldiF(DataWidth=3...
Compiling module xil_defaultlib.HLSLdpcLogDecScaldjF_ram
Compiling module xil_defaultlib.HLSLdpcLogDecScaldjF(DataWidth=3...
Compiling module xil_defaultlib.HLSLdpcLogDecScaldAI_ram
Compiling module xil_defaultlib.HLSLdpcLogDecScaldAI(DataWidth=1...
Compiling module xil_defaultlib.mcalcC
Compiling module xil_defaultlib.mcalcD
Compiling module xil_defaultlib.mcalcF
Compiling module xil_defaultlib.mcalcG
Compiling module xil_defaultlib.mcalcB
Compiling module xil_defaultlib.mcalcE
Compiling module xil_defaultlib.calc_ma
Compiling module xil_defaultlib.mcalcAA_varinx3_1DeQ_rom
Compiling module xil_defaultlib.mcalcAA_varinx3_1DeQ(DataWidth=2...
Compiling module xil_defaultlib.mcalcAA_varinx18AEe0_rom
Compiling module xil_defaultlib.mcalcAA_varinx18AEe0(DataWidth=2...
Compiling module xil_defaultlib.mcalcAA_varinx18AFfa_rom
Compiling module xil_defaultlib.mcalcAA_varinx18AFfa(DataWidth=2...
Compiling module xil_defaultlib.mcalcAA_varinx18AGfk_rom
Compiling module xil_defaultlib.mcalcAA_varinx18AGfk(DataWidth=2...
Compiling module xil_defaultlib.mcalcAA_varinx18AHfu_rom
Compiling module xil_defaultlib.mcalcAA_varinx18AHfu(DataWidth=2...
Compiling module xil_defaultlib.mcalcAA_varinx18AIfE_rom
Compiling module xil_defaultlib.mcalcAA_varinx18AIfE(DataWidth=2...
Compiling module xil_defaultlib.mcalcAA_varinx18AJfO_rom
Compiling module xil_defaultlib.mcalcAA_varinx18AJfO(DataWidth=2...
Compiling module xil_defaultlib.mcalcAA_varinx18BKfY_rom
Compiling module xil_defaultlib.mcalcAA_varinx18BKfY(DataWidth=2...
Compiling module xil_defaultlib.mcalcAA_varinx18BLf8_rom
Compiling module xil_defaultlib.mcalcAA_varinx18BLf8(DataWidth=2...
Compiling module xil_defaultlib.mcalcAA_varinx18BMgi_rom
Compiling module xil_defaultlib.mcalcAA_varinx18BMgi(DataWidth=2...
Compiling module xil_defaultlib.mcalcAA_varinx18BNgs_rom
Compiling module xil_defaultlib.mcalcAA_varinx18BNgs(DataWidth=2...
Compiling module xil_defaultlib.mcalcAA_varinx18BOgC_rom
Compiling module xil_defaultlib.mcalcAA_varinx18BOgC(DataWidth=2...
Compiling module xil_defaultlib.mcalcAA_varinx18BPgM_rom
Compiling module xil_defaultlib.mcalcAA_varinx18BPgM(DataWidth=2...
Compiling module xil_defaultlib.mcalcAA_varinx3_4QgW_rom
Compiling module xil_defaultlib.mcalcAA_varinx3_4QgW(DataWidth=2...
Compiling module xil_defaultlib.mcalcAA_varinx18ARg6_rom
Compiling module xil_defaultlib.mcalcAA_varinx18ARg6(DataWidth=2...
Compiling module xil_defaultlib.mcalcAA_varinx18AShg_rom
Compiling module xil_defaultlib.mcalcAA_varinx18AShg(DataWidth=2...
Compiling module xil_defaultlib.mcalcAA_varinx18AThq_rom
Compiling module xil_defaultlib.mcalcAA_varinx18AThq(DataWidth=2...
Compiling module xil_defaultlib.mcalcAA_varinx18AUhA_rom
Compiling module xil_defaultlib.mcalcAA_varinx18AUhA(DataWidth=2...
Compiling module xil_defaultlib.mcalcAA_varinx18AVhK_rom
Compiling module xil_defaultlib.mcalcAA_varinx18AVhK(DataWidth=2...
Compiling module xil_defaultlib.mcalcAA_varinx18AWhU_rom
Compiling module xil_defaultlib.mcalcAA_varinx18AWhU(DataWidth=2...
Compiling module xil_defaultlib.mcalcAA_varinx18BXh4_rom
Compiling module xil_defaultlib.mcalcAA_varinx18BXh4(DataWidth=2...
Compiling module xil_defaultlib.mcalcAA_varinx18BYie_rom
Compiling module xil_defaultlib.mcalcAA_varinx18BYie(DataWidth=2...
Compiling module xil_defaultlib.mcalcAA_varinx18BZio_rom
Compiling module xil_defaultlib.mcalcAA_varinx18BZio(DataWidth=2...
Compiling module xil_defaultlib.mcalcAA_varinx18B0iy_rom
Compiling module xil_defaultlib.mcalcAA_varinx18B0iy(DataWidth=2...
Compiling module xil_defaultlib.mcalcAA_varinx18B1iI_rom
Compiling module xil_defaultlib.mcalcAA_varinx18B1iI(DataWidth=2...
Compiling module xil_defaultlib.mcalcAA_varinx18B2iS_rom
Compiling module xil_defaultlib.mcalcAA_varinx18B2iS(DataWidth=2...
Compiling module xil_defaultlib.mcalcAA
Compiling module xil_defaultlib.setup_calc
Compiling module xil_defaultlib.write_result
Compiling module xil_defaultlib.mcalcAA_12_varinxbkb_rom
Compiling module xil_defaultlib.mcalcAA_12_varinxbkb(DataWidth=3...
Compiling module xil_defaultlib.mcalcAA_12_varinxcud_rom
Compiling module xil_defaultlib.mcalcAA_12_varinxcud(DataWidth=3...
Compiling module xil_defaultlib.mcalcAA_12_varinxdEe_rom
Compiling module xil_defaultlib.mcalcAA_12_varinxdEe(DataWidth=3...
Compiling module xil_defaultlib.mcalcAA_12_varinxeOg_rom
Compiling module xil_defaultlib.mcalcAA_12_varinxeOg(DataWidth=3...
Compiling module xil_defaultlib.mcalcAA_12_varinxfYi_rom
Compiling module xil_defaultlib.mcalcAA_12_varinxfYi(DataWidth=3...
Compiling module xil_defaultlib.mcalcAA_12_varinxg8j_rom
Compiling module xil_defaultlib.mcalcAA_12_varinxg8j(DataWidth=3...
Compiling module xil_defaultlib.mcalcAA_12_varinxhbi_rom
Compiling module xil_defaultlib.mcalcAA_12_varinxhbi(DataWidth=3...
Compiling module xil_defaultlib.mcalcAA_12_varinxibs_rom
Compiling module xil_defaultlib.mcalcAA_12_varinxibs(DataWidth=3...
Compiling module xil_defaultlib.mcalcAA_12_varinxjbC_rom
Compiling module xil_defaultlib.mcalcAA_12_varinxjbC(DataWidth=3...
Compiling module xil_defaultlib.mcalcAA_12_varinxkbM_rom
Compiling module xil_defaultlib.mcalcAA_12_varinxkbM(DataWidth=3...
Compiling module xil_defaultlib.mcalcAA_12
Compiling module xil_defaultlib.setup_calc_12
Compiling module xil_defaultlib.mcalcAA_23_varinxlbW_rom
Compiling module xil_defaultlib.mcalcAA_23_varinxlbW(DataWidth=3...
Compiling module xil_defaultlib.mcalcAA_23_varinxmb6_rom
Compiling module xil_defaultlib.mcalcAA_23_varinxmb6(DataWidth=3...
Compiling module xil_defaultlib.mcalcAA_23_varinxncg_rom
Compiling module xil_defaultlib.mcalcAA_23_varinxncg(DataWidth=3...
Compiling module xil_defaultlib.mcalcAA_23_varinxocq_rom
Compiling module xil_defaultlib.mcalcAA_23_varinxocq(DataWidth=3...
Compiling module xil_defaultlib.mcalcAA_23_varinxpcA_rom
Compiling module xil_defaultlib.mcalcAA_23_varinxpcA(DataWidth=8...
Compiling module xil_defaultlib.mcalcAA_23_varinxqcK_rom
Compiling module xil_defaultlib.mcalcAA_23_varinxqcK(DataWidth=3...
Compiling module xil_defaultlib.mcalcAA_23_varinxrcU_rom
Compiling module xil_defaultlib.mcalcAA_23_varinxrcU(DataWidth=3...
Compiling module xil_defaultlib.mcalcAA_23_varinxsc4_rom
Compiling module xil_defaultlib.mcalcAA_23_varinxsc4(DataWidth=3...
Compiling module xil_defaultlib.mcalcAA_23_varinxtde_rom
Compiling module xil_defaultlib.mcalcAA_23_varinxtde(DataWidth=8...
Compiling module xil_defaultlib.mcalcAA_23_varinxudo_rom
Compiling module xil_defaultlib.mcalcAA_23_varinxudo(DataWidth=3...
Compiling module xil_defaultlib.mcalcAA_23_varinxvdy_rom
Compiling module xil_defaultlib.mcalcAA_23_varinxvdy(DataWidth=3...
Compiling module xil_defaultlib.mcalcAA_23_varinxwdI_rom
Compiling module xil_defaultlib.mcalcAA_23_varinxwdI(DataWidth=3...
Compiling module xil_defaultlib.mcalcAA_23_varinxxdS_rom
Compiling module xil_defaultlib.mcalcAA_23_varinxxdS(DataWidth=3...
Compiling module xil_defaultlib.mcalcAA_23_varinxyd2_rom
Compiling module xil_defaultlib.mcalcAA_23_varinxyd2(DataWidth=1...
Compiling module xil_defaultlib.mcalcAA_23_varinxzec_rom
Compiling module xil_defaultlib.mcalcAA_23_varinxzec(DataWidth=3...
Compiling module xil_defaultlib.mcalcAA_23_varinxAem_rom
Compiling module xil_defaultlib.mcalcAA_23_varinxAem(DataWidth=3...
Compiling module xil_defaultlib.mcalcAA_23_varinxBew_rom
Compiling module xil_defaultlib.mcalcAA_23_varinxBew(DataWidth=3...
Compiling module xil_defaultlib.mcalcAA_23_varinxCeG_rom
Compiling module xil_defaultlib.mcalcAA_23_varinxCeG(DataWidth=1...
Compiling module xil_defaultlib.mcalcAA_23
Compiling module xil_defaultlib.setup_calc_23
Compiling module xil_defaultlib.write_result_12
Compiling module xil_defaultlib.write_result_23
Compiling module xil_defaultlib.load_pest_all
Compiling module xil_defaultlib.update_lam_all
Compiling module xil_defaultlib.update_hat_all
Compiling module xil_defaultlib.calc_n
Compiling module xil_defaultlib.load_pest_12_top
Compiling module xil_defaultlib.load_pest_12_bot
Compiling module xil_defaultlib.update_lam_all_12
Compiling module xil_defaultlib.calc_n_12
Compiling module xil_defaultlib.load_pest_all_23
Compiling module xil_defaultlib.update_lam_all_23
Compiling module xil_defaultlib.calc_n_23
Compiling module xil_defaultlib.HLSLdpcLogDecScaledMin
Compiling module xil_defaultlib.design_2_HLSLdpcLogDecScaledMin_...
Compiling module xil_defaultlib.design_2_HLSLdpcLogDecScaledMin_...
Compiling module xil_defaultlib.LDPC_CTRL
Compiling module xil_defaultlib.design_2_LDPC_CTRL_0_0
Compiling module xil_defaultlib.xlconstant(CONST_VAL=1'b1)
Compiling module xil_defaultlib.design_2_xlconstant_0_0
Compiling module xil_defaultlib.LDPC_Div
Compiling module xil_defaultlib.design_2_LDPC_Div_0_0
Compiling module xil_defaultlib.LDPC_Out
Compiling module xil_defaultlib.design_2_LDPC_Out_0_0
Compiling module xil_defaultlib.write_raw_data
Compiling module xil_defaultlib.LDPC_buff
Compiling module xil_defaultlib.design_2_LDPC_buff_0_0
Compiling architecture structural of entity c_reg_fd_v12_0_3.c_reg_fd_v12_0_3_viv [\c_reg_fd_v12_0_3_viv(c_sync_pri...]
Compiling architecture muxcy_v of entity unisim.MUXCY [muxcy_default]
Compiling architecture xorcy_v of entity unisim.XORCY [xorcy_default]
Compiling architecture rtl of entity c_addsub_v12_0_10.c_addsub_v12_0_10_lut6_legacy [\c_addsub_v12_0_10_lut6_legacy(c...]
Compiling architecture synth of entity c_addsub_v12_0_10.c_addsub_v12_0_10_fabric_legacy [\c_addsub_v12_0_10_fabric_legacy...]
Compiling architecture synth of entity c_addsub_v12_0_10.c_addsub_v12_0_10_legacy [\c_addsub_v12_0_10_legacy(c_fami...]
Compiling architecture synth of entity c_addsub_v12_0_10.c_addsub_v12_0_10_viv [\c_addsub_v12_0_10_viv(c_xdevice...]
Compiling architecture xilinx of entity c_addsub_v12_0_10.c_addsub_v12_0_10 [\c_addsub_v12_0_10(c_xdevicefami...]
Compiling architecture design_2_buff_start_lat_0_arch of entity xil_defaultlib.design_2_buff_start_lat_0 [design_2_buff_start_lat_0_defaul...]
Compiling architecture design_2_c_addsub_0_1_arch of entity xil_defaultlib.design_2_c_addsub_0_1 [design_2_c_addsub_0_1_default]
Compiling architecture imp of entity util_vector_logic_v2_0.util_vector_logic [\util_vector_logic(c_size=1)(1,3...]
Compiling architecture design_2_util_vector_logic_0_0_arch of entity xil_defaultlib.design_2_util_vector_logic_0_0 [design_2_util_vector_logic_0_0_d...]
Compiling architecture design_2_data_ce_mux_0_arch of entity xil_defaultlib.design_2_data_ce_mux_0 [design_2_data_ce_mux_0_default]
Compiling architecture design_2_data_ce_mux1_0_arch of entity xil_defaultlib.design_2_data_ce_mux1_0 [design_2_data_ce_mux1_0_default]
Compiling architecture design_2_data_ce_mux_ab_1_0_arch of entity xil_defaultlib.design_2_data_ce_mux_ab_1_0 [design_2_data_ce_mux_ab_1_0_defa...]
Compiling architecture design_2_data_ce_mux_ab_2_0_arch of entity xil_defaultlib.design_2_data_ce_mux_ab_2_0 [design_2_data_ce_mux_ab_2_0_defa...]
Compiling architecture design_2_data_ce_mux_ab_3_0_arch of entity xil_defaultlib.design_2_data_ce_mux_ab_3_0 [design_2_data_ce_mux_ab_3_0_defa...]
Compiling architecture design_2_data_ce_mux_ab_4_0_arch of entity xil_defaultlib.design_2_data_ce_mux_ab_4_0 [design_2_data_ce_mux_ab_4_0_defa...]
Compiling architecture design_2_data_ce_mux_ab_5_0_arch of entity xil_defaultlib.design_2_data_ce_mux_ab_5_0 [design_2_data_ce_mux_ab_5_0_defa...]
Compiling architecture design_2_data_ce_mux_ab_6_0_arch of entity xil_defaultlib.design_2_data_ce_mux_ab_6_0 [design_2_data_ce_mux_ab_6_0_defa...]
Compiling architecture design_2_data_ce_mux_3_arch of entity xil_defaultlib.design_2_data_ce_mux_3 [design_2_data_ce_mux_3_default]
Compiling architecture design_2_data_ce_mux_bb_1_0_arch of entity xil_defaultlib.design_2_data_ce_mux_bb_1_0 [design_2_data_ce_mux_bb_1_0_defa...]
Compiling architecture design_2_data_ce_mux_bb_2_0_arch of entity xil_defaultlib.design_2_data_ce_mux_bb_2_0 [design_2_data_ce_mux_bb_2_0_defa...]
Compiling architecture design_2_data_ce_mux_bb_3_0_arch of entity xil_defaultlib.design_2_data_ce_mux_bb_3_0 [design_2_data_ce_mux_bb_3_0_defa...]
Compiling architecture design_2_data_ce_mux_bb_4_0_arch of entity xil_defaultlib.design_2_data_ce_mux_bb_4_0 [design_2_data_ce_mux_bb_4_0_defa...]
Compiling architecture design_2_data_ce_mux_bb_5_0_arch of entity xil_defaultlib.design_2_data_ce_mux_bb_5_0 [design_2_data_ce_mux_bb_5_0_defa...]
Compiling architecture design_2_data_ce_mux_bb_6_0_arch of entity xil_defaultlib.design_2_data_ce_mux_bb_6_0 [design_2_data_ce_mux_bb_6_0_defa...]
Compiling architecture rtl of entity c_addsub_v12_0_10.c_addsub_v12_0_10_lut6_legacy [\c_addsub_v12_0_10_lut6_legacy(c...]
Compiling architecture synth of entity c_addsub_v12_0_10.c_addsub_v12_0_10_fabric_legacy [\c_addsub_v12_0_10_fabric_legacy...]
Compiling architecture synth of entity c_addsub_v12_0_10.c_addsub_v12_0_10_legacy [\c_addsub_v12_0_10_legacy(c_fami...]
Compiling architecture synth of entity c_addsub_v12_0_10.c_addsub_v12_0_10_viv [\c_addsub_v12_0_10_viv(c_xdevice...]
Compiling architecture xilinx of entity c_addsub_v12_0_10.c_addsub_v12_0_10 [\c_addsub_v12_0_10(c_xdevicefami...]
Compiling architecture design_2_data_mux_0_arch of entity xil_defaultlib.design_2_data_mux_0 [design_2_data_mux_0_default]
Compiling architecture design_2_data_mux1_0_arch of entity xil_defaultlib.design_2_data_mux1_0 [design_2_data_mux1_0_default]
Compiling architecture design_2_data_mux11_0_arch of entity xil_defaultlib.design_2_data_mux11_0 [design_2_data_mux11_0_default]
Compiling architecture design_2_data_mux12_0_arch of entity xil_defaultlib.design_2_data_mux12_0 [design_2_data_mux12_0_default]
Compiling architecture design_2_data_mux13_0_arch of entity xil_defaultlib.design_2_data_mux13_0 [design_2_data_mux13_0_default]
Compiling architecture design_2_data_mux14_0_arch of entity xil_defaultlib.design_2_data_mux14_0 [design_2_data_mux14_0_default]
Compiling architecture design_2_data_mux15_0_arch of entity xil_defaultlib.design_2_data_mux15_0 [design_2_data_mux15_0_default]
Compiling architecture design_2_data_mux16_0_arch of entity xil_defaultlib.design_2_data_mux16_0 [design_2_data_mux16_0_default]
Compiling module blk_mem_gen_v8_3_4.blk_mem_gen_v8_3_4_output_stage(...
Compiling module blk_mem_gen_v8_3_4.blk_mem_gen_v8_3_4_output_stage(...
Compiling module blk_mem_gen_v8_3_4.blk_mem_gen_v8_3_4_softecc_outpu...
Compiling module blk_mem_gen_v8_3_4.blk_mem_gen_v8_3_4_mem_module(C_...
Compiling module blk_mem_gen_v8_3_4.blk_mem_gen_v8_3_4(C_FAMILY="kin...
Compiling module xil_defaultlib.design_2_blk_mem_gen_0_4
Compiling module xil_defaultlib.design_2_decode_data_b_0_0
Compiling module blk_mem_gen_v8_3_4.blk_mem_gen_v8_3_4_output_stage(...
Compiling module blk_mem_gen_v8_3_4.blk_mem_gen_v8_3_4_output_stage(...
Compiling module blk_mem_gen_v8_3_4.blk_mem_gen_v8_3_4_softecc_outpu...
Compiling module blk_mem_gen_v8_3_4.blk_mem_gen_v8_3_4_mem_module(C_...
Compiling module blk_mem_gen_v8_3_4.blk_mem_gen_v8_3_4(C_FAMILY="kin...
Compiling module xil_defaultlib.design_2_decode_data_a_1_0
Compiling module xil_defaultlib.design_2_decode_data_a_2_0
Compiling module xil_defaultlib.design_2_decode_data_a_3_0
Compiling module xil_defaultlib.design_2_decode_data_a_4_0
Compiling module xil_defaultlib.design_2_decode_data_a_5_0
Compiling module xil_defaultlib.design_2_decode_data_a_6_0
Compiling module xil_defaultlib.design_2_decode_data_0_0
Compiling module xil_defaultlib.design_2_decode_data_a_0_0
Compiling module xil_defaultlib.design_2_decode_data_b_1_0
Compiling module xil_defaultlib.design_2_decode_data_b_2_0
Compiling module xil_defaultlib.design_2_decode_data_b_3_0
Compiling module xil_defaultlib.design_2_decode_data_b_4_0
Compiling module xil_defaultlib.design_2_decode_data_b_5_0
Compiling module xil_defaultlib.design_2_decode_data_b_6_0
Compiling architecture structural of entity c_reg_fd_v12_0_3.c_reg_fd_v12_0_3_viv [\c_reg_fd_v12_0_3_viv(c_sync_pri...]
Compiling architecture rtl of entity c_addsub_v12_0_10.c_addsub_v12_0_10_lut6_legacy [\c_addsub_v12_0_10_lut6_legacy(c...]
Compiling architecture synth of entity c_addsub_v12_0_10.c_addsub_v12_0_10_fabric_legacy [\c_addsub_v12_0_10_fabric_legacy...]
Compiling architecture synth of entity c_addsub_v12_0_10.c_addsub_v12_0_10_legacy [\c_addsub_v12_0_10_legacy(c_fami...]
Compiling architecture synth of entity c_addsub_v12_0_10.c_addsub_v12_0_10_viv [\c_addsub_v12_0_10_viv(c_xdevice...]
Compiling architecture xilinx of entity c_addsub_v12_0_10.c_addsub_v12_0_10 [\c_addsub_v12_0_10(c_xdevicefami...]
Compiling architecture design_2_mux_lat_1_arch of entity xil_defaultlib.design_2_mux_lat_1 [design_2_mux_lat_1_default]
Compiling architecture design_2_decode_start_lat_1_arch of entity xil_defaultlib.design_2_decode_start_lat_1 [design_2_decode_start_lat_1_defa...]
Compiling architecture structural of entity c_reg_fd_v12_0_3.c_reg_fd_v12_0_3_viv [\c_reg_fd_v12_0_3_viv(c_width=8,...]
Compiling architecture rtl of entity c_addsub_v12_0_10.c_addsub_v12_0_10_lut6_legacy [\c_addsub_v12_0_10_lut6_legacy(c...]
Compiling architecture synth of entity c_addsub_v12_0_10.c_addsub_v12_0_10_fabric_legacy [\c_addsub_v12_0_10_fabric_legacy...]
Compiling architecture synth of entity c_addsub_v12_0_10.c_addsub_v12_0_10_legacy [\c_addsub_v12_0_10_legacy(c_fami...]
Compiling architecture synth of entity c_addsub_v12_0_10.c_addsub_v12_0_10_viv [\c_addsub_v12_0_10_viv(c_xdevice...]
Compiling architecture xilinx of entity c_addsub_v12_0_10.c_addsub_v12_0_10 [\c_addsub_v12_0_10(c_xdevicefami...]
Compiling architecture design_2_decode_start_lat_0_arch of entity xil_defaultlib.design_2_decode_start_lat_0 [design_2_decode_start_lat_0_defa...]
Compiling architecture structural of entity c_reg_fd_v12_0_3.c_reg_fd_v12_0_3_viv [\c_reg_fd_v12_0_3_viv(c_width=16...]
Compiling architecture rtl of entity c_addsub_v12_0_10.c_addsub_v12_0_10_lut6_legacy [\c_addsub_v12_0_10_lut6_legacy(c...]
Compiling architecture synth of entity c_addsub_v12_0_10.c_addsub_v12_0_10_fabric_legacy [\c_addsub_v12_0_10_fabric_legacy...]
Compiling architecture synth of entity c_addsub_v12_0_10.c_addsub_v12_0_10_legacy [\c_addsub_v12_0_10_legacy(c_fami...]
Compiling architecture synth of entity c_addsub_v12_0_10.c_addsub_v12_0_10_viv [\c_addsub_v12_0_10_viv(c_xdevice...]
Compiling architecture xilinx of entity c_addsub_v12_0_10.c_addsub_v12_0_10 [\c_addsub_v12_0_10(c_xdevicefami...]
Compiling architecture design_2_c_addsub_2_0_arch of entity xil_defaultlib.design_2_c_addsub_2_0 [design_2_c_addsub_2_0_default]
Compiling architecture design_2_c_addsub_3_1_arch of entity xil_defaultlib.design_2_c_addsub_3_1 [design_2_c_addsub_3_1_default]
Compiling architecture design_2_c_addsub_0_0_arch of entity xil_defaultlib.design_2_c_addsub_0_0 [design_2_c_addsub_0_0_default]
Compiling architecture design_2_mux_lat_0_arch of entity xil_defaultlib.design_2_mux_lat_0 [design_2_mux_lat_0_default]
Compiling architecture design_2_itt_num_lat_0_arch of entity xil_defaultlib.design_2_itt_num_lat_0 [design_2_itt_num_lat_0_default]
Compiling architecture design_2_c_addsub_3_0_arch of entity xil_defaultlib.design_2_c_addsub_3_0 [design_2_c_addsub_3_0_default]
Compiling architecture design_2_c_addsub_6_0_arch of entity xil_defaultlib.design_2_c_addsub_6_0 [design_2_c_addsub_6_0_default]
Compiling architecture design_2_mux_lat_2_arch of entity xil_defaultlib.design_2_mux_lat_2 [design_2_mux_lat_2_default]
Compiling architecture design_2_c_addsub_4_0_arch of entity xil_defaultlib.design_2_c_addsub_4_0 [design_2_c_addsub_4_0_default]
Compiling architecture design_2_c_addsub_5_0_arch of entity xil_defaultlib.design_2_c_addsub_5_0 [design_2_c_addsub_5_0_default]
Compiling architecture structural of entity c_reg_fd_v12_0_3.c_reg_fd_v12_0_3_viv [\c_reg_fd_v12_0_3_viv(c_width=2,...]
Compiling architecture rtl of entity c_addsub_v12_0_10.c_addsub_v12_0_10_lut6_legacy [\c_addsub_v12_0_10_lut6_legacy(c...]
Compiling architecture synth of entity c_addsub_v12_0_10.c_addsub_v12_0_10_fabric_legacy [\c_addsub_v12_0_10_fabric_legacy...]
Compiling architecture synth of entity c_addsub_v12_0_10.c_addsub_v12_0_10_legacy [\c_addsub_v12_0_10_legacy(c_fami...]
Compiling architecture synth of entity c_addsub_v12_0_10.c_addsub_v12_0_10_viv [\c_addsub_v12_0_10_viv(c_xdevice...]
Compiling architecture xilinx of entity c_addsub_v12_0_10.c_addsub_v12_0_10 [\c_addsub_v12_0_10(c_xdevicefami...]
Compiling architecture design_2_c_addsub_8_1_arch of entity xil_defaultlib.design_2_c_addsub_8_1 [design_2_c_addsub_8_1_default]
Compiling architecture design_2_raw_ce_mux2_0_arch of entity xil_defaultlib.design_2_raw_ce_mux2_0 [design_2_raw_ce_mux2_0_default]
Compiling architecture design_2_raw_ce_mux_aa_1_arch of entity xil_defaultlib.design_2_raw_ce_mux_aa_1 [design_2_raw_ce_mux_aa_1_default]
Compiling architecture design_2_raw_ce_mux_aa1_0_arch of entity xil_defaultlib.design_2_raw_ce_mux_aa1_0 [design_2_raw_ce_mux_aa1_0_defaul...]
Compiling architecture design_2_raw_ce_mux_aa2_0_arch of entity xil_defaultlib.design_2_raw_ce_mux_aa2_0 [design_2_raw_ce_mux_aa2_0_defaul...]
Compiling architecture design_2_raw_ce_mux_aa3_0_arch of entity xil_defaultlib.design_2_raw_ce_mux_aa3_0 [design_2_raw_ce_mux_aa3_0_defaul...]
Compiling architecture design_2_raw_ce_mux_aa4_0_arch of entity xil_defaultlib.design_2_raw_ce_mux_aa4_0 [design_2_raw_ce_mux_aa4_0_defaul...]
Compiling architecture design_2_raw_ce_mux_aa5_0_arch of entity xil_defaultlib.design_2_raw_ce_mux_aa5_0 [design_2_raw_ce_mux_aa5_0_defaul...]
Compiling architecture design_2_raw_ce_mux_aa6_0_arch of entity xil_defaultlib.design_2_raw_ce_mux_aa6_0 [design_2_raw_ce_mux_aa6_0_defaul...]
Compiling architecture design_2_raw_ce_mux_aa7_0_arch of entity xil_defaultlib.design_2_raw_ce_mux_aa7_0 [design_2_raw_ce_mux_aa7_0_defaul...]
Compiling architecture design_2_raw_ce_mux_aa8_0_arch of entity xil_defaultlib.design_2_raw_ce_mux_aa8_0 [design_2_raw_ce_mux_aa8_0_defaul...]
Compiling architecture design_2_data_ce_mux_2_arch of entity xil_defaultlib.design_2_data_ce_mux_2 [design_2_data_ce_mux_2_default]
Compiling architecture design_2_raw_ce_mux_ba_1_arch of entity xil_defaultlib.design_2_raw_ce_mux_ba_1 [design_2_raw_ce_mux_ba_1_default]
Compiling architecture design_2_raw_ce_mux_ba1_0_arch of entity xil_defaultlib.design_2_raw_ce_mux_ba1_0 [design_2_raw_ce_mux_ba1_0_defaul...]
Compiling architecture design_2_raw_ce_mux_ba2_0_arch of entity xil_defaultlib.design_2_raw_ce_mux_ba2_0 [design_2_raw_ce_mux_ba2_0_defaul...]
Compiling architecture design_2_raw_ce_mux_ba3_0_arch of entity xil_defaultlib.design_2_raw_ce_mux_ba3_0 [design_2_raw_ce_mux_ba3_0_defaul...]
Compiling architecture design_2_raw_ce_mux_ba4_0_arch of entity xil_defaultlib.design_2_raw_ce_mux_ba4_0 [design_2_raw_ce_mux_ba4_0_defaul...]
Compiling architecture design_2_raw_ce_mux_ba5_0_arch of entity xil_defaultlib.design_2_raw_ce_mux_ba5_0 [design_2_raw_ce_mux_ba5_0_defaul...]
Compiling architecture design_2_raw_ce_mux_ba6_0_arch of entity xil_defaultlib.design_2_raw_ce_mux_ba6_0 [design_2_raw_ce_mux_ba6_0_defaul...]
Compiling architecture design_2_raw_ce_mux_ba7_0_arch of entity xil_defaultlib.design_2_raw_ce_mux_ba7_0 [design_2_raw_ce_mux_ba7_0_defaul...]
Compiling architecture design_2_raw_ce_mux_ba8_0_arch of entity xil_defaultlib.design_2_raw_ce_mux_ba8_0 [design_2_raw_ce_mux_ba8_0_defaul...]
Compiling module blk_mem_gen_v8_3_4.blk_mem_gen_v8_3_4_output_stage(...
Compiling module blk_mem_gen_v8_3_4.blk_mem_gen_v8_3_4_output_stage(...
Compiling module blk_mem_gen_v8_3_4.blk_mem_gen_v8_3_4_softecc_outpu...
Compiling module blk_mem_gen_v8_3_4.blk_mem_gen_v8_3_4_mem_module(C_...
Compiling module blk_mem_gen_v8_3_4.blk_mem_gen_v8_3_4(C_FAMILY="kin...
Compiling module xil_defaultlib.design_2_blk_mem_gen_0_3
Compiling module blk_mem_gen_v8_3_4.blk_mem_gen_v8_3_4_output_stage(...
Compiling module blk_mem_gen_v8_3_4.blk_mem_gen_v8_3_4_mem_module(C_...
Compiling module blk_mem_gen_v8_3_4.blk_mem_gen_v8_3_4(C_FAMILY="kin...
Compiling module xil_defaultlib.design_2_raw_data_a_0
Compiling module xil_defaultlib.design_2_raw_data_a1_0
Compiling module xil_defaultlib.design_2_raw_data_a2_0
Compiling module blk_mem_gen_v8_3_4.blk_mem_gen_v8_3_4_output_stage(...
Compiling module blk_mem_gen_v8_3_4.blk_mem_gen_v8_3_4_output_stage(...
Compiling module blk_mem_gen_v8_3_4.blk_mem_gen_v8_3_4_softecc_outpu...
Compiling module blk_mem_gen_v8_3_4.blk_mem_gen_v8_3_4_mem_module(C_...
Compiling module blk_mem_gen_v8_3_4.blk_mem_gen_v8_3_4(C_FAMILY="kin...
Compiling module xil_defaultlib.design_2_raw_data_a3_0
Compiling module xil_defaultlib.design_2_raw_data_a4_0
Compiling module xil_defaultlib.design_2_raw_data_a5_0
Compiling module xil_defaultlib.design_2_raw_data_a6_0
Compiling module xil_defaultlib.design_2_raw_data_a7_0
Compiling module xil_defaultlib.design_2_raw_data_a8_0
Compiling module xil_defaultlib.design_2_raw_data_0_0
Compiling module xil_defaultlib.design_2_raw_data_b_0
Compiling module xil_defaultlib.design_2_raw_data_b1_0
Compiling module xil_defaultlib.design_2_raw_data_b2_0
Compiling module xil_defaultlib.design_2_raw_data_b3_0
Compiling module xil_defaultlib.design_2_raw_data_b4_0
Compiling module xil_defaultlib.design_2_raw_data_b5_0
Compiling module xil_defaultlib.design_2_raw_data_b6_0
Compiling module xil_defaultlib.design_2_raw_data_b7_0
Compiling module xil_defaultlib.design_2_raw_data_b8_0
Compiling module xil_defaultlib.setupLDPC
Compiling module xil_defaultlib.design_2_setupLDPC_0_0
Compiling architecture design_2_c_addsub_8_0_arch of entity xil_defaultlib.design_2_c_addsub_8_0 [design_2_c_addsub_8_0_default]
Compiling architecture design_2_c_addsub_0_2_arch of entity xil_defaultlib.design_2_c_addsub_0_2 [design_2_c_addsub_0_2_default]
Compiling architecture design_2_util_vector_logic_0_1_arch of entity xil_defaultlib.design_2_util_vector_logic_0_1 [design_2_util_vector_logic_0_1_d...]
Compiling module xil_defaultlib.xlconstant(CONST_VAL=8'b0,CONST_...
Compiling module xil_defaultlib.design_2_xlconstant_0_1
Compiling module xil_defaultlib.xlconstant(CONST_VAL=1'b0)
Compiling module xil_defaultlib.design_2_xlconstant_1_0
Compiling module xil_defaultlib.design_2_xlconstant_2_0
Compiling module xil_defaultlib.design_2_xlconstant_3_0
Compiling module xil_defaultlib.design_2
Compiling module xil_defaultlib.design_2_wrapper
Compiling module xil_defaultlib.glbl
Built simulation snapshot design_2_wrapper_behav
