Unable to capture context for thread 12420 in process 18776, can not generate back trace
Exception at PC 0x00007FF99D58BB93
Printing stacktrace...

Unable to capture context for thread 12420 in process 18776, can not generate back trace
Exception at PC 0x00007FFA1AC6A388
Exception at PC 0x00007FFA1AC6A388
Exception at PC 0x00007FFA1AC6A388
Exception at PC 0x00007FFA1AC6A388
Exception at PC 0x00007FFA1AC6A388
Exception at PC 0x00007FFA1AC6A388
Exception at PC 0x00007FFA1AC6A388
Exception at PC 0x00007FFA1AC6A388
Exception at PC 0x00007FFA1AC6A388
Exception at PC 0x00007FFA1AC6A388
Exception at PC 0x00007FFA1AC6A388
Exception at PC 0x00007FFA1AC6A388
Exception at PC 0x00007FFA1AC6A388
Exception at PC 0x00007FFA1AC6A388
[0]  [0x00007FF99D58BB93]
[1]  [0x00007FF99D58BB93]
[2]  [0x00007FF99D58B4A1]
[3]  [0x00007FF99D58B3EF]
[4]  [0x00007FF99D5719FE]
[5]  [0x00007FF99D570ED1]
[6]  [0x00007FF99D570D76]
[7]  [0x00007FF99D5179F6]
[8]  [0x00007FF99D507AFB]
[9]  [0x00007FF99D62E90A]
[10]  [0x00007FF99D649F87]
[11]  [0x00007FF99D64A05F]
[12] (BaseThreadInitThunk+0x14) [0x00007FFA1C0A3DC4]
[13] (RtlUserThreadStart+0x21) [0x00007FFA1E533691]
Done
Exception at PC 0x00007FFA1AC6A388
Exception at PC 0x00007FFA1AC6A388
Exception at PC 0x00007FFA1AC6A388
Exception at PC 0x00007FFA1AC6A388
Exception at PC 0x00007FFA1AC6A388
