Unable to capture context for thread 3548 in process 10148, can not generate back trace
Exception at PC 0x00007FF91D8BBB93
Printing stacktrace...

Unable to capture context for thread 3548 in process 10148, can not generate back trace
Exception at PC 0x00007FF99774A388
Exception at PC 0x00007FF99774A388
Exception at PC 0x00007FF99774A388
Exception at PC 0x00007FF99774A388
Exception at PC 0x00007FF99774A388
Exception at PC 0x00007FF99774A388
Exception at PC 0x00007FF99774A388
Exception at PC 0x00007FF99774A388
Exception at PC 0x00007FF99774A388
Exception at PC 0x00007FF99774A388
Exception at PC 0x00007FF99774A388
Exception at PC 0x00007FF99774A388
Exception at PC 0x00007FF99774A388
Exception at PC 0x00007FF99774A388
[0]  [0x00007FF91D8BBB93]
[1]  [0x00007FF91D8BBB93]
[2]  [0x00007FF91D8BB4A1]
[3]  [0x00007FF91D8BB3EF]
[4]  [0x00007FF91D8A19FE]
[5]  [0x00007FF91D8A0ED1]
[6]  [0x00007FF91D8A0D76]
[7]  [0x00007FF91D8479F6]
[8]  [0x00007FF91D837AFB]
[9]  [0x00007FF91D95E90A]
[10]  [0x00007FF91D979F87]
[11]  [0x00007FF91D97A05F]
[12] (BaseThreadInitThunk+0x14) [0x00007FF998943034]
[13] (RtlUserThreadStart+0x21) [0x00007FF99AFC1431]
Done
Exception at PC 0x00007FF99774A388
Exception at PC 0x00007FF99774A388
Exception at PC 0x00007FF99774A388
Exception at PC 0x00007FF99774A388
Exception at PC 0x00007FF99774A388
