Vivado Simulator 2016.4
Time resolution is 1 ps
	 0	0	Error	 x	x
	 x	x	Error	 x	x
	 0	0	Error	 x	x
	 x	x	Error	 x	x
	 x	x	Error	 x	x
	 x	x	Error	 x	x
	 x	x	Error	 x	x
	 x	x	Error	 x	x
	 x	x	Error	 0	0
	 x	x	Error	 0	0
	 0	0
	44	0	Error	 0	0
	44	0	Error	 0	0
	56	0	Error	 0	0
	56	0	Error	 0	0
	56	0	Error	 0	0
	58	2	Error	 0	0
	33	1	Error	43	3
	50	2	Error	43	3
	24	0	Error	14	2
	24	0	Error	25	1
	24	0
	24	0
	24	0
	24	0	Error	25	1
	28	0	Error	26	2
	28	0	Error	25	1
	28	0	Error	25	1
	28	0	Error	24	0
	31	3
	12	0	Error	 9	1
	13	1	Error	14	2
	28	0
	28	0
	28	0
	29	1	Error	30	2
	44	0
	44	0
	47	3
	40	0
	43	3	Error	55	3
	37	1	Error	36	0
	52	0	Error	39	3
	52	0
	52	0
	52	0
	53	1	Error	54	2
	11	3
	56	0
	56	0	Error	58	2
	57	1	Error	 8	0
	15	3	Error	11	3
	61	1	Error	58	2
	24	0	Error	32	0
	24	0	Error	32	0
	33	1
	51	3
	46	2	Error	45	1
	13	1	Error	14	2
	35	3	Error	53	1
	19	3	Error	22	2
	13	1	Error	12	0
	30	2	Error	31	3
	12	0	Error	 5	1
	13	1	Error	20	0
	34	2	Error	23	3
	 1	1	Error	 4	0
	20	0	Error	 6	2
	21	1	Error	36	0
	40	0
	40	0
	45	1	Error	42	2
	60	0	Error	56	0
	58	2	Error	59	3
	24	0
	26	2
	59	3
	53	1	Error	52	0
	 5	1	Error	 9	1
	24	0
	24	0
	25	1	Error	24	0
	42	2	Error	43	3
	16	0
	16	0	Error	12	0
	18	2	Error	15	3
	49	1	Error	46	2
	 7	3
	53	1
	 9	1	Error	10	2
	26	2	Error	40	0
	 1	1
	17	1
	39	3	Error	38	2
	21	1	Error	20	0
	41	1
	57	1
	15	3
	62	2
	39	3
	21	1	Error	20	0
	40	0	Error	41	1
	41	1
	62	2
	30	2	Error	31	3
	 7	3
	54	2	Error	53	1
	29	1	Error	11	3
	44	0
	45	1	Error	44	0
	61	1
	27	3	Error	40	0
	10	2	Error	 3	3
	61	1	Error	60	0
	12	0	Error	63	3
	12	0	Error	13	1
	12	0
	15	3	Error	33	1
	63	3	Error	 2	2
	57	1
	10	2	Error	11	3
	48	0
	48	0
	51	3
	33	1	Error	32	0
	54	2	Error	53	1
	22	2	Error	21	1
	61	1
