Unable to capture context for thread 16968 in process 7752, can not generate back trace
Unable to capture context for thread 2256 in process 7752, can not generate back trace
Unable to capture context for thread 20440 in process 7752, can not generate back trace
Exception at PC 0x00007FFB953BA839
Unable to capture context for thread 20440 in process 7752, can not generate back trace
Exception at PC 0x00007FFB103DBB93
Printing stacktrace...

Exception at PC 0x00007FFB953BA839
Exception at PC 0x00007FFB953BA839
Exception at PC 0x00007FFB953BA839
Exception at PC 0x00007FFB953BA839
Exception at PC 0x00007FFB953BA839
Exception at PC 0x00007FFB953BA839
[0]  [0x00007FFB103DBB93]
[1]  [0x00007FFB103DBB93]
[2]  [0x00007FFB103DB4A1]
[3]  [0x00007FFB103DB3EF]
[4]  [0x00007FFB103C19FE]
[5]  [0x00007FFB103C0ED1]
[6]  [0x00007FFB103C0D76]
[7]  [0x00007FFB103679F6]
[8]  [0x00007FFB10357AFB]
[9]  [0x00007FFB1047E90A]
[10]  [0x00007FFB10499F87]
[11]  [0x00007FFB1049A05F]
[12] (BaseThreadInitThunk+0x14) [0x00007FFB95F97BD4]
[13] (RtlUserThreadStart+0x21) [0x00007FFB97BACED1]
Done
Exception at PC 0x00007FFB953BA839
Exception at PC 0x00007FFB953BA839
Exception at PC 0x00007FFB953BA839
Exception at PC 0x00007FFB953BA839
Exception at PC 0x00007FFB953BA839
Exception at PC 0x00007FFB953BA839
Exception at PC 0x00007FFB953BA839
Exception at PC 0x00007FFB953BA839
Exception at PC 0x00007FFB953BA839
Exception at PC 0x00007FFB953BA839
