Unable to capture context for thread 1000 in process 16972, can not generate back trace
Exception at PC 0x00007FF9CC5BBB93
Printing stacktrace...

Unable to capture context for thread 1000 in process 16972, can not generate back trace
Exception at PC 0x00007FFA1AC6A388
Exception at PC 0x00007FFA1AC6A388
Exception at PC 0x00007FFA1AC6A388
Exception at PC 0x00007FFA1AC6A388
Exception at PC 0x00007FFA1AC6A388
Exception at PC 0x00007FFA1AC6A388
Exception at PC 0x00007FFA1AC6A388
Exception at PC 0x00007FFA1AC6A388
Exception at PC 0x00007FFA1AC6A388
Exception at PC 0x00007FFA1AC6A388
Exception at PC 0x00007FFA1AC6A388
Exception at PC 0x00007FFA1AC6A388
Exception at PC 0x00007FFA1AC6A388
Exception at PC 0x00007FFA1AC6A388
[0]  [0x00007FF9CC5BBB93]
[1]  [0x00007FF9CC5BBB93]
[2]  [0x00007FF9CC5BB4A1]
[3]  [0x00007FF9CC5BB3EF]
[4]  [0x00007FF9CC5A19FE]
[5]  [0x00007FF9CC5A0ED1]
[6]  [0x00007FF9CC5A0D76]
[7]  [0x00007FF9CC5479F6]
[8]  [0x00007FF9CC537AFB]
[9]  [0x00007FF9CC65E90A]
[10]  [0x00007FF9CC679F87]
[11]  [0x00007FF9CC67A05F]
[12] (BaseThreadInitThunk+0x14) [0x00007FFA1C0A3DC4]
[13] (RtlUserThreadStart+0x21) [0x00007FFA1E533691]
Done
Exception at PC 0x00007FFA1AC6A388
Exception at PC 0x00007FFA1AC6A388
Exception at PC 0x00007FFA1AC6A388
Exception at PC 0x00007FFA1AC6A388
Exception at PC 0x00007FFA1AC6A388
