INFO: [VRFC 10-163] Analyzing VHDL file "C:/modem/vivado/semcoDemod.ip_user_files/ipstatic/ldpc test.srcs/sources_1/bd/design_2/ipshared/6fc3/hdl/xbip_utils_v3_0_vh_rfs.vhd" into library xbip_utils_v3_0_7
INFO: [VRFC 10-163] Analyzing VHDL file "C:/modem/vivado/semcoDemod.ip_user_files/ipstatic/ldpc test.srcs/sources_1/bd/design_2/ipshared/e1e2/hdl/c_reg_fd_v12_0_vh_rfs.vhd" into library c_reg_fd_v12_0_3
INFO: [VRFC 10-307] analyzing entity c_reg_fd_v12_0_3_viv
INFO: [VRFC 10-307] analyzing entity c_reg_fd_v12_0_3
INFO: [VRFC 10-163] Analyzing VHDL file "C:/modem/vivado/semcoDemod.ip_user_files/ipstatic/ldpc test.srcs/sources_1/bd/design_2/ipshared/1e87/hdl/xbip_dsp48_wrapper_v3_0_vh_rfs.vhd" into library xbip_dsp48_wrapper_v3_0_4
INFO: [VRFC 10-307] analyzing entity xbip_dsp48a_wrapper_v3_0
INFO: [VRFC 10-307] analyzing entity xbip_dsp48a1_wrapper_v3_0
INFO: [VRFC 10-307] analyzing entity xbip_dsp48e_wrapper_v3_0
INFO: [VRFC 10-307] analyzing entity xbip_dsp48e1_wrapper_v3_0
INFO: [VRFC 10-307] analyzing entity xbip_dsp48e2_wrapper_v3_0
INFO: [VRFC 10-307] analyzing entity xbip_dsp48_wrapper_v3_0_4
INFO: [VRFC 10-163] Analyzing VHDL file "C:/modem/vivado/semcoDemod.ip_user_files/ipstatic/ldpc test.srcs/sources_1/bd/design_2/ipshared/7db8/hdl/xbip_pipe_v3_0_vh_rfs.vhd" into library xbip_pipe_v3_0_3
INFO: [VRFC 10-307] analyzing entity xbip_pipe_v3_0_3_viv
INFO: [VRFC 10-307] analyzing entity xbip_pipe_v3_0_3
INFO: [VRFC 10-163] Analyzing VHDL file "C:/modem/vivado/semcoDemod.ip_user_files/ipstatic/ldpc test.srcs/sources_1/bd/design_2/ipshared/c9c4/hdl/xbip_dsp48_addsub_v3_0_vh_rfs.vhd" into library xbip_dsp48_addsub_v3_0_3
INFO: [VRFC 10-307] analyzing entity xbip_dsp48_addsub_rtl
INFO: [VRFC 10-307] analyzing entity xbip_dsp48_addsub_synth
INFO: [VRFC 10-307] analyzing entity xbip_dsp48_addsub_v3_0_3_viv
INFO: [VRFC 10-307] analyzing entity xbip_dsp48_addsub_v3_0_3
INFO: [VRFC 10-163] Analyzing VHDL file "C:/modem/vivado/semcoDemod.ip_user_files/ipstatic/ldpc test.srcs/sources_1/bd/design_2/ipshared/2957/hdl/xbip_addsub_v3_0_vh_rfs.vhd" into library xbip_addsub_v3_0_3
INFO: [VRFC 10-307] analyzing entity xbip_addsub_v3_0_3_viv
INFO: [VRFC 10-307] analyzing entity xbip_addsub_v3_0_3
INFO: [VRFC 10-163] Analyzing VHDL file "C:/modem/vivado/semcoDemod.ip_user_files/ipstatic/ldpc test.srcs/sources_1/bd/design_2/ipshared/a394/hdl/c_addsub_v12_0_vh_rfs.vhd" into library c_addsub_v12_0_10
INFO: [VRFC 10-307] analyzing entity c_addsub_v12_0_10_lut6_legacy
INFO: [VRFC 10-307] analyzing entity c_addsub_v12_0_10_base_legacy
INFO: [VRFC 10-307] analyzing entity c_addsub_v12_0_10_fabric_legacy
INFO: [VRFC 10-307] analyzing entity c_addsub_v12_0_10_legacy
INFO: [VRFC 10-307] analyzing entity c_addsub_v12_0_10_viv
INFO: [VRFC 10-307] analyzing entity c_addsub_v12_0_10
INFO: [VRFC 10-163] Analyzing VHDL file "C:/modem/vivado/semcoDemod.srcs/sources_1/ip/ldpcDecoder_28/ldpc test.srcs/sources_1/bd/design_2/ip/design_2_address_mux_0/sim/design_2_address_mux_0.vhd" into library xil_defaultlib
INFO: [VRFC 10-307] analyzing entity design_2_address_mux_0
INFO: [VRFC 10-163] Analyzing VHDL file "C:/modem/vivado/semcoDemod.srcs/sources_1/ip/ldpcDecoder_28/ldpc test.srcs/sources_1/bd/design_2/ip/design_2_data_mux_0/sim/design_2_data_mux_0.vhd" into library xil_defaultlib
INFO: [VRFC 10-307] analyzing entity design_2_data_mux_0
INFO: [VRFC 10-163] Analyzing VHDL file "C:/modem/vivado/semcoDemod.srcs/sources_1/ip/ldpcDecoder_28/ldpc test.srcs/sources_1/bd/design_2/ipshared/1d19/hdl/util_vector_logic.vhd" into library util_vector_logic_v2_0
INFO: [VRFC 10-307] analyzing entity util_vector_logic
INFO: [VRFC 10-163] Analyzing VHDL file "C:/modem/vivado/semcoDemod.srcs/sources_1/ip/ldpcDecoder_28/ldpc test.srcs/sources_1/bd/design_2/ip/design_2_util_vector_logic_0_0/sim/design_2_util_vector_logic_0_0.vhd" into library xil_defaultlib
INFO: [VRFC 10-307] analyzing entity design_2_util_vector_logic_0_0
INFO: [VRFC 10-163] Analyzing VHDL file "C:/modem/vivado/semcoDemod.srcs/sources_1/ip/ldpcDecoder_28/ldpc test.srcs/sources_1/bd/design_2/ip/design_2_data_ce_mux_0/sim/design_2_data_ce_mux_0.vhd" into library xil_defaultlib
INFO: [VRFC 10-307] analyzing entity design_2_data_ce_mux_0
INFO: [VRFC 10-163] Analyzing VHDL file "C:/modem/vivado/semcoDemod.srcs/sources_1/ip/ldpcDecoder_28/ldpc test.srcs/sources_1/bd/design_2/ip/design_2_data_ce_mux_1/sim/design_2_data_ce_mux_1.vhd" into library xil_defaultlib
INFO: [VRFC 10-307] analyzing entity design_2_data_ce_mux_1
INFO: [VRFC 10-163] Analyzing VHDL file "C:/modem/vivado/semcoDemod.srcs/sources_1/ip/ldpcDecoder_28/ldpc test.srcs/sources_1/bd/design_2/ip/design_2_data_ce_mux_2/sim/design_2_data_ce_mux_2.vhd" into library xil_defaultlib
INFO: [VRFC 10-307] analyzing entity design_2_data_ce_mux_2
INFO: [VRFC 10-163] Analyzing VHDL file "C:/modem/vivado/semcoDemod.srcs/sources_1/ip/ldpcDecoder_28/ldpc test.srcs/sources_1/bd/design_2/ip/design_2_raw_ce_mux2_0/sim/design_2_raw_ce_mux2_0.vhd" into library xil_defaultlib
INFO: [VRFC 10-307] analyzing entity design_2_raw_ce_mux2_0
INFO: [VRFC 10-163] Analyzing VHDL file "C:/modem/vivado/semcoDemod.srcs/sources_1/ip/ldpcDecoder_28/ldpc test.srcs/sources_1/bd/design_2/ip/design_2_util_vector_logic_0_1/sim/design_2_util_vector_logic_0_1.vhd" into library xil_defaultlib
INFO: [VRFC 10-307] analyzing entity design_2_util_vector_logic_0_1
INFO: [VRFC 10-163] Analyzing VHDL file "C:/modem/vivado/semcoDemod.srcs/sources_1/ip/ldpcDecoder_28/ldpc test.srcs/sources_1/bd/design_2/ip/design_2_raw_ce_mux2_1/sim/design_2_raw_ce_mux2_1.vhd" into library xil_defaultlib
INFO: [VRFC 10-307] analyzing entity design_2_raw_ce_mux2_1
INFO: [VRFC 10-163] Analyzing VHDL file "C:/modem/vivado/semcoDemod.srcs/sources_1/ip/ldpcDecoder_28/ldpc test.srcs/sources_1/bd/design_2/ip/design_2_dec_raw_ce_mux0_0/sim/design_2_dec_raw_ce_mux0_0.vhd" into library xil_defaultlib
INFO: [VRFC 10-307] analyzing entity design_2_dec_raw_ce_mux0_0
INFO: [VRFC 10-163] Analyzing VHDL file "C:/modem/vivado/semcoDemod.srcs/sources_1/ip/ldpcDecoder_28/ldpc test.srcs/sources_1/bd/design_2/ip/design_2_dec_raw_ce_mux0_1/sim/design_2_dec_raw_ce_mux0_1.vhd" into library xil_defaultlib
INFO: [VRFC 10-307] analyzing entity design_2_dec_raw_ce_mux0_1
INFO: [VRFC 10-163] Analyzing VHDL file "C:/modem/vivado/semcoDemod.srcs/sources_1/ip/ldpcDecoder_28/ldpc test.srcs/sources_1/bd/design_2/ip/design_2_dec_dec_ce_mux2_0/sim/design_2_dec_dec_ce_mux2_0.vhd" into library xil_defaultlib
INFO: [VRFC 10-307] analyzing entity design_2_dec_dec_ce_mux2_0
INFO: [VRFC 10-163] Analyzing VHDL file "C:/modem/vivado/semcoDemod.srcs/sources_1/ip/ldpcDecoder_28/ldpc test.srcs/sources_1/bd/design_2/ip/design_2_address_mux_1/sim/design_2_address_mux_1.vhd" into library xil_defaultlib
INFO: [VRFC 10-307] analyzing entity design_2_address_mux_1
INFO: [VRFC 10-163] Analyzing VHDL file "C:/modem/vivado/semcoDemod.srcs/sources_1/ip/ldpcDecoder_28/ldpc test.srcs/sources_1/bd/design_2/ip/design_2_c_addsub_0_1/sim/design_2_c_addsub_0_1.vhd" into library xil_defaultlib
INFO: [VRFC 10-307] analyzing entity design_2_c_addsub_0_1
INFO: [VRFC 10-163] Analyzing VHDL file "C:/modem/vivado/semcoDemod.srcs/sources_1/ip/ldpcDecoder_28/ldpc test.srcs/sources_1/bd/design_2/ip/design_2_c_addsub_0_2/sim/design_2_c_addsub_0_2.vhd" into library xil_defaultlib
INFO: [VRFC 10-307] analyzing entity design_2_c_addsub_0_2
INFO: [VRFC 10-163] Analyzing VHDL file "C:/modem/vivado/semcoDemod.srcs/sources_1/ip/ldpcDecoder_28/ldpc test.srcs/sources_1/bd/design_2/ip/design_2_c_addsub_2_0/sim/design_2_c_addsub_2_0.vhd" into library xil_defaultlib
INFO: [VRFC 10-307] analyzing entity design_2_c_addsub_2_0
INFO: [VRFC 10-163] Analyzing VHDL file "C:/modem/vivado/semcoDemod.srcs/sources_1/ip/ldpcDecoder_28/ldpc test.srcs/sources_1/bd/design_2/ip/design_2_c_addsub_3_0/sim/design_2_c_addsub_3_0.vhd" into library xil_defaultlib
INFO: [VRFC 10-307] analyzing entity design_2_c_addsub_3_0
INFO: [VRFC 10-163] Analyzing VHDL file "C:/modem/vivado/semcoDemod.srcs/sources_1/ip/ldpcDecoder_28/ldpc test.srcs/sources_1/bd/design_2/ip/design_2_c_addsub_3_1/sim/design_2_c_addsub_3_1.vhd" into library xil_defaultlib
INFO: [VRFC 10-307] analyzing entity design_2_c_addsub_3_1
INFO: [VRFC 10-163] Analyzing VHDL file "C:/modem/vivado/semcoDemod.srcs/sources_1/ip/ldpcDecoder_28/ldpc test.srcs/sources_1/bd/design_2/ip/design_2_c_addsub_4_0/sim/design_2_c_addsub_4_0.vhd" into library xil_defaultlib
INFO: [VRFC 10-307] analyzing entity design_2_c_addsub_4_0
INFO: [VRFC 10-163] Analyzing VHDL file "C:/modem/vivado/semcoDemod.srcs/sources_1/ip/ldpcDecoder_28/ldpc test.srcs/sources_1/bd/design_2/ip/design_2_c_addsub_5_0/sim/design_2_c_addsub_5_0.vhd" into library xil_defaultlib
INFO: [VRFC 10-307] analyzing entity design_2_c_addsub_5_0
INFO: [VRFC 10-163] Analyzing VHDL file "C:/modem/vivado/semcoDemod.srcs/sources_1/ip/ldpcDecoder_28/ldpc test.srcs/sources_1/bd/design_2/ip/design_2_c_addsub_6_0/sim/design_2_c_addsub_6_0.vhd" into library xil_defaultlib
INFO: [VRFC 10-307] analyzing entity design_2_c_addsub_6_0
INFO: [VRFC 10-163] Analyzing VHDL file "C:/modem/vivado/semcoDemod.srcs/sources_1/ip/ldpcDecoder_28/ldpc test.srcs/sources_1/bd/design_2/ip/design_2_c_addsub_9_0/sim/design_2_c_addsub_9_0.vhd" into library xil_defaultlib
INFO: [VRFC 10-307] analyzing entity design_2_c_addsub_9_0
INFO: [VRFC 10-163] Analyzing VHDL file "C:/modem/vivado/semcoDemod.srcs/sources_1/ip/ldpcDecoder_28/ldpc test.srcs/sources_1/bd/design_2/ip/design_2_c_addsub_0_0/sim/design_2_c_addsub_0_0.vhd" into library xil_defaultlib
INFO: [VRFC 10-307] analyzing entity design_2_c_addsub_0_0
INFO: [VRFC 10-163] Analyzing VHDL file "C:/modem/vivado/semcoDemod.srcs/sources_1/ip/ldpcDecoder_28/ldpc test.srcs/sources_1/bd/design_2/ip/design_2_c_addsub_8_0/sim/design_2_c_addsub_8_0.vhd" into library xil_defaultlib
INFO: [VRFC 10-307] analyzing entity design_2_c_addsub_8_0
INFO: [VRFC 10-163] Analyzing VHDL file "C:/modem/vivado/semcoDemod.srcs/sources_1/ip/ldpcDecoder_28/ldpc test.srcs/sources_1/bd/design_2/ip/design_2_c_addsub_8_1/sim/design_2_c_addsub_8_1.vhd" into library xil_defaultlib
INFO: [VRFC 10-307] analyzing entity design_2_c_addsub_8_1
INFO: [VRFC 10-163] Analyzing VHDL file "C:/modem/vivado/semcoDemod.srcs/sources_1/ip/ldpcDecoder_28/ldpc test.srcs/sources_1/bd/design_2/ip/design_2_mux_lat_0/sim/design_2_mux_lat_0.vhd" into library xil_defaultlib
INFO: [VRFC 10-307] analyzing entity design_2_mux_lat_0
INFO: [VRFC 10-163] Analyzing VHDL file "C:/modem/vivado/semcoDemod.srcs/sources_1/ip/ldpcDecoder_28/ldpc test.srcs/sources_1/bd/design_2/ip/design_2_buff_start_lat_0/sim/design_2_buff_start_lat_0.vhd" into library xil_defaultlib
INFO: [VRFC 10-307] analyzing entity design_2_buff_start_lat_0
INFO: [VRFC 10-163] Analyzing VHDL file "C:/modem/vivado/semcoDemod.srcs/sources_1/ip/ldpcDecoder_28/ldpc test.srcs/sources_1/bd/design_2/ip/design_2_mux_lat_1/sim/design_2_mux_lat_1.vhd" into library xil_defaultlib
INFO: [VRFC 10-307] analyzing entity design_2_mux_lat_1
INFO: [VRFC 10-163] Analyzing VHDL file "C:/modem/vivado/semcoDemod.srcs/sources_1/ip/ldpcDecoder_28/ldpc test.srcs/sources_1/bd/design_2/ip/design_2_decode_start_lat_0/sim/design_2_decode_start_lat_0.vhd" into library xil_defaultlib
INFO: [VRFC 10-307] analyzing entity design_2_decode_start_lat_0
INFO: [VRFC 10-163] Analyzing VHDL file "C:/modem/vivado/semcoDemod.srcs/sources_1/ip/ldpcDecoder_28/ldpc test.srcs/sources_1/bd/design_2/ip/design_2_mux_lat_2/sim/design_2_mux_lat_2.vhd" into library xil_defaultlib
INFO: [VRFC 10-307] analyzing entity design_2_mux_lat_2
