

================================================================
== Vivado HLS Report for 'write_raw_data'
================================================================
* Date:           Mon Sep 30 16:33:19 2019

* Version:        2016.3 (Build 1682563 on Mon Oct 10 19:41:59 MDT 2016)
* Project:        LDCP_data_buffer_mult
* Solution:       solution1
* Product family: kintex7
* Target device:  xc7k160tfbg676-1


================================================================
== Performance Estimates
================================================================
+ Timing (ns): 
    * Summary: 
    +--------+-------+----------+------------+
    |  Clock | Target| Estimated| Uncertainty|
    +--------+-------+----------+------------+
    |ap_clk  |  10.00|      4.10|        1.25|
    +--------+-------+----------+------------+

+ Latency (clock cycles): 
    * Summary: 
    +-----+-----+-----+-----+----------+
    |  Latency  |  Interval | Pipeline |
    | min | max | min | max |   Type   |
    +-----+-----+-----+-----+----------+
    |    0|    0|    1|    1| function |
    +-----+-----+-----+-----+----------+

    + Detail: 
        * Instance: 
        N/A

        * Loop: 
        N/A

============================================================
+ Verbose Summary: Synthesis Manager
============================================================
InlineROM: 1
ExposeGlobal: 0
============================================================
+ Verbose Summary: CDFG Model
============================================================
IsTopModel: 0
ResetActiveHigh: 1
IsCombinational: 0
IsDatapathOnly: 0
HasWiredReturn: 1
HasMFsm: 2
HasVarLatency: 0
IsPipeline: 1
IsRtlPipelined: 0
IsInstanceOverlapped: 0
IsDontTouch: 0
HasImplIP: 0
IsGatedGlobalClock: 0

+ Individual pipeline summary: 
  * Pipeline-0: initiation interval (II) = 1, depth = 1


============================================================
+ Verbose Summary: Schedule
============================================================
* Number of FSM states: 1
* Pipeline: 1
  Pipeline-0: II = 1, D = 1, States = { 1 }
* Dataflow Pipeline: 0

* FSM state transitions: 
1 --> 
* FSM state operations: 

 <State 1>: 4.10ns
ST_1: dat_read (16)  [1/1] 0.00ns
:0  %dat_read = call i8 @_ssdm_op_Read.ap_auto.i8(i8 %dat)

ST_1: mem_load (17)  [1/1] 0.00ns  loc: LDCP_data_buffer_mult/LDPC_buff.cpp:248
:1  %mem_load = load i16* @mem, align 2

ST_1: pos_load (18)  [1/1] 0.00ns  loc: LDCP_data_buffer_mult/LDPC_buff.cpp:251
:2  %pos_load = load i16* @pos_r, align 2

ST_1: StgValue_5 (19)  [1/1] 1.27ns  loc: LDCP_data_buffer_mult/LDPC_buff.cpp:248
:3  switch i16 %mem_load, label %._crit_edge [
    i16 0, label %1
    i16 1, label %2
    i16 2, label %3
    i16 3, label %4
    i16 4, label %5
    i16 5, label %6
    i16 6, label %7
    i16 7, label %8
    i16 8, label %9
    i16 9, label %10
    i16 10, label %11
  ]

ST_1: tmp_10 (21)  [1/1] 0.00ns  loc: LDCP_data_buffer_mult/LDPC_buff.cpp:281
:0  %tmp_10 = sext i16 %pos_load to i32

ST_1: r_dat10_addr (22)  [1/1] 0.00ns  loc: LDCP_data_buffer_mult/LDPC_buff.cpp:281
:1  %r_dat10_addr = getelementptr [1024 x i8]* %r_dat10, i32 0, i32 %tmp_10

ST_1: StgValue_8 (23)  [1/1] 2.33ns  loc: LDCP_data_buffer_mult/LDPC_buff.cpp:281
:2  store i8 %dat_read, i8* %r_dat10_addr, align 1

ST_1: StgValue_9 (24)  [1/1] 0.00ns  loc: LDCP_data_buffer_mult/LDPC_buff.cpp:282
:3  br label %._crit_edge

ST_1: tmp_s (26)  [1/1] 0.00ns  loc: LDCP_data_buffer_mult/LDPC_buff.cpp:278
:0  %tmp_s = sext i16 %pos_load to i32

ST_1: r_dat9_addr (27)  [1/1] 0.00ns  loc: LDCP_data_buffer_mult/LDPC_buff.cpp:278
:1  %r_dat9_addr = getelementptr [1024 x i8]* %r_dat9, i32 0, i32 %tmp_s

ST_1: StgValue_12 (28)  [1/1] 2.33ns  loc: LDCP_data_buffer_mult/LDPC_buff.cpp:278
:2  store i8 %dat_read, i8* %r_dat9_addr, align 1

ST_1: StgValue_13 (29)  [1/1] 0.00ns  loc: LDCP_data_buffer_mult/LDPC_buff.cpp:279
:3  br label %._crit_edge

ST_1: tmp_9 (31)  [1/1] 0.00ns  loc: LDCP_data_buffer_mult/LDPC_buff.cpp:275
:0  %tmp_9 = sext i16 %pos_load to i32

ST_1: r_dat8_addr (32)  [1/1] 0.00ns  loc: LDCP_data_buffer_mult/LDPC_buff.cpp:275
:1  %r_dat8_addr = getelementptr [1024 x i8]* %r_dat8, i32 0, i32 %tmp_9

ST_1: StgValue_16 (33)  [1/1] 2.33ns  loc: LDCP_data_buffer_mult/LDPC_buff.cpp:275
:2  store i8 %dat_read, i8* %r_dat8_addr, align 1

ST_1: StgValue_17 (34)  [1/1] 0.00ns  loc: LDCP_data_buffer_mult/LDPC_buff.cpp:276
:3  br label %._crit_edge

ST_1: tmp_8 (36)  [1/1] 0.00ns  loc: LDCP_data_buffer_mult/LDPC_buff.cpp:272
:0  %tmp_8 = sext i16 %pos_load to i32

ST_1: r_dat7_addr (37)  [1/1] 0.00ns  loc: LDCP_data_buffer_mult/LDPC_buff.cpp:272
:1  %r_dat7_addr = getelementptr [1024 x i8]* %r_dat7, i32 0, i32 %tmp_8

ST_1: StgValue_20 (38)  [1/1] 2.33ns  loc: LDCP_data_buffer_mult/LDPC_buff.cpp:272
:2  store i8 %dat_read, i8* %r_dat7_addr, align 1

ST_1: StgValue_21 (39)  [1/1] 0.00ns  loc: LDCP_data_buffer_mult/LDPC_buff.cpp:273
:3  br label %._crit_edge

ST_1: tmp_7 (41)  [1/1] 0.00ns  loc: LDCP_data_buffer_mult/LDPC_buff.cpp:269
:0  %tmp_7 = sext i16 %pos_load to i32

ST_1: r_dat6_addr (42)  [1/1] 0.00ns  loc: LDCP_data_buffer_mult/LDPC_buff.cpp:269
:1  %r_dat6_addr = getelementptr [1024 x i8]* %r_dat6, i32 0, i32 %tmp_7

ST_1: StgValue_24 (43)  [1/1] 2.33ns  loc: LDCP_data_buffer_mult/LDPC_buff.cpp:269
:2  store i8 %dat_read, i8* %r_dat6_addr, align 1

ST_1: StgValue_25 (44)  [1/1] 0.00ns  loc: LDCP_data_buffer_mult/LDPC_buff.cpp:270
:3  br label %._crit_edge

ST_1: tmp_6 (46)  [1/1] 0.00ns  loc: LDCP_data_buffer_mult/LDPC_buff.cpp:266
:0  %tmp_6 = sext i16 %pos_load to i32

ST_1: r_dat5_addr (47)  [1/1] 0.00ns  loc: LDCP_data_buffer_mult/LDPC_buff.cpp:266
:1  %r_dat5_addr = getelementptr [1024 x i8]* %r_dat5, i32 0, i32 %tmp_6

ST_1: StgValue_28 (48)  [1/1] 2.33ns  loc: LDCP_data_buffer_mult/LDPC_buff.cpp:266
:2  store i8 %dat_read, i8* %r_dat5_addr, align 1

ST_1: StgValue_29 (49)  [1/1] 0.00ns  loc: LDCP_data_buffer_mult/LDPC_buff.cpp:267
:3  br label %._crit_edge

ST_1: tmp_5 (51)  [1/1] 0.00ns  loc: LDCP_data_buffer_mult/LDPC_buff.cpp:263
:0  %tmp_5 = sext i16 %pos_load to i32

ST_1: r_dat4_addr (52)  [1/1] 0.00ns  loc: LDCP_data_buffer_mult/LDPC_buff.cpp:263
:1  %r_dat4_addr = getelementptr [1024 x i8]* %r_dat4, i32 0, i32 %tmp_5

ST_1: StgValue_32 (53)  [1/1] 2.33ns  loc: LDCP_data_buffer_mult/LDPC_buff.cpp:263
:2  store i8 %dat_read, i8* %r_dat4_addr, align 1

ST_1: StgValue_33 (54)  [1/1] 0.00ns  loc: LDCP_data_buffer_mult/LDPC_buff.cpp:264
:3  br label %._crit_edge

ST_1: tmp_4 (56)  [1/1] 0.00ns  loc: LDCP_data_buffer_mult/LDPC_buff.cpp:260
:0  %tmp_4 = sext i16 %pos_load to i32

ST_1: r_dat3_addr (57)  [1/1] 0.00ns  loc: LDCP_data_buffer_mult/LDPC_buff.cpp:260
:1  %r_dat3_addr = getelementptr [2048 x i8]* %r_dat3, i32 0, i32 %tmp_4

ST_1: StgValue_36 (58)  [1/1] 2.33ns  loc: LDCP_data_buffer_mult/LDPC_buff.cpp:260
:2  store i8 %dat_read, i8* %r_dat3_addr, align 1

ST_1: StgValue_37 (59)  [1/1] 0.00ns  loc: LDCP_data_buffer_mult/LDPC_buff.cpp:261
:3  br label %._crit_edge

ST_1: tmp_3 (61)  [1/1] 0.00ns  loc: LDCP_data_buffer_mult/LDPC_buff.cpp:257
:0  %tmp_3 = sext i16 %pos_load to i32

ST_1: r_dat2_addr (62)  [1/1] 0.00ns  loc: LDCP_data_buffer_mult/LDPC_buff.cpp:257
:1  %r_dat2_addr = getelementptr [2048 x i8]* %r_dat2, i32 0, i32 %tmp_3

ST_1: StgValue_40 (63)  [1/1] 2.33ns  loc: LDCP_data_buffer_mult/LDPC_buff.cpp:257
:2  store i8 %dat_read, i8* %r_dat2_addr, align 1

ST_1: StgValue_41 (64)  [1/1] 0.00ns  loc: LDCP_data_buffer_mult/LDPC_buff.cpp:258
:3  br label %._crit_edge

ST_1: tmp_2 (66)  [1/1] 0.00ns  loc: LDCP_data_buffer_mult/LDPC_buff.cpp:254
:0  %tmp_2 = sext i16 %pos_load to i32

ST_1: r_dat1_addr (67)  [1/1] 0.00ns  loc: LDCP_data_buffer_mult/LDPC_buff.cpp:254
:1  %r_dat1_addr = getelementptr [2048 x i8]* %r_dat1, i32 0, i32 %tmp_2

ST_1: StgValue_44 (68)  [1/1] 2.33ns  loc: LDCP_data_buffer_mult/LDPC_buff.cpp:254
:2  store i8 %dat_read, i8* %r_dat1_addr, align 1

ST_1: StgValue_45 (69)  [1/1] 0.00ns  loc: LDCP_data_buffer_mult/LDPC_buff.cpp:255
:3  br label %._crit_edge

ST_1: tmp_1 (71)  [1/1] 0.00ns  loc: LDCP_data_buffer_mult/LDPC_buff.cpp:251
:0  %tmp_1 = sext i16 %pos_load to i32

ST_1: r_dat0_addr (72)  [1/1] 0.00ns  loc: LDCP_data_buffer_mult/LDPC_buff.cpp:251
:1  %r_dat0_addr = getelementptr [2048 x i8]* %r_dat0, i32 0, i32 %tmp_1

ST_1: StgValue_48 (73)  [1/1] 2.33ns  loc: LDCP_data_buffer_mult/LDPC_buff.cpp:251
:2  store i8 %dat_read, i8* %r_dat0_addr, align 1

ST_1: StgValue_49 (74)  [1/1] 0.00ns  loc: LDCP_data_buffer_mult/LDPC_buff.cpp:252
:3  br label %._crit_edge

ST_1: tmp_11 (76)  [1/1] 1.46ns  loc: LDCP_data_buffer_mult/LDPC_buff.cpp:284
._crit_edge:0  %tmp_11 = add i16 %pos_load, 1

ST_1: trig_load (77)  [1/1] 0.00ns
._crit_edge:1  %trig_load = load i12* @trig, align 2

ST_1: extLd (78)  [1/1] 0.00ns
._crit_edge:2  %extLd = zext i12 %trig_load to i16

ST_1: tmp_12 (79)  [1/1] 1.55ns  loc: LDCP_data_buffer_mult/LDPC_buff.cpp:286
._crit_edge:3  %tmp_12 = icmp eq i16 %tmp_11, %extLd

ST_1: StgValue_54 (80)  [1/1] 1.09ns  loc: LDCP_data_buffer_mult/LDPC_buff.cpp:286
._crit_edge:4  br i1 %tmp_12, label %12, label %mergeST

ST_1: tmp_13 (82)  [1/1] 1.46ns  loc: LDCP_data_buffer_mult/LDPC_buff.cpp:289
:0  %tmp_13 = add i16 %mem_load, 1

ST_1: StgValue_56 (83)  [1/1] 0.00ns  loc: LDCP_data_buffer_mult/LDPC_buff.cpp:289
:1  store i16 %tmp_13, i16* @mem, align 2

ST_1: StgValue_57 (84)  [1/1] 1.09ns  loc: LDCP_data_buffer_mult/LDPC_buff.cpp:290
:2  br label %mergeST

ST_1: pos_new (86)  [1/1] 0.00ns  loc: LDCP_data_buffer_mult/LDPC_buff.cpp:284
mergeST:0  %pos_new = phi i16 [ 0, %12 ], [ %tmp_11, %._crit_edge ]

ST_1: StgValue_59 (87)  [1/1] 0.00ns  loc: LDCP_data_buffer_mult/LDPC_buff.cpp:284
mergeST:1  store i16 %pos_new, i16* @pos_r, align 2

ST_1: StgValue_60 (88)  [1/1] 0.00ns  loc: LDCP_data_buffer_mult/LDPC_buff.cpp:292
mergeST:2  ret void



============================================================
+ Verbose Summary: Binding
============================================================
STG Binding: 
---------------- STG Properties BEGIN ----------------
- Is combinational: 1
- Is one-state seq: 0
- Is datapath-only: 0
- Is clock enabled: 0
- Is pipelined: 1
- Is top level: 0
Port [ Return ] is wired: 1; IO mode=ap_ctrl_hs:ce=0
Port [ dat]:  wired=1; compound=0; hidden=0; nouse=0; global=0; static=0; extern=0; dir=0; type=0; pingpong=0; private_global=0; IO mode=ap_none:ce=0
Port [ r_dat0]:  wired=1; compound=1; hidden=0; nouse=0; global=0; static=0; extern=0; dir=1; type=1; pingpong=0; private_global=0; MemPort=[03]; IO mode=ap_memory:ce=0
Port [ r_dat1]:  wired=1; compound=1; hidden=0; nouse=0; global=0; static=0; extern=0; dir=1; type=1; pingpong=0; private_global=0; MemPort=[03]; IO mode=ap_memory:ce=0
Port [ r_dat2]:  wired=1; compound=1; hidden=0; nouse=0; global=0; static=0; extern=0; dir=1; type=1; pingpong=0; private_global=0; MemPort=[03]; IO mode=ap_memory:ce=0
Port [ r_dat3]:  wired=1; compound=1; hidden=0; nouse=0; global=0; static=0; extern=0; dir=1; type=1; pingpong=0; private_global=0; MemPort=[03]; IO mode=ap_memory:ce=0
Port [ r_dat4]:  wired=1; compound=1; hidden=0; nouse=0; global=0; static=0; extern=0; dir=1; type=1; pingpong=0; private_global=0; MemPort=[03]; IO mode=ap_memory:ce=0
Port [ r_dat5]:  wired=1; compound=1; hidden=0; nouse=0; global=0; static=0; extern=0; dir=1; type=1; pingpong=0; private_global=0; MemPort=[03]; IO mode=ap_memory:ce=0
Port [ r_dat6]:  wired=1; compound=1; hidden=0; nouse=0; global=0; static=0; extern=0; dir=1; type=1; pingpong=0; private_global=0; MemPort=[03]; IO mode=ap_memory:ce=0
Port [ r_dat7]:  wired=1; compound=1; hidden=0; nouse=0; global=0; static=0; extern=0; dir=1; type=1; pingpong=0; private_global=0; MemPort=[03]; IO mode=ap_memory:ce=0
Port [ r_dat8]:  wired=1; compound=1; hidden=0; nouse=0; global=0; static=0; extern=0; dir=1; type=1; pingpong=0; private_global=0; MemPort=[03]; IO mode=ap_memory:ce=0
Port [ r_dat9]:  wired=1; compound=1; hidden=0; nouse=0; global=0; static=0; extern=0; dir=1; type=1; pingpong=0; private_global=0; MemPort=[03]; IO mode=ap_memory:ce=0
Port [ r_dat10]:  wired=1; compound=1; hidden=0; nouse=0; global=0; static=0; extern=0; dir=1; type=1; pingpong=0; private_global=0; MemPort=[03]; IO mode=ap_memory:ce=0
Port [ mem]:  wired=1; compound=0; hidden=0; nouse=0; global=1; static=1; extern=0; dir=2; type=0; pingpong=0; private_global=0; linkage=7; visibility=0; IO mode=ap_ovld:ce=0
Port [ pos_r]:  wired=1; compound=0; hidden=0; nouse=0; global=1; static=1; extern=0; dir=2; type=0; pingpong=0; private_global=0; linkage=7; visibility=0; IO mode=ap_ovld:ce=0
Port [ trig]:  wired=1; compound=0; hidden=0; nouse=0; global=1; static=1; extern=0; dir=0; type=0; pingpong=0; private_global=0; linkage=7; visibility=0; IO mode=ap_none:ce=0
---------------- STG Properties END ------------------

---------------- Datapath Model BEGIN ----------------

<LifeTime>
<method=bitvector/>
dat_read     (read         ) [ 00]
mem_load     (load         ) [ 01]
pos_load     (load         ) [ 00]
StgValue_5   (switch       ) [ 00]
tmp_10       (sext         ) [ 00]
r_dat10_addr (getelementptr) [ 00]
StgValue_8   (store        ) [ 00]
StgValue_9   (br           ) [ 00]
tmp_s        (sext         ) [ 00]
r_dat9_addr  (getelementptr) [ 00]
StgValue_12  (store        ) [ 00]
StgValue_13  (br           ) [ 00]
tmp_9        (sext         ) [ 00]
r_dat8_addr  (getelementptr) [ 00]
StgValue_16  (store        ) [ 00]
StgValue_17  (br           ) [ 00]
tmp_8        (sext         ) [ 00]
r_dat7_addr  (getelementptr) [ 00]
StgValue_20  (store        ) [ 00]
StgValue_21  (br           ) [ 00]
tmp_7        (sext         ) [ 00]
r_dat6_addr  (getelementptr) [ 00]
StgValue_24  (store        ) [ 00]
StgValue_25  (br           ) [ 00]
tmp_6        (sext         ) [ 00]
r_dat5_addr  (getelementptr) [ 00]
StgValue_28  (store        ) [ 00]
StgValue_29  (br           ) [ 00]
tmp_5        (sext         ) [ 00]
r_dat4_addr  (getelementptr) [ 00]
StgValue_32  (store        ) [ 00]
StgValue_33  (br           ) [ 00]
tmp_4        (sext         ) [ 00]
r_dat3_addr  (getelementptr) [ 00]
StgValue_36  (store        ) [ 00]
StgValue_37  (br           ) [ 00]
tmp_3        (sext         ) [ 00]
r_dat2_addr  (getelementptr) [ 00]
StgValue_40  (store        ) [ 00]
StgValue_41  (br           ) [ 00]
tmp_2        (sext         ) [ 00]
r_dat1_addr  (getelementptr) [ 00]
StgValue_44  (store        ) [ 00]
StgValue_45  (br           ) [ 00]
tmp_1        (sext         ) [ 00]
r_dat0_addr  (getelementptr) [ 00]
StgValue_48  (store        ) [ 00]
StgValue_49  (br           ) [ 00]
tmp_11       (add          ) [ 00]
trig_load    (load         ) [ 00]
extLd        (zext         ) [ 00]
tmp_12       (icmp         ) [ 01]
StgValue_54  (br           ) [ 00]
tmp_13       (add          ) [ 00]
StgValue_56  (store        ) [ 00]
StgValue_57  (br           ) [ 00]
pos_new      (phi          ) [ 00]
StgValue_59  (store        ) [ 00]
StgValue_60  (ret          ) [ 00]
</LifeTime>

<model>

<comp_list>
<comp id="0" class="1000" name="dat">
<pin_list>
<pin id="1" dir="1" index="0" bw="1" slack="0"/>
</pin_list>
<bind>
<StgValue><ssdm name="dat"/></StgValue>
</bind>
</comp>

<comp id="2" class="1000" name="r_dat0">
<pin_list>
<pin id="3" dir="1" index="0" bw="1" slack="0"/>
</pin_list>
<bind>
<StgValue><ssdm name="r_dat0"/><MemPortTyVec>0 3 </MemPortTyVec>
</StgValue>
</bind>
</comp>

<comp id="4" class="1000" name="r_dat1">
<pin_list>
<pin id="5" dir="1" index="0" bw="1" slack="0"/>
</pin_list>
<bind>
<StgValue><ssdm name="r_dat1"/><MemPortTyVec>0 3 </MemPortTyVec>
</StgValue>
</bind>
</comp>

<comp id="6" class="1000" name="r_dat2">
<pin_list>
<pin id="7" dir="1" index="0" bw="1" slack="0"/>
</pin_list>
<bind>
<StgValue><ssdm name="r_dat2"/><MemPortTyVec>0 3 </MemPortTyVec>
</StgValue>
</bind>
</comp>

<comp id="8" class="1000" name="r_dat3">
<pin_list>
<pin id="9" dir="1" index="0" bw="1" slack="0"/>
</pin_list>
<bind>
<StgValue><ssdm name="r_dat3"/><MemPortTyVec>0 3 </MemPortTyVec>
</StgValue>
</bind>
</comp>

<comp id="10" class="1000" name="r_dat4">
<pin_list>
<pin id="11" dir="1" index="0" bw="1" slack="0"/>
</pin_list>
<bind>
<StgValue><ssdm name="r_dat4"/><MemPortTyVec>0 3 </MemPortTyVec>
</StgValue>
</bind>
</comp>

<comp id="12" class="1000" name="r_dat5">
<pin_list>
<pin id="13" dir="1" index="0" bw="1" slack="0"/>
</pin_list>
<bind>
<StgValue><ssdm name="r_dat5"/><MemPortTyVec>0 3 </MemPortTyVec>
</StgValue>
</bind>
</comp>

<comp id="14" class="1000" name="r_dat6">
<pin_list>
<pin id="15" dir="1" index="0" bw="1" slack="0"/>
</pin_list>
<bind>
<StgValue><ssdm name="r_dat6"/><MemPortTyVec>0 3 </MemPortTyVec>
</StgValue>
</bind>
</comp>

<comp id="16" class="1000" name="r_dat7">
<pin_list>
<pin id="17" dir="1" index="0" bw="1" slack="0"/>
</pin_list>
<bind>
<StgValue><ssdm name="r_dat7"/><MemPortTyVec>0 3 </MemPortTyVec>
</StgValue>
</bind>
</comp>

<comp id="18" class="1000" name="r_dat8">
<pin_list>
<pin id="19" dir="1" index="0" bw="1" slack="0"/>
</pin_list>
<bind>
<StgValue><ssdm name="r_dat8"/><MemPortTyVec>0 3 </MemPortTyVec>
</StgValue>
</bind>
</comp>

<comp id="20" class="1000" name="r_dat9">
<pin_list>
<pin id="21" dir="1" index="0" bw="1" slack="0"/>
</pin_list>
<bind>
<StgValue><ssdm name="r_dat9"/><MemPortTyVec>0 3 </MemPortTyVec>
</StgValue>
</bind>
</comp>

<comp id="22" class="1000" name="r_dat10">
<pin_list>
<pin id="23" dir="1" index="0" bw="1" slack="0"/>
</pin_list>
<bind>
<StgValue><ssdm name="r_dat10"/><MemPortTyVec>0 3 </MemPortTyVec>
</StgValue>
</bind>
</comp>

<comp id="24" class="1000" name="mem">
<pin_list>
<pin id="25" dir="1" index="0" bw="1" slack="0"/>
</pin_list>
<bind>
<StgValue><ssdm name="mem"/></StgValue>
</bind>
</comp>

<comp id="26" class="1000" name="pos_r">
<pin_list>
<pin id="27" dir="1" index="0" bw="1" slack="0"/>
</pin_list>
<bind>
<StgValue><ssdm name="pos_r"/></StgValue>
</bind>
</comp>

<comp id="28" class="1000" name="trig">
<pin_list>
<pin id="29" dir="1" index="0" bw="1" slack="0"/>
</pin_list>
<bind>
<StgValue><ssdm name="trig"/></StgValue>
</bind>
</comp>

<comp id="30" class="1001" name="const_30">
<pin_list>
<pin id="31" dir="1" index="0" bw="1" slack="0"/>
</pin_list>
<bind>
<StgValue><ssdm name="_ssdm_op_Read.ap_auto.i8"/></StgValue>
</bind>
</comp>

<comp id="32" class="1001" name="const_32">
<pin_list>
<pin id="33" dir="1" index="0" bw="1" slack="0"/>
</pin_list>
<bind>
<StgValue><ssdm name=""/></StgValue>
</bind>
</comp>

<comp id="34" class="1001" name="const_34">
<pin_list>
<pin id="35" dir="1" index="0" bw="1" slack="0"/>
</pin_list>
<bind>
<StgValue><ssdm name=""/></StgValue>
</bind>
</comp>

<comp id="36" class="1001" name="const_36">
<pin_list>
<pin id="37" dir="1" index="0" bw="1" slack="2147483647"/>
</pin_list>
<bind>
<StgValue><ssdm name=""/></StgValue>
</bind>
</comp>

<comp id="38" class="1001" name="const_38">
<pin_list>
<pin id="39" dir="1" index="0" bw="1" slack="2147483647"/>
</pin_list>
<bind>
<StgValue><ssdm name=""/></StgValue>
</bind>
</comp>

<comp id="40" class="1001" name="const_40">
<pin_list>
<pin id="41" dir="1" index="0" bw="1" slack="2147483647"/>
</pin_list>
<bind>
<StgValue><ssdm name=""/></StgValue>
</bind>
</comp>

<comp id="42" class="1001" name="const_42">
<pin_list>
<pin id="43" dir="1" index="0" bw="1" slack="2147483647"/>
</pin_list>
<bind>
<StgValue><ssdm name=""/></StgValue>
</bind>
</comp>

<comp id="44" class="1001" name="const_44">
<pin_list>
<pin id="45" dir="1" index="0" bw="1" slack="2147483647"/>
</pin_list>
<bind>
<StgValue><ssdm name=""/></StgValue>
</bind>
</comp>

<comp id="46" class="1001" name="const_46">
<pin_list>
<pin id="47" dir="1" index="0" bw="1" slack="2147483647"/>
</pin_list>
<bind>
<StgValue><ssdm name=""/></StgValue>
</bind>
</comp>

<comp id="48" class="1001" name="const_48">
<pin_list>
<pin id="49" dir="1" index="0" bw="1" slack="2147483647"/>
</pin_list>
<bind>
<StgValue><ssdm name=""/></StgValue>
</bind>
</comp>

<comp id="50" class="1001" name="const_50">
<pin_list>
<pin id="51" dir="1" index="0" bw="1" slack="2147483647"/>
</pin_list>
<bind>
<StgValue><ssdm name=""/></StgValue>
</bind>
</comp>

<comp id="52" class="1001" name="const_52">
<pin_list>
<pin id="53" dir="1" index="0" bw="1" slack="2147483647"/>
</pin_list>
<bind>
<StgValue><ssdm name=""/></StgValue>
</bind>
</comp>

<comp id="54" class="1001" name="const_54">
<pin_list>
<pin id="55" dir="1" index="0" bw="1" slack="0"/>
</pin_list>
<bind>
<StgValue><ssdm name=""/></StgValue>
</bind>
</comp>

<comp id="56" class="1004" name="dat_read_read_fu_56">
<pin_list>
<pin id="57" dir="0" index="0" bw="8" slack="0"/>
<pin id="58" dir="0" index="1" bw="8" slack="0"/>
<pin id="59" dir="1" index="2" bw="8" slack="0"/>
</pin_list>
<bind>
<opcode="read(1150) " fcode="read"/>
<opset="dat_read/1 "/>
</bind>
</comp>

<comp id="62" class="1004" name="r_dat10_addr_gep_fu_62">
<pin_list>
<pin id="63" dir="0" index="0" bw="8" slack="0"/>
<pin id="64" dir="0" index="1" bw="1" slack="0"/>
<pin id="65" dir="0" index="2" bw="16" slack="0"/>
<pin id="66" dir="1" index="3" bw="10" slack="0"/>
</pin_list>
<bind>
<opcode="getelementptr(29) " fcode="getelementptr"/>
<opset="r_dat10_addr/1 "/>
</bind>
</comp>

<comp id="69" class="1004" name="StgValue_8_access_fu_69">
<pin_list>
<pin id="70" dir="0" index="0" bw="10" slack="0"/>
<pin id="71" dir="0" index="1" bw="8" slack="0"/>
<pin id="72" dir="1" index="2" bw="8" slack="2147483647"/>
</pin_list>
<bind>
<opcode="store(28) " fcode="store"/>
<opset="StgValue_8/1 "/>
</bind>
</comp>

<comp id="75" class="1004" name="r_dat9_addr_gep_fu_75">
<pin_list>
<pin id="76" dir="0" index="0" bw="8" slack="0"/>
<pin id="77" dir="0" index="1" bw="1" slack="0"/>
<pin id="78" dir="0" index="2" bw="16" slack="0"/>
<pin id="79" dir="1" index="3" bw="10" slack="0"/>
</pin_list>
<bind>
<opcode="getelementptr(29) " fcode="getelementptr"/>
<opset="r_dat9_addr/1 "/>
</bind>
</comp>

<comp id="82" class="1004" name="StgValue_12_access_fu_82">
<pin_list>
<pin id="83" dir="0" index="0" bw="10" slack="0"/>
<pin id="84" dir="0" index="1" bw="8" slack="0"/>
<pin id="85" dir="1" index="2" bw="8" slack="2147483647"/>
</pin_list>
<bind>
<opcode="store(28) " fcode="store"/>
<opset="StgValue_12/1 "/>
</bind>
</comp>

<comp id="88" class="1004" name="r_dat8_addr_gep_fu_88">
<pin_list>
<pin id="89" dir="0" index="0" bw="8" slack="0"/>
<pin id="90" dir="0" index="1" bw="1" slack="0"/>
<pin id="91" dir="0" index="2" bw="16" slack="0"/>
<pin id="92" dir="1" index="3" bw="10" slack="0"/>
</pin_list>
<bind>
<opcode="getelementptr(29) " fcode="getelementptr"/>
<opset="r_dat8_addr/1 "/>
</bind>
</comp>

<comp id="95" class="1004" name="StgValue_16_access_fu_95">
<pin_list>
<pin id="96" dir="0" index="0" bw="10" slack="0"/>
<pin id="97" dir="0" index="1" bw="8" slack="0"/>
<pin id="98" dir="1" index="2" bw="8" slack="2147483647"/>
</pin_list>
<bind>
<opcode="store(28) " fcode="store"/>
<opset="StgValue_16/1 "/>
</bind>
</comp>

<comp id="101" class="1004" name="r_dat7_addr_gep_fu_101">
<pin_list>
<pin id="102" dir="0" index="0" bw="8" slack="0"/>
<pin id="103" dir="0" index="1" bw="1" slack="0"/>
<pin id="104" dir="0" index="2" bw="16" slack="0"/>
<pin id="105" dir="1" index="3" bw="10" slack="0"/>
</pin_list>
<bind>
<opcode="getelementptr(29) " fcode="getelementptr"/>
<opset="r_dat7_addr/1 "/>
</bind>
</comp>

<comp id="108" class="1004" name="StgValue_20_access_fu_108">
<pin_list>
<pin id="109" dir="0" index="0" bw="10" slack="0"/>
<pin id="110" dir="0" index="1" bw="8" slack="0"/>
<pin id="111" dir="1" index="2" bw="8" slack="2147483647"/>
</pin_list>
<bind>
<opcode="store(28) " fcode="store"/>
<opset="StgValue_20/1 "/>
</bind>
</comp>

<comp id="114" class="1004" name="r_dat6_addr_gep_fu_114">
<pin_list>
<pin id="115" dir="0" index="0" bw="8" slack="0"/>
<pin id="116" dir="0" index="1" bw="1" slack="0"/>
<pin id="117" dir="0" index="2" bw="16" slack="0"/>
<pin id="118" dir="1" index="3" bw="10" slack="0"/>
</pin_list>
<bind>
<opcode="getelementptr(29) " fcode="getelementptr"/>
<opset="r_dat6_addr/1 "/>
</bind>
</comp>

<comp id="121" class="1004" name="StgValue_24_access_fu_121">
<pin_list>
<pin id="122" dir="0" index="0" bw="10" slack="0"/>
<pin id="123" dir="0" index="1" bw="8" slack="0"/>
<pin id="124" dir="1" index="2" bw="8" slack="2147483647"/>
</pin_list>
<bind>
<opcode="store(28) " fcode="store"/>
<opset="StgValue_24/1 "/>
</bind>
</comp>

<comp id="127" class="1004" name="r_dat5_addr_gep_fu_127">
<pin_list>
<pin id="128" dir="0" index="0" bw="8" slack="0"/>
<pin id="129" dir="0" index="1" bw="1" slack="0"/>
<pin id="130" dir="0" index="2" bw="16" slack="0"/>
<pin id="131" dir="1" index="3" bw="10" slack="0"/>
</pin_list>
<bind>
<opcode="getelementptr(29) " fcode="getelementptr"/>
<opset="r_dat5_addr/1 "/>
</bind>
</comp>

<comp id="134" class="1004" name="StgValue_28_access_fu_134">
<pin_list>
<pin id="135" dir="0" index="0" bw="10" slack="0"/>
<pin id="136" dir="0" index="1" bw="8" slack="0"/>
<pin id="137" dir="1" index="2" bw="8" slack="2147483647"/>
</pin_list>
<bind>
<opcode="store(28) " fcode="store"/>
<opset="StgValue_28/1 "/>
</bind>
</comp>

<comp id="140" class="1004" name="r_dat4_addr_gep_fu_140">
<pin_list>
<pin id="141" dir="0" index="0" bw="8" slack="0"/>
<pin id="142" dir="0" index="1" bw="1" slack="0"/>
<pin id="143" dir="0" index="2" bw="16" slack="0"/>
<pin id="144" dir="1" index="3" bw="10" slack="0"/>
</pin_list>
<bind>
<opcode="getelementptr(29) " fcode="getelementptr"/>
<opset="r_dat4_addr/1 "/>
</bind>
</comp>

<comp id="147" class="1004" name="StgValue_32_access_fu_147">
<pin_list>
<pin id="148" dir="0" index="0" bw="10" slack="0"/>
<pin id="149" dir="0" index="1" bw="8" slack="0"/>
<pin id="150" dir="1" index="2" bw="8" slack="2147483647"/>
</pin_list>
<bind>
<opcode="store(28) " fcode="store"/>
<opset="StgValue_32/1 "/>
</bind>
</comp>

<comp id="153" class="1004" name="r_dat3_addr_gep_fu_153">
<pin_list>
<pin id="154" dir="0" index="0" bw="8" slack="0"/>
<pin id="155" dir="0" index="1" bw="1" slack="0"/>
<pin id="156" dir="0" index="2" bw="16" slack="0"/>
<pin id="157" dir="1" index="3" bw="11" slack="0"/>
</pin_list>
<bind>
<opcode="getelementptr(29) " fcode="getelementptr"/>
<opset="r_dat3_addr/1 "/>
</bind>
</comp>

<comp id="160" class="1004" name="StgValue_36_access_fu_160">
<pin_list>
<pin id="161" dir="0" index="0" bw="11" slack="0"/>
<pin id="162" dir="0" index="1" bw="8" slack="0"/>
<pin id="163" dir="1" index="2" bw="8" slack="2147483647"/>
</pin_list>
<bind>
<opcode="store(28) " fcode="store"/>
<opset="StgValue_36/1 "/>
</bind>
</comp>

<comp id="166" class="1004" name="r_dat2_addr_gep_fu_166">
<pin_list>
<pin id="167" dir="0" index="0" bw="8" slack="0"/>
<pin id="168" dir="0" index="1" bw="1" slack="0"/>
<pin id="169" dir="0" index="2" bw="16" slack="0"/>
<pin id="170" dir="1" index="3" bw="11" slack="0"/>
</pin_list>
<bind>
<opcode="getelementptr(29) " fcode="getelementptr"/>
<opset="r_dat2_addr/1 "/>
</bind>
</comp>

<comp id="173" class="1004" name="StgValue_40_access_fu_173">
<pin_list>
<pin id="174" dir="0" index="0" bw="11" slack="0"/>
<pin id="175" dir="0" index="1" bw="8" slack="0"/>
<pin id="176" dir="1" index="2" bw="8" slack="2147483647"/>
</pin_list>
<bind>
<opcode="store(28) " fcode="store"/>
<opset="StgValue_40/1 "/>
</bind>
</comp>

<comp id="179" class="1004" name="r_dat1_addr_gep_fu_179">
<pin_list>
<pin id="180" dir="0" index="0" bw="8" slack="0"/>
<pin id="181" dir="0" index="1" bw="1" slack="0"/>
<pin id="182" dir="0" index="2" bw="16" slack="0"/>
<pin id="183" dir="1" index="3" bw="11" slack="0"/>
</pin_list>
<bind>
<opcode="getelementptr(29) " fcode="getelementptr"/>
<opset="r_dat1_addr/1 "/>
</bind>
</comp>

<comp id="186" class="1004" name="StgValue_44_access_fu_186">
<pin_list>
<pin id="187" dir="0" index="0" bw="11" slack="0"/>
<pin id="188" dir="0" index="1" bw="8" slack="0"/>
<pin id="189" dir="1" index="2" bw="8" slack="2147483647"/>
</pin_list>
<bind>
<opcode="store(28) " fcode="store"/>
<opset="StgValue_44/1 "/>
</bind>
</comp>

<comp id="192" class="1004" name="r_dat0_addr_gep_fu_192">
<pin_list>
<pin id="193" dir="0" index="0" bw="8" slack="0"/>
<pin id="194" dir="0" index="1" bw="1" slack="0"/>
<pin id="195" dir="0" index="2" bw="16" slack="0"/>
<pin id="196" dir="1" index="3" bw="11" slack="0"/>
</pin_list>
<bind>
<opcode="getelementptr(29) " fcode="getelementptr"/>
<opset="r_dat0_addr/1 "/>
</bind>
</comp>

<comp id="199" class="1004" name="StgValue_48_access_fu_199">
<pin_list>
<pin id="200" dir="0" index="0" bw="11" slack="0"/>
<pin id="201" dir="0" index="1" bw="8" slack="0"/>
<pin id="202" dir="1" index="2" bw="8" slack="2147483647"/>
</pin_list>
<bind>
<opcode="store(28) " fcode="store"/>
<opset="StgValue_48/1 "/>
</bind>
</comp>

<comp id="205" class="1005" name="pos_new_reg_205">
<pin_list>
<pin id="206" dir="0" index="0" bw="16" slack="2147483647"/>
<pin id="207" dir="1" index="1" bw="16" slack="2147483647"/>
</pin_list>
<bind>
<opset="pos_new (phireg) "/>
</bind>
</comp>

<comp id="208" class="1004" name="pos_new_phi_fu_208">
<pin_list>
<pin id="209" dir="0" index="0" bw="1" slack="0"/>
<pin id="210" dir="0" index="1" bw="0" slack="2147483647"/>
<pin id="211" dir="0" index="2" bw="16" slack="0"/>
<pin id="212" dir="0" index="3" bw="0" slack="2147483647"/>
<pin id="213" dir="1" index="4" bw="16" slack="0"/>
</pin_list>
<bind>
<opcode="phi(47) " fcode="phi"/>
<opset="pos_new/1 "/>
</bind>
</comp>

<comp id="215" class="1004" name="mem_load_load_fu_215">
<pin_list>
<pin id="216" dir="0" index="0" bw="16" slack="0"/>
<pin id="217" dir="1" index="1" bw="16" slack="0"/>
</pin_list>
<bind>
<opcode="load(27) " fcode="load"/>
<opset="mem_load/1 "/>
</bind>
</comp>

<comp id="219" class="1004" name="pos_load_load_fu_219">
<pin_list>
<pin id="220" dir="0" index="0" bw="16" slack="0"/>
<pin id="221" dir="1" index="1" bw="16" slack="0"/>
</pin_list>
<bind>
<opcode="load(27) " fcode="load"/>
<opset="pos_load/1 "/>
</bind>
</comp>

<comp id="223" class="1004" name="tmp_10_fu_223">
<pin_list>
<pin id="224" dir="0" index="0" bw="16" slack="0"/>
<pin id="225" dir="1" index="1" bw="32" slack="0"/>
</pin_list>
<bind>
<opcode="sext(35) " fcode="sext"/>
<opset="tmp_10/1 "/>
</bind>
</comp>

<comp id="228" class="1004" name="tmp_s_fu_228">
<pin_list>
<pin id="229" dir="0" index="0" bw="16" slack="0"/>
<pin id="230" dir="1" index="1" bw="32" slack="0"/>
</pin_list>
<bind>
<opcode="sext(35) " fcode="sext"/>
<opset="tmp_s/1 "/>
</bind>
</comp>

<comp id="233" class="1004" name="tmp_9_fu_233">
<pin_list>
<pin id="234" dir="0" index="0" bw="16" slack="0"/>
<pin id="235" dir="1" index="1" bw="32" slack="0"/>
</pin_list>
<bind>
<opcode="sext(35) " fcode="sext"/>
<opset="tmp_9/1 "/>
</bind>
</comp>

<comp id="238" class="1004" name="tmp_8_fu_238">
<pin_list>
<pin id="239" dir="0" index="0" bw="16" slack="0"/>
<pin id="240" dir="1" index="1" bw="32" slack="0"/>
</pin_list>
<bind>
<opcode="sext(35) " fcode="sext"/>
<opset="tmp_8/1 "/>
</bind>
</comp>

<comp id="243" class="1004" name="tmp_7_fu_243">
<pin_list>
<pin id="244" dir="0" index="0" bw="16" slack="0"/>
<pin id="245" dir="1" index="1" bw="32" slack="0"/>
</pin_list>
<bind>
<opcode="sext(35) " fcode="sext"/>
<opset="tmp_7/1 "/>
</bind>
</comp>

<comp id="248" class="1004" name="tmp_6_fu_248">
<pin_list>
<pin id="249" dir="0" index="0" bw="16" slack="0"/>
<pin id="250" dir="1" index="1" bw="32" slack="0"/>
</pin_list>
<bind>
<opcode="sext(35) " fcode="sext"/>
<opset="tmp_6/1 "/>
</bind>
</comp>

<comp id="253" class="1004" name="tmp_5_fu_253">
<pin_list>
<pin id="254" dir="0" index="0" bw="16" slack="0"/>
<pin id="255" dir="1" index="1" bw="32" slack="0"/>
</pin_list>
<bind>
<opcode="sext(35) " fcode="sext"/>
<opset="tmp_5/1 "/>
</bind>
</comp>

<comp id="258" class="1004" name="tmp_4_fu_258">
<pin_list>
<pin id="259" dir="0" index="0" bw="16" slack="0"/>
<pin id="260" dir="1" index="1" bw="32" slack="0"/>
</pin_list>
<bind>
<opcode="sext(35) " fcode="sext"/>
<opset="tmp_4/1 "/>
</bind>
</comp>

<comp id="263" class="1004" name="tmp_3_fu_263">
<pin_list>
<pin id="264" dir="0" index="0" bw="16" slack="0"/>
<pin id="265" dir="1" index="1" bw="32" slack="0"/>
</pin_list>
<bind>
<opcode="sext(35) " fcode="sext"/>
<opset="tmp_3/1 "/>
</bind>
</comp>

<comp id="268" class="1004" name="tmp_2_fu_268">
<pin_list>
<pin id="269" dir="0" index="0" bw="16" slack="0"/>
<pin id="270" dir="1" index="1" bw="32" slack="0"/>
</pin_list>
<bind>
<opcode="sext(35) " fcode="sext"/>
<opset="tmp_2/1 "/>
</bind>
</comp>

<comp id="273" class="1004" name="tmp_1_fu_273">
<pin_list>
<pin id="274" dir="0" index="0" bw="16" slack="0"/>
<pin id="275" dir="1" index="1" bw="32" slack="0"/>
</pin_list>
<bind>
<opcode="sext(35) " fcode="sext"/>
<opset="tmp_1/1 "/>
</bind>
</comp>

<comp id="278" class="1004" name="tmp_11_fu_278">
<pin_list>
<pin id="279" dir="0" index="0" bw="16" slack="0"/>
<pin id="280" dir="0" index="1" bw="1" slack="0"/>
<pin id="281" dir="1" index="2" bw="16" slack="0"/>
</pin_list>
<bind>
<opcode="add(8) " fcode="add"/>
<opset="tmp_11/1 "/>
</bind>
</comp>

<comp id="285" class="1004" name="trig_load_load_fu_285">
<pin_list>
<pin id="286" dir="0" index="0" bw="12" slack="0"/>
<pin id="287" dir="1" index="1" bw="12" slack="0"/>
</pin_list>
<bind>
<opcode="load(27) " fcode="load"/>
<opset="trig_load/1 "/>
</bind>
</comp>

<comp id="289" class="1004" name="extLd_fu_289">
<pin_list>
<pin id="290" dir="0" index="0" bw="12" slack="0"/>
<pin id="291" dir="1" index="1" bw="16" slack="0"/>
</pin_list>
<bind>
<opcode="zext(34) " fcode="zext"/>
<opset="extLd/1 "/>
</bind>
</comp>

<comp id="293" class="1004" name="tmp_12_fu_293">
<pin_list>
<pin id="294" dir="0" index="0" bw="16" slack="0"/>
<pin id="295" dir="0" index="1" bw="12" slack="0"/>
<pin id="296" dir="1" index="2" bw="1" slack="2147483647"/>
</pin_list>
<bind>
<opcode="icmp(45) " fcode="icmp"/>
<opset="tmp_12/1 "/>
</bind>
</comp>

<comp id="299" class="1004" name="tmp_13_fu_299">
<pin_list>
<pin id="300" dir="0" index="0" bw="16" slack="0"/>
<pin id="301" dir="0" index="1" bw="1" slack="0"/>
<pin id="302" dir="1" index="2" bw="16" slack="0"/>
</pin_list>
<bind>
<opcode="add(8) " fcode="add"/>
<opset="tmp_13/1 "/>
</bind>
</comp>

<comp id="305" class="1004" name="StgValue_56_store_fu_305">
<pin_list>
<pin id="306" dir="0" index="0" bw="16" slack="0"/>
<pin id="307" dir="0" index="1" bw="16" slack="0"/>
<pin id="308" dir="1" index="2" bw="0" slack="2147483647"/>
</pin_list>
<bind>
<opcode="store(28) " fcode="store"/>
<opset="StgValue_56/1 "/>
</bind>
</comp>

<comp id="311" class="1004" name="StgValue_59_store_fu_311">
<pin_list>
<pin id="312" dir="0" index="0" bw="16" slack="0"/>
<pin id="313" dir="0" index="1" bw="16" slack="0"/>
<pin id="314" dir="1" index="2" bw="0" slack="2147483647"/>
</pin_list>
<bind>
<opcode="store(28) " fcode="store"/>
<opset="StgValue_59/1 "/>
</bind>
</comp>

</comp_list>

<net_list>
<net id="60"><net_src comp="30" pin="0"/><net_sink comp="56" pin=0"/></net>

<net id="61"><net_src comp="0" pin="0"/><net_sink comp="56" pin=1"/></net>

<net id="67"><net_src comp="22" pin="0"/><net_sink comp="62" pin=0"/></net>

<net id="68"><net_src comp="54" pin="0"/><net_sink comp="62" pin=1"/></net>

<net id="73"><net_src comp="56" pin="2"/><net_sink comp="69" pin=1"/></net>

<net id="74"><net_src comp="62" pin="3"/><net_sink comp="69" pin=0"/></net>

<net id="80"><net_src comp="20" pin="0"/><net_sink comp="75" pin=0"/></net>

<net id="81"><net_src comp="54" pin="0"/><net_sink comp="75" pin=1"/></net>

<net id="86"><net_src comp="56" pin="2"/><net_sink comp="82" pin=1"/></net>

<net id="87"><net_src comp="75" pin="3"/><net_sink comp="82" pin=0"/></net>

<net id="93"><net_src comp="18" pin="0"/><net_sink comp="88" pin=0"/></net>

<net id="94"><net_src comp="54" pin="0"/><net_sink comp="88" pin=1"/></net>

<net id="99"><net_src comp="56" pin="2"/><net_sink comp="95" pin=1"/></net>

<net id="100"><net_src comp="88" pin="3"/><net_sink comp="95" pin=0"/></net>

<net id="106"><net_src comp="16" pin="0"/><net_sink comp="101" pin=0"/></net>

<net id="107"><net_src comp="54" pin="0"/><net_sink comp="101" pin=1"/></net>

<net id="112"><net_src comp="56" pin="2"/><net_sink comp="108" pin=1"/></net>

<net id="113"><net_src comp="101" pin="3"/><net_sink comp="108" pin=0"/></net>

<net id="119"><net_src comp="14" pin="0"/><net_sink comp="114" pin=0"/></net>

<net id="120"><net_src comp="54" pin="0"/><net_sink comp="114" pin=1"/></net>

<net id="125"><net_src comp="56" pin="2"/><net_sink comp="121" pin=1"/></net>

<net id="126"><net_src comp="114" pin="3"/><net_sink comp="121" pin=0"/></net>

<net id="132"><net_src comp="12" pin="0"/><net_sink comp="127" pin=0"/></net>

<net id="133"><net_src comp="54" pin="0"/><net_sink comp="127" pin=1"/></net>

<net id="138"><net_src comp="56" pin="2"/><net_sink comp="134" pin=1"/></net>

<net id="139"><net_src comp="127" pin="3"/><net_sink comp="134" pin=0"/></net>

<net id="145"><net_src comp="10" pin="0"/><net_sink comp="140" pin=0"/></net>

<net id="146"><net_src comp="54" pin="0"/><net_sink comp="140" pin=1"/></net>

<net id="151"><net_src comp="56" pin="2"/><net_sink comp="147" pin=1"/></net>

<net id="152"><net_src comp="140" pin="3"/><net_sink comp="147" pin=0"/></net>

<net id="158"><net_src comp="8" pin="0"/><net_sink comp="153" pin=0"/></net>

<net id="159"><net_src comp="54" pin="0"/><net_sink comp="153" pin=1"/></net>

<net id="164"><net_src comp="56" pin="2"/><net_sink comp="160" pin=1"/></net>

<net id="165"><net_src comp="153" pin="3"/><net_sink comp="160" pin=0"/></net>

<net id="171"><net_src comp="6" pin="0"/><net_sink comp="166" pin=0"/></net>

<net id="172"><net_src comp="54" pin="0"/><net_sink comp="166" pin=1"/></net>

<net id="177"><net_src comp="56" pin="2"/><net_sink comp="173" pin=1"/></net>

<net id="178"><net_src comp="166" pin="3"/><net_sink comp="173" pin=0"/></net>

<net id="184"><net_src comp="4" pin="0"/><net_sink comp="179" pin=0"/></net>

<net id="185"><net_src comp="54" pin="0"/><net_sink comp="179" pin=1"/></net>

<net id="190"><net_src comp="56" pin="2"/><net_sink comp="186" pin=1"/></net>

<net id="191"><net_src comp="179" pin="3"/><net_sink comp="186" pin=0"/></net>

<net id="197"><net_src comp="2" pin="0"/><net_sink comp="192" pin=0"/></net>

<net id="198"><net_src comp="54" pin="0"/><net_sink comp="192" pin=1"/></net>

<net id="203"><net_src comp="56" pin="2"/><net_sink comp="199" pin=1"/></net>

<net id="204"><net_src comp="192" pin="3"/><net_sink comp="199" pin=0"/></net>

<net id="214"><net_src comp="32" pin="0"/><net_sink comp="208" pin=0"/></net>

<net id="218"><net_src comp="24" pin="0"/><net_sink comp="215" pin=0"/></net>

<net id="222"><net_src comp="26" pin="0"/><net_sink comp="219" pin=0"/></net>

<net id="226"><net_src comp="219" pin="1"/><net_sink comp="223" pin=0"/></net>

<net id="227"><net_src comp="223" pin="1"/><net_sink comp="62" pin=2"/></net>

<net id="231"><net_src comp="219" pin="1"/><net_sink comp="228" pin=0"/></net>

<net id="232"><net_src comp="228" pin="1"/><net_sink comp="75" pin=2"/></net>

<net id="236"><net_src comp="219" pin="1"/><net_sink comp="233" pin=0"/></net>

<net id="237"><net_src comp="233" pin="1"/><net_sink comp="88" pin=2"/></net>

<net id="241"><net_src comp="219" pin="1"/><net_sink comp="238" pin=0"/></net>

<net id="242"><net_src comp="238" pin="1"/><net_sink comp="101" pin=2"/></net>

<net id="246"><net_src comp="219" pin="1"/><net_sink comp="243" pin=0"/></net>

<net id="247"><net_src comp="243" pin="1"/><net_sink comp="114" pin=2"/></net>

<net id="251"><net_src comp="219" pin="1"/><net_sink comp="248" pin=0"/></net>

<net id="252"><net_src comp="248" pin="1"/><net_sink comp="127" pin=2"/></net>

<net id="256"><net_src comp="219" pin="1"/><net_sink comp="253" pin=0"/></net>

<net id="257"><net_src comp="253" pin="1"/><net_sink comp="140" pin=2"/></net>

<net id="261"><net_src comp="219" pin="1"/><net_sink comp="258" pin=0"/></net>

<net id="262"><net_src comp="258" pin="1"/><net_sink comp="153" pin=2"/></net>

<net id="266"><net_src comp="219" pin="1"/><net_sink comp="263" pin=0"/></net>

<net id="267"><net_src comp="263" pin="1"/><net_sink comp="166" pin=2"/></net>

<net id="271"><net_src comp="219" pin="1"/><net_sink comp="268" pin=0"/></net>

<net id="272"><net_src comp="268" pin="1"/><net_sink comp="179" pin=2"/></net>

<net id="276"><net_src comp="219" pin="1"/><net_sink comp="273" pin=0"/></net>

<net id="277"><net_src comp="273" pin="1"/><net_sink comp="192" pin=2"/></net>

<net id="282"><net_src comp="219" pin="1"/><net_sink comp="278" pin=0"/></net>

<net id="283"><net_src comp="34" pin="0"/><net_sink comp="278" pin=1"/></net>

<net id="284"><net_src comp="278" pin="2"/><net_sink comp="208" pin=2"/></net>

<net id="288"><net_src comp="28" pin="0"/><net_sink comp="285" pin=0"/></net>

<net id="292"><net_src comp="285" pin="1"/><net_sink comp="289" pin=0"/></net>

<net id="297"><net_src comp="278" pin="2"/><net_sink comp="293" pin=0"/></net>

<net id="298"><net_src comp="289" pin="1"/><net_sink comp="293" pin=1"/></net>

<net id="303"><net_src comp="215" pin="1"/><net_sink comp="299" pin=0"/></net>

<net id="304"><net_src comp="34" pin="0"/><net_sink comp="299" pin=1"/></net>

<net id="309"><net_src comp="299" pin="2"/><net_sink comp="305" pin=0"/></net>

<net id="310"><net_src comp="24" pin="0"/><net_sink comp="305" pin=1"/></net>

<net id="315"><net_src comp="208" pin="4"/><net_sink comp="311" pin=0"/></net>

<net id="316"><net_src comp="26" pin="0"/><net_sink comp="311" pin=1"/></net>

</net_list>

</model> 
---------------- Datapath Model END ------------------

* FSMD analyzer results:
  - Output states:
	Port: r_dat0 | {1 }
	Port: r_dat1 | {1 }
	Port: r_dat2 | {1 }
	Port: r_dat3 | {1 }
	Port: r_dat4 | {1 }
	Port: r_dat5 | {1 }
	Port: r_dat6 | {1 }
	Port: r_dat7 | {1 }
	Port: r_dat8 | {1 }
	Port: r_dat9 | {1 }
	Port: r_dat10 | {1 }
	Port: mem | {1 }
	Port: pos_r | {1 }
 - Input state : 
	Port: write_raw_data : dat | {1 }
	Port: write_raw_data : mem | {1 }
	Port: write_raw_data : pos_r | {1 }
	Port: write_raw_data : trig | {1 }
  - Chain level:
	State 1
		StgValue_5 : 1
		tmp_10 : 1
		r_dat10_addr : 2
		StgValue_8 : 3
		tmp_s : 1
		r_dat9_addr : 2
		StgValue_12 : 3
		tmp_9 : 1
		r_dat8_addr : 2
		StgValue_16 : 3
		tmp_8 : 1
		r_dat7_addr : 2
		StgValue_20 : 3
		tmp_7 : 1
		r_dat6_addr : 2
		StgValue_24 : 3
		tmp_6 : 1
		r_dat5_addr : 2
		StgValue_28 : 3
		tmp_5 : 1
		r_dat4_addr : 2
		StgValue_32 : 3
		tmp_4 : 1
		r_dat3_addr : 2
		StgValue_36 : 3
		tmp_3 : 1
		r_dat2_addr : 2
		StgValue_40 : 3
		tmp_2 : 1
		r_dat1_addr : 2
		StgValue_44 : 3
		tmp_1 : 1
		r_dat0_addr : 2
		StgValue_48 : 3
		tmp_11 : 1
		extLd : 1
		tmp_12 : 2
		StgValue_54 : 3
		tmp_13 : 1
		StgValue_56 : 2
		pos_new : 4
		StgValue_59 : 5


============================================================
+ Verbose Summary: Datapath Resource usage 
============================================================

* Functional unit list:
|----------|---------------------|---------|---------|
| Operation|   Functional Unit   |    FF   |   LUT   |
|----------|---------------------|---------|---------|
|    add   |    tmp_11_fu_278    |    0    |    16   |
|          |    tmp_13_fu_299    |    0    |    16   |
|----------|---------------------|---------|---------|
|   icmp   |    tmp_12_fu_293    |    0    |    6    |
|----------|---------------------|---------|---------|
|   read   | dat_read_read_fu_56 |    0    |    0    |
|----------|---------------------|---------|---------|
|          |    tmp_10_fu_223    |    0    |    0    |
|          |     tmp_s_fu_228    |    0    |    0    |
|          |     tmp_9_fu_233    |    0    |    0    |
|          |     tmp_8_fu_238    |    0    |    0    |
|          |     tmp_7_fu_243    |    0    |    0    |
|   sext   |     tmp_6_fu_248    |    0    |    0    |
|          |     tmp_5_fu_253    |    0    |    0    |
|          |     tmp_4_fu_258    |    0    |    0    |
|          |     tmp_3_fu_263    |    0    |    0    |
|          |     tmp_2_fu_268    |    0    |    0    |
|          |     tmp_1_fu_273    |    0    |    0    |
|----------|---------------------|---------|---------|
|   zext   |     extLd_fu_289    |    0    |    0    |
|----------|---------------------|---------|---------|
|   Total  |                     |    0    |    38   |
|----------|---------------------|---------|---------|

Memories:
N/A

* Register list:
+---------------+--------+
|               |   FF   |
+---------------+--------+
|pos_new_reg_205|   16   |
+---------------+--------+
|     Total     |   16   |
+---------------+--------+

* Multiplexer (MUX) list: 
|--------|------|------|------|--------|
|  Comp  |  Pin | Size |  BW  | S x BW |
|--------|------|------|------|--------|
|  Total |      |      |      |    0   |
|--------|------|------|------|--------|



* Summary:
+-----------+--------+--------+
|           |   FF   |   LUT  |
+-----------+--------+--------+
|  Function |    0   |   38   |
|   Memory  |    -   |    -   |
|Multiplexer|    -   |    -   |
|  Register |   16   |    -   |
+-----------+--------+--------+
|   Total   |   16   |   38   |
+-----------+--------+--------+
