

================================================================
== Vivado HLS Report for 'load_pest_12_top'
================================================================
* Date:           Thu Aug 11 10:29:36 2022

* Version:        2016.4 (Build 1756540 on Mon Jan 23 19:31:01 MST 2017)
* Project:        LDPC_Decoder3U
* Solution:       solution1
* Product family: kintex7
* Target device:  xc7k160tfbg676-1


================================================================
== Performance Estimates
================================================================
+ Timing (ns): 
    * Summary: 
    +--------+-------+----------+------------+
    |  Clock | Target| Estimated| Uncertainty|
    +--------+-------+----------+------------+
    |ap_clk  |  10.00|      8.59|        1.25|
    +--------+-------+----------+------------+

+ Latency (clock cycles): 
    * Summary: 
    +-----+-----+-----+-----+---------+
    |  Latency  |  Interval | Pipeline|
    | min | max | min | max |   Type  |
    +-----+-----+-----+-----+---------+
    |    1|    1|    1|    1|   none  |
    +-----+-----+-----+-----+---------+

    + Detail: 
        * Instance: 
        N/A

        * Loop: 
        N/A



================================================================
== Utilization Estimates
================================================================
* Summary: 
+-----------------+---------+-------+--------+--------+
|       Name      | BRAM_18K| DSP48E|   FF   |   LUT  |
+-----------------+---------+-------+--------+--------+
|DSP              |        -|      -|       -|       -|
|Expression       |        -|      -|       0|     330|
|FIFO             |        -|      -|       -|       -|
|Instance         |        -|      -|       -|       -|
|Memory           |        -|      -|       -|       -|
|Multiplexer      |        -|      -|       -|       1|
|Register         |        -|      -|       2|       -|
+-----------------+---------+-------+--------+--------+
|Total            |        0|      0|       2|     331|
+-----------------+---------+-------+--------+--------+
|Available        |      650|    600|  202800|  101400|
+-----------------+---------+-------+--------+--------+
|Utilization (%)  |        0|      0|   ~0   |   ~0   |
+-----------------+---------+-------+--------+--------+

+ Detail: 
    * Instance: 
    N/A

    * DSP48: 
    N/A

    * Memory: 
    N/A

    * FIFO: 
    N/A

    * Expression: 
    +----------------------+----------+-------+---+----+------------+------------+
    |     Variable Name    | Operation| DSP48E| FF| LUT| Bitwidth P0| Bitwidth P1|
    +----------------------+----------+-------+---+----+------------+------------+
    |tmp10_fu_623_p2       |     +    |      0|  0|   8|          16|          16|
    |tmp11_fu_617_p2       |     +    |      0|  0|   8|          16|          16|
    |tmp12_fu_641_p2       |     +    |      0|  0|   8|          16|          16|
    |tmp13_fu_629_p2       |     +    |      0|  0|  16|          16|          16|
    |tmp14_fu_635_p2       |     +    |      0|  0|  16|          16|          16|
    |tmp15_fu_659_p2       |     +    |      0|  0|   8|          16|          16|
    |tmp20_fu_683_p2       |     +    |      0|  0|   8|          16|          16|
    |tmp21_fu_677_p2       |     +    |      0|  0|   8|          16|          16|
    |tmp22_fu_701_p2       |     +    |      0|  0|   8|          16|          16|
    |tmp23_fu_689_p2       |     +    |      0|  0|  16|          16|          16|
    |tmp24_fu_695_p2       |     +    |      0|  0|  16|          16|          16|
    |tmp35_fu_743_p2       |     +    |      0|  0|   8|          16|          16|
    |tmp36_fu_725_p2       |     +    |      0|  0|   8|          16|          16|
    |tmp37_fu_719_p2       |     +    |      0|  0|   8|          16|          16|
    |tmp38_fu_737_p2       |     +    |      0|  0|   8|          16|          16|
    |tmp39_fu_731_p2       |     +    |      0|  0|  16|          16|          16|
    |tmp3_fu_587_p2        |     +    |      0|  0|  16|          16|          16|
    |tmp40_fu_779_p2       |     +    |      0|  0|   8|          16|          16|
    |tmp41_fu_755_p2       |     +    |      0|  0|   8|          16|          16|
    |tmp42_fu_749_p2       |     +    |      0|  0|   8|          16|          16|
    |tmp43_fu_773_p2       |     +    |      0|  0|   8|          16|          16|
    |tmp44_fu_761_p2       |     +    |      0|  0|  16|          16|          16|
    |tmp45_fu_767_p2       |     +    |      0|  0|   8|          16|          16|
    |tmp4_fu_599_p2        |     +    |      0|  0|   8|          16|          16|
    |tmp5_fu_593_p2        |     +    |      0|  0|  16|          16|          16|
    |tmp_935_fu_647_p2     |     +    |      0|  0|   8|          16|          16|
    |tmp_936_fu_665_p2     |     +    |      0|  0|   8|          16|          16|
    |tmp_937_fu_707_p2     |     +    |      0|  0|   8|          16|          16|
    |tmp_938_fu_785_p2     |     +    |      0|  0|   8|          16|          16|
    |tmp_s_fu_605_p2       |     +    |      0|  0|   8|          16|          16|
    |bpest0                |    xor   |      0|  0|   2|           1|           2|
    |bpest1                |    xor   |      0|  0|   2|           1|           2|
    |bpest2                |    xor   |      0|  0|   2|           1|           2|
    |bpest3                |    xor   |      0|  0|   2|           1|           2|
    |bpest4                |    xor   |      0|  0|   2|           1|           2|
    |pos_assign_fu_547_p2  |    xor   |      0|  0|  16|          11|          12|
    +----------------------+----------+-------+---+----+------------+------------+
    |Total                 |          |      0|  0| 330|         496|         502|
    +----------------------+----------+-------+---+----+------------+------------+

    * Multiplexer: 
    +-----------+----+-----------+-----+-----------+
    |    Name   | LUT| Input Size| Bits| Total Bits|
    +-----------+----+-----------+-----+-----------+
    |ap_NS_fsm  |   1|          3|    1|          3|
    +-----------+----+-----------+-----+-----------+
    |Total      |   1|          3|    1|          3|
    +-----------+----+-----------+-----+-----------+

    * Register: 
    +-----------+---+----+-----+-----------+
    |    Name   | FF| LUT| Bits| Const Bits|
    +-----------+---+----+-----+-----------+
    |ap_CS_fsm  |  2|   0|    2|          0|
    +-----------+---+----+-----+-----------+
    |Total      |  2|   0|    2|          0|
    +-----------+---+----+-----+-----------+



================================================================
== Interface
================================================================
* Summary: 
+-------------------------+-----+-----+------------+------------------+--------------+
|        RTL Ports        | Dir | Bits|  Protocol  |   Source Object  |    C Type    |
+-------------------------+-----+-----+------------+------------------+--------------+
|ap_clk                   |  in |    1| ap_ctrl_hs | load_pest_12_top | return value |
|ap_rst                   |  in |    1| ap_ctrl_hs | load_pest_12_top | return value |
|ap_start                 |  in |    1| ap_ctrl_hs | load_pest_12_top | return value |
|ap_done                  | out |    1| ap_ctrl_hs | load_pest_12_top | return value |
|ap_idle                  | out |    1| ap_ctrl_hs | load_pest_12_top | return value |
|ap_ready                 | out |    1| ap_ctrl_hs | load_pest_12_top | return value |
|pos_r                    |  in |   13|   ap_none  |       pos_r      |    scalar    |
|pLambda0_address0        | out |   11|  ap_memory |     pLambda0     |     array    |
|pLambda0_ce0             | out |    1|  ap_memory |     pLambda0     |     array    |
|pLambda0_q0              |  in |   16|  ap_memory |     pLambda0     |     array    |
|prLamB_buf3b_address0    | out |   10|  ap_memory |   prLamB_buf3b   |     array    |
|prLamB_buf3b_ce0         | out |    1|  ap_memory |   prLamB_buf3b   |     array    |
|prLamB_buf3b_q0          |  in |   16|  ap_memory |   prLamB_buf3b   |     array    |
|prLamC_buf5_address0     | out |   10|  ap_memory |    prLamC_buf5   |     array    |
|prLamC_buf5_ce0          | out |    1|  ap_memory |    prLamC_buf5   |     array    |
|prLamC_buf5_q0           |  in |   16|  ap_memory |    prLamC_buf5   |     array    |
|prLam2B_buf3b_address0   | out |   10|  ap_memory |   prLam2B_buf3b  |     array    |
|prLam2B_buf3b_ce0        | out |    1|  ap_memory |   prLam2B_buf3b  |     array    |
|prLam2B_buf3b_q0         |  in |   16|  ap_memory |   prLam2B_buf3b  |     array    |
|prLam2C_buf5_address0    | out |   10|  ap_memory |   prLam2C_buf5   |     array    |
|prLam2C_buf5_ce0         | out |    1|  ap_memory |   prLam2C_buf5   |     array    |
|prLam2C_buf5_q0          |  in |   16|  ap_memory |   prLam2C_buf5   |     array    |
|pest0                    | out |   16|   ap_vld   |       pest0      |    pointer   |
|pest0_ap_vld             | out |    1|   ap_vld   |       pest0      |    pointer   |
|pLambda1_address0        | out |   11|  ap_memory |     pLambda1     |     array    |
|pLambda1_ce0             | out |    1|  ap_memory |     pLambda1     |     array    |
|pLambda1_q0              |  in |   16|  ap_memory |     pLambda1     |     array    |
|prLamB_buf5_address0     | out |   10|  ap_memory |    prLamB_buf5   |     array    |
|prLamB_buf5_ce0          | out |    1|  ap_memory |    prLamB_buf5   |     array    |
|prLamB_buf5_q0           |  in |   16|  ap_memory |    prLamB_buf5   |     array    |
|prLamB_buf5a_address0    | out |   10|  ap_memory |   prLamB_buf5a   |     array    |
|prLamB_buf5a_ce0         | out |    1|  ap_memory |   prLamB_buf5a   |     array    |
|prLamB_buf5a_q0          |  in |   16|  ap_memory |   prLamB_buf5a   |     array    |
|prLamC_buf6_address0     | out |   10|  ap_memory |    prLamC_buf6   |     array    |
|prLamC_buf6_ce0          | out |    1|  ap_memory |    prLamC_buf6   |     array    |
|prLamC_buf6_q0           |  in |   16|  ap_memory |    prLamC_buf6   |     array    |
|prLam2B_buf5_address0    | out |   10|  ap_memory |   prLam2B_buf5   |     array    |
|prLam2B_buf5_ce0         | out |    1|  ap_memory |   prLam2B_buf5   |     array    |
|prLam2B_buf5_q0          |  in |   16|  ap_memory |   prLam2B_buf5   |     array    |
|prLam2B_buf5a_address0   | out |   10|  ap_memory |   prLam2B_buf5a  |     array    |
|prLam2B_buf5a_ce0        | out |    1|  ap_memory |   prLam2B_buf5a  |     array    |
|prLam2B_buf5a_q0         |  in |   16|  ap_memory |   prLam2B_buf5a  |     array    |
|prLam2C_buf6_address0    | out |   10|  ap_memory |   prLam2C_buf6   |     array    |
|prLam2C_buf6_ce0         | out |    1|  ap_memory |   prLam2C_buf6   |     array    |
|prLam2C_buf6_q0          |  in |   16|  ap_memory |   prLam2C_buf6   |     array    |
|pest1                    | out |   16|   ap_vld   |       pest1      |    pointer   |
|pest1_ap_vld             | out |    1|   ap_vld   |       pest1      |    pointer   |
|pLambda2_address0        | out |   11|  ap_memory |     pLambda2     |     array    |
|pLambda2_ce0             | out |    1|  ap_memory |     pLambda2     |     array    |
|pLambda2_q0              |  in |   16|  ap_memory |     pLambda2     |     array    |
|prLamB_buf6_address0     | out |   10|  ap_memory |    prLamB_buf6   |     array    |
|prLamB_buf6_ce0          | out |    1|  ap_memory |    prLamB_buf6   |     array    |
|prLamB_buf6_q0           |  in |   16|  ap_memory |    prLamB_buf6   |     array    |
|prLam2B_buf6_address0    | out |   10|  ap_memory |   prLam2B_buf6   |     array    |
|prLam2B_buf6_ce0         | out |    1|  ap_memory |   prLam2B_buf6   |     array    |
|prLam2B_buf6_q0          |  in |   16|  ap_memory |   prLam2B_buf6   |     array    |
|pest2                    | out |   16|   ap_vld   |       pest2      |    pointer   |
|pest2_ap_vld             | out |    1|   ap_vld   |       pest2      |    pointer   |
|pLambda3_address0        | out |   11|  ap_memory |     pLambda3     |     array    |
|pLambda3_ce0             | out |    1|  ap_memory |     pLambda3     |     array    |
|pLambda3_q0              |  in |   16|  ap_memory |     pLambda3     |     array    |
|prLamB_buf7_address0     | out |   10|  ap_memory |    prLamB_buf7   |     array    |
|prLamB_buf7_ce0          | out |    1|  ap_memory |    prLamB_buf7   |     array    |
|prLamB_buf7_q0           |  in |   16|  ap_memory |    prLamB_buf7   |     array    |
|prLamB_buf7a_address0    | out |   10|  ap_memory |   prLamB_buf7a   |     array    |
|prLamB_buf7a_ce0         | out |    1|  ap_memory |   prLamB_buf7a   |     array    |
|prLamB_buf7a_q0          |  in |   16|  ap_memory |   prLamB_buf7a   |     array    |
|prLamC_buf7_address0     | out |   10|  ap_memory |    prLamC_buf7   |     array    |
|prLamC_buf7_ce0          | out |    1|  ap_memory |    prLamC_buf7   |     array    |
|prLamC_buf7_q0           |  in |   16|  ap_memory |    prLamC_buf7   |     array    |
|prLam2B_buf7_address0    | out |   10|  ap_memory |   prLam2B_buf7   |     array    |
|prLam2B_buf7_ce0         | out |    1|  ap_memory |   prLam2B_buf7   |     array    |
|prLam2B_buf7_q0          |  in |   16|  ap_memory |   prLam2B_buf7   |     array    |
|prLam2B_buf7a_address0   | out |   10|  ap_memory |   prLam2B_buf7a  |     array    |
|prLam2B_buf7a_ce0        | out |    1|  ap_memory |   prLam2B_buf7a  |     array    |
|prLam2B_buf7a_q0         |  in |   16|  ap_memory |   prLam2B_buf7a  |     array    |
|prLam2C_buf7_address0    | out |   10|  ap_memory |   prLam2C_buf7   |     array    |
|prLam2C_buf7_ce0         | out |    1|  ap_memory |   prLam2C_buf7   |     array    |
|prLam2C_buf7_q0          |  in |   16|  ap_memory |   prLam2C_buf7   |     array    |
|pest3                    | out |   16|   ap_vld   |       pest3      |    pointer   |
|pest3_ap_vld             | out |    1|   ap_vld   |       pest3      |    pointer   |
|pLambda4_address0        | out |   11|  ap_memory |     pLambda4     |     array    |
|pLambda4_ce0             | out |    1|  ap_memory |     pLambda4     |     array    |
|pLambda4_q0              |  in |   16|  ap_memory |     pLambda4     |     array    |
|prLamB_buf9a_address0    | out |   10|  ap_memory |   prLamB_buf9a   |     array    |
|prLamB_buf9a_ce0         | out |    1|  ap_memory |   prLamB_buf9a   |     array    |
|prLamB_buf9a_q0          |  in |   16|  ap_memory |   prLamB_buf9a   |     array    |
|prLamB_buf10_address0    | out |   10|  ap_memory |   prLamB_buf10   |     array    |
|prLamB_buf10_ce0         | out |    1|  ap_memory |   prLamB_buf10   |     array    |
|prLamB_buf10_q0          |  in |   16|  ap_memory |   prLamB_buf10   |     array    |
|prLamB_buf9_address0     | out |   10|  ap_memory |    prLamB_buf9   |     array    |
|prLamB_buf9_ce0          | out |    1|  ap_memory |    prLamB_buf9   |     array    |
|prLamB_buf9_q0           |  in |   16|  ap_memory |    prLamB_buf9   |     array    |
|prLamC_buf10_address0    | out |   10|  ap_memory |   prLamC_buf10   |     array    |
|prLamC_buf10_ce0         | out |    1|  ap_memory |   prLamC_buf10   |     array    |
|prLamC_buf10_q0          |  in |   16|  ap_memory |   prLamC_buf10   |     array    |
|prLamC_buf10a_address0   | out |   10|  ap_memory |   prLamC_buf10a  |     array    |
|prLamC_buf10a_ce0        | out |    1|  ap_memory |   prLamC_buf10a  |     array    |
|prLamC_buf10a_q0         |  in |   16|  ap_memory |   prLamC_buf10a  |     array    |
|prLamC_buf10b_address0   | out |   10|  ap_memory |   prLamC_buf10b  |     array    |
|prLamC_buf10b_ce0        | out |    1|  ap_memory |   prLamC_buf10b  |     array    |
|prLamC_buf10b_q0         |  in |   16|  ap_memory |   prLamC_buf10b  |     array    |
|prLam2B_buf9a_address0   | out |   10|  ap_memory |   prLam2B_buf9a  |     array    |
|prLam2B_buf9a_ce0        | out |    1|  ap_memory |   prLam2B_buf9a  |     array    |
|prLam2B_buf9a_q0         |  in |   16|  ap_memory |   prLam2B_buf9a  |     array    |
|prLam2B_buf10_address0   | out |   10|  ap_memory |   prLam2B_buf10  |     array    |
|prLam2B_buf10_ce0        | out |    1|  ap_memory |   prLam2B_buf10  |     array    |
|prLam2B_buf10_q0         |  in |   16|  ap_memory |   prLam2B_buf10  |     array    |
|prLam2B_buf9_address0    | out |   10|  ap_memory |   prLam2B_buf9   |     array    |
|prLam2B_buf9_ce0         | out |    1|  ap_memory |   prLam2B_buf9   |     array    |
|prLam2B_buf9_q0          |  in |   16|  ap_memory |   prLam2B_buf9   |     array    |
|prLam2C_buf10_address0   | out |   10|  ap_memory |   prLam2C_buf10  |     array    |
|prLam2C_buf10_ce0        | out |    1|  ap_memory |   prLam2C_buf10  |     array    |
|prLam2C_buf10_q0         |  in |   16|  ap_memory |   prLam2C_buf10  |     array    |
|prLam2C_buf10a_address0  | out |   10|  ap_memory |  prLam2C_buf10a  |     array    |
|prLam2C_buf10a_ce0       | out |    1|  ap_memory |  prLam2C_buf10a  |     array    |
|prLam2C_buf10a_q0        |  in |   16|  ap_memory |  prLam2C_buf10a  |     array    |
|prLam2C_buf10b_address0  | out |   10|  ap_memory |  prLam2C_buf10b  |     array    |
|prLam2C_buf10b_ce0       | out |    1|  ap_memory |  prLam2C_buf10b  |     array    |
|prLam2C_buf10b_q0        |  in |   16|  ap_memory |  prLam2C_buf10b  |     array    |
|pest4                    | out |   16|   ap_vld   |       pest4      |    pointer   |
|pest4_ap_vld             | out |    1|   ap_vld   |       pest4      |    pointer   |
|bpest0                   | out |    1|   ap_vld   |      bpest0      |    pointer   |
|bpest0_ap_vld            | out |    1|   ap_vld   |      bpest0      |    pointer   |
|bpest1                   | out |    1|   ap_vld   |      bpest1      |    pointer   |
|bpest1_ap_vld            | out |    1|   ap_vld   |      bpest1      |    pointer   |
|bpest2                   | out |    1|   ap_vld   |      bpest2      |    pointer   |
|bpest2_ap_vld            | out |    1|   ap_vld   |      bpest2      |    pointer   |
|bpest3                   | out |    1|   ap_vld   |      bpest3      |    pointer   |
|bpest3_ap_vld            | out |    1|   ap_vld   |      bpest3      |    pointer   |
|bpest4                   | out |    1|   ap_vld   |      bpest4      |    pointer   |
|bpest4_ap_vld            | out |    1|   ap_vld   |      bpest4      |    pointer   |
+-------------------------+-----+-----+------------+------------------+--------------+

