

================================================================
== Vivado HLS Report for 'load_pest_all_23'
================================================================
* Date:           Sat Oct 05 17:17:46 2019

* Version:        2016.3 (Build 1682563 on Mon Oct 10 19:41:59 MDT 2016)
* Project:        LDPC_Decoder3U
* Solution:       solution1
* Product family: kintex7
* Target device:  xc7k160tfbg676-1


================================================================
== Performance Estimates
================================================================
+ Timing (ns): 
    * Summary: 
    +--------+-------+----------+------------+
    |  Clock | Target| Estimated| Uncertainty|
    +--------+-------+----------+------------+
    |ap_clk  |  10.00|      8.59|        1.25|
    +--------+-------+----------+------------+

+ Latency (clock cycles): 
    * Summary: 
    +-----+-----+-----+-----+---------+
    |  Latency  |  Interval | Pipeline|
    | min | max | min | max |   Type  |
    +-----+-----+-----+-----+---------+
    |    1|    1|    1|    1|   none  |
    +-----+-----+-----+-----+---------+

    + Detail: 
        * Instance: 
        N/A

        * Loop: 
        N/A



================================================================
== Utilization Estimates
================================================================
* Summary: 
+-----------------+---------+-------+--------+--------+
|       Name      | BRAM_18K| DSP48E|   FF   |   LUT  |
+-----------------+---------+-------+--------+--------+
|DSP              |        -|      -|       -|       -|
|Expression       |        -|      -|       0|     622|
|FIFO             |        -|      -|       -|       -|
|Instance         |        -|      -|       -|       -|
|Memory           |        -|      -|       -|       -|
|Multiplexer      |        -|      -|       -|       1|
|Register         |        -|      -|       2|       -|
+-----------------+---------+-------+--------+--------+
|Total            |        0|      0|       2|     623|
+-----------------+---------+-------+--------+--------+
|Available        |      650|    600|  202800|  101400|
+-----------------+---------+-------+--------+--------+
|Utilization (%)  |        0|      0|   ~0   |   ~0   |
+-----------------+---------+-------+--------+--------+

+ Detail: 
    * Instance: 
    N/A

    * DSP48: 
    N/A

    * Memory: 
    N/A

    * FIFO: 
    N/A

    * Expression: 
    +--------------------+----------+-------+---+----+------------+------------+
    |    Variable Name   | Operation| DSP48E| FF| LUT| Bitwidth P0| Bitwidth P1|
    +--------------------+----------+-------+---+----+------------+------------+
    |tmp100_fu_1463_p2   |     +    |      0|  0|   8|          16|          16|
    |tmp101_fu_1487_p2   |     +    |      0|  0|   8|          16|          16|
    |tmp102_fu_1475_p2   |     +    |      0|  0|  16|          16|          16|
    |tmp103_fu_1481_p2   |     +    |      0|  0|   8|          16|          16|
    |tmp10_fu_1133_p2    |     +    |      0|  0|   8|          16|          16|
    |tmp11_fu_1115_p2    |     +    |      0|  0|  16|          16|          16|
    |tmp12_fu_1127_p2    |     +    |      0|  0|   8|          16|          16|
    |tmp13_fu_1121_p2    |     +    |      0|  0|   8|          16|          16|
    |tmp20_fu_1163_p2    |     +    |      0|  0|   8|          16|          16|
    |tmp21_fu_1151_p2    |     +    |      0|  0|  16|          16|          16|
    |tmp22_fu_1157_p2    |     +    |      0|  0|   8|          16|          16|
    |tmp23_fu_1187_p2    |     +    |      0|  0|   8|          16|          16|
    |tmp24_fu_1169_p2    |     +    |      0|  0|  16|          16|          16|
    |tmp25_fu_1181_p2    |     +    |      0|  0|   8|          16|          16|
    |tmp26_fu_1175_p2    |     +    |      0|  0|   8|          16|          16|
    |tmp33_fu_1217_p2    |     +    |      0|  0|   8|          16|          16|
    |tmp34_fu_1205_p2    |     +    |      0|  0|  16|          16|          16|
    |tmp35_fu_1211_p2    |     +    |      0|  0|   8|          16|          16|
    |tmp36_fu_1241_p2    |     +    |      0|  0|   8|          16|          16|
    |tmp37_fu_1223_p2    |     +    |      0|  0|  16|          16|          16|
    |tmp38_fu_1235_p2    |     +    |      0|  0|   8|          16|          16|
    |tmp39_fu_1229_p2    |     +    |      0|  0|   8|          16|          16|
    |tmp46_fu_1271_p2    |     +    |      0|  0|   8|          16|          16|
    |tmp47_fu_1259_p2    |     +    |      0|  0|  16|          16|          16|
    |tmp48_fu_1265_p2    |     +    |      0|  0|   8|          16|          16|
    |tmp49_fu_1295_p2    |     +    |      0|  0|   8|          16|          16|
    |tmp50_fu_1277_p2    |     +    |      0|  0|  16|          16|          16|
    |tmp51_fu_1289_p2    |     +    |      0|  0|   8|          16|          16|
    |tmp52_fu_1283_p2    |     +    |      0|  0|   8|          16|          16|
    |tmp61_fu_1331_p2    |     +    |      0|  0|   8|          16|          16|
    |tmp62_fu_1313_p2    |     +    |      0|  0|  16|          16|          16|
    |tmp63_fu_1325_p2    |     +    |      0|  0|   8|          16|          16|
    |tmp64_fu_1319_p2    |     +    |      0|  0|  16|          16|          16|
    |tmp65_fu_1361_p2    |     +    |      0|  0|   8|          16|          16|
    |tmp66_fu_1343_p2    |     +    |      0|  0|   8|          16|          16|
    |tmp67_fu_1337_p2    |     +    |      0|  0|   8|          16|          16|
    |tmp68_fu_1355_p2    |     +    |      0|  0|   8|          16|          16|
    |tmp69_fu_1349_p2    |     +    |      0|  0|   8|          16|          16|
    |tmp76_fu_1391_p2    |     +    |      0|  0|   8|          16|          16|
    |tmp77_fu_1379_p2    |     +    |      0|  0|  16|          16|          16|
    |tmp78_fu_1385_p2    |     +    |      0|  0|   8|          16|          16|
    |tmp79_fu_1415_p2    |     +    |      0|  0|   8|          16|          16|
    |tmp7_fu_1109_p2     |     +    |      0|  0|   8|          16|          16|
    |tmp80_fu_1397_p2    |     +    |      0|  0|  16|          16|          16|
    |tmp81_fu_1409_p2    |     +    |      0|  0|   8|          16|          16|
    |tmp82_fu_1403_p2    |     +    |      0|  0|   8|          16|          16|
    |tmp8_fu_1097_p2     |     +    |      0|  0|  16|          16|          16|
    |tmp93_fu_1457_p2    |     +    |      0|  0|   8|          16|          16|
    |tmp94_fu_1439_p2    |     +    |      0|  0|   8|          16|          16|
    |tmp95_fu_1433_p2    |     +    |      0|  0|   8|          16|          16|
    |tmp96_fu_1451_p2    |     +    |      0|  0|   8|          16|          16|
    |tmp97_fu_1445_p2    |     +    |      0|  0|  16|          16|          16|
    |tmp98_fu_1493_p2    |     +    |      0|  0|   8|          16|          16|
    |tmp99_fu_1469_p2    |     +    |      0|  0|   8|          16|          16|
    |tmp9_fu_1103_p2     |     +    |      0|  0|   8|          16|          16|
    |tmp_919_fu_1193_p2  |     +    |      0|  0|   8|          16|          16|
    |tmp_920_fu_1247_p2  |     +    |      0|  0|   8|          16|          16|
    |tmp_921_fu_1301_p2  |     +    |      0|  0|   8|          16|          16|
    |tmp_922_fu_1367_p2  |     +    |      0|  0|   8|          16|          16|
    |tmp_923_fu_1421_p2  |     +    |      0|  0|   8|          16|          16|
    |tmp_924_fu_1499_p2  |     +    |      0|  0|   8|          16|          16|
    |tmp_s_fu_1139_p2    |     +    |      0|  0|   8|          16|          16|
    |bpest0              |    xor   |      0|  0|   2|           1|           2|
    |bpest1              |    xor   |      0|  0|   2|           1|           2|
    |bpest2              |    xor   |      0|  0|   2|           1|           2|
    |bpest3              |    xor   |      0|  0|   2|           1|           2|
    |bpest4              |    xor   |      0|  0|   2|           1|           2|
    |bpest5              |    xor   |      0|  0|   2|           1|           2|
    |bpest6              |    xor   |      0|  0|   2|           1|           2|
    +--------------------+----------+-------+---+----+------------+------------+
    |Total               |          |      0|  0| 622|         999|        1006|
    +--------------------+----------+-------+---+----+------------+------------+

    * Multiplexer: 
    +-----------+----+-----------+-----+-----------+
    |    Name   | LUT| Input Size| Bits| Total Bits|
    +-----------+----+-----------+-----+-----------+
    |ap_NS_fsm  |   1|          3|    1|          3|
    +-----------+----+-----------+-----+-----------+
    |Total      |   1|          3|    1|          3|
    +-----------+----+-----------+-----+-----------+

    * Register: 
    +-----------+---+----+-----+-----------+
    |    Name   | FF| LUT| Bits| Const Bits|
    +-----------+---+----+-----+-----------+
    |ap_CS_fsm  |  2|   0|    2|          0|
    +-----------+---+----+-----+-----------+
    |Total      |  2|   0|    2|          0|
    +-----------+---+----+-----+-----------+



================================================================
== Interface
================================================================
* Summary: 
+-------------------------+-----+-----+------------+------------------+--------------+
|        RTL Ports        | Dir | Bits|  Protocol  |   Source Object  |    C Type    |
+-------------------------+-----+-----+------------+------------------+--------------+
|ap_clk                   |  in |    1| ap_ctrl_hs | load_pest_all_23 | return value |
|ap_rst                   |  in |    1| ap_ctrl_hs | load_pest_all_23 | return value |
|ap_start                 |  in |    1| ap_ctrl_hs | load_pest_all_23 | return value |
|ap_done                  | out |    1| ap_ctrl_hs | load_pest_all_23 | return value |
|ap_idle                  | out |    1| ap_ctrl_hs | load_pest_all_23 | return value |
|ap_ready                 | out |    1| ap_ctrl_hs | load_pest_all_23 | return value |
|pos_r                    |  in |   13|   ap_none  |       pos_r      |    scalar    |
|pLambda0_address0        | out |   11|  ap_memory |     pLambda0     |     array    |
|pLambda0_ce0             | out |    1|  ap_memory |     pLambda0     |     array    |
|pLambda0_q0              |  in |   16|  ap_memory |     pLambda0     |     array    |
|prLamB_buf_address0      | out |   10|  ap_memory |    prLamB_buf    |     array    |
|prLamB_buf_ce0           | out |    1|  ap_memory |    prLamB_buf    |     array    |
|prLamB_buf_q0            |  in |   16|  ap_memory |    prLamB_buf    |     array    |
|prLamC_buf_address0      | out |   10|  ap_memory |    prLamC_buf    |     array    |
|prLamC_buf_ce0           | out |    1|  ap_memory |    prLamC_buf    |     array    |
|prLamC_buf_q0            |  in |   16|  ap_memory |    prLamC_buf    |     array    |
|prLamC_bufa_address0     | out |   10|  ap_memory |    prLamC_bufa   |     array    |
|prLamC_bufa_ce0          | out |    1|  ap_memory |    prLamC_bufa   |     array    |
|prLamC_bufa_q0           |  in |   16|  ap_memory |    prLamC_bufa   |     array    |
|prLamC_bufb_address0     | out |   10|  ap_memory |    prLamC_bufb   |     array    |
|prLamC_bufb_ce0          | out |    1|  ap_memory |    prLamC_bufb   |     array    |
|prLamC_bufb_q0           |  in |   16|  ap_memory |    prLamC_bufb   |     array    |
|prLam2B_buf_address0     | out |   10|  ap_memory |    prLam2B_buf   |     array    |
|prLam2B_buf_ce0          | out |    1|  ap_memory |    prLam2B_buf   |     array    |
|prLam2B_buf_q0           |  in |   16|  ap_memory |    prLam2B_buf   |     array    |
|prLam2C_buf_address0     | out |   10|  ap_memory |    prLam2C_buf   |     array    |
|prLam2C_buf_ce0          | out |    1|  ap_memory |    prLam2C_buf   |     array    |
|prLam2C_buf_q0           |  in |   16|  ap_memory |    prLam2C_buf   |     array    |
|prLam2C_bufa_address0    | out |   10|  ap_memory |   prLam2C_bufa   |     array    |
|prLam2C_bufa_ce0         | out |    1|  ap_memory |   prLam2C_bufa   |     array    |
|prLam2C_bufa_q0          |  in |   16|  ap_memory |   prLam2C_bufa   |     array    |
|prLam2C_bufb_address0    | out |   10|  ap_memory |   prLam2C_bufb   |     array    |
|prLam2C_bufb_ce0         | out |    1|  ap_memory |   prLam2C_bufb   |     array    |
|prLam2C_bufb_q0          |  in |   16|  ap_memory |   prLam2C_bufb   |     array    |
|pest0                    | out |   16|   ap_vld   |       pest0      |    pointer   |
|pest0_ap_vld             | out |    1|   ap_vld   |       pest0      |    pointer   |
|pLambda1_address0        | out |   11|  ap_memory |     pLambda1     |     array    |
|pLambda1_ce0             | out |    1|  ap_memory |     pLambda1     |     array    |
|pLambda1_q0              |  in |   16|  ap_memory |     pLambda1     |     array    |
|prLamB_buf1_address0     | out |   10|  ap_memory |    prLamB_buf1   |     array    |
|prLamB_buf1_ce0          | out |    1|  ap_memory |    prLamB_buf1   |     array    |
|prLamB_buf1_q0           |  in |   16|  ap_memory |    prLamB_buf1   |     array    |
|prLamB_buf1a_address0    | out |   10|  ap_memory |   prLamB_buf1a   |     array    |
|prLamB_buf1a_ce0         | out |    1|  ap_memory |   prLamB_buf1a   |     array    |
|prLamB_buf1a_q0          |  in |   16|  ap_memory |   prLamB_buf1a   |     array    |
|prLamB_buf1b_address0    | out |   10|  ap_memory |   prLamB_buf1b   |     array    |
|prLamB_buf1b_ce0         | out |    1|  ap_memory |   prLamB_buf1b   |     array    |
|prLamB_buf1b_q0          |  in |   16|  ap_memory |   prLamB_buf1b   |     array    |
|prLamC_buf1_address0     | out |   10|  ap_memory |    prLamC_buf1   |     array    |
|prLamC_buf1_ce0          | out |    1|  ap_memory |    prLamC_buf1   |     array    |
|prLamC_buf1_q0           |  in |   16|  ap_memory |    prLamC_buf1   |     array    |
|prLam2B_buf1_address0    | out |   10|  ap_memory |   prLam2B_buf1   |     array    |
|prLam2B_buf1_ce0         | out |    1|  ap_memory |   prLam2B_buf1   |     array    |
|prLam2B_buf1_q0          |  in |   16|  ap_memory |   prLam2B_buf1   |     array    |
|prLam2B_buf1a_address0   | out |   10|  ap_memory |   prLam2B_buf1a  |     array    |
|prLam2B_buf1a_ce0        | out |    1|  ap_memory |   prLam2B_buf1a  |     array    |
|prLam2B_buf1a_q0         |  in |   16|  ap_memory |   prLam2B_buf1a  |     array    |
|prLam2B_buf1b_address0   | out |   10|  ap_memory |   prLam2B_buf1b  |     array    |
|prLam2B_buf1b_ce0        | out |    1|  ap_memory |   prLam2B_buf1b  |     array    |
|prLam2B_buf1b_q0         |  in |   16|  ap_memory |   prLam2B_buf1b  |     array    |
|prLam2C_buf1_address0    | out |   10|  ap_memory |   prLam2C_buf1   |     array    |
|prLam2C_buf1_ce0         | out |    1|  ap_memory |   prLam2C_buf1   |     array    |
|prLam2C_buf1_q0          |  in |   16|  ap_memory |   prLam2C_buf1   |     array    |
|pest1                    | out |   16|   ap_vld   |       pest1      |    pointer   |
|pest1_ap_vld             | out |    1|   ap_vld   |       pest1      |    pointer   |
|pLambda2_address0        | out |   11|  ap_memory |     pLambda2     |     array    |
|pLambda2_ce0             | out |    1|  ap_memory |     pLambda2     |     array    |
|pLambda2_q0              |  in |   16|  ap_memory |     pLambda2     |     array    |
|prLamB_buf2_address0     | out |   10|  ap_memory |    prLamB_buf2   |     array    |
|prLamB_buf2_ce0          | out |    1|  ap_memory |    prLamB_buf2   |     array    |
|prLamB_buf2_q0           |  in |   16|  ap_memory |    prLamB_buf2   |     array    |
|prLamC_buf2_address0     | out |   10|  ap_memory |    prLamC_buf2   |     array    |
|prLamC_buf2_ce0          | out |    1|  ap_memory |    prLamC_buf2   |     array    |
|prLamC_buf2_q0           |  in |   16|  ap_memory |    prLamC_buf2   |     array    |
|prLamC_buf2a_address0    | out |   10|  ap_memory |   prLamC_buf2a   |     array    |
|prLamC_buf2a_ce0         | out |    1|  ap_memory |   prLamC_buf2a   |     array    |
|prLamC_buf2a_q0          |  in |   16|  ap_memory |   prLamC_buf2a   |     array    |
|prLamC_buf2b_address0    | out |   10|  ap_memory |   prLamC_buf2b   |     array    |
|prLamC_buf2b_ce0         | out |    1|  ap_memory |   prLamC_buf2b   |     array    |
|prLamC_buf2b_q0          |  in |   16|  ap_memory |   prLamC_buf2b   |     array    |
|prLam2B_buf2_address0    | out |   10|  ap_memory |   prLam2B_buf2   |     array    |
|prLam2B_buf2_ce0         | out |    1|  ap_memory |   prLam2B_buf2   |     array    |
|prLam2B_buf2_q0          |  in |   16|  ap_memory |   prLam2B_buf2   |     array    |
|prLam2C_buf2_address0    | out |   10|  ap_memory |   prLam2C_buf2   |     array    |
|prLam2C_buf2_ce0         | out |    1|  ap_memory |   prLam2C_buf2   |     array    |
|prLam2C_buf2_q0          |  in |   16|  ap_memory |   prLam2C_buf2   |     array    |
|prLam2C_buf2a_address0   | out |   10|  ap_memory |   prLam2C_buf2a  |     array    |
|prLam2C_buf2a_ce0        | out |    1|  ap_memory |   prLam2C_buf2a  |     array    |
|prLam2C_buf2a_q0         |  in |   16|  ap_memory |   prLam2C_buf2a  |     array    |
|prLam2C_buf2b_address0   | out |   10|  ap_memory |   prLam2C_buf2b  |     array    |
|prLam2C_buf2b_ce0        | out |    1|  ap_memory |   prLam2C_buf2b  |     array    |
|prLam2C_buf2b_q0         |  in |   16|  ap_memory |   prLam2C_buf2b  |     array    |
|pest2                    | out |   16|   ap_vld   |       pest2      |    pointer   |
|pest2_ap_vld             | out |    1|   ap_vld   |       pest2      |    pointer   |
|pLambda3_address0        | out |   11|  ap_memory |     pLambda3     |     array    |
|pLambda3_ce0             | out |    1|  ap_memory |     pLambda3     |     array    |
|pLambda3_q0              |  in |   16|  ap_memory |     pLambda3     |     array    |
|prLamB_buf3_address0     | out |   10|  ap_memory |    prLamB_buf3   |     array    |
|prLamB_buf3_ce0          | out |    1|  ap_memory |    prLamB_buf3   |     array    |
|prLamB_buf3_q0           |  in |   16|  ap_memory |    prLamB_buf3   |     array    |
|prLamB_buf3a_address0    | out |   10|  ap_memory |   prLamB_buf3a   |     array    |
|prLamB_buf3a_ce0         | out |    1|  ap_memory |   prLamB_buf3a   |     array    |
|prLamB_buf3a_q0          |  in |   16|  ap_memory |   prLamB_buf3a   |     array    |
|prLamB_buf3b_address0    | out |   10|  ap_memory |   prLamB_buf3b   |     array    |
|prLamB_buf3b_ce0         | out |    1|  ap_memory |   prLamB_buf3b   |     array    |
|prLamB_buf3b_q0          |  in |   16|  ap_memory |   prLamB_buf3b   |     array    |
|prLamC_buf3_address0     | out |   10|  ap_memory |    prLamC_buf3   |     array    |
|prLamC_buf3_ce0          | out |    1|  ap_memory |    prLamC_buf3   |     array    |
|prLamC_buf3_q0           |  in |   16|  ap_memory |    prLamC_buf3   |     array    |
|prLam2B_buf3_address0    | out |   10|  ap_memory |   prLam2B_buf3   |     array    |
|prLam2B_buf3_ce0         | out |    1|  ap_memory |   prLam2B_buf3   |     array    |
|prLam2B_buf3_q0          |  in |   16|  ap_memory |   prLam2B_buf3   |     array    |
|prLam2B_buf3a_address0   | out |   10|  ap_memory |   prLam2B_buf3a  |     array    |
|prLam2B_buf3a_ce0        | out |    1|  ap_memory |   prLam2B_buf3a  |     array    |
|prLam2B_buf3a_q0         |  in |   16|  ap_memory |   prLam2B_buf3a  |     array    |
|prLam2B_buf3b_address0   | out |   10|  ap_memory |   prLam2B_buf3b  |     array    |
|prLam2B_buf3b_ce0        | out |    1|  ap_memory |   prLam2B_buf3b  |     array    |
|prLam2B_buf3b_q0         |  in |   16|  ap_memory |   prLam2B_buf3b  |     array    |
|prLam2C_buf3_address0    | out |   10|  ap_memory |   prLam2C_buf3   |     array    |
|prLam2C_buf3_ce0         | out |    1|  ap_memory |   prLam2C_buf3   |     array    |
|prLam2C_buf3_q0          |  in |   16|  ap_memory |   prLam2C_buf3   |     array    |
|pest3                    | out |   16|   ap_vld   |       pest3      |    pointer   |
|pest3_ap_vld             | out |    1|   ap_vld   |       pest3      |    pointer   |
|pLambda4_address0        | out |   11|  ap_memory |     pLambda4     |     array    |
|pLambda4_ce0             | out |    1|  ap_memory |     pLambda4     |     array    |
|pLambda4_q0              |  in |   16|  ap_memory |     pLambda4     |     array    |
|prLam_buf4_address0      | out |   10|  ap_memory |    prLam_buf4    |     array    |
|prLam_buf4_ce0           | out |    1|  ap_memory |    prLam_buf4    |     array    |
|prLam_buf4_q0            |  in |   16|  ap_memory |    prLam_buf4    |     array    |
|prLamB_buf4_address0     | out |   10|  ap_memory |    prLamB_buf4   |     array    |
|prLamB_buf4_ce0          | out |    1|  ap_memory |    prLamB_buf4   |     array    |
|prLamB_buf4_q0           |  in |   16|  ap_memory |    prLamB_buf4   |     array    |
|prLamC_buf4_address0     | out |   10|  ap_memory |    prLamC_buf4   |     array    |
|prLamC_buf4_ce0          | out |    1|  ap_memory |    prLamC_buf4   |     array    |
|prLamC_buf4_q0           |  in |   16|  ap_memory |    prLamC_buf4   |     array    |
|prLamC_buf4a_address0    | out |   10|  ap_memory |   prLamC_buf4a   |     array    |
|prLamC_buf4a_ce0         | out |    1|  ap_memory |   prLamC_buf4a   |     array    |
|prLamC_buf4a_q0          |  in |   16|  ap_memory |   prLamC_buf4a   |     array    |
|prLamC_buf4b_address0    | out |   10|  ap_memory |   prLamC_buf4b   |     array    |
|prLamC_buf4b_ce0         | out |    1|  ap_memory |   prLamC_buf4b   |     array    |
|prLamC_buf4b_q0          |  in |   16|  ap_memory |   prLamC_buf4b   |     array    |
|prLam2_buf4_address0     | out |   10|  ap_memory |    prLam2_buf4   |     array    |
|prLam2_buf4_ce0          | out |    1|  ap_memory |    prLam2_buf4   |     array    |
|prLam2_buf4_q0           |  in |   16|  ap_memory |    prLam2_buf4   |     array    |
|prLam2B_buf4_address0    | out |   10|  ap_memory |   prLam2B_buf4   |     array    |
|prLam2B_buf4_ce0         | out |    1|  ap_memory |   prLam2B_buf4   |     array    |
|prLam2B_buf4_q0          |  in |   16|  ap_memory |   prLam2B_buf4   |     array    |
|prLam2C_buf4_address0    | out |   10|  ap_memory |   prLam2C_buf4   |     array    |
|prLam2C_buf4_ce0         | out |    1|  ap_memory |   prLam2C_buf4   |     array    |
|prLam2C_buf4_q0          |  in |   16|  ap_memory |   prLam2C_buf4   |     array    |
|prLam2C_buf4a_address0   | out |   10|  ap_memory |   prLam2C_buf4a  |     array    |
|prLam2C_buf4a_ce0        | out |    1|  ap_memory |   prLam2C_buf4a  |     array    |
|prLam2C_buf4a_q0         |  in |   16|  ap_memory |   prLam2C_buf4a  |     array    |
|prLam2C_buf4b_address0   | out |   10|  ap_memory |   prLam2C_buf4b  |     array    |
|prLam2C_buf4b_ce0        | out |    1|  ap_memory |   prLam2C_buf4b  |     array    |
|prLam2C_buf4b_q0         |  in |   16|  ap_memory |   prLam2C_buf4b  |     array    |
|pest4                    | out |   16|   ap_vld   |       pest4      |    pointer   |
|pest4_ap_vld             | out |    1|   ap_vld   |       pest4      |    pointer   |
|pLambda5_address0        | out |   10|  ap_memory |     pLambda5     |     array    |
|pLambda5_ce0             | out |    1|  ap_memory |     pLambda5     |     array    |
|pLambda5_q0              |  in |   16|  ap_memory |     pLambda5     |     array    |
|prLamB_buf5_address0     | out |   10|  ap_memory |    prLamB_buf5   |     array    |
|prLamB_buf5_ce0          | out |    1|  ap_memory |    prLamB_buf5   |     array    |
|prLamB_buf5_q0           |  in |   16|  ap_memory |    prLamB_buf5   |     array    |
|prLamB_buf5a_address0    | out |   10|  ap_memory |   prLamB_buf5a   |     array    |
|prLamB_buf5a_ce0         | out |    1|  ap_memory |   prLamB_buf5a   |     array    |
|prLamB_buf5a_q0          |  in |   16|  ap_memory |   prLamB_buf5a   |     array    |
|prLamB_buf5b_address0    | out |   10|  ap_memory |   prLamB_buf5b   |     array    |
|prLamB_buf5b_ce0         | out |    1|  ap_memory |   prLamB_buf5b   |     array    |
|prLamB_buf5b_q0          |  in |   16|  ap_memory |   prLamB_buf5b   |     array    |
|prLamC_buf5_address0     | out |   10|  ap_memory |    prLamC_buf5   |     array    |
|prLamC_buf5_ce0          | out |    1|  ap_memory |    prLamC_buf5   |     array    |
|prLamC_buf5_q0           |  in |   16|  ap_memory |    prLamC_buf5   |     array    |
|prLam2B_buf5_address0    | out |   10|  ap_memory |   prLam2B_buf5   |     array    |
|prLam2B_buf5_ce0         | out |    1|  ap_memory |   prLam2B_buf5   |     array    |
|prLam2B_buf5_q0          |  in |   16|  ap_memory |   prLam2B_buf5   |     array    |
|prLam2B_buf5a_address0   | out |   10|  ap_memory |   prLam2B_buf5a  |     array    |
|prLam2B_buf5a_ce0        | out |    1|  ap_memory |   prLam2B_buf5a  |     array    |
|prLam2B_buf5a_q0         |  in |   16|  ap_memory |   prLam2B_buf5a  |     array    |
|prLam2B_buf5b_address0   | out |   10|  ap_memory |   prLam2B_buf5b  |     array    |
|prLam2B_buf5b_ce0        | out |    1|  ap_memory |   prLam2B_buf5b  |     array    |
|prLam2B_buf5b_q0         |  in |   16|  ap_memory |   prLam2B_buf5b  |     array    |
|prLam2C_buf5_address0    | out |   10|  ap_memory |   prLam2C_buf5   |     array    |
|prLam2C_buf5_ce0         | out |    1|  ap_memory |   prLam2C_buf5   |     array    |
|prLam2C_buf5_q0          |  in |   16|  ap_memory |   prLam2C_buf5   |     array    |
|pest5                    | out |   16|   ap_vld   |       pest5      |    pointer   |
|pest5_ap_vld             | out |    1|   ap_vld   |       pest5      |    pointer   |
|pLambda6_address0        | out |   10|  ap_memory |     pLambda6     |     array    |
|pLambda6_ce0             | out |    1|  ap_memory |     pLambda6     |     array    |
|pLambda6_q0              |  in |   16|  ap_memory |     pLambda6     |     array    |
|prLam_buf2_address0      | out |   10|  ap_memory |    prLam_buf2    |     array    |
|prLam_buf2_ce0           | out |    1|  ap_memory |    prLam_buf2    |     array    |
|prLam_buf2_q0            |  in |   16|  ap_memory |    prLam_buf2    |     array    |
|prLam_buf4a_address0     | out |   10|  ap_memory |    prLam_buf4a   |     array    |
|prLam_buf4a_ce0          | out |    1|  ap_memory |    prLam_buf4a   |     array    |
|prLam_buf4a_q0           |  in |   16|  ap_memory |    prLam_buf4a   |     array    |
|prLamB_buf6_address0     | out |   10|  ap_memory |    prLamB_buf6   |     array    |
|prLamB_buf6_ce0          | out |    1|  ap_memory |    prLamB_buf6   |     array    |
|prLamB_buf6_q0           |  in |   16|  ap_memory |    prLamB_buf6   |     array    |
|prLamC_buf6_address0     | out |   10|  ap_memory |    prLamC_buf6   |     array    |
|prLamC_buf6_ce0          | out |    1|  ap_memory |    prLamC_buf6   |     array    |
|prLamC_buf6_q0           |  in |   16|  ap_memory |    prLamC_buf6   |     array    |
|prLamC_buf10a_address0   | out |   10|  ap_memory |   prLamC_buf10a  |     array    |
|prLamC_buf10a_ce0        | out |    1|  ap_memory |   prLamC_buf10a  |     array    |
|prLamC_buf10a_q0         |  in |   16|  ap_memory |   prLamC_buf10a  |     array    |
|prLamC_buf10b_address0   | out |   10|  ap_memory |   prLamC_buf10b  |     array    |
|prLamC_buf10b_ce0        | out |    1|  ap_memory |   prLamC_buf10b  |     array    |
|prLamC_buf10b_q0         |  in |   16|  ap_memory |   prLamC_buf10b  |     array    |
|prLam2_buf2_address0     | out |   10|  ap_memory |    prLam2_buf2   |     array    |
|prLam2_buf2_ce0          | out |    1|  ap_memory |    prLam2_buf2   |     array    |
|prLam2_buf2_q0           |  in |   16|  ap_memory |    prLam2_buf2   |     array    |
|prLam2_buf4a_address0    | out |   10|  ap_memory |   prLam2_buf4a   |     array    |
|prLam2_buf4a_ce0         | out |    1|  ap_memory |   prLam2_buf4a   |     array    |
|prLam2_buf4a_q0          |  in |   16|  ap_memory |   prLam2_buf4a   |     array    |
|prLam2B_buf6_address0    | out |   10|  ap_memory |   prLam2B_buf6   |     array    |
|prLam2B_buf6_ce0         | out |    1|  ap_memory |   prLam2B_buf6   |     array    |
|prLam2B_buf6_q0          |  in |   16|  ap_memory |   prLam2B_buf6   |     array    |
|prLam2C_buf6_address0    | out |   10|  ap_memory |   prLam2C_buf6   |     array    |
|prLam2C_buf6_ce0         | out |    1|  ap_memory |   prLam2C_buf6   |     array    |
|prLam2C_buf6_q0          |  in |   16|  ap_memory |   prLam2C_buf6   |     array    |
|prLam2C_buf10a_address0  | out |   10|  ap_memory |  prLam2C_buf10a  |     array    |
|prLam2C_buf10a_ce0       | out |    1|  ap_memory |  prLam2C_buf10a  |     array    |
|prLam2C_buf10a_q0        |  in |   16|  ap_memory |  prLam2C_buf10a  |     array    |
|prLam2C_buf10b_address0  | out |   10|  ap_memory |  prLam2C_buf10b  |     array    |
|prLam2C_buf10b_ce0       | out |    1|  ap_memory |  prLam2C_buf10b  |     array    |
|prLam2C_buf10b_q0        |  in |   16|  ap_memory |  prLam2C_buf10b  |     array    |
|pest6                    | out |   16|   ap_vld   |       pest6      |    pointer   |
|pest6_ap_vld             | out |    1|   ap_vld   |       pest6      |    pointer   |
|bpest0                   | out |    1|   ap_vld   |      bpest0      |    pointer   |
|bpest0_ap_vld            | out |    1|   ap_vld   |      bpest0      |    pointer   |
|bpest1                   | out |    1|   ap_vld   |      bpest1      |    pointer   |
|bpest1_ap_vld            | out |    1|   ap_vld   |      bpest1      |    pointer   |
|bpest2                   | out |    1|   ap_vld   |      bpest2      |    pointer   |
|bpest2_ap_vld            | out |    1|   ap_vld   |      bpest2      |    pointer   |
|bpest3                   | out |    1|   ap_vld   |      bpest3      |    pointer   |
|bpest3_ap_vld            | out |    1|   ap_vld   |      bpest3      |    pointer   |
|bpest4                   | out |    1|   ap_vld   |      bpest4      |    pointer   |
|bpest4_ap_vld            | out |    1|   ap_vld   |      bpest4      |    pointer   |
|bpest5                   | out |    1|   ap_vld   |      bpest5      |    pointer   |
|bpest5_ap_vld            | out |    1|   ap_vld   |      bpest5      |    pointer   |
|bpest6                   | out |    1|   ap_vld   |      bpest6      |    pointer   |
|bpest6_ap_vld            | out |    1|   ap_vld   |      bpest6      |    pointer   |
+-------------------------+-----+-----+------------+------------------+--------------+

