

================================================================
== Vivado HLS Report for 'load_pest_all'
================================================================
* Date:           Sat Oct 05 17:18:10 2019

* Version:        2016.3 (Build 1682563 on Mon Oct 10 19:41:59 MDT 2016)
* Project:        LDPC_Decoder3U
* Solution:       solution1
* Product family: kintex7
* Target device:  xc7k160tfbg676-1


================================================================
== Performance Estimates
================================================================
+ Timing (ns): 
    * Summary: 
    +--------+-------+----------+------------+
    |  Clock | Target| Estimated| Uncertainty|
    +--------+-------+----------+------------+
    |ap_clk  |  10.00|      8.59|        1.25|
    +--------+-------+----------+------------+

+ Latency (clock cycles): 
    * Summary: 
    +-----+-----+-----+-----+----------+
    |  Latency  |  Interval | Pipeline |
    | min | max | min | max |   Type   |
    +-----+-----+-----+-----+----------+
    |    1|    1|    1|    1| function |
    +-----+-----+-----+-----+----------+

    + Detail: 
        * Instance: 
        N/A

        * Loop: 
        N/A



================================================================
== Utilization Estimates
================================================================
* Summary: 
+-----------------+---------+-------+--------+--------+
|       Name      | BRAM_18K| DSP48E|   FF   |   LUT  |
+-----------------+---------+-------+--------+--------+
|DSP              |        -|      -|       -|       -|
|Expression       |        -|      -|       0|     806|
|FIFO             |        -|      -|       -|       -|
|Instance         |        -|      -|       -|       -|
|Memory           |        -|      -|       -|       -|
|Multiplexer      |        -|      -|       -|       -|
|Register         |        -|      -|       2|       -|
+-----------------+---------+-------+--------+--------+
|Total            |        0|      0|       2|     806|
+-----------------+---------+-------+--------+--------+
|Available        |      650|    600|  202800|  101400|
+-----------------+---------+-------+--------+--------+
|Utilization (%)  |        0|      0|   ~0   |   ~0   |
+-----------------+---------+-------+--------+--------+

+ Detail: 
    * Instance: 
    N/A

    * DSP48: 
    N/A

    * Memory: 
    N/A

    * FIFO: 
    N/A

    * Expression: 
    +--------------------+----------+-------+---+----+------------+------------+
    |    Variable Name   | Operation| DSP48E| FF| LUT| Bitwidth P0| Bitwidth P1|
    +--------------------+----------+-------+---+----+------------+------------+
    |tmp100_fu_1838_p2   |     +    |      0|  0|   8|          16|          16|
    |tmp101_fu_1826_p2   |     +    |      0|  0|  16|          16|          16|
    |tmp102_fu_1832_p2   |     +    |      0|  0|  16|          16|          16|
    |tmp10_fu_1436_p2    |     +    |      0|  0|   8|          16|          16|
    |tmp113_fu_1884_p2   |     +    |      0|  0|   8|          16|          16|
    |tmp114_fu_1866_p2   |     +    |      0|  0|   8|          16|          16|
    |tmp115_fu_1860_p2   |     +    |      0|  0|   8|          16|          16|
    |tmp116_fu_1878_p2   |     +    |      0|  0|   8|          16|          16|
    |tmp117_fu_1872_p2   |     +    |      0|  0|  16|          16|          16|
    |tmp118_fu_1920_p2   |     +    |      0|  0|   8|          16|          16|
    |tmp119_fu_1896_p2   |     +    |      0|  0|   8|          16|          16|
    |tmp11_fu_1418_p2    |     +    |      0|  0|  16|          16|          16|
    |tmp120_fu_1890_p2   |     +    |      0|  0|   8|          16|          16|
    |tmp121_fu_1914_p2   |     +    |      0|  0|   8|          16|          16|
    |tmp122_fu_1902_p2   |     +    |      0|  0|  16|          16|          16|
    |tmp123_fu_1908_p2   |     +    |      0|  0|   8|          16|          16|
    |tmp12_fu_1430_p2    |     +    |      0|  0|   8|          16|          16|
    |tmp13_fu_1424_p2    |     +    |      0|  0|   8|          16|          16|
    |tmp20_fu_1466_p2    |     +    |      0|  0|   8|          16|          16|
    |tmp21_fu_1454_p2    |     +    |      0|  0|  16|          16|          16|
    |tmp22_fu_1460_p2    |     +    |      0|  0|   8|          16|          16|
    |tmp23_fu_1490_p2    |     +    |      0|  0|   8|          16|          16|
    |tmp24_fu_1472_p2    |     +    |      0|  0|  16|          16|          16|
    |tmp25_fu_1484_p2    |     +    |      0|  0|   8|          16|          16|
    |tmp26_fu_1478_p2    |     +    |      0|  0|   8|          16|          16|
    |tmp33_fu_1520_p2    |     +    |      0|  0|   8|          16|          16|
    |tmp34_fu_1508_p2    |     +    |      0|  0|  16|          16|          16|
    |tmp35_fu_1514_p2    |     +    |      0|  0|   8|          16|          16|
    |tmp36_fu_1544_p2    |     +    |      0|  0|   8|          16|          16|
    |tmp37_fu_1526_p2    |     +    |      0|  0|  16|          16|          16|
    |tmp38_fu_1538_p2    |     +    |      0|  0|   8|          16|          16|
    |tmp39_fu_1532_p2    |     +    |      0|  0|   8|          16|          16|
    |tmp46_fu_1574_p2    |     +    |      0|  0|   8|          16|          16|
    |tmp47_fu_1562_p2    |     +    |      0|  0|  16|          16|          16|
    |tmp48_fu_1568_p2    |     +    |      0|  0|   8|          16|          16|
    |tmp49_fu_1598_p2    |     +    |      0|  0|   8|          16|          16|
    |tmp50_fu_1580_p2    |     +    |      0|  0|  16|          16|          16|
    |tmp51_fu_1592_p2    |     +    |      0|  0|   8|          16|          16|
    |tmp52_fu_1586_p2    |     +    |      0|  0|   8|          16|          16|
    |tmp59_fu_1628_p2    |     +    |      0|  0|   8|          16|          16|
    |tmp60_fu_1616_p2    |     +    |      0|  0|  16|          16|          16|
    |tmp61_fu_1622_p2    |     +    |      0|  0|   8|          16|          16|
    |tmp62_fu_1652_p2    |     +    |      0|  0|   8|          16|          16|
    |tmp63_fu_1634_p2    |     +    |      0|  0|  16|          16|          16|
    |tmp64_fu_1646_p2    |     +    |      0|  0|   8|          16|          16|
    |tmp65_fu_1640_p2    |     +    |      0|  0|   8|          16|          16|
    |tmp72_fu_1682_p2    |     +    |      0|  0|   8|          16|          16|
    |tmp73_fu_1670_p2    |     +    |      0|  0|  16|          16|          16|
    |tmp74_fu_1676_p2    |     +    |      0|  0|   8|          16|          16|
    |tmp75_fu_1706_p2    |     +    |      0|  0|   8|          16|          16|
    |tmp76_fu_1688_p2    |     +    |      0|  0|  16|          16|          16|
    |tmp77_fu_1700_p2    |     +    |      0|  0|   8|          16|          16|
    |tmp78_fu_1694_p2    |     +    |      0|  0|   8|          16|          16|
    |tmp7_fu_1412_p2     |     +    |      0|  0|   8|          16|          16|
    |tmp81_fu_1724_p2    |     +    |      0|  0|  16|          16|          16|
    |tmp82_fu_1736_p2    |     +    |      0|  0|   8|          16|          16|
    |tmp83_fu_1730_p2    |     +    |      0|  0|  16|          16|          16|
    |tmp88_fu_1760_p2    |     +    |      0|  0|   8|          16|          16|
    |tmp89_fu_1754_p2    |     +    |      0|  0|   8|          16|          16|
    |tmp8_fu_1400_p2     |     +    |      0|  0|  16|          16|          16|
    |tmp90_fu_1778_p2    |     +    |      0|  0|   8|          16|          16|
    |tmp91_fu_1766_p2    |     +    |      0|  0|  16|          16|          16|
    |tmp92_fu_1772_p2    |     +    |      0|  0|  16|          16|          16|
    |tmp93_fu_1796_p2    |     +    |      0|  0|   8|          16|          16|
    |tmp98_fu_1820_p2    |     +    |      0|  0|   8|          16|          16|
    |tmp99_fu_1814_p2    |     +    |      0|  0|   8|          16|          16|
    |tmp9_fu_1406_p2     |     +    |      0|  0|   8|          16|          16|
    |tmp_925_fu_1496_p2  |     +    |      0|  0|   8|          16|          16|
    |tmp_926_fu_1550_p2  |     +    |      0|  0|   8|          16|          16|
    |tmp_927_fu_1604_p2  |     +    |      0|  0|   8|          16|          16|
    |tmp_928_fu_1658_p2  |     +    |      0|  0|   8|          16|          16|
    |tmp_929_fu_1712_p2  |     +    |      0|  0|   8|          16|          16|
    |tmp_930_fu_1742_p2  |     +    |      0|  0|   8|          16|          16|
    |tmp_931_fu_1784_p2  |     +    |      0|  0|   8|          16|          16|
    |tmp_932_fu_1802_p2  |     +    |      0|  0|   8|          16|          16|
    |tmp_933_fu_1844_p2  |     +    |      0|  0|   8|          16|          16|
    |tmp_934_fu_1926_p2  |     +    |      0|  0|   8|          16|          16|
    |tmp_s_fu_1442_p2    |     +    |      0|  0|   8|          16|          16|
    |bpest0              |    xor   |      0|  0|   2|           1|           2|
    |bpest1              |    xor   |      0|  0|   2|           1|           2|
    |bpest10             |    xor   |      0|  0|   2|           1|           2|
    |bpest2              |    xor   |      0|  0|   2|           1|           2|
    |bpest3              |    xor   |      0|  0|   2|           1|           2|
    |bpest4              |    xor   |      0|  0|   2|           1|           2|
    |bpest5              |    xor   |      0|  0|   2|           1|           2|
    |bpest6              |    xor   |      0|  0|   2|           1|           2|
    |bpest7              |    xor   |      0|  0|   2|           1|           2|
    |bpest8              |    xor   |      0|  0|   2|           1|           2|
    |bpest9              |    xor   |      0|  0|   2|           1|           2|
    +--------------------+----------+-------+---+----+------------+------------+
    |Total               |          |      0|  0| 806|        1259|        1270|
    +--------------------+----------+-------+---+----+------------+------------+

    * Multiplexer: 
    N/A

    * Register: 
    +-------------------------+---+----+-----+-----------+
    |           Name          | FF| LUT| Bits| Const Bits|
    +-------------------------+---+----+-----+-----------+
    |ap_CS_fsm                |  1|   0|    1|          0|
    |ap_enable_reg_pp0_iter1  |  1|   0|    1|          0|
    +-------------------------+---+----+-----+-----------+
    |Total                    |  2|   0|    2|          0|
    +-------------------------+---+----+-----+-----------+



================================================================
== Interface
================================================================
* Summary: 
+-------------------------+-----+-----+------------+----------------+--------------+
|        RTL Ports        | Dir | Bits|  Protocol  |  Source Object |    C Type    |
+-------------------------+-----+-----+------------+----------------+--------------+
|ap_clk                   |  in |    1| ap_ctrl_hs |  load_pest_all | return value |
|ap_rst                   |  in |    1| ap_ctrl_hs |  load_pest_all | return value |
|ap_start                 |  in |    1| ap_ctrl_hs |  load_pest_all | return value |
|ap_done                  | out |    1| ap_ctrl_hs |  load_pest_all | return value |
|ap_idle                  | out |    1| ap_ctrl_hs |  load_pest_all | return value |
|ap_ready                 | out |    1| ap_ctrl_hs |  load_pest_all | return value |
|pos_r                    |  in |   13|   ap_none  |      pos_r     |    scalar    |
|pLambda0_address0        | out |   11|  ap_memory |    pLambda0    |     array    |
|pLambda0_ce0             | out |    1|  ap_memory |    pLambda0    |     array    |
|pLambda0_q0              |  in |   16|  ap_memory |    pLambda0    |     array    |
|prLamB_buf_address0      | out |   10|  ap_memory |   prLamB_buf   |     array    |
|prLamB_buf_ce0           | out |    1|  ap_memory |   prLamB_buf   |     array    |
|prLamB_buf_q0            |  in |   16|  ap_memory |   prLamB_buf   |     array    |
|prLamC_buf_address0      | out |   10|  ap_memory |   prLamC_buf   |     array    |
|prLamC_buf_ce0           | out |    1|  ap_memory |   prLamC_buf   |     array    |
|prLamC_buf_q0            |  in |   16|  ap_memory |   prLamC_buf   |     array    |
|prLamC_bufa_address0     | out |   10|  ap_memory |   prLamC_bufa  |     array    |
|prLamC_bufa_ce0          | out |    1|  ap_memory |   prLamC_bufa  |     array    |
|prLamC_bufa_q0           |  in |   16|  ap_memory |   prLamC_bufa  |     array    |
|prLamC_bufb_address0     | out |   10|  ap_memory |   prLamC_bufb  |     array    |
|prLamC_bufb_ce0          | out |    1|  ap_memory |   prLamC_bufb  |     array    |
|prLamC_bufb_q0           |  in |   16|  ap_memory |   prLamC_bufb  |     array    |
|prLam2B_buf_address0     | out |   10|  ap_memory |   prLam2B_buf  |     array    |
|prLam2B_buf_ce0          | out |    1|  ap_memory |   prLam2B_buf  |     array    |
|prLam2B_buf_q0           |  in |   16|  ap_memory |   prLam2B_buf  |     array    |
|prLam2C_buf_address0     | out |   10|  ap_memory |   prLam2C_buf  |     array    |
|prLam2C_buf_ce0          | out |    1|  ap_memory |   prLam2C_buf  |     array    |
|prLam2C_buf_q0           |  in |   16|  ap_memory |   prLam2C_buf  |     array    |
|prLam2C_bufa_address0    | out |   10|  ap_memory |  prLam2C_bufa  |     array    |
|prLam2C_bufa_ce0         | out |    1|  ap_memory |  prLam2C_bufa  |     array    |
|prLam2C_bufa_q0          |  in |   16|  ap_memory |  prLam2C_bufa  |     array    |
|prLam2C_bufb_address0    | out |   10|  ap_memory |  prLam2C_bufb  |     array    |
|prLam2C_bufb_ce0         | out |    1|  ap_memory |  prLam2C_bufb  |     array    |
|prLam2C_bufb_q0          |  in |   16|  ap_memory |  prLam2C_bufb  |     array    |
|pest0                    | out |   16|   ap_vld   |      pest0     |    pointer   |
|pest0_ap_vld             | out |    1|   ap_vld   |      pest0     |    pointer   |
|pLambda1_address0        | out |   11|  ap_memory |    pLambda1    |     array    |
|pLambda1_ce0             | out |    1|  ap_memory |    pLambda1    |     array    |
|pLambda1_q0              |  in |   16|  ap_memory |    pLambda1    |     array    |
|prLamB_buf1_address0     | out |   10|  ap_memory |   prLamB_buf1  |     array    |
|prLamB_buf1_ce0          | out |    1|  ap_memory |   prLamB_buf1  |     array    |
|prLamB_buf1_q0           |  in |   16|  ap_memory |   prLamB_buf1  |     array    |
|prLamB_buf1a_address0    | out |   10|  ap_memory |  prLamB_buf1a  |     array    |
|prLamB_buf1a_ce0         | out |    1|  ap_memory |  prLamB_buf1a  |     array    |
|prLamB_buf1a_q0          |  in |   16|  ap_memory |  prLamB_buf1a  |     array    |
|prLamB_buf1b_address0    | out |   10|  ap_memory |  prLamB_buf1b  |     array    |
|prLamB_buf1b_ce0         | out |    1|  ap_memory |  prLamB_buf1b  |     array    |
|prLamB_buf1b_q0          |  in |   16|  ap_memory |  prLamB_buf1b  |     array    |
|prLamC_buf1_address0     | out |   10|  ap_memory |   prLamC_buf1  |     array    |
|prLamC_buf1_ce0          | out |    1|  ap_memory |   prLamC_buf1  |     array    |
|prLamC_buf1_q0           |  in |   16|  ap_memory |   prLamC_buf1  |     array    |
|prLam2B_buf1_address0    | out |   10|  ap_memory |  prLam2B_buf1  |     array    |
|prLam2B_buf1_ce0         | out |    1|  ap_memory |  prLam2B_buf1  |     array    |
|prLam2B_buf1_q0          |  in |   16|  ap_memory |  prLam2B_buf1  |     array    |
|prLam2B_buf1a_address0   | out |   10|  ap_memory |  prLam2B_buf1a |     array    |
|prLam2B_buf1a_ce0        | out |    1|  ap_memory |  prLam2B_buf1a |     array    |
|prLam2B_buf1a_q0         |  in |   16|  ap_memory |  prLam2B_buf1a |     array    |
|prLam2B_buf1b_address0   | out |   10|  ap_memory |  prLam2B_buf1b |     array    |
|prLam2B_buf1b_ce0        | out |    1|  ap_memory |  prLam2B_buf1b |     array    |
|prLam2B_buf1b_q0         |  in |   16|  ap_memory |  prLam2B_buf1b |     array    |
|prLam2C_buf1_address0    | out |   10|  ap_memory |  prLam2C_buf1  |     array    |
|prLam2C_buf1_ce0         | out |    1|  ap_memory |  prLam2C_buf1  |     array    |
|prLam2C_buf1_q0          |  in |   16|  ap_memory |  prLam2C_buf1  |     array    |
|pest1                    | out |   16|   ap_vld   |      pest1     |    pointer   |
|pest1_ap_vld             | out |    1|   ap_vld   |      pest1     |    pointer   |
|pLambda2_address0        | out |   11|  ap_memory |    pLambda2    |     array    |
|pLambda2_ce0             | out |    1|  ap_memory |    pLambda2    |     array    |
|pLambda2_q0              |  in |   16|  ap_memory |    pLambda2    |     array    |
|prLamB_buf2_address0     | out |   10|  ap_memory |   prLamB_buf2  |     array    |
|prLamB_buf2_ce0          | out |    1|  ap_memory |   prLamB_buf2  |     array    |
|prLamB_buf2_q0           |  in |   16|  ap_memory |   prLamB_buf2  |     array    |
|prLamC_buf2_address0     | out |   10|  ap_memory |   prLamC_buf2  |     array    |
|prLamC_buf2_ce0          | out |    1|  ap_memory |   prLamC_buf2  |     array    |
|prLamC_buf2_q0           |  in |   16|  ap_memory |   prLamC_buf2  |     array    |
|prLamC_buf2a_address0    | out |   10|  ap_memory |  prLamC_buf2a  |     array    |
|prLamC_buf2a_ce0         | out |    1|  ap_memory |  prLamC_buf2a  |     array    |
|prLamC_buf2a_q0          |  in |   16|  ap_memory |  prLamC_buf2a  |     array    |
|prLamC_buf2b_address0    | out |   10|  ap_memory |  prLamC_buf2b  |     array    |
|prLamC_buf2b_ce0         | out |    1|  ap_memory |  prLamC_buf2b  |     array    |
|prLamC_buf2b_q0          |  in |   16|  ap_memory |  prLamC_buf2b  |     array    |
|prLam2B_buf2_address0    | out |   10|  ap_memory |  prLam2B_buf2  |     array    |
|prLam2B_buf2_ce0         | out |    1|  ap_memory |  prLam2B_buf2  |     array    |
|prLam2B_buf2_q0          |  in |   16|  ap_memory |  prLam2B_buf2  |     array    |
|prLam2C_buf2_address0    | out |   10|  ap_memory |  prLam2C_buf2  |     array    |
|prLam2C_buf2_ce0         | out |    1|  ap_memory |  prLam2C_buf2  |     array    |
|prLam2C_buf2_q0          |  in |   16|  ap_memory |  prLam2C_buf2  |     array    |
|prLam2C_buf2a_address0   | out |   10|  ap_memory |  prLam2C_buf2a |     array    |
|prLam2C_buf2a_ce0        | out |    1|  ap_memory |  prLam2C_buf2a |     array    |
|prLam2C_buf2a_q0         |  in |   16|  ap_memory |  prLam2C_buf2a |     array    |
|prLam2C_buf2b_address0   | out |   10|  ap_memory |  prLam2C_buf2b |     array    |
|prLam2C_buf2b_ce0        | out |    1|  ap_memory |  prLam2C_buf2b |     array    |
|prLam2C_buf2b_q0         |  in |   16|  ap_memory |  prLam2C_buf2b |     array    |
|pest2                    | out |   16|   ap_vld   |      pest2     |    pointer   |
|pest2_ap_vld             | out |    1|   ap_vld   |      pest2     |    pointer   |
|pLambda3_address0        | out |   11|  ap_memory |    pLambda3    |     array    |
|pLambda3_ce0             | out |    1|  ap_memory |    pLambda3    |     array    |
|pLambda3_q0              |  in |   16|  ap_memory |    pLambda3    |     array    |
|prLamB_buf3_address0     | out |   10|  ap_memory |   prLamB_buf3  |     array    |
|prLamB_buf3_ce0          | out |    1|  ap_memory |   prLamB_buf3  |     array    |
|prLamB_buf3_q0           |  in |   16|  ap_memory |   prLamB_buf3  |     array    |
|prLamB_buf3a_address0    | out |   10|  ap_memory |  prLamB_buf3a  |     array    |
|prLamB_buf3a_ce0         | out |    1|  ap_memory |  prLamB_buf3a  |     array    |
|prLamB_buf3a_q0          |  in |   16|  ap_memory |  prLamB_buf3a  |     array    |
|prLamB_buf3b_address0    | out |   10|  ap_memory |  prLamB_buf3b  |     array    |
|prLamB_buf3b_ce0         | out |    1|  ap_memory |  prLamB_buf3b  |     array    |
|prLamB_buf3b_q0          |  in |   16|  ap_memory |  prLamB_buf3b  |     array    |
|prLamC_buf3_address0     | out |   10|  ap_memory |   prLamC_buf3  |     array    |
|prLamC_buf3_ce0          | out |    1|  ap_memory |   prLamC_buf3  |     array    |
|prLamC_buf3_q0           |  in |   16|  ap_memory |   prLamC_buf3  |     array    |
|prLam2B_buf3_address0    | out |   10|  ap_memory |  prLam2B_buf3  |     array    |
|prLam2B_buf3_ce0         | out |    1|  ap_memory |  prLam2B_buf3  |     array    |
|prLam2B_buf3_q0          |  in |   16|  ap_memory |  prLam2B_buf3  |     array    |
|prLam2B_buf3a_address0   | out |   10|  ap_memory |  prLam2B_buf3a |     array    |
|prLam2B_buf3a_ce0        | out |    1|  ap_memory |  prLam2B_buf3a |     array    |
|prLam2B_buf3a_q0         |  in |   16|  ap_memory |  prLam2B_buf3a |     array    |
|prLam2B_buf3b_address0   | out |   10|  ap_memory |  prLam2B_buf3b |     array    |
|prLam2B_buf3b_ce0        | out |    1|  ap_memory |  prLam2B_buf3b |     array    |
|prLam2B_buf3b_q0         |  in |   16|  ap_memory |  prLam2B_buf3b |     array    |
|prLam2C_buf3_address0    | out |   10|  ap_memory |  prLam2C_buf3  |     array    |
|prLam2C_buf3_ce0         | out |    1|  ap_memory |  prLam2C_buf3  |     array    |
|prLam2C_buf3_q0          |  in |   16|  ap_memory |  prLam2C_buf3  |     array    |
|pest3                    | out |   16|   ap_vld   |      pest3     |    pointer   |
|pest3_ap_vld             | out |    1|   ap_vld   |      pest3     |    pointer   |
|pLambda4_address0        | out |   11|  ap_memory |    pLambda4    |     array    |
|pLambda4_ce0             | out |    1|  ap_memory |    pLambda4    |     array    |
|pLambda4_q0              |  in |   16|  ap_memory |    pLambda4    |     array    |
|prLamB_buf4_address0     | out |   10|  ap_memory |   prLamB_buf4  |     array    |
|prLamB_buf4_ce0          | out |    1|  ap_memory |   prLamB_buf4  |     array    |
|prLamB_buf4_q0           |  in |   16|  ap_memory |   prLamB_buf4  |     array    |
|prLamC_buf4_address0     | out |   10|  ap_memory |   prLamC_buf4  |     array    |
|prLamC_buf4_ce0          | out |    1|  ap_memory |   prLamC_buf4  |     array    |
|prLamC_buf4_q0           |  in |   16|  ap_memory |   prLamC_buf4  |     array    |
|prLamC_buf4a_address0    | out |   10|  ap_memory |  prLamC_buf4a  |     array    |
|prLamC_buf4a_ce0         | out |    1|  ap_memory |  prLamC_buf4a  |     array    |
|prLamC_buf4a_q0          |  in |   16|  ap_memory |  prLamC_buf4a  |     array    |
|prLamC_buf4b_address0    | out |   10|  ap_memory |  prLamC_buf4b  |     array    |
|prLamC_buf4b_ce0         | out |    1|  ap_memory |  prLamC_buf4b  |     array    |
|prLamC_buf4b_q0          |  in |   16|  ap_memory |  prLamC_buf4b  |     array    |
|prLam2B_buf4_address0    | out |   10|  ap_memory |  prLam2B_buf4  |     array    |
|prLam2B_buf4_ce0         | out |    1|  ap_memory |  prLam2B_buf4  |     array    |
|prLam2B_buf4_q0          |  in |   16|  ap_memory |  prLam2B_buf4  |     array    |
|prLam2C_buf4_address0    | out |   10|  ap_memory |  prLam2C_buf4  |     array    |
|prLam2C_buf4_ce0         | out |    1|  ap_memory |  prLam2C_buf4  |     array    |
|prLam2C_buf4_q0          |  in |   16|  ap_memory |  prLam2C_buf4  |     array    |
|prLam2C_buf4a_address0   | out |   10|  ap_memory |  prLam2C_buf4a |     array    |
|prLam2C_buf4a_ce0        | out |    1|  ap_memory |  prLam2C_buf4a |     array    |
|prLam2C_buf4a_q0         |  in |   16|  ap_memory |  prLam2C_buf4a |     array    |
|prLam2C_buf4b_address0   | out |   10|  ap_memory |  prLam2C_buf4b |     array    |
|prLam2C_buf4b_ce0        | out |    1|  ap_memory |  prLam2C_buf4b |     array    |
|prLam2C_buf4b_q0         |  in |   16|  ap_memory |  prLam2C_buf4b |     array    |
|pest4                    | out |   16|   ap_vld   |      pest4     |    pointer   |
|pest4_ap_vld             | out |    1|   ap_vld   |      pest4     |    pointer   |
|pLambda5_address0        | out |   10|  ap_memory |    pLambda5    |     array    |
|pLambda5_ce0             | out |    1|  ap_memory |    pLambda5    |     array    |
|pLambda5_q0              |  in |   16|  ap_memory |    pLambda5    |     array    |
|prLamB_buf5_address0     | out |   10|  ap_memory |   prLamB_buf5  |     array    |
|prLamB_buf5_ce0          | out |    1|  ap_memory |   prLamB_buf5  |     array    |
|prLamB_buf5_q0           |  in |   16|  ap_memory |   prLamB_buf5  |     array    |
|prLamB_buf5a_address0    | out |   10|  ap_memory |  prLamB_buf5a  |     array    |
|prLamB_buf5a_ce0         | out |    1|  ap_memory |  prLamB_buf5a  |     array    |
|prLamB_buf5a_q0          |  in |   16|  ap_memory |  prLamB_buf5a  |     array    |
|prLamB_buf5b_address0    | out |   10|  ap_memory |  prLamB_buf5b  |     array    |
|prLamB_buf5b_ce0         | out |    1|  ap_memory |  prLamB_buf5b  |     array    |
|prLamB_buf5b_q0          |  in |   16|  ap_memory |  prLamB_buf5b  |     array    |
|prLamC_buf5_address0     | out |   10|  ap_memory |   prLamC_buf5  |     array    |
|prLamC_buf5_ce0          | out |    1|  ap_memory |   prLamC_buf5  |     array    |
|prLamC_buf5_q0           |  in |   16|  ap_memory |   prLamC_buf5  |     array    |
|prLam2B_buf5_address0    | out |   10|  ap_memory |  prLam2B_buf5  |     array    |
|prLam2B_buf5_ce0         | out |    1|  ap_memory |  prLam2B_buf5  |     array    |
|prLam2B_buf5_q0          |  in |   16|  ap_memory |  prLam2B_buf5  |     array    |
|prLam2B_buf5a_address0   | out |   10|  ap_memory |  prLam2B_buf5a |     array    |
|prLam2B_buf5a_ce0        | out |    1|  ap_memory |  prLam2B_buf5a |     array    |
|prLam2B_buf5a_q0         |  in |   16|  ap_memory |  prLam2B_buf5a |     array    |
|prLam2B_buf5b_address0   | out |   10|  ap_memory |  prLam2B_buf5b |     array    |
|prLam2B_buf5b_ce0        | out |    1|  ap_memory |  prLam2B_buf5b |     array    |
|prLam2B_buf5b_q0         |  in |   16|  ap_memory |  prLam2B_buf5b |     array    |
|prLam2C_buf5_address0    | out |   10|  ap_memory |  prLam2C_buf5  |     array    |
|prLam2C_buf5_ce0         | out |    1|  ap_memory |  prLam2C_buf5  |     array    |
|prLam2C_buf5_q0          |  in |   16|  ap_memory |  prLam2C_buf5  |     array    |
|pest5                    | out |   16|   ap_vld   |      pest5     |    pointer   |
|pest5_ap_vld             | out |    1|   ap_vld   |      pest5     |    pointer   |
|pLambda6_address0        | out |   10|  ap_memory |    pLambda6    |     array    |
|pLambda6_ce0             | out |    1|  ap_memory |    pLambda6    |     array    |
|pLambda6_q0              |  in |   16|  ap_memory |    pLambda6    |     array    |
|prLamB_buf6_address0     | out |   10|  ap_memory |   prLamB_buf6  |     array    |
|prLamB_buf6_ce0          | out |    1|  ap_memory |   prLamB_buf6  |     array    |
|prLamB_buf6_q0           |  in |   16|  ap_memory |   prLamB_buf6  |     array    |
|prLamC_buf6_address0     | out |   10|  ap_memory |   prLamC_buf6  |     array    |
|prLamC_buf6_ce0          | out |    1|  ap_memory |   prLamC_buf6  |     array    |
|prLamC_buf6_q0           |  in |   16|  ap_memory |   prLamC_buf6  |     array    |
|prLam2B_buf6_address0    | out |   10|  ap_memory |  prLam2B_buf6  |     array    |
|prLam2B_buf6_ce0         | out |    1|  ap_memory |  prLam2B_buf6  |     array    |
|prLam2B_buf6_q0          |  in |   16|  ap_memory |  prLam2B_buf6  |     array    |
|prLam2C_buf6_address0    | out |   10|  ap_memory |  prLam2C_buf6  |     array    |
|prLam2C_buf6_ce0         | out |    1|  ap_memory |  prLam2C_buf6  |     array    |
|prLam2C_buf6_q0          |  in |   16|  ap_memory |  prLam2C_buf6  |     array    |
|pest6                    | out |   16|   ap_vld   |      pest6     |    pointer   |
|pest6_ap_vld             | out |    1|   ap_vld   |      pest6     |    pointer   |
|pLambda7_address0        | out |   10|  ap_memory |    pLambda7    |     array    |
|pLambda7_ce0             | out |    1|  ap_memory |    pLambda7    |     array    |
|pLambda7_q0              |  in |   16|  ap_memory |    pLambda7    |     array    |
|prLamB_buf7_address0     | out |   10|  ap_memory |   prLamB_buf7  |     array    |
|prLamB_buf7_ce0          | out |    1|  ap_memory |   prLamB_buf7  |     array    |
|prLamB_buf7_q0           |  in |   16|  ap_memory |   prLamB_buf7  |     array    |
|prLamB_buf7a_address0    | out |   10|  ap_memory |  prLamB_buf7a  |     array    |
|prLamB_buf7a_ce0         | out |    1|  ap_memory |  prLamB_buf7a  |     array    |
|prLamB_buf7a_q0          |  in |   16|  ap_memory |  prLamB_buf7a  |     array    |
|prLamC_buf7_address0     | out |   10|  ap_memory |   prLamC_buf7  |     array    |
|prLamC_buf7_ce0          | out |    1|  ap_memory |   prLamC_buf7  |     array    |
|prLamC_buf7_q0           |  in |   16|  ap_memory |   prLamC_buf7  |     array    |
|prLam2B_buf7_address0    | out |   10|  ap_memory |  prLam2B_buf7  |     array    |
|prLam2B_buf7_ce0         | out |    1|  ap_memory |  prLam2B_buf7  |     array    |
|prLam2B_buf7_q0          |  in |   16|  ap_memory |  prLam2B_buf7  |     array    |
|prLam2B_buf7a_address0   | out |   10|  ap_memory |  prLam2B_buf7a |     array    |
|prLam2B_buf7a_ce0        | out |    1|  ap_memory |  prLam2B_buf7a |     array    |
|prLam2B_buf7a_q0         |  in |   16|  ap_memory |  prLam2B_buf7a |     array    |
|prLam2C_buf7_address0    | out |   10|  ap_memory |  prLam2C_buf7  |     array    |
|prLam2C_buf7_ce0         | out |    1|  ap_memory |  prLam2C_buf7  |     array    |
|prLam2C_buf7_q0          |  in |   16|  ap_memory |  prLam2C_buf7  |     array    |
|pest7                    | out |   16|   ap_vld   |      pest7     |    pointer   |
|pest7_ap_vld             | out |    1|   ap_vld   |      pest7     |    pointer   |
|pLambda8_address0        | out |   10|  ap_memory |    pLambda8    |     array    |
|pLambda8_ce0             | out |    1|  ap_memory |    pLambda8    |     array    |
|pLambda8_q0              |  in |   16|  ap_memory |    pLambda8    |     array    |
|prLam_buf2_address0      | out |   10|  ap_memory |   prLam_buf2   |     array    |
|prLam_buf2_ce0           | out |    1|  ap_memory |   prLam_buf2   |     array    |
|prLam_buf2_q0            |  in |   16|  ap_memory |   prLam_buf2   |     array    |
|prLam2_buf2_address0     | out |   10|  ap_memory |   prLam2_buf2  |     array    |
|prLam2_buf2_ce0          | out |    1|  ap_memory |   prLam2_buf2  |     array    |
|prLam2_buf2_q0           |  in |   16|  ap_memory |   prLam2_buf2  |     array    |
|pest8                    | out |   16|   ap_vld   |      pest8     |    pointer   |
|pest8_ap_vld             | out |    1|   ap_vld   |      pest8     |    pointer   |
|pLambda9_address0        | out |   10|  ap_memory |    pLambda9    |     array    |
|pLambda9_ce0             | out |    1|  ap_memory |    pLambda9    |     array    |
|pLambda9_q0              |  in |   16|  ap_memory |    pLambda9    |     array    |
|prLamB_buf9_address0     | out |   10|  ap_memory |   prLamB_buf9  |     array    |
|prLamB_buf9_ce0          | out |    1|  ap_memory |   prLamB_buf9  |     array    |
|prLamB_buf9_q0           |  in |   16|  ap_memory |   prLamB_buf9  |     array    |
|prLamB_buf9a_address0    | out |   10|  ap_memory |  prLamB_buf9a  |     array    |
|prLamB_buf9a_ce0         | out |    1|  ap_memory |  prLamB_buf9a  |     array    |
|prLamB_buf9a_q0          |  in |   16|  ap_memory |  prLamB_buf9a  |     array    |
|prLamC_buf9_address0     | out |   10|  ap_memory |   prLamC_buf9  |     array    |
|prLamC_buf9_ce0          | out |    1|  ap_memory |   prLamC_buf9  |     array    |
|prLamC_buf9_q0           |  in |   16|  ap_memory |   prLamC_buf9  |     array    |
|prLam2B_buf9_address0    | out |   10|  ap_memory |  prLam2B_buf9  |     array    |
|prLam2B_buf9_ce0         | out |    1|  ap_memory |  prLam2B_buf9  |     array    |
|prLam2B_buf9_q0          |  in |   16|  ap_memory |  prLam2B_buf9  |     array    |
|prLam2B_buf9a_address0   | out |   10|  ap_memory |  prLam2B_buf9a |     array    |
|prLam2B_buf9a_ce0        | out |    1|  ap_memory |  prLam2B_buf9a |     array    |
|prLam2B_buf9a_q0         |  in |   16|  ap_memory |  prLam2B_buf9a |     array    |
|prLam2C_buf9_address0    | out |   10|  ap_memory |  prLam2C_buf9  |     array    |
|prLam2C_buf9_ce0         | out |    1|  ap_memory |  prLam2C_buf9  |     array    |
|prLam2C_buf9_q0          |  in |   16|  ap_memory |  prLam2C_buf9  |     array    |
|pest9                    | out |   16|   ap_vld   |      pest9     |    pointer   |
|pest9_ap_vld             | out |    1|   ap_vld   |      pest9     |    pointer   |
|blk_val                  |  in |   16|   ap_none  |     blk_val    |    pointer   |
|prLam_buf4_address0      | out |   10|  ap_memory |   prLam_buf4   |     array    |
|prLam_buf4_ce0           | out |    1|  ap_memory |   prLam_buf4   |     array    |
|prLam_buf4_q0            |  in |   16|  ap_memory |   prLam_buf4   |     array    |
|prLam_buf4a_address0     | out |   10|  ap_memory |   prLam_buf4a  |     array    |
|prLam_buf4a_ce0          | out |    1|  ap_memory |   prLam_buf4a  |     array    |
|prLam_buf4a_q0           |  in |   16|  ap_memory |   prLam_buf4a  |     array    |
|prLamB_buf10_address0    | out |   10|  ap_memory |  prLamB_buf10  |     array    |
|prLamB_buf10_ce0         | out |    1|  ap_memory |  prLamB_buf10  |     array    |
|prLamB_buf10_q0          |  in |   16|  ap_memory |  prLamB_buf10  |     array    |
|prLamC_buf10_address0    | out |   10|  ap_memory |  prLamC_buf10  |     array    |
|prLamC_buf10_ce0         | out |    1|  ap_memory |  prLamC_buf10  |     array    |
|prLamC_buf10_q0          |  in |   16|  ap_memory |  prLamC_buf10  |     array    |
|prLamC_buf10a_address0   | out |   10|  ap_memory |  prLamC_buf10a |     array    |
|prLamC_buf10a_ce0        | out |    1|  ap_memory |  prLamC_buf10a |     array    |
|prLamC_buf10a_q0         |  in |   16|  ap_memory |  prLamC_buf10a |     array    |
|prLamC_buf10b_address0   | out |   10|  ap_memory |  prLamC_buf10b |     array    |
|prLamC_buf10b_ce0        | out |    1|  ap_memory |  prLamC_buf10b |     array    |
|prLamC_buf10b_q0         |  in |   16|  ap_memory |  prLamC_buf10b |     array    |
|prLam2_buf4_address0     | out |   10|  ap_memory |   prLam2_buf4  |     array    |
|prLam2_buf4_ce0          | out |    1|  ap_memory |   prLam2_buf4  |     array    |
|prLam2_buf4_q0           |  in |   16|  ap_memory |   prLam2_buf4  |     array    |
|prLam2_buf4a_address0    | out |   10|  ap_memory |  prLam2_buf4a  |     array    |
|prLam2_buf4a_ce0         | out |    1|  ap_memory |  prLam2_buf4a  |     array    |
|prLam2_buf4a_q0          |  in |   16|  ap_memory |  prLam2_buf4a  |     array    |
|prLam2B_buf10_address0   | out |   10|  ap_memory |  prLam2B_buf10 |     array    |
|prLam2B_buf10_ce0        | out |    1|  ap_memory |  prLam2B_buf10 |     array    |
|prLam2B_buf10_q0         |  in |   16|  ap_memory |  prLam2B_buf10 |     array    |
|prLam2C_buf10_address0   | out |   10|  ap_memory |  prLam2C_buf10 |     array    |
|prLam2C_buf10_ce0        | out |    1|  ap_memory |  prLam2C_buf10 |     array    |
|prLam2C_buf10_q0         |  in |   16|  ap_memory |  prLam2C_buf10 |     array    |
|prLam2C_buf10a_address0  | out |   10|  ap_memory | prLam2C_buf10a |     array    |
|prLam2C_buf10a_ce0       | out |    1|  ap_memory | prLam2C_buf10a |     array    |
|prLam2C_buf10a_q0        |  in |   16|  ap_memory | prLam2C_buf10a |     array    |
|prLam2C_buf10b_address0  | out |   10|  ap_memory | prLam2C_buf10b |     array    |
|prLam2C_buf10b_ce0       | out |    1|  ap_memory | prLam2C_buf10b |     array    |
|prLam2C_buf10b_q0        |  in |   16|  ap_memory | prLam2C_buf10b |     array    |
|pest10                   | out |   16|   ap_vld   |     pest10     |    pointer   |
|pest10_ap_vld            | out |    1|   ap_vld   |     pest10     |    pointer   |
|bpest0                   | out |    1|   ap_vld   |     bpest0     |    pointer   |
|bpest0_ap_vld            | out |    1|   ap_vld   |     bpest0     |    pointer   |
|bpest1                   | out |    1|   ap_vld   |     bpest1     |    pointer   |
|bpest1_ap_vld            | out |    1|   ap_vld   |     bpest1     |    pointer   |
|bpest2                   | out |    1|   ap_vld   |     bpest2     |    pointer   |
|bpest2_ap_vld            | out |    1|   ap_vld   |     bpest2     |    pointer   |
|bpest3                   | out |    1|   ap_vld   |     bpest3     |    pointer   |
|bpest3_ap_vld            | out |    1|   ap_vld   |     bpest3     |    pointer   |
|bpest4                   | out |    1|   ap_vld   |     bpest4     |    pointer   |
|bpest4_ap_vld            | out |    1|   ap_vld   |     bpest4     |    pointer   |
|bpest5                   | out |    1|   ap_vld   |     bpest5     |    pointer   |
|bpest5_ap_vld            | out |    1|   ap_vld   |     bpest5     |    pointer   |
|bpest6                   | out |    1|   ap_vld   |     bpest6     |    pointer   |
|bpest6_ap_vld            | out |    1|   ap_vld   |     bpest6     |    pointer   |
|bpest7                   | out |    1|   ap_vld   |     bpest7     |    pointer   |
|bpest7_ap_vld            | out |    1|   ap_vld   |     bpest7     |    pointer   |
|bpest8                   | out |    1|   ap_vld   |     bpest8     |    pointer   |
|bpest8_ap_vld            | out |    1|   ap_vld   |     bpest8     |    pointer   |
|bpest9                   | out |    1|   ap_vld   |     bpest9     |    pointer   |
|bpest9_ap_vld            | out |    1|   ap_vld   |     bpest9     |    pointer   |
|bpest10                  | out |    1|   ap_vld   |     bpest10    |    pointer   |
|bpest10_ap_vld           | out |    1|   ap_vld   |     bpest10    |    pointer   |
+-------------------------+-----+-----+------------+----------------+--------------+

