

================================================================
== Vivado HLS Report for 'mcalcC'
================================================================
* Date:           Thu Aug 11 10:27:32 2022

* Version:        2016.4 (Build 1756540 on Mon Jan 23 19:31:01 MST 2017)
* Project:        LDPC_Decoder3U
* Solution:       solution1
* Product family: kintex7
* Target device:  xc7k160tfbg676-1


================================================================
== Performance Estimates
================================================================
+ Timing (ns): 
    * Summary: 
    +--------+-------+----------+------------+
    |  Clock | Target| Estimated| Uncertainty|
    +--------+-------+----------+------------+
    |ap_clk  |  10.00|      8.40|        1.25|
    +--------+-------+----------+------------+

+ Latency (clock cycles): 
    * Summary: 
    +-----+-----+-----+-----+----------+
    |  Latency  |  Interval | Pipeline |
    | min | max | min | max |   Type   |
    +-----+-----+-----+-----+----------+
    |    2|    2|    1|    1| function |
    +-----+-----+-----+-----+----------+

    + Detail: 
        * Instance: 
        N/A

        * Loop: 
        N/A



================================================================
== Utilization Estimates
================================================================
* Summary: 
+-----------------+---------+-------+--------+--------+
|       Name      | BRAM_18K| DSP48E|   FF   |   LUT  |
+-----------------+---------+-------+--------+--------+
|DSP              |        -|      -|       -|       -|
|Expression       |        -|      -|       0|    3607|
|FIFO             |        -|      -|       -|       -|
|Instance         |        -|      -|       -|       -|
|Memory           |        -|      -|       -|       -|
|Multiplexer      |        -|      -|       -|       -|
|Register         |        -|      -|     226|       -|
+-----------------+---------+-------+--------+--------+
|Total            |        0|      0|     226|    3607|
+-----------------+---------+-------+--------+--------+
|Available        |      650|    600|  202800|  101400|
+-----------------+---------+-------+--------+--------+
|Utilization (%)  |        0|      0|   ~0   |       3|
+-----------------+---------+-------+--------+--------+

+ Detail: 
    * Instance: 
    N/A

    * DSP48: 
    N/A

    * Memory: 
    N/A

    * FIFO: 
    N/A

    * Expression: 
    +---------------------------------+----------+-------+---+----+------------+------------+
    |          Variable Name          | Operation| DSP48E| FF| LUT| Bitwidth P0| Bitwidth P1|
    +---------------------------------+----------+-------+---+----+------------+------------+
    |mf10_fu_5082_p2                  |     -    |      0|  0|   8|           1|           8|
    |mf12_fu_5039_p2                  |     -    |      0|  0|   8|           1|           8|
    |mf14_fu_4996_p2                  |     -    |      0|  0|   8|           1|           8|
    |mf16_fu_4948_p2                  |     -    |      0|  0|   8|           1|           8|
    |mf18_fu_4891_p2                  |     -    |      0|  0|   8|           1|           8|
    |mf20_fu_4839_p2                  |     -    |      0|  0|   8|           1|           8|
    |mf22_fu_4812_p2                  |     -    |      0|  0|   8|           1|           8|
    |mf24_fu_4785_p2                  |     -    |      0|  0|   8|           1|           8|
    |mf26_fu_4513_p2                  |     -    |      0|  0|   8|           1|           8|
    |mf28_fu_4449_p2                  |     -    |      0|  0|   8|           1|           8|
    |mf30_fu_4361_p2                  |     -    |      0|  0|   8|           1|           8|
    |mf32_fu_4279_p2                  |     -    |      0|  0|   8|           1|           8|
    |mf34_fu_4191_p2                  |     -    |      0|  0|   8|           1|           8|
    |mf35_fu_3908_p2                  |     -    |      0|  0|   8|           1|           8|
    |mf36_fu_4116_p2                  |     -    |      0|  0|   8|           1|           8|
    |mf37_fu_4030_p2                  |     -    |      0|  0|   8|           1|           8|
    |mf8_fu_5120_p2                   |     -    |      0|  0|   8|           1|           8|
    |mf_fu_5153_p2                    |     -    |      0|  0|   8|           1|           8|
    |vArg_V_10_fu_1318_p2             |     -    |      0|  0|  12|          12|          12|
    |vArg_V_11_fu_1398_p2             |     -    |      0|  0|  12|          12|          12|
    |vArg_V_12_fu_1478_p2             |     -    |      0|  0|  12|          12|          12|
    |vArg_V_13_fu_1558_p2             |     -    |      0|  0|  12|          12|          12|
    |vArg_V_14_fu_1638_p2             |     -    |      0|  0|  12|          12|          12|
    |vArg_V_15_fu_1718_p2             |     -    |      0|  0|  12|          12|          12|
    |vArg_V_16_fu_1798_p2             |     -    |      0|  0|  12|          12|          12|
    |vArg_V_17_fu_1878_p2             |     -    |      0|  0|  12|          12|          12|
    |vArg_V_1_fu_362_p2               |     -    |      0|  0|  12|          12|          12|
    |vArg_V_2_fu_554_p2               |     -    |      0|  0|  12|          12|          12|
    |vArg_V_3_fu_746_p2               |     -    |      0|  0|  12|          12|          12|
    |vArg_V_4_fu_838_p2               |     -    |      0|  0|  12|          12|          12|
    |vArg_V_5_10_fu_1412_p2           |     -    |      0|  0|  12|           1|          12|
    |vArg_V_5_11_fu_1492_p2           |     -    |      0|  0|  12|           1|          12|
    |vArg_V_5_12_fu_1572_p2           |     -    |      0|  0|  12|           1|          12|
    |vArg_V_5_13_fu_1652_p2           |     -    |      0|  0|  12|           1|          12|
    |vArg_V_5_14_fu_1732_p2           |     -    |      0|  0|  12|           1|          12|
    |vArg_V_5_15_fu_1812_p2           |     -    |      0|  0|  12|           1|          12|
    |vArg_V_5_16_fu_1892_p2           |     -    |      0|  0|  12|           1|          12|
    |vArg_V_5_1_fu_376_p2             |     -    |      0|  0|  12|           1|          12|
    |vArg_V_5_2_fu_568_p2             |     -    |      0|  0|  12|           1|          12|
    |vArg_V_5_3_fu_760_p2             |     -    |      0|  0|  12|           1|          12|
    |vArg_V_5_4_fu_852_p2             |     -    |      0|  0|  12|           1|          12|
    |vArg_V_5_5_fu_932_p2             |     -    |      0|  0|  12|           1|          12|
    |vArg_V_5_6_fu_1012_p2            |     -    |      0|  0|  12|           1|          12|
    |vArg_V_5_7_fu_1092_p2            |     -    |      0|  0|  12|           1|          12|
    |vArg_V_5_8_fu_1172_p2            |     -    |      0|  0|  12|           1|          12|
    |vArg_V_5_9_fu_1252_p2            |     -    |      0|  0|  12|           1|          12|
    |vArg_V_5_fu_184_p2               |     -    |      0|  0|  12|           1|          12|
    |vArg_V_5_s_fu_1332_p2            |     -    |      0|  0|  12|           1|          12|
    |vArg_V_6_fu_998_p2               |     -    |      0|  0|  12|          12|          12|
    |vArg_V_7_fu_1078_p2              |     -    |      0|  0|  12|          12|          12|
    |vArg_V_8_fu_1158_p2              |     -    |      0|  0|  12|          12|          12|
    |vArg_V_9_fu_1238_p2              |     -    |      0|  0|  12|          12|          12|
    |vArg_V_fu_170_p2                 |     -    |      0|  0|  12|          12|          12|
    |vArg_V_s_fu_918_p2               |     -    |      0|  0|  12|          12|          12|
    |r_V_144_fu_4020_p2               |    and   |      0|  0|  10|           7|           7|
    |r_V_146_fu_4106_p2               |    and   |      0|  0|  10|           7|           7|
    |r_V_148_fu_4181_p2               |    and   |      0|  0|  10|           7|           7|
    |r_V_150_fu_4269_p2               |    and   |      0|  0|  10|           7|           7|
    |r_V_152_fu_4351_p2               |    and   |      0|  0|  10|           7|           7|
    |r_V_154_fu_4439_p2               |    and   |      0|  0|  10|           7|           7|
    |r_V_156_fu_4503_p2               |    and   |      0|  0|  10|           7|           7|
    |r_V_158_fu_4573_p2               |    and   |      0|  0|  10|           7|           7|
    |r_V_160_fu_4603_p2               |    and   |      0|  0|  10|           7|           7|
    |r_V_162_fu_4627_p2               |    and   |      0|  0|  10|           7|           7|
    |r_V_164_fu_4881_p2               |    and   |      0|  0|  10|           7|           7|
    |r_V_166_fu_4938_p2               |    and   |      0|  0|  10|           7|           7|
    |r_V_168_fu_4987_p2               |    and   |      0|  0|  10|           7|           7|
    |r_V_170_fu_5030_p2               |    and   |      0|  0|  10|           7|           7|
    |r_V_172_fu_5073_p2               |    and   |      0|  0|  10|           7|           7|
    |r_V_174_fu_5111_p2               |    and   |      0|  0|  10|           7|           7|
    |r_V_175_fu_5144_p2               |    and   |      0|  0|  10|           7|           7|
    |r_V_176_fu_4054_p2               |    and   |      0|  0|  10|           7|           7|
    |r_V_177_fu_4140_p2               |    and   |      0|  0|  10|           7|           7|
    |r_V_178_fu_4215_p2               |    and   |      0|  0|  10|           7|           7|
    |r_V_179_fu_4303_p2               |    and   |      0|  0|  10|           7|           7|
    |r_V_180_fu_4385_p2               |    and   |      0|  0|  10|           7|           7|
    |r_V_181_fu_4473_p2               |    and   |      0|  0|  10|           7|           7|
    |r_V_182_fu_4537_p2               |    and   |      0|  0|  10|           7|           7|
    |r_V_183_fu_4579_p2               |    and   |      0|  0|  10|           7|           7|
    |r_V_184_fu_4609_p2               |    and   |      0|  0|  10|           7|           7|
    |r_V_185_fu_4633_p2               |    and   |      0|  0|  10|           7|           7|
    |r_V_186_fu_4915_p2               |    and   |      0|  0|  10|           7|           7|
    |r_V_187_fu_4972_p2               |    and   |      0|  0|  10|           7|           7|
    |r_V_188_fu_5020_p2               |    and   |      0|  0|  10|           7|           7|
    |r_V_189_fu_5063_p2               |    and   |      0|  0|  10|           7|           7|
    |r_V_190_fu_5106_p2               |    and   |      0|  0|  10|           7|           7|
    |r_V_fu_3898_p2                   |    and   |      0|  0|  10|           7|           7|
    |sel_tmp102_fu_2065_p2            |    and   |      0|  0|   1|           1|           1|
    |sel_tmp107_fu_2075_p2            |    and   |      0|  0|   1|           1|           1|
    |sel_tmp114_fu_2107_p2            |    and   |      0|  0|   1|           1|           1|
    |sel_tmp123_fu_2117_p2            |    and   |      0|  0|   1|           1|           1|
    |sel_tmp127_fu_2167_p2            |    and   |      0|  0|   1|           1|           1|
    |sel_tmp132_fu_2177_p2            |    and   |      0|  0|   1|           1|           1|
    |sel_tmp139_fu_2209_p2            |    and   |      0|  0|   1|           1|           1|
    |sel_tmp148_fu_2219_p2            |    and   |      0|  0|   1|           1|           1|
    |sel_tmp14_fu_306_p2              |    and   |      0|  0|   1|           1|           1|
    |sel_tmp152_fu_2269_p2            |    and   |      0|  0|   1|           1|           1|
    |sel_tmp157_fu_2279_p2            |    and   |      0|  0|   1|           1|           1|
    |sel_tmp164_fu_2311_p2            |    and   |      0|  0|   1|           1|           1|
    |sel_tmp173_fu_2321_p2            |    and   |      0|  0|   1|           1|           1|
    |sel_tmp177_fu_2371_p2            |    and   |      0|  0|   1|           1|           1|
    |sel_tmp182_fu_2381_p2            |    and   |      0|  0|   1|           1|           1|
    |sel_tmp189_fu_2413_p2            |    and   |      0|  0|   1|           1|           1|
    |sel_tmp198_fu_2423_p2            |    and   |      0|  0|   1|           1|           1|
    |sel_tmp202_fu_2473_p2            |    and   |      0|  0|   1|           1|           1|
    |sel_tmp207_fu_2483_p2            |    and   |      0|  0|   1|           1|           1|
    |sel_tmp214_fu_2515_p2            |    and   |      0|  0|   1|           1|           1|
    |sel_tmp223_fu_2525_p2            |    and   |      0|  0|   1|           1|           1|
    |sel_tmp227_fu_2575_p2            |    and   |      0|  0|   1|           1|           1|
    |sel_tmp232_fu_2585_p2            |    and   |      0|  0|   1|           1|           1|
    |sel_tmp239_fu_2617_p2            |    and   |      0|  0|   1|           1|           1|
    |sel_tmp23_fu_318_p2              |    and   |      0|  0|   1|           1|           1|
    |sel_tmp248_fu_2627_p2            |    and   |      0|  0|   1|           1|           1|
    |sel_tmp252_fu_2677_p2            |    and   |      0|  0|   1|           1|           1|
    |sel_tmp257_fu_2687_p2            |    and   |      0|  0|   1|           1|           1|
    |sel_tmp264_fu_2719_p2            |    and   |      0|  0|   1|           1|           1|
    |sel_tmp273_fu_2729_p2            |    and   |      0|  0|   1|           1|           1|
    |sel_tmp277_fu_2779_p2            |    and   |      0|  0|   1|           1|           1|
    |sel_tmp27_fu_452_p2              |    and   |      0|  0|   1|           1|           1|
    |sel_tmp282_fu_2789_p2            |    and   |      0|  0|   1|           1|           1|
    |sel_tmp289_fu_2821_p2            |    and   |      0|  0|   1|           1|           1|
    |sel_tmp298_fu_2831_p2            |    and   |      0|  0|   1|           1|           1|
    |sel_tmp2_fu_260_p2               |    and   |      0|  0|   1|           1|           1|
    |sel_tmp302_fu_2881_p2            |    and   |      0|  0|   1|           1|           1|
    |sel_tmp307_fu_2891_p2            |    and   |      0|  0|   1|           1|           1|
    |sel_tmp314_fu_2923_p2            |    and   |      0|  0|   1|           1|           1|
    |sel_tmp323_fu_2933_p2            |    and   |      0|  0|   1|           1|           1|
    |sel_tmp327_fu_2983_p2            |    and   |      0|  0|   1|           1|           1|
    |sel_tmp32_fu_464_p2              |    and   |      0|  0|   1|           1|           1|
    |sel_tmp332_fu_2993_p2            |    and   |      0|  0|   1|           1|           1|
    |sel_tmp339_fu_3025_p2            |    and   |      0|  0|   1|           1|           1|
    |sel_tmp348_fu_3035_p2            |    and   |      0|  0|   1|           1|           1|
    |sel_tmp352_fu_3085_p2            |    and   |      0|  0|   1|           1|           1|
    |sel_tmp354_fu_3095_p2            |    and   |      0|  0|   1|           1|           1|
    |sel_tmp357_fu_3127_p2            |    and   |      0|  0|   1|           1|           1|
    |sel_tmp359_fu_3137_p2            |    and   |      0|  0|   1|           1|           1|
    |sel_tmp362_fu_3187_p2            |    and   |      0|  0|   1|           1|           1|
    |sel_tmp364_fu_3197_p2            |    and   |      0|  0|   1|           1|           1|
    |sel_tmp367_fu_3229_p2            |    and   |      0|  0|   1|           1|           1|
    |sel_tmp369_fu_3239_p2            |    and   |      0|  0|   1|           1|           1|
    |sel_tmp372_fu_3289_p2            |    and   |      0|  0|   1|           1|           1|
    |sel_tmp374_fu_3299_p2            |    and   |      0|  0|   1|           1|           1|
    |sel_tmp377_fu_3331_p2            |    and   |      0|  0|   1|           1|           1|
    |sel_tmp379_fu_3341_p2            |    and   |      0|  0|   1|           1|           1|
    |sel_tmp382_fu_3391_p2            |    and   |      0|  0|   1|           1|           1|
    |sel_tmp384_fu_3401_p2            |    and   |      0|  0|   1|           1|           1|
    |sel_tmp387_fu_3433_p2            |    and   |      0|  0|   1|           1|           1|
    |sel_tmp389_fu_3443_p2            |    and   |      0|  0|   1|           1|           1|
    |sel_tmp39_fu_498_p2              |    and   |      0|  0|   1|           1|           1|
    |sel_tmp48_fu_510_p2              |    and   |      0|  0|   1|           1|           1|
    |sel_tmp52_fu_644_p2              |    and   |      0|  0|   1|           1|           1|
    |sel_tmp57_fu_656_p2              |    and   |      0|  0|   1|           1|           1|
    |sel_tmp64_fu_690_p2              |    and   |      0|  0|   1|           1|           1|
    |sel_tmp73_fu_702_p2              |    and   |      0|  0|   1|           1|           1|
    |sel_tmp77_fu_1975_p2             |    and   |      0|  0|   1|           1|           1|
    |sel_tmp7_fu_272_p2               |    and   |      0|  0|   1|           1|           1|
    |sel_tmp82_fu_816_p2              |    and   |      0|  0|   1|           1|           1|
    |sel_tmp89_fu_2005_p2             |    and   |      0|  0|   1|           1|           1|
    |sel_tmp98_fu_2015_p2             |    and   |      0|  0|   1|           1|           1|
    |tmp545_fu_3810_p2                |    and   |      0|  0|  10|           7|           7|
    |tmp546_fu_3814_p2                |    and   |      0|  0|  10|           7|           7|
    |tmp547_fu_3820_p2                |    and   |      0|  0|  10|           7|           7|
    |tmp548_fu_3826_p2                |    and   |      0|  0|  10|           7|           7|
    |tmp549_fu_3832_p2                |    and   |      0|  0|  10|           7|           7|
    |tmp550_fu_3838_p2                |    and   |      0|  0|  10|           7|           7|
    |tmp551_fu_3844_p2                |    and   |      0|  0|  10|           7|           7|
    |tmp552_fu_3850_p2                |    and   |      0|  0|  10|           7|           7|
    |tmp553_fu_3856_p2                |    and   |      0|  0|  10|           7|           7|
    |tmp554_fu_3862_p2                |    and   |      0|  0|  10|           7|           7|
    |tmp555_fu_3868_p2                |    and   |      0|  0|  10|           7|           7|
    |tmp556_fu_3874_p2                |    and   |      0|  0|  10|           7|           7|
    |tmp557_fu_3880_p2                |    and   |      0|  0|  10|           7|           7|
    |tmp558_fu_3886_p2                |    and   |      0|  0|  10|           7|           7|
    |tmp559_fu_3892_p2                |    and   |      0|  0|  10|           7|           7|
    |tmp560_fu_3932_p2                |    and   |      0|  0|  10|           7|           7|
    |tmp561_fu_3937_p2                |    and   |      0|  0|  10|           7|           7|
    |tmp562_fu_3943_p2                |    and   |      0|  0|  10|           7|           7|
    |tmp563_fu_3949_p2                |    and   |      0|  0|  10|           7|           7|
    |tmp564_fu_3955_p2                |    and   |      0|  0|  10|           7|           7|
    |tmp565_fu_3961_p2                |    and   |      0|  0|  10|           7|           7|
    |tmp566_fu_3967_p2                |    and   |      0|  0|  10|           7|           7|
    |tmp567_fu_3973_p2                |    and   |      0|  0|  10|           7|           7|
    |tmp568_fu_3979_p2                |    and   |      0|  0|  10|           7|           7|
    |tmp569_fu_3985_p2                |    and   |      0|  0|  10|           7|           7|
    |tmp570_fu_3991_p2                |    and   |      0|  0|  10|           7|           7|
    |tmp571_fu_3997_p2                |    and   |      0|  0|  10|           7|           7|
    |tmp572_fu_4002_p2                |    and   |      0|  0|  10|           7|           7|
    |tmp573_fu_4008_p2                |    and   |      0|  0|  10|           7|           7|
    |tmp574_fu_4014_p2                |    and   |      0|  0|  10|           7|           7|
    |tmp575_fu_4058_p2                |    and   |      0|  0|  10|           7|           7|
    |tmp576_fu_4064_p2                |    and   |      0|  0|  10|           7|           7|
    |tmp577_fu_4070_p2                |    and   |      0|  0|  10|           7|           7|
    |tmp578_fu_4076_p2                |    and   |      0|  0|  10|           7|           7|
    |tmp579_fu_4082_p2                |    and   |      0|  0|  10|           7|           7|
    |tmp580_fu_4088_p2                |    and   |      0|  0|  10|           7|           7|
    |tmp581_fu_4094_p2                |    and   |      0|  0|  10|           7|           7|
    |tmp582_fu_4100_p2                |    and   |      0|  0|  10|           7|           7|
    |tmp583_fu_4145_p2                |    and   |      0|  0|  10|           7|           7|
    |tmp584_fu_4151_p2                |    and   |      0|  0|  10|           7|           7|
    |tmp585_fu_4157_p2                |    and   |      0|  0|  10|           7|           7|
    |tmp586_fu_4163_p2                |    and   |      0|  0|  10|           7|           7|
    |tmp587_fu_4169_p2                |    and   |      0|  0|  10|           7|           7|
    |tmp588_fu_4175_p2                |    and   |      0|  0|  10|           7|           7|
    |tmp589_fu_4221_p2                |    and   |      0|  0|  10|           7|           7|
    |tmp590_fu_4227_p2                |    and   |      0|  0|  10|           7|           7|
    |tmp591_fu_4233_p2                |    and   |      0|  0|  10|           7|           7|
    |tmp592_fu_4239_p2                |    and   |      0|  0|  10|           7|           7|
    |tmp593_fu_4245_p2                |    and   |      0|  0|  10|           7|           7|
    |tmp594_fu_4251_p2                |    and   |      0|  0|  10|           7|           7|
    |tmp595_fu_4257_p2                |    and   |      0|  0|  10|           7|           7|
    |tmp596_fu_4263_p2                |    and   |      0|  0|  10|           7|           7|
    |tmp597_fu_4309_p2                |    and   |      0|  0|  10|           7|           7|
    |tmp598_fu_4315_p2                |    and   |      0|  0|  10|           7|           7|
    |tmp599_fu_4321_p2                |    and   |      0|  0|  10|           7|           7|
    |tmp600_fu_4327_p2                |    and   |      0|  0|  10|           7|           7|
    |tmp601_fu_4333_p2                |    and   |      0|  0|  10|           7|           7|
    |tmp602_fu_4339_p2                |    and   |      0|  0|  10|           7|           7|
    |tmp603_fu_4345_p2                |    and   |      0|  0|  10|           7|           7|
    |tmp604_fu_4391_p2                |    and   |      0|  0|  10|           7|           7|
    |tmp605_fu_4397_p2                |    and   |      0|  0|  10|           7|           7|
    |tmp606_fu_4403_p2                |    and   |      0|  0|  10|           7|           7|
    |tmp607_fu_4409_p2                |    and   |      0|  0|  10|           7|           7|
    |tmp608_fu_4415_p2                |    and   |      0|  0|  10|           7|           7|
    |tmp609_fu_4421_p2                |    and   |      0|  0|  10|           7|           7|
    |tmp610_fu_4427_p2                |    and   |      0|  0|  10|           7|           7|
    |tmp611_fu_4433_p2                |    and   |      0|  0|  10|           7|           7|
    |tmp612_fu_4479_p2                |    and   |      0|  0|  10|           7|           7|
    |tmp613_fu_4485_p2                |    and   |      0|  0|  10|           7|           7|
    |tmp614_fu_4491_p2                |    and   |      0|  0|  10|           7|           7|
    |tmp615_fu_4497_p2                |    and   |      0|  0|  10|           7|           7|
    |tmp616_fu_4543_p2                |    and   |      0|  0|  10|           7|           7|
    |tmp617_fu_4549_p2                |    and   |      0|  0|  10|           7|           7|
    |tmp618_fu_4555_p2                |    and   |      0|  0|  10|           7|           7|
    |tmp619_fu_4561_p2                |    and   |      0|  0|  10|           7|           7|
    |tmp620_fu_4567_p2                |    and   |      0|  0|  10|           7|           7|
    |tmp621_fu_4585_p2                |    and   |      0|  0|  10|           7|           7|
    |tmp622_fu_4591_p2                |    and   |      0|  0|  10|           7|           7|
    |tmp623_fu_4597_p2                |    and   |      0|  0|  10|           7|           7|
    |tmp624_fu_4615_p2                |    and   |      0|  0|  10|           7|           7|
    |tmp625_fu_4621_p2                |    and   |      0|  0|  10|           7|           7|
    |tmp626_fu_4863_p2                |    and   |      0|  0|  10|           7|           7|
    |tmp627_fu_4867_p2                |    and   |      0|  0|  10|           7|           7|
    |tmp628_fu_4872_p2                |    and   |      0|  0|  10|           7|           7|
    |tmp629_fu_4876_p2                |    and   |      0|  0|  10|           7|           7|
    |tmp630_fu_4919_p2                |    and   |      0|  0|  10|           7|           7|
    |tmp631_fu_4923_p2                |    and   |      0|  0|  10|           7|           7|
    |tmp632_fu_4928_p2                |    and   |      0|  0|  10|           7|           7|
    |tmp633_fu_4933_p2                |    and   |      0|  0|  10|           7|           7|
    |tmp634_fu_4977_p2                |    and   |      0|  0|  10|           7|           7|
    |tmp635_fu_4982_p2                |    and   |      0|  0|  10|           7|           7|
    |tmp636_fu_5025_p2                |    and   |      0|  0|  10|           7|           7|
    |tmp637_fu_5068_p2                |    and   |      0|  0|  10|           7|           7|
    |tmp_1526_10_fu_1426_p2           |   icmp   |      0|  0|   5|          12|           7|
    |tmp_1526_11_fu_1506_p2           |   icmp   |      0|  0|   5|          12|           7|
    |tmp_1526_12_fu_1586_p2           |   icmp   |      0|  0|   5|          12|           7|
    |tmp_1526_13_fu_1666_p2           |   icmp   |      0|  0|   5|          12|           7|
    |tmp_1526_14_fu_1746_p2           |   icmp   |      0|  0|   5|          12|           7|
    |tmp_1526_15_fu_1826_p2           |   icmp   |      0|  0|   5|          12|           7|
    |tmp_1526_16_fu_1906_p2           |   icmp   |      0|  0|   5|          12|           7|
    |tmp_1526_1_fu_390_p2             |   icmp   |      0|  0|   5|          12|           7|
    |tmp_1526_2_fu_582_p2             |   icmp   |      0|  0|   5|          12|           7|
    |tmp_1526_3_fu_774_p2             |   icmp   |      0|  0|   5|          12|           7|
    |tmp_1526_4_fu_866_p2             |   icmp   |      0|  0|   5|          12|           7|
    |tmp_1526_5_fu_946_p2             |   icmp   |      0|  0|   5|          12|           7|
    |tmp_1526_6_fu_1026_p2            |   icmp   |      0|  0|   5|          12|           7|
    |tmp_1526_7_fu_1106_p2            |   icmp   |      0|  0|   5|          12|           7|
    |tmp_1526_8_fu_1186_p2            |   icmp   |      0|  0|   5|          12|           7|
    |tmp_1526_9_fu_1266_p2            |   icmp   |      0|  0|   5|          12|           7|
    |tmp_1526_s_fu_1346_p2            |   icmp   |      0|  0|   5|          12|           7|
    |tmp_1527_10_fu_1432_p2           |   icmp   |      0|  0|   5|          12|           6|
    |tmp_1527_11_fu_1512_p2           |   icmp   |      0|  0|   5|          12|           6|
    |tmp_1527_12_fu_1592_p2           |   icmp   |      0|  0|   5|          12|           6|
    |tmp_1527_13_fu_1672_p2           |   icmp   |      0|  0|   5|          12|           6|
    |tmp_1527_14_fu_1752_p2           |   icmp   |      0|  0|   5|          12|           6|
    |tmp_1527_15_fu_1832_p2           |   icmp   |      0|  0|   5|          12|           6|
    |tmp_1527_16_fu_1912_p2           |   icmp   |      0|  0|   5|          12|           6|
    |tmp_1527_1_fu_396_p2             |   icmp   |      0|  0|   5|          12|           6|
    |tmp_1527_2_fu_588_p2             |   icmp   |      0|  0|   5|          12|           6|
    |tmp_1527_3_fu_780_p2             |   icmp   |      0|  0|   5|          12|           6|
    |tmp_1527_4_fu_872_p2             |   icmp   |      0|  0|   5|          12|           6|
    |tmp_1527_5_fu_952_p2             |   icmp   |      0|  0|   5|          12|           6|
    |tmp_1527_6_fu_1032_p2            |   icmp   |      0|  0|   5|          12|           6|
    |tmp_1527_7_fu_1112_p2            |   icmp   |      0|  0|   5|          12|           6|
    |tmp_1527_8_fu_1192_p2            |   icmp   |      0|  0|   5|          12|           6|
    |tmp_1527_9_fu_1272_p2            |   icmp   |      0|  0|   5|          12|           6|
    |tmp_1527_s_fu_1352_p2            |   icmp   |      0|  0|   5|          12|           6|
    |tmp_1528_10_fu_1438_p2           |   icmp   |      0|  0|   5|          12|           5|
    |tmp_1528_11_fu_1518_p2           |   icmp   |      0|  0|   5|          12|           5|
    |tmp_1528_12_fu_1598_p2           |   icmp   |      0|  0|   5|          12|           5|
    |tmp_1528_13_fu_1678_p2           |   icmp   |      0|  0|   5|          12|           5|
    |tmp_1528_14_fu_1758_p2           |   icmp   |      0|  0|   5|          12|           5|
    |tmp_1528_15_fu_1838_p2           |   icmp   |      0|  0|   5|          12|           5|
    |tmp_1528_16_fu_1918_p2           |   icmp   |      0|  0|   5|          12|           5|
    |tmp_1528_1_fu_402_p2             |   icmp   |      0|  0|   5|          12|           5|
    |tmp_1528_2_fu_594_p2             |   icmp   |      0|  0|   5|          12|           5|
    |tmp_1528_3_fu_786_p2             |   icmp   |      0|  0|   5|          12|           5|
    |tmp_1528_4_fu_878_p2             |   icmp   |      0|  0|   5|          12|           5|
    |tmp_1528_5_fu_958_p2             |   icmp   |      0|  0|   5|          12|           5|
    |tmp_1528_6_fu_1038_p2            |   icmp   |      0|  0|   5|          12|           5|
    |tmp_1528_7_fu_1118_p2            |   icmp   |      0|  0|   5|          12|           5|
    |tmp_1528_8_fu_1198_p2            |   icmp   |      0|  0|   5|          12|           5|
    |tmp_1528_9_fu_1278_p2            |   icmp   |      0|  0|   5|          12|           5|
    |tmp_1528_s_fu_1358_p2            |   icmp   |      0|  0|   5|          12|           5|
    |tmp_1529_10_fu_1444_p2           |   icmp   |      0|  0|   5|          12|           4|
    |tmp_1529_11_fu_1524_p2           |   icmp   |      0|  0|   5|          12|           4|
    |tmp_1529_12_fu_1604_p2           |   icmp   |      0|  0|   5|          12|           4|
    |tmp_1529_13_fu_1684_p2           |   icmp   |      0|  0|   5|          12|           4|
    |tmp_1529_14_fu_1764_p2           |   icmp   |      0|  0|   5|          12|           4|
    |tmp_1529_15_fu_1844_p2           |   icmp   |      0|  0|   5|          12|           4|
    |tmp_1529_16_fu_1924_p2           |   icmp   |      0|  0|   5|          12|           4|
    |tmp_1529_1_fu_408_p2             |   icmp   |      0|  0|   5|          12|           4|
    |tmp_1529_2_fu_600_p2             |   icmp   |      0|  0|   5|          12|           4|
    |tmp_1529_3_fu_792_p2             |   icmp   |      0|  0|   5|          12|           4|
    |tmp_1529_4_fu_884_p2             |   icmp   |      0|  0|   5|          12|           4|
    |tmp_1529_5_fu_964_p2             |   icmp   |      0|  0|   5|          12|           4|
    |tmp_1529_6_fu_1044_p2            |   icmp   |      0|  0|   5|          12|           4|
    |tmp_1529_7_fu_1124_p2            |   icmp   |      0|  0|   5|          12|           4|
    |tmp_1529_8_fu_1204_p2            |   icmp   |      0|  0|   5|          12|           4|
    |tmp_1529_9_fu_1284_p2            |   icmp   |      0|  0|   5|          12|           4|
    |tmp_1529_s_fu_1364_p2            |   icmp   |      0|  0|   5|          12|           4|
    |tmp_1530_10_fu_1450_p2           |   icmp   |      0|  0|   5|          12|           3|
    |tmp_1530_11_fu_1530_p2           |   icmp   |      0|  0|   5|          12|           3|
    |tmp_1530_12_fu_1610_p2           |   icmp   |      0|  0|   5|          12|           3|
    |tmp_1530_13_fu_1690_p2           |   icmp   |      0|  0|   5|          12|           3|
    |tmp_1530_14_fu_1770_p2           |   icmp   |      0|  0|   5|          12|           3|
    |tmp_1530_15_fu_1850_p2           |   icmp   |      0|  0|   5|          12|           3|
    |tmp_1530_16_fu_1930_p2           |   icmp   |      0|  0|   5|          12|           3|
    |tmp_1530_1_fu_414_p2             |   icmp   |      0|  0|   5|          12|           3|
    |tmp_1530_2_fu_606_p2             |   icmp   |      0|  0|   5|          12|           3|
    |tmp_1530_3_fu_798_p2             |   icmp   |      0|  0|   5|          12|           3|
    |tmp_1530_4_fu_890_p2             |   icmp   |      0|  0|   5|          12|           3|
    |tmp_1530_5_fu_970_p2             |   icmp   |      0|  0|   5|          12|           3|
    |tmp_1530_6_fu_1050_p2            |   icmp   |      0|  0|   5|          12|           3|
    |tmp_1530_7_fu_1130_p2            |   icmp   |      0|  0|   5|          12|           3|
    |tmp_1530_8_fu_1210_p2            |   icmp   |      0|  0|   5|          12|           3|
    |tmp_1530_9_fu_1290_p2            |   icmp   |      0|  0|   5|          12|           3|
    |tmp_1530_s_fu_1370_p2            |   icmp   |      0|  0|   5|          12|           3|
    |tmp_1531_10_fu_1456_p2           |   icmp   |      0|  0|   5|          12|           2|
    |tmp_1531_11_fu_1536_p2           |   icmp   |      0|  0|   5|          12|           2|
    |tmp_1531_12_fu_1616_p2           |   icmp   |      0|  0|   5|          12|           2|
    |tmp_1531_13_fu_1696_p2           |   icmp   |      0|  0|   5|          12|           2|
    |tmp_1531_14_fu_1776_p2           |   icmp   |      0|  0|   5|          12|           2|
    |tmp_1531_15_fu_1856_p2           |   icmp   |      0|  0|   5|          12|           2|
    |tmp_1531_16_fu_1936_p2           |   icmp   |      0|  0|   5|          12|           2|
    |tmp_1531_1_fu_420_p2             |   icmp   |      0|  0|   5|          12|           2|
    |tmp_1531_2_fu_612_p2             |   icmp   |      0|  0|   5|          12|           2|
    |tmp_1531_3_fu_804_p2             |   icmp   |      0|  0|   5|          12|           2|
    |tmp_1531_4_fu_896_p2             |   icmp   |      0|  0|   5|          12|           2|
    |tmp_1531_5_fu_976_p2             |   icmp   |      0|  0|   5|          12|           2|
    |tmp_1531_6_fu_1056_p2            |   icmp   |      0|  0|   5|          12|           2|
    |tmp_1531_7_fu_1136_p2            |   icmp   |      0|  0|   5|          12|           2|
    |tmp_1531_8_fu_1216_p2            |   icmp   |      0|  0|   5|          12|           2|
    |tmp_1531_9_fu_1296_p2            |   icmp   |      0|  0|   5|          12|           2|
    |tmp_1531_s_fu_1376_p2            |   icmp   |      0|  0|   5|          12|           2|
    |tmp_637_fu_198_p2                |   icmp   |      0|  0|   5|          12|           7|
    |tmp_638_fu_204_p2                |   icmp   |      0|  0|   5|          12|           6|
    |tmp_639_fu_210_p2                |   icmp   |      0|  0|   5|          12|           5|
    |tmp_640_fu_216_p2                |   icmp   |      0|  0|   5|          12|           4|
    |tmp_641_fu_222_p2                |   icmp   |      0|  0|   5|          12|           3|
    |tmp_642_fu_228_p2                |   icmp   |      0|  0|   5|          12|           2|
    |tmp_694_fu_332_p2                |    or    |      0|  0|   1|           1|           1|
    |tmp_695_fu_478_p2                |    or    |      0|  0|   1|           1|           1|
    |tmp_696_fu_524_p2                |    or    |      0|  0|   1|           1|           1|
    |tmp_697_fu_670_p2                |    or    |      0|  0|   1|           1|           1|
    |tmp_698_fu_716_p2                |    or    |      0|  0|   1|           1|           1|
    |tmp_699_fu_1987_p2               |    or    |      0|  0|   1|           1|           1|
    |tmp_700_fu_2028_p2               |    or    |      0|  0|   1|           1|           1|
    |tmp_701_fu_2088_p2               |    or    |      0|  0|   1|           1|           1|
    |tmp_702_fu_2130_p2               |    or    |      0|  0|   1|           1|           1|
    |tmp_703_fu_2190_p2               |    or    |      0|  0|   1|           1|           1|
    |tmp_704_fu_2232_p2               |    or    |      0|  0|   1|           1|           1|
    |tmp_705_fu_2292_p2               |    or    |      0|  0|   1|           1|           1|
    |tmp_706_fu_2334_p2               |    or    |      0|  0|   1|           1|           1|
    |tmp_707_fu_2394_p2               |    or    |      0|  0|   1|           1|           1|
    |tmp_708_fu_2436_p2               |    or    |      0|  0|   1|           1|           1|
    |tmp_709_fu_2496_p2               |    or    |      0|  0|   1|           1|           1|
    |tmp_710_fu_2538_p2               |    or    |      0|  0|   1|           1|           1|
    |tmp_711_fu_2598_p2               |    or    |      0|  0|   1|           1|           1|
    |tmp_712_fu_2640_p2               |    or    |      0|  0|   1|           1|           1|
    |tmp_713_fu_2700_p2               |    or    |      0|  0|   1|           1|           1|
    |tmp_714_fu_2742_p2               |    or    |      0|  0|   1|           1|           1|
    |tmp_715_fu_2802_p2               |    or    |      0|  0|   1|           1|           1|
    |tmp_716_fu_2844_p2               |    or    |      0|  0|   1|           1|           1|
    |tmp_717_fu_2904_p2               |    or    |      0|  0|   1|           1|           1|
    |tmp_718_fu_2946_p2               |    or    |      0|  0|   1|           1|           1|
    |tmp_719_fu_3006_p2               |    or    |      0|  0|   1|           1|           1|
    |tmp_720_fu_3048_p2               |    or    |      0|  0|   1|           1|           1|
    |tmp_721_fu_3108_p2               |    or    |      0|  0|   1|           1|           1|
    |tmp_722_fu_3150_p2               |    or    |      0|  0|   1|           1|           1|
    |tmp_723_fu_3210_p2               |    or    |      0|  0|   1|           1|           1|
    |tmp_724_fu_3252_p2               |    or    |      0|  0|   1|           1|           1|
    |tmp_725_fu_3312_p2               |    or    |      0|  0|   1|           1|           1|
    |tmp_726_fu_3354_p2               |    or    |      0|  0|   1|           1|           1|
    |tmp_727_fu_3414_p2               |    or    |      0|  0|   1|           1|           1|
    |tmp_728_fu_3456_p2               |    or    |      0|  0|   1|           1|           1|
    |tmp_s_fu_286_p2                  |    or    |      0|  0|   1|           1|           1|
    |lhs_V_68_fu_530_p3               |  select  |      0|  0|   7|           1|           7|
    |lhs_V_fu_338_p3                  |  select  |      0|  0|   7|           1|           7|
    |p_10_fu_1338_p3                  |  select  |      0|  0|  12|           1|          12|
    |p_11_fu_1418_p3                  |  select  |      0|  0|  12|           1|          12|
    |p_12_fu_1498_p3                  |  select  |      0|  0|  12|           1|          12|
    |p_13_fu_1578_p3                  |  select  |      0|  0|  12|           1|          12|
    |p_14_fu_1658_p3                  |  select  |      0|  0|  12|           1|          12|
    |p_15_fu_1738_p3                  |  select  |      0|  0|  12|           1|          12|
    |p_16_fu_1818_p3                  |  select  |      0|  0|  12|           1|          12|
    |p_1_fu_382_p3                    |  select  |      0|  0|  12|           1|          12|
    |p_2_fu_574_p3                    |  select  |      0|  0|  12|           1|          12|
    |p_3_fu_766_p3                    |  select  |      0|  0|  12|           1|          12|
    |p_4_fu_858_p3                    |  select  |      0|  0|  12|           1|          12|
    |p_5_fu_938_p3                    |  select  |      0|  0|  12|           1|          12|
    |p_6_fu_1018_p3                   |  select  |      0|  0|  12|           1|          12|
    |p_7_fu_1098_p3                   |  select  |      0|  0|  12|           1|          12|
    |p_8_fu_1178_p3                   |  select  |      0|  0|  12|           1|          12|
    |p_9_fu_1258_p3                   |  select  |      0|  0|  12|           1|          12|
    |p_s_63_fu_1898_p3                |  select  |      0|  0|  12|           1|          12|
    |p_s_fu_190_p3                    |  select  |      0|  0|  12|           1|          12|
    |rhs_V_43_fu_2136_p3              |  select  |      0|  0|   7|           1|           7|
    |rhs_V_44_fu_2238_p3              |  select  |      0|  0|   7|           1|           7|
    |rhs_V_45_fu_2340_p3              |  select  |      0|  0|   7|           1|           7|
    |rhs_V_46_fu_2442_p3              |  select  |      0|  0|   7|           1|           7|
    |rhs_V_47_fu_2544_p3              |  select  |      0|  0|   7|           1|           7|
    |rhs_V_48_fu_2646_p3              |  select  |      0|  0|   7|           1|           7|
    |rhs_V_49_fu_2748_p3              |  select  |      0|  0|   7|           1|           7|
    |rhs_V_50_fu_2850_p3              |  select  |      0|  0|   7|           1|           7|
    |rhs_V_51_fu_2952_p3              |  select  |      0|  0|   7|           1|           7|
    |rhs_V_52_fu_3054_p3              |  select  |      0|  0|   7|           1|           7|
    |rhs_V_53_fu_3156_p3              |  select  |      0|  0|   7|           1|           7|
    |rhs_V_54_fu_3258_p3              |  select  |      0|  0|   7|           1|           7|
    |rhs_V_55_fu_3360_p3              |  select  |      0|  0|   7|           1|           7|
    |rhs_V_56_fu_3462_p3              |  select  |      0|  0|   7|           1|           7|
    |rhs_V_57_fu_2034_p3              |  select  |      0|  0|   7|           1|           7|
    |rhs_V_fu_722_p3                  |  select  |      0|  0|   7|           1|           7|
    |sel_tmp100_fu_2049_p3            |  select  |      0|  0|   3|           1|           3|
    |sel_tmp103_cast_fu_2080_p3       |  select  |      0|  0|   6|           1|           5|
    |sel_tmp108_fu_2094_p3            |  select  |      0|  0|   7|           1|           7|
    |sel_tmp115_cast_fu_2122_p3       |  select  |      0|  0|   4|           1|           3|
    |sel_tmp125_fu_2151_p3            |  select  |      0|  0|   3|           1|           3|
    |sel_tmp128_cast_fu_2182_p3       |  select  |      0|  0|   6|           1|           5|
    |sel_tmp133_fu_2196_p3            |  select  |      0|  0|   7|           1|           7|
    |sel_tmp140_cast_fu_2224_p3       |  select  |      0|  0|   4|           1|           3|
    |sel_tmp150_fu_2253_p3            |  select  |      0|  0|   3|           1|           3|
    |sel_tmp153_cast_fu_2284_p3       |  select  |      0|  0|   6|           1|           5|
    |sel_tmp158_fu_2298_p3            |  select  |      0|  0|   7|           1|           7|
    |sel_tmp15_cast_fu_324_p3         |  select  |      0|  0|   4|           1|           3|
    |sel_tmp165_cast_fu_2326_p3       |  select  |      0|  0|   4|           1|           3|
    |sel_tmp175_fu_2355_p3            |  select  |      0|  0|   3|           1|           3|
    |sel_tmp178_cast_fu_2386_p3       |  select  |      0|  0|   6|           1|           5|
    |sel_tmp183_fu_2400_p3            |  select  |      0|  0|   7|           1|           7|
    |sel_tmp190_cast_fu_2428_p3       |  select  |      0|  0|   4|           1|           3|
    |sel_tmp200_fu_2457_p3            |  select  |      0|  0|   3|           1|           3|
    |sel_tmp203_cast_fu_2488_p3       |  select  |      0|  0|   6|           1|           5|
    |sel_tmp208_fu_2502_p3            |  select  |      0|  0|   7|           1|           7|
    |sel_tmp215_cast_fu_2530_p3       |  select  |      0|  0|   4|           1|           3|
    |sel_tmp225_fu_2559_p3            |  select  |      0|  0|   3|           1|           3|
    |sel_tmp228_cast_fu_2590_p3       |  select  |      0|  0|   6|           1|           5|
    |sel_tmp233_fu_2604_p3            |  select  |      0|  0|   7|           1|           7|
    |sel_tmp240_cast_fu_2632_p3       |  select  |      0|  0|   4|           1|           3|
    |sel_tmp250_fu_2661_p3            |  select  |      0|  0|   3|           1|           3|
    |sel_tmp253_cast_fu_2692_p3       |  select  |      0|  0|   6|           1|           5|
    |sel_tmp258_fu_2706_p3            |  select  |      0|  0|   7|           1|           7|
    |sel_tmp25_fu_434_p3              |  select  |      0|  0|   3|           1|           3|
    |sel_tmp265_cast_fu_2734_p3       |  select  |      0|  0|   4|           1|           3|
    |sel_tmp275_fu_2763_p3            |  select  |      0|  0|   3|           1|           3|
    |sel_tmp278_cast_fu_2794_p3       |  select  |      0|  0|   6|           1|           5|
    |sel_tmp283_fu_2808_p3            |  select  |      0|  0|   7|           1|           7|
    |sel_tmp28_cast_fu_470_p3         |  select  |      0|  0|   6|           1|           5|
    |sel_tmp290_cast_fu_2836_p3       |  select  |      0|  0|   4|           1|           3|
    |sel_tmp300_fu_2865_p3            |  select  |      0|  0|   3|           1|           3|
    |sel_tmp303_cast_fu_2896_p3       |  select  |      0|  0|   6|           1|           5|
    |sel_tmp308_fu_2910_p3            |  select  |      0|  0|   7|           1|           7|
    |sel_tmp315_cast_fu_2938_p3       |  select  |      0|  0|   4|           1|           3|
    |sel_tmp325_fu_2967_p3            |  select  |      0|  0|   3|           1|           3|
    |sel_tmp328_cast_fu_2998_p3       |  select  |      0|  0|   6|           1|           5|
    |sel_tmp333_fu_3012_p3            |  select  |      0|  0|   7|           1|           7|
    |sel_tmp33_fu_484_p3              |  select  |      0|  0|   7|           1|           7|
    |sel_tmp340_cast_fu_3040_p3       |  select  |      0|  0|   4|           1|           3|
    |sel_tmp350_fu_3069_p3            |  select  |      0|  0|   3|           1|           3|
    |sel_tmp353_cast_fu_3100_p3       |  select  |      0|  0|   6|           1|           5|
    |sel_tmp355_fu_3114_p3            |  select  |      0|  0|   7|           1|           7|
    |sel_tmp360_fu_3171_p3            |  select  |      0|  0|   3|           1|           3|
    |sel_tmp365_cast_fu_3142_p3       |  select  |      0|  0|   4|           1|           3|
    |sel_tmp365_fu_3216_p3            |  select  |      0|  0|   7|           1|           7|
    |sel_tmp370_fu_3273_p3            |  select  |      0|  0|   3|           1|           3|
    |sel_tmp375_fu_3318_p3            |  select  |      0|  0|   7|           1|           7|
    |sel_tmp378_cast_fu_3202_p3       |  select  |      0|  0|   6|           1|           5|
    |sel_tmp380_fu_3375_p3            |  select  |      0|  0|   3|           1|           3|
    |sel_tmp385_fu_3420_p3            |  select  |      0|  0|   7|           1|           7|
    |sel_tmp389_cast_fu_3244_p3       |  select  |      0|  0|   4|           1|           3|
    |sel_tmp395_cast_fu_3304_p3       |  select  |      0|  0|   6|           1|           5|
    |sel_tmp3_cast_fu_278_p3          |  select  |      0|  0|   6|           1|           5|
    |sel_tmp401_cast_fu_3346_p3       |  select  |      0|  0|   4|           1|           3|
    |sel_tmp407_cast_fu_3406_p3       |  select  |      0|  0|   6|           1|           5|
    |sel_tmp40_cast_fu_516_p3         |  select  |      0|  0|   4|           1|           3|
    |sel_tmp413_cast_fu_3448_p3       |  select  |      0|  0|   4|           1|           3|
    |sel_tmp50_fu_626_p3              |  select  |      0|  0|   3|           1|           3|
    |sel_tmp53_cast_fu_662_p3         |  select  |      0|  0|   6|           1|           5|
    |sel_tmp58_fu_676_p3              |  select  |      0|  0|   7|           1|           7|
    |sel_tmp65_cast_fu_708_p3         |  select  |      0|  0|   4|           1|           3|
    |sel_tmp75_fu_1959_p3             |  select  |      0|  0|   3|           1|           3|
    |sel_tmp78_cast_fu_1980_p3        |  select  |      0|  0|   6|           1|           5|
    |sel_tmp83_fu_1992_p3             |  select  |      0|  0|   7|           1|           7|
    |sel_tmp8_fu_292_p3               |  select  |      0|  0|   7|           1|           7|
    |sel_tmp90_cast_fu_2020_p3        |  select  |      0|  0|   4|           1|           3|
    |sel_tmp_fu_242_p3                |  select  |      0|  0|   3|           1|           3|
    |storemerge_10_cast_c_fu_2654_p3  |  select  |      0|  0|   2|           1|           2|
    |storemerge_11_cast_c_fu_2756_p3  |  select  |      0|  0|   2|           1|           2|
    |storemerge_12_cast_c_fu_2858_p3  |  select  |      0|  0|   2|           1|           2|
    |storemerge_13_cast_c_fu_2960_p3  |  select  |      0|  0|   2|           1|           2|
    |storemerge_14_cast_c_fu_3062_p3  |  select  |      0|  0|   2|           1|           2|
    |storemerge_15_cast_c_fu_3164_p3  |  select  |      0|  0|   2|           1|           2|
    |storemerge_16_cast_c_fu_3266_p3  |  select  |      0|  0|   2|           1|           2|
    |storemerge_1_cast_ca_fu_426_p3   |  select  |      0|  0|   2|           1|           2|
    |storemerge_2_cast_ca_fu_618_p3   |  select  |      0|  0|   2|           1|           2|
    |storemerge_3_cast_ca_fu_1952_p3  |  select  |      0|  0|   2|           1|           2|
    |storemerge_4_cast_ca_fu_2042_p3  |  select  |      0|  0|   2|           1|           2|
    |storemerge_5_cast_ca_fu_2144_p3  |  select  |      0|  0|   2|           1|           2|
    |storemerge_6_cast_ca_fu_2246_p3  |  select  |      0|  0|   2|           1|           2|
    |storemerge_7_cast_ca_fu_2348_p3  |  select  |      0|  0|   2|           1|           2|
    |storemerge_8_cast_ca_fu_2450_p3  |  select  |      0|  0|   2|           1|           2|
    |storemerge_9_cast_ca_fu_2552_p3  |  select  |      0|  0|   2|           1|           2|
    |storemerge_cast_cas_fu_3368_p3   |  select  |      0|  0|   2|           1|           2|
    |storemerge_cast_cast_fu_234_p3   |  select  |      0|  0|   2|           1|           2|
    |tmp_676_fu_3914_p3               |  select  |      0|  0|   8|           1|           8|
    |tmp_677_fu_4036_p3               |  select  |      0|  0|   8|           1|           8|
    |tmp_678_fu_4122_p3               |  select  |      0|  0|   8|           1|           8|
    |tmp_679_fu_4197_p3               |  select  |      0|  0|   8|           1|           8|
    |tmp_680_fu_4285_p3               |  select  |      0|  0|   8|           1|           8|
    |tmp_681_fu_4367_p3               |  select  |      0|  0|   8|           1|           8|
    |tmp_682_fu_4455_p3               |  select  |      0|  0|   8|           1|           8|
    |tmp_683_fu_4519_p3               |  select  |      0|  0|   8|           1|           8|
    |tmp_684_fu_4791_p3               |  select  |      0|  0|   8|           1|           8|
    |tmp_685_fu_4818_p3               |  select  |      0|  0|   8|           1|           8|
    |tmp_686_fu_4845_p3               |  select  |      0|  0|   8|           1|           8|
    |tmp_687_fu_4897_p3               |  select  |      0|  0|   8|           1|           8|
    |tmp_688_fu_4954_p3               |  select  |      0|  0|   8|           1|           8|
    |tmp_689_fu_5002_p3               |  select  |      0|  0|   8|           1|           8|
    |tmp_690_fu_5045_p3               |  select  |      0|  0|   8|           1|           8|
    |tmp_691_fu_5088_p3               |  select  |      0|  0|   8|           1|           8|
    |tmp_692_fu_5126_p3               |  select  |      0|  0|   8|           1|           8|
    |tmp_693_fu_5159_p3               |  select  |      0|  0|   8|           1|           8|
    |rev7_fu_1942_p2                  |    xor   |      0|  0|   2|           1|           2|
    |rev_fu_1947_p2                   |    xor   |      0|  0|   2|           1|           2|
    |sel_tmp101_fu_2060_p2            |    xor   |      0|  0|   2|           1|           2|
    |sel_tmp106_fu_2070_p2            |    xor   |      0|  0|   2|           1|           2|
    |sel_tmp113_fu_2102_p2            |    xor   |      0|  0|   2|           1|           2|
    |sel_tmp122_fu_2112_p2            |    xor   |      0|  0|   2|           1|           2|
    |sel_tmp126_fu_2162_p2            |    xor   |      0|  0|   2|           1|           2|
    |sel_tmp131_fu_2172_p2            |    xor   |      0|  0|   2|           1|           2|
    |sel_tmp138_fu_2204_p2            |    xor   |      0|  0|   2|           1|           2|
    |sel_tmp13_fu_300_p2              |    xor   |      0|  0|   2|           1|           2|
    |sel_tmp147_fu_2214_p2            |    xor   |      0|  0|   2|           1|           2|
    |sel_tmp151_fu_2264_p2            |    xor   |      0|  0|   2|           1|           2|
    |sel_tmp156_fu_2274_p2            |    xor   |      0|  0|   2|           1|           2|
    |sel_tmp163_fu_2306_p2            |    xor   |      0|  0|   2|           1|           2|
    |sel_tmp172_fu_2316_p2            |    xor   |      0|  0|   2|           1|           2|
    |sel_tmp176_fu_2366_p2            |    xor   |      0|  0|   2|           1|           2|
    |sel_tmp181_fu_2376_p2            |    xor   |      0|  0|   2|           1|           2|
    |sel_tmp188_fu_2408_p2            |    xor   |      0|  0|   2|           1|           2|
    |sel_tmp197_fu_2418_p2            |    xor   |      0|  0|   2|           1|           2|
    |sel_tmp1_fu_254_p2               |    xor   |      0|  0|   2|           1|           2|
    |sel_tmp201_fu_2468_p2            |    xor   |      0|  0|   2|           1|           2|
    |sel_tmp206_fu_2478_p2            |    xor   |      0|  0|   2|           1|           2|
    |sel_tmp213_fu_2510_p2            |    xor   |      0|  0|   2|           1|           2|
    |sel_tmp222_fu_2520_p2            |    xor   |      0|  0|   2|           1|           2|
    |sel_tmp226_fu_2570_p2            |    xor   |      0|  0|   2|           1|           2|
    |sel_tmp22_fu_312_p2              |    xor   |      0|  0|   2|           1|           2|
    |sel_tmp231_fu_2580_p2            |    xor   |      0|  0|   2|           1|           2|
    |sel_tmp238_fu_2612_p2            |    xor   |      0|  0|   2|           1|           2|
    |sel_tmp247_fu_2622_p2            |    xor   |      0|  0|   2|           1|           2|
    |sel_tmp251_fu_2672_p2            |    xor   |      0|  0|   2|           1|           2|
    |sel_tmp256_fu_2682_p2            |    xor   |      0|  0|   2|           1|           2|
    |sel_tmp263_fu_2714_p2            |    xor   |      0|  0|   2|           1|           2|
    |sel_tmp26_fu_446_p2              |    xor   |      0|  0|   2|           1|           2|
    |sel_tmp272_fu_2724_p2            |    xor   |      0|  0|   2|           1|           2|
    |sel_tmp276_fu_2774_p2            |    xor   |      0|  0|   2|           1|           2|
    |sel_tmp281_fu_2784_p2            |    xor   |      0|  0|   2|           1|           2|
    |sel_tmp288_fu_2816_p2            |    xor   |      0|  0|   2|           1|           2|
    |sel_tmp297_fu_2826_p2            |    xor   |      0|  0|   2|           1|           2|
    |sel_tmp301_fu_2876_p2            |    xor   |      0|  0|   2|           1|           2|
    |sel_tmp306_fu_2886_p2            |    xor   |      0|  0|   2|           1|           2|
    |sel_tmp313_fu_2918_p2            |    xor   |      0|  0|   2|           1|           2|
    |sel_tmp31_fu_458_p2              |    xor   |      0|  0|   2|           1|           2|
    |sel_tmp322_fu_2928_p2            |    xor   |      0|  0|   2|           1|           2|
    |sel_tmp326_fu_2978_p2            |    xor   |      0|  0|   2|           1|           2|
    |sel_tmp331_fu_2988_p2            |    xor   |      0|  0|   2|           1|           2|
    |sel_tmp338_fu_3020_p2            |    xor   |      0|  0|   2|           1|           2|
    |sel_tmp347_fu_3030_p2            |    xor   |      0|  0|   2|           1|           2|
    |sel_tmp351_fu_3080_p2            |    xor   |      0|  0|   2|           1|           2|
    |sel_tmp353_fu_3090_p2            |    xor   |      0|  0|   2|           1|           2|
    |sel_tmp356_fu_3122_p2            |    xor   |      0|  0|   2|           1|           2|
    |sel_tmp358_fu_3132_p2            |    xor   |      0|  0|   2|           1|           2|
    |sel_tmp361_fu_3182_p2            |    xor   |      0|  0|   2|           1|           2|
    |sel_tmp363_fu_3192_p2            |    xor   |      0|  0|   2|           1|           2|
    |sel_tmp366_fu_3224_p2            |    xor   |      0|  0|   2|           1|           2|
    |sel_tmp368_fu_3234_p2            |    xor   |      0|  0|   2|           1|           2|
    |sel_tmp371_fu_3284_p2            |    xor   |      0|  0|   2|           1|           2|
    |sel_tmp373_fu_3294_p2            |    xor   |      0|  0|   2|           1|           2|
    |sel_tmp376_fu_3326_p2            |    xor   |      0|  0|   2|           1|           2|
    |sel_tmp378_fu_3336_p2            |    xor   |      0|  0|   2|           1|           2|
    |sel_tmp381_fu_3386_p2            |    xor   |      0|  0|   2|           1|           2|
    |sel_tmp383_fu_3396_p2            |    xor   |      0|  0|   2|           1|           2|
    |sel_tmp386_fu_3428_p2            |    xor   |      0|  0|   2|           1|           2|
    |sel_tmp388_fu_3438_p2            |    xor   |      0|  0|   2|           1|           2|
    |sel_tmp38_fu_492_p2              |    xor   |      0|  0|   2|           1|           2|
    |sel_tmp47_fu_504_p2              |    xor   |      0|  0|   2|           1|           2|
    |sel_tmp51_fu_638_p2              |    xor   |      0|  0|   2|           1|           2|
    |sel_tmp56_fu_650_p2              |    xor   |      0|  0|   2|           1|           2|
    |sel_tmp63_fu_684_p2              |    xor   |      0|  0|   2|           1|           2|
    |sel_tmp6_fu_266_p2               |    xor   |      0|  0|   2|           1|           2|
    |sel_tmp72_fu_696_p2              |    xor   |      0|  0|   2|           1|           2|
    |sel_tmp76_fu_1970_p2             |    xor   |      0|  0|   2|           1|           2|
    |sel_tmp81_fu_810_p2              |    xor   |      0|  0|   2|           1|           2|
    |sel_tmp88_fu_2000_p2             |    xor   |      0|  0|   2|           1|           2|
    |sel_tmp97_fu_2010_p2             |    xor   |      0|  0|   2|           1|           2|
    |tmp450_fu_3478_p2                |    xor   |      0|  0|   1|           1|           1|
    |tmp451_fu_3470_p2                |    xor   |      0|  0|   1|           1|           1|
    |tmp452_fu_3474_p2                |    xor   |      0|  0|   1|           1|           1|
    |tmp453_fu_3492_p2                |    xor   |      0|  0|   1|           1|           1|
    |tmp454_fu_3484_p2                |    xor   |      0|  0|   1|           1|           1|
    |tmp455_fu_3488_p2                |    xor   |      0|  0|   1|           1|           1|
    |tmp456_fu_3537_p2                |    xor   |      0|  0|   1|           1|           1|
    |tmp457_fu_3512_p2                |    xor   |      0|  0|   1|           1|           1|
    |tmp458_fu_3504_p2                |    xor   |      0|  0|   1|           1|           1|
    |tmp459_fu_3508_p2                |    xor   |      0|  0|   1|           1|           1|
    |tmp460_fu_3531_p2                |    xor   |      0|  0|   1|           1|           1|
    |tmp461_fu_3518_p2                |    xor   |      0|  0|   1|           1|           1|
    |tmp462_fu_3526_p2                |    xor   |      0|  0|   1|           1|           1|
    |tmp463_fu_3522_p2                |    xor   |      0|  0|   1|           1|           1|
    |tmp464_fu_3559_p2                |    xor   |      0|  0|   1|           1|           1|
    |tmp465_fu_3553_p2                |    xor   |      0|  0|   1|           1|           1|
    |tmp466_fu_3549_p2                |    xor   |      0|  0|   1|           1|           1|
    |tmp479_fu_3604_p2                |    xor   |      0|  0|   1|           1|           1|
    |tmp480_fu_3584_p2                |    xor   |      0|  0|   1|           1|           1|
    |tmp481_fu_3575_p2                |    xor   |      0|  0|   1|           1|           1|
    |tmp482_fu_3580_p2                |    xor   |      0|  0|   1|           1|           1|
    |tmp483_fu_3598_p2                |    xor   |      0|  0|   1|           1|           1|
    |tmp484_fu_3590_p2                |    xor   |      0|  0|   1|           1|           1|
    |tmp485_fu_3594_p2                |    xor   |      0|  0|   1|           1|           1|
    |tmp486_fu_3634_p2                |    xor   |      0|  0|   1|           1|           1|
    |tmp487_fu_3618_p2                |    xor   |      0|  0|   1|           1|           1|
    |tmp488_fu_3610_p2                |    xor   |      0|  0|   1|           1|           1|
    |tmp489_fu_3614_p2                |    xor   |      0|  0|   1|           1|           1|
    |tmp490_fu_3628_p2                |    xor   |      0|  0|   1|           1|           1|
    |tmp491_fu_3624_p2                |    xor   |      0|  0|   1|           1|           1|
    |tmp493_fu_3646_p2                |    xor   |      0|  0|   1|           1|           1|
    |tmp494_fu_3663_p2                |    xor   |      0|  0|   1|           1|           1|
    |tmp495_fu_3657_p2                |    xor   |      0|  0|   1|           1|           1|
    |tmp507_fu_3693_p2                |    xor   |      0|  0|   1|           1|           1|
    |tmp508_fu_3681_p2                |    xor   |      0|  0|   1|           1|           1|
    |tmp510_fu_3687_p2                |    xor   |      0|  0|   1|           1|           1|
    |tmp513_fu_3704_p2                |    xor   |      0|  0|   1|           1|           1|
    |tmp514_fu_3699_p2                |    xor   |      0|  0|   1|           1|           1|
    |tmp519_fu_3732_p2                |    xor   |      0|  0|   1|           1|           1|
    |tmp520_fu_3721_p2                |    xor   |      0|  0|   1|           1|           1|
    |tmp522_fu_3727_p2                |    xor   |      0|  0|   1|           1|           1|
    |tmp527_fu_3749_p2                |    xor   |      0|  0|   1|           1|           1|
    |tmp528_fu_3755_p2                |    xor   |      0|  0|   1|           1|           1|
    |tmp529_fu_3760_p2                |    xor   |      0|  0|   1|           1|           1|
    |tmp530_fu_3766_p2                |    xor   |      0|  0|   1|           1|           1|
    |tmp531_fu_3771_p2                |    xor   |      0|  0|   1|           1|           1|
    |tmp532_fu_3788_p2                |    xor   |      0|  0|   1|           1|           1|
    |tmp533_fu_3793_p2                |    xor   |      0|  0|   1|           1|           1|
    |tmp534_fu_4639_p2                |    xor   |      0|  0|   1|           1|           1|
    |tmp535_fu_4643_p2                |    xor   |      0|  0|   1|           1|           1|
    |tmp536_fu_4647_p2                |    xor   |      0|  0|   1|           1|           1|
    |tmp537_fu_4662_p2                |    xor   |      0|  0|   1|           1|           1|
    |tmp538_fu_4667_p2                |    xor   |      0|  0|   1|           1|           1|
    |tmp539_fu_4682_p2                |    xor   |      0|  0|   1|           1|           1|
    |tmp540_fu_4687_p2                |    xor   |      0|  0|   1|           1|           1|
    |tmp541_fu_4702_p2                |    xor   |      0|  0|   1|           1|           1|
    |tmp542_fu_4717_p2                |    xor   |      0|  0|   1|           1|           1|
    |tmp543_fu_4732_p2                |    xor   |      0|  0|   1|           1|           1|
    |tmp544_fu_4747_p2                |    xor   |      0|  0|   1|           1|           1|
    |tmp_643_fu_3543_p2               |    xor   |      0|  0|   1|           1|           1|
    |tmp_644_fu_3565_p2               |    xor   |      0|  0|   1|           1|           1|
    |tmp_645_fu_3571_p2               |    xor   |      0|  0|   1|           1|           1|
    |tmp_646_fu_3640_p2               |    xor   |      0|  0|   1|           1|           1|
    |tmp_647_fu_3652_p2               |    xor   |      0|  0|   1|           1|           1|
    |tmp_648_fu_3669_p2               |    xor   |      0|  0|   1|           1|           1|
    |tmp_649_fu_3675_p2               |    xor   |      0|  0|   1|           1|           1|
    |tmp_650_fu_3710_p2               |    xor   |      0|  0|   1|           1|           1|
    |tmp_651_fu_3716_p2               |    xor   |      0|  0|   1|           1|           1|
    |tmp_652_fu_3738_p2               |    xor   |      0|  0|   1|           1|           1|
    |tmp_653_fu_3744_p2               |    xor   |      0|  0|   1|           1|           1|
    |tmp_654_fu_3777_p2               |    xor   |      0|  0|   1|           1|           1|
    |tmp_655_fu_3783_p2               |    xor   |      0|  0|   1|           1|           1|
    |tmp_656_fu_3799_p2               |    xor   |      0|  0|   1|           1|           1|
    |tmp_657_fu_3805_p2               |    xor   |      0|  0|   1|           1|           1|
    |tmp_658_fu_4653_p2               |    xor   |      0|  0|   1|           1|           1|
    |tmp_659_fu_4658_p2               |    xor   |      0|  0|   1|           1|           1|
    |tmp_660_fu_4672_p2               |    xor   |      0|  0|   1|           1|           1|
    |tmp_661_fu_4677_p2               |    xor   |      0|  0|   1|           1|           1|
    |tmp_662_fu_4692_p2               |    xor   |      0|  0|   1|           1|           1|
    |tmp_663_fu_4697_p2               |    xor   |      0|  0|   1|           1|           1|
    |tmp_664_fu_4707_p2               |    xor   |      0|  0|   1|           1|           1|
    |tmp_665_fu_4712_p2               |    xor   |      0|  0|   1|           1|           1|
    |tmp_666_fu_4722_p2               |    xor   |      0|  0|   1|           1|           1|
    |tmp_667_fu_4727_p2               |    xor   |      0|  0|   1|           1|           1|
    |tmp_668_fu_4737_p2               |    xor   |      0|  0|   1|           1|           1|
    |tmp_669_fu_4742_p2               |    xor   |      0|  0|   1|           1|           1|
    |tmp_670_fu_4752_p2               |    xor   |      0|  0|   1|           1|           1|
    |tmp_671_fu_4757_p2               |    xor   |      0|  0|   1|           1|           1|
    |tmp_672_fu_4762_p2               |    xor   |      0|  0|   1|           1|           1|
    |tmp_673_fu_4767_p2               |    xor   |      0|  0|   1|           1|           1|
    |tmp_674_fu_4772_p2               |    xor   |      0|  0|   1|           1|           1|
    |tmp_675_fu_4777_p2               |    xor   |      0|  0|   1|           1|           1|
    |tmp_fu_3498_p2                   |    xor   |      0|  0|   1|           1|           1|
    +---------------------------------+----------+-------+---+----+------------+------------+
    |Total                            |          |      0|  0|3607|        2849|        3139|
    +---------------------------------+----------+-------+---+----+------------+------------+

    * Multiplexer: 
    N/A

    * Register: 
    +--------------------------------------------+---+----+-----+-----------+
    |                    Name                    | FF| LUT| Bits| Const Bits|
    +--------------------------------------------+---+----+-----+-----------+
    |ap_CS_fsm                                   |  1|   0|    1|          0|
    |ap_enable_reg_pp0_iter1                     |  1|   0|    1|          0|
    |ap_enable_reg_pp0_iter2                     |  1|   0|    1|          0|
    |ap_pipeline_reg_pp0_iter1_tmp_756_reg_5425  |  1|   0|    1|          0|
    |ap_pipeline_reg_pp0_iter1_tmp_759_reg_5468  |  1|   0|    1|          0|
    |ap_pipeline_reg_pp0_iter1_tmp_762_reg_5511  |  1|   0|    1|          0|
    |ap_pipeline_reg_pp0_iter1_tmp_765_reg_5554  |  1|   0|    1|          0|
    |ap_pipeline_reg_pp0_iter1_tmp_768_reg_5597  |  1|   0|    1|          0|
    |ap_pipeline_reg_pp0_iter1_tmp_771_reg_5639  |  1|   0|    1|          0|
    |ap_pipeline_reg_pp0_iter1_tmp_774_reg_5680  |  1|   0|    1|          0|
    |ap_pipeline_reg_pp0_iter1_tmp_777_reg_5722  |  1|   0|    1|          0|
    |ap_pipeline_reg_pp0_iter1_tmp_780_reg_5764  |  1|   0|    1|          0|
    |ap_pipeline_reg_pp0_iter1_tmp_783_reg_5804  |  1|   0|    1|          0|
    |lhs_V_68_reg_5195                           |  6|   0|    7|          1|
    |lhs_V_reg_5183                              |  6|   0|    7|          1|
    |r_V_158_reg_5951                            |  6|   0|    7|          1|
    |r_V_160_reg_5956                            |  6|   0|    7|          1|
    |r_V_162_reg_5961                            |  6|   0|    7|          1|
    |r_V_185_reg_5966                            |  6|   0|    7|          1|
    |rhs_V_50_reg_5844                           |  6|   0|    7|          1|
    |rhs_V_51_reg_5849                           |  6|   0|    7|          1|
    |rhs_V_52_reg_5855                           |  6|   0|    7|          1|
    |rhs_V_53_reg_5862                           |  6|   0|    7|          1|
    |rhs_V_54_reg_5869                           |  6|   0|    7|          1|
    |rhs_V_55_reg_5875                           |  6|   0|    7|          1|
    |rhs_V_56_reg_5883                           |  6|   0|    7|          1|
    |rhs_V_reg_5209                              |  6|   0|    7|          1|
    |sel_tmp82_reg_5255                          |  1|   0|    1|          0|
    |tmp459_reg_5893                             |  1|   0|    1|          0|
    |tmp460_reg_5916                             |  1|   0|    1|          0|
    |tmp461_reg_5899                             |  1|   0|    1|          0|
    |tmp462_reg_5910                             |  1|   0|    1|          0|
    |tmp463_reg_5904                             |  1|   0|    1|          0|
    |tmp489_reg_5922                             |  1|   0|    1|          0|
    |tmp490_reg_5928                             |  1|   0|    1|          0|
    |tmp570_reg_5940                             |  6|   0|    7|          1|
    |tmp579_reg_5945                             |  6|   0|    7|          1|
    |tmp_1526_10_reg_5563                        |  1|   0|    1|          0|
    |tmp_1526_11_reg_5605                        |  1|   0|    1|          0|
    |tmp_1526_12_reg_5646                        |  1|   0|    1|          0|
    |tmp_1526_13_reg_5688                        |  1|   0|    1|          0|
    |tmp_1526_14_reg_5730                        |  1|   0|    1|          0|
    |tmp_1526_15_reg_5770                        |  1|   0|    1|          0|
    |tmp_1526_16_reg_5810                        |  1|   0|    1|          0|
    |tmp_1526_3_reg_5223                         |  1|   0|    1|          0|
    |tmp_1526_4_reg_5268                         |  1|   0|    1|          0|
    |tmp_1526_5_reg_5309                         |  1|   0|    1|          0|
    |tmp_1526_6_reg_5350                         |  1|   0|    1|          0|
    |tmp_1526_7_reg_5391                         |  1|   0|    1|          0|
    |tmp_1526_8_reg_5434                         |  1|   0|    1|          0|
    |tmp_1526_9_reg_5477                         |  1|   0|    1|          0|
    |tmp_1526_s_reg_5520                         |  1|   0|    1|          0|
    |tmp_1527_10_reg_5569                        |  1|   0|    1|          0|
    |tmp_1527_11_reg_5611                        |  1|   0|    1|          0|
    |tmp_1527_12_reg_5652                        |  1|   0|    1|          0|
    |tmp_1527_13_reg_5694                        |  1|   0|    1|          0|
    |tmp_1527_14_reg_5736                        |  1|   0|    1|          0|
    |tmp_1527_15_reg_5776                        |  1|   0|    1|          0|
    |tmp_1527_16_reg_5816                        |  1|   0|    1|          0|
    |tmp_1527_3_reg_5229                         |  1|   0|    1|          0|
    |tmp_1527_4_reg_5274                         |  1|   0|    1|          0|
    |tmp_1527_5_reg_5315                         |  1|   0|    1|          0|
    |tmp_1527_6_reg_5356                         |  1|   0|    1|          0|
    |tmp_1527_7_reg_5397                         |  1|   0|    1|          0|
    |tmp_1527_8_reg_5440                         |  1|   0|    1|          0|
    |tmp_1527_9_reg_5483                         |  1|   0|    1|          0|
    |tmp_1527_s_reg_5526                         |  1|   0|    1|          0|
    |tmp_1528_10_reg_5575                        |  1|   0|    1|          0|
    |tmp_1528_11_reg_5617                        |  1|   0|    1|          0|
    |tmp_1528_12_reg_5658                        |  1|   0|    1|          0|
    |tmp_1528_13_reg_5700                        |  1|   0|    1|          0|
    |tmp_1528_14_reg_5742                        |  1|   0|    1|          0|
    |tmp_1528_15_reg_5782                        |  1|   0|    1|          0|
    |tmp_1528_16_reg_5822                        |  1|   0|    1|          0|
    |tmp_1528_3_reg_5234                         |  1|   0|    1|          0|
    |tmp_1528_4_reg_5280                         |  1|   0|    1|          0|
    |tmp_1528_5_reg_5321                         |  1|   0|    1|          0|
    |tmp_1528_6_reg_5362                         |  1|   0|    1|          0|
    |tmp_1528_7_reg_5403                         |  1|   0|    1|          0|
    |tmp_1528_8_reg_5446                         |  1|   0|    1|          0|
    |tmp_1528_9_reg_5489                         |  1|   0|    1|          0|
    |tmp_1528_s_reg_5532                         |  1|   0|    1|          0|
    |tmp_1529_10_reg_5581                        |  1|   0|    1|          0|
    |tmp_1529_11_reg_5623                        |  1|   0|    1|          0|
    |tmp_1529_12_reg_5664                        |  1|   0|    1|          0|
    |tmp_1529_13_reg_5706                        |  1|   0|    1|          0|
    |tmp_1529_14_reg_5748                        |  1|   0|    1|          0|
    |tmp_1529_15_reg_5788                        |  1|   0|    1|          0|
    |tmp_1529_16_reg_5828                        |  1|   0|    1|          0|
    |tmp_1529_3_reg_5239                         |  1|   0|    1|          0|
    |tmp_1529_4_reg_5286                         |  1|   0|    1|          0|
    |tmp_1529_5_reg_5327                         |  1|   0|    1|          0|
    |tmp_1529_6_reg_5368                         |  1|   0|    1|          0|
    |tmp_1529_7_reg_5409                         |  1|   0|    1|          0|
    |tmp_1529_8_reg_5452                         |  1|   0|    1|          0|
    |tmp_1529_9_reg_5495                         |  1|   0|    1|          0|
    |tmp_1529_s_reg_5538                         |  1|   0|    1|          0|
    |tmp_1530_10_reg_5587                        |  1|   0|    1|          0|
    |tmp_1530_11_reg_5629                        |  1|   0|    1|          0|
    |tmp_1530_12_reg_5670                        |  1|   0|    1|          0|
    |tmp_1530_13_reg_5712                        |  1|   0|    1|          0|
    |tmp_1530_14_reg_5754                        |  1|   0|    1|          0|
    |tmp_1530_15_reg_5794                        |  1|   0|    1|          0|
    |tmp_1530_16_reg_5834                        |  1|   0|    1|          0|
    |tmp_1530_3_reg_5245                         |  1|   0|    1|          0|
    |tmp_1530_4_reg_5292                         |  1|   0|    1|          0|
    |tmp_1530_5_reg_5333                         |  1|   0|    1|          0|
    |tmp_1530_6_reg_5374                         |  1|   0|    1|          0|
    |tmp_1530_7_reg_5415                         |  1|   0|    1|          0|
    |tmp_1530_8_reg_5458                         |  1|   0|    1|          0|
    |tmp_1530_9_reg_5501                         |  1|   0|    1|          0|
    |tmp_1530_s_reg_5544                         |  1|   0|    1|          0|
    |tmp_1531_10_reg_5592                        |  1|   0|    1|          0|
    |tmp_1531_11_reg_5634                        |  1|   0|    1|          0|
    |tmp_1531_12_reg_5675                        |  1|   0|    1|          0|
    |tmp_1531_13_reg_5717                        |  1|   0|    1|          0|
    |tmp_1531_14_reg_5759                        |  1|   0|    1|          0|
    |tmp_1531_15_reg_5799                        |  1|   0|    1|          0|
    |tmp_1531_16_reg_5839                        |  1|   0|    1|          0|
    |tmp_1531_3_reg_5250                         |  1|   0|    1|          0|
    |tmp_1531_4_reg_5297                         |  1|   0|    1|          0|
    |tmp_1531_5_reg_5338                         |  1|   0|    1|          0|
    |tmp_1531_6_reg_5379                         |  1|   0|    1|          0|
    |tmp_1531_7_reg_5420                         |  1|   0|    1|          0|
    |tmp_1531_8_reg_5463                         |  1|   0|    1|          0|
    |tmp_1531_9_reg_5506                         |  1|   0|    1|          0|
    |tmp_1531_s_reg_5549                         |  1|   0|    1|          0|
    |tmp_657_reg_5934                            |  1|   0|    1|          0|
    |tmp_732_reg_5177                            |  1|   0|    1|          0|
    |tmp_735_reg_5189                            |  1|   0|    1|          0|
    |tmp_738_reg_5201                            |  1|   0|    1|          0|
    |tmp_741_reg_5216                            |  1|   0|    1|          0|
    |tmp_744_reg_5261                            |  1|   0|    1|          0|
    |tmp_747_reg_5302                            |  1|   0|    1|          0|
    |tmp_750_reg_5343                            |  1|   0|    1|          0|
    |tmp_753_reg_5384                            |  1|   0|    1|          0|
    |tmp_756_reg_5425                            |  1|   0|    1|          0|
    |tmp_759_reg_5468                            |  1|   0|    1|          0|
    |tmp_762_reg_5511                            |  1|   0|    1|          0|
    |tmp_765_reg_5554                            |  1|   0|    1|          0|
    |tmp_768_reg_5597                            |  1|   0|    1|          0|
    |tmp_771_reg_5639                            |  1|   0|    1|          0|
    |tmp_774_reg_5680                            |  1|   0|    1|          0|
    |tmp_777_reg_5722                            |  1|   0|    1|          0|
    |tmp_780_reg_5764                            |  1|   0|    1|          0|
    |tmp_783_reg_5804                            |  1|   0|    1|          0|
    +--------------------------------------------+---+----+-----+-----------+
    |Total                                       |226|   0|  242|         16|
    +--------------------------------------------+---+----+-----+-----------+



================================================================
== Interface
================================================================
* Summary: 
+---------------------+-----+-----+------------+--------------+--------------+
|      RTL Ports      | Dir | Bits|  Protocol  | Source Object|    C Type    |
+---------------------+-----+-----+------------+--------------+--------------+
|ap_clk               |  in |    1| ap_ctrl_hs |    mcalcC    | return value |
|ap_rst               |  in |    1| ap_ctrl_hs |    mcalcC    | return value |
|ap_start             |  in |    1| ap_ctrl_hs |    mcalcC    | return value |
|ap_done              | out |    1| ap_ctrl_hs |    mcalcC    | return value |
|ap_idle              | out |    1| ap_ctrl_hs |    mcalcC    | return value |
|ap_ready             | out |    1| ap_ctrl_hs |    mcalcC    | return value |
|ap_ce                |  in |    1| ap_ctrl_hs |    mcalcC    | return value |
|Lam_taby_0           |  in |   16|   ap_none  |  Lam_taby_0  |    pointer   |
|Peta_taby_0          |  in |   16|   ap_none  |  Peta_taby_0 |    pointer   |
|Lam_taby_1           |  in |   16|   ap_none  |  Lam_taby_1  |    pointer   |
|Peta_taby_1          |  in |   16|   ap_none  |  Peta_taby_1 |    pointer   |
|Lam_taby_2           |  in |   16|   ap_none  |  Lam_taby_2  |    pointer   |
|Peta_taby_2          |  in |   16|   ap_none  |  Peta_taby_2 |    pointer   |
|Lam_taby_3           |  in |   16|   ap_none  |  Lam_taby_3  |    pointer   |
|Peta_taby_3          |  in |   16|   ap_none  |  Peta_taby_3 |    pointer   |
|Lam_taby_4           |  in |   16|   ap_none  |  Lam_taby_4  |    pointer   |
|Peta_taby_4          |  in |   16|   ap_none  |  Peta_taby_4 |    pointer   |
|Lam_taby_5           |  in |   16|   ap_none  |  Lam_taby_5  |    pointer   |
|Peta_taby_5          |  in |   16|   ap_none  |  Peta_taby_5 |    pointer   |
|Lam_taby_6           |  in |   16|   ap_none  |  Lam_taby_6  |    pointer   |
|Peta_taby_6          |  in |   16|   ap_none  |  Peta_taby_6 |    pointer   |
|Lam_taby_7           |  in |   16|   ap_none  |  Lam_taby_7  |    pointer   |
|Peta_taby_7          |  in |   16|   ap_none  |  Peta_taby_7 |    pointer   |
|Lam_taby_8           |  in |   16|   ap_none  |  Lam_taby_8  |    pointer   |
|Peta_taby_8          |  in |   16|   ap_none  |  Peta_taby_8 |    pointer   |
|Lam_taby_9           |  in |   16|   ap_none  |  Lam_taby_9  |    pointer   |
|Peta_taby_9          |  in |   16|   ap_none  |  Peta_taby_9 |    pointer   |
|Lam_taby_10          |  in |   16|   ap_none  |  Lam_taby_10 |    pointer   |
|Peta_taby_10         |  in |   16|   ap_none  | Peta_taby_10 |    pointer   |
|Lam_taby_11          |  in |   16|   ap_none  |  Lam_taby_11 |    pointer   |
|Peta_taby_11         |  in |   16|   ap_none  | Peta_taby_11 |    pointer   |
|Lam_taby_12          |  in |   16|   ap_none  |  Lam_taby_12 |    pointer   |
|Peta_taby_12         |  in |   16|   ap_none  | Peta_taby_12 |    pointer   |
|Lam_taby_13          |  in |   16|   ap_none  |  Lam_taby_13 |    pointer   |
|Peta_taby_13         |  in |   16|   ap_none  | Peta_taby_13 |    pointer   |
|Lam_taby_14          |  in |   16|   ap_none  |  Lam_taby_14 |    pointer   |
|Peta_taby_14         |  in |   16|   ap_none  | Peta_taby_14 |    pointer   |
|Lam_taby_15          |  in |   16|   ap_none  |  Lam_taby_15 |    pointer   |
|Peta_taby_15         |  in |   16|   ap_none  | Peta_taby_15 |    pointer   |
|Lam_taby_16          |  in |   16|   ap_none  |  Lam_taby_16 |    pointer   |
|Peta_taby_16         |  in |   16|   ap_none  | Peta_taby_16 |    pointer   |
|Lam_taby_17          |  in |   16|   ap_none  |  Lam_taby_17 |    pointer   |
|Peta_taby_17         |  in |   16|   ap_none  | Peta_taby_17 |    pointer   |
|Eta_ans_1_0          | out |   16|   ap_vld   |  Eta_ans_1_0 |    pointer   |
|Eta_ans_1_0_ap_vld   | out |    1|   ap_vld   |  Eta_ans_1_0 |    pointer   |
|Eta_ans_1_1          | out |   16|   ap_vld   |  Eta_ans_1_1 |    pointer   |
|Eta_ans_1_1_ap_vld   | out |    1|   ap_vld   |  Eta_ans_1_1 |    pointer   |
|Eta_ans_1_2          | out |   16|   ap_vld   |  Eta_ans_1_2 |    pointer   |
|Eta_ans_1_2_ap_vld   | out |    1|   ap_vld   |  Eta_ans_1_2 |    pointer   |
|Eta_ans_1_3          | out |   16|   ap_vld   |  Eta_ans_1_3 |    pointer   |
|Eta_ans_1_3_ap_vld   | out |    1|   ap_vld   |  Eta_ans_1_3 |    pointer   |
|Eta_ans_1_4          | out |   16|   ap_vld   |  Eta_ans_1_4 |    pointer   |
|Eta_ans_1_4_ap_vld   | out |    1|   ap_vld   |  Eta_ans_1_4 |    pointer   |
|Eta_ans_1_5          | out |   16|   ap_vld   |  Eta_ans_1_5 |    pointer   |
|Eta_ans_1_5_ap_vld   | out |    1|   ap_vld   |  Eta_ans_1_5 |    pointer   |
|Eta_ans_1_6          | out |   16|   ap_vld   |  Eta_ans_1_6 |    pointer   |
|Eta_ans_1_6_ap_vld   | out |    1|   ap_vld   |  Eta_ans_1_6 |    pointer   |
|Eta_ans_1_7          | out |   16|   ap_vld   |  Eta_ans_1_7 |    pointer   |
|Eta_ans_1_7_ap_vld   | out |    1|   ap_vld   |  Eta_ans_1_7 |    pointer   |
|Eta_ans_1_8          | out |   16|   ap_vld   |  Eta_ans_1_8 |    pointer   |
|Eta_ans_1_8_ap_vld   | out |    1|   ap_vld   |  Eta_ans_1_8 |    pointer   |
|Eta_ans_1_9          | out |   16|   ap_vld   |  Eta_ans_1_9 |    pointer   |
|Eta_ans_1_9_ap_vld   | out |    1|   ap_vld   |  Eta_ans_1_9 |    pointer   |
|Eta_ans_1_10         | out |   16|   ap_vld   | Eta_ans_1_10 |    pointer   |
|Eta_ans_1_10_ap_vld  | out |    1|   ap_vld   | Eta_ans_1_10 |    pointer   |
|Eta_ans_1_11         | out |   16|   ap_vld   | Eta_ans_1_11 |    pointer   |
|Eta_ans_1_11_ap_vld  | out |    1|   ap_vld   | Eta_ans_1_11 |    pointer   |
|Eta_ans_1_12         | out |   16|   ap_vld   | Eta_ans_1_12 |    pointer   |
|Eta_ans_1_12_ap_vld  | out |    1|   ap_vld   | Eta_ans_1_12 |    pointer   |
|Eta_ans_1_13         | out |   16|   ap_vld   | Eta_ans_1_13 |    pointer   |
|Eta_ans_1_13_ap_vld  | out |    1|   ap_vld   | Eta_ans_1_13 |    pointer   |
|Eta_ans_1_14         | out |   16|   ap_vld   | Eta_ans_1_14 |    pointer   |
|Eta_ans_1_14_ap_vld  | out |    1|   ap_vld   | Eta_ans_1_14 |    pointer   |
|Eta_ans_1_15         | out |   16|   ap_vld   | Eta_ans_1_15 |    pointer   |
|Eta_ans_1_15_ap_vld  | out |    1|   ap_vld   | Eta_ans_1_15 |    pointer   |
|Eta_ans_1_16         | out |   16|   ap_vld   | Eta_ans_1_16 |    pointer   |
|Eta_ans_1_16_ap_vld  | out |    1|   ap_vld   | Eta_ans_1_16 |    pointer   |
|Eta_ans_1_17         | out |   16|   ap_vld   | Eta_ans_1_17 |    pointer   |
|Eta_ans_1_17_ap_vld  | out |    1|   ap_vld   | Eta_ans_1_17 |    pointer   |
+---------------------+-----+-----+------------+--------------+--------------+

