

================================================================
== Vivado HLS Report for 'mcalcAA_23'
================================================================
* Date:           Thu Aug 11 10:28:33 2022

* Version:        2016.4 (Build 1756540 on Mon Jan 23 19:31:01 MST 2017)
* Project:        LDPC_Decoder3U
* Solution:       solution1
* Product family: kintex7
* Target device:  xc7k160tfbg676-1


================================================================
== Performance Estimates
================================================================
+ Timing (ns): 
    * Summary: 
    +--------+-------+----------+------------+
    |  Clock | Target| Estimated| Uncertainty|
    +--------+-------+----------+------------+
    |ap_clk  |  10.00|      5.56|        1.25|
    +--------+-------+----------+------------+

+ Latency (clock cycles): 
    * Summary: 
    +-----+-----+-----+-----+----------+
    |  Latency  |  Interval | Pipeline |
    | min | max | min | max |   Type   |
    +-----+-----+-----+-----+----------+
    |    3|    3|    2|    2| function |
    +-----+-----+-----+-----+----------+

    + Detail: 
        * Instance: 
        N/A

        * Loop: 
        N/A



================================================================
== Utilization Estimates
================================================================
* Summary: 
+-----------------+---------+-------+--------+--------+
|       Name      | BRAM_18K| DSP48E|   FF   |   LUT  |
+-----------------+---------+-------+--------+--------+
|DSP              |        -|      -|       -|       -|
|Expression       |        -|      -|       0|     807|
|FIFO             |        -|      -|       -|       -|
|Instance         |        -|      -|       -|       -|
|Memory           |       25|      -|       0|       0|
|Multiplexer      |        -|      -|       -|     181|
|Register         |        -|      -|     944|       -|
+-----------------+---------+-------+--------+--------+
|Total            |       25|      0|     944|     988|
+-----------------+---------+-------+--------+--------+
|Available        |      650|    600|  202800|  101400|
+-----------------+---------+-------+--------+--------+
|Utilization (%)  |        3|      0|   ~0   |   ~0   |
+-----------------+---------+-------+--------+--------+

+ Detail: 
    * Instance: 
    N/A

    * DSP48: 
    N/A

    * Memory: 
    +----------------------+----------------------+---------+---+----+------+-----+------+-------------+
    |        Memory        |        Module        | BRAM_18K| FF| LUT| Words| Bits| Banks| W*Bits*Banks|
    +----------------------+----------------------+---------+---+----+------+-----+------+-------------+
    |varinx10B_4096_b_U    |mcalcAA_23_varinxAem  |        2|  0|   0|  1024|   32|     1|        32768|
    |varinx10B_4096_c_U    |mcalcAA_23_varinxBew  |        2|  0|   0|  1024|   32|     1|        32768|
    |varinx10B_4096_d_V_U  |mcalcAA_23_varinxCeG  |        1|  0|   0|  1024|   10|     1|        10240|
    |varinx3_1024_23_U     |mcalcAA_23_varinxlbW  |        1|  0|   0|   256|   30|     1|         7680|
    |varinx10A_1024_a_U    |mcalcAA_23_varinxmb6  |        1|  0|   0|   256|   30|     1|         7680|
    |varinx10A_1024_b_U    |mcalcAA_23_varinxncg  |        1|  0|   0|   256|   30|     1|         7680|
    |varinx10A_1024_c_U    |mcalcAA_23_varinxocq  |        1|  0|   0|   256|   30|     1|         7680|
    |varinx10A_1024_d_V_U  |mcalcAA_23_varinxpcA  |        1|  0|   0|   256|    8|     1|         2048|
    |varinx10B_1024_a_U    |mcalcAA_23_varinxqcK  |        1|  0|   0|   256|   30|     1|         7680|
    |varinx10B_1024_b_U    |mcalcAA_23_varinxrcU  |        1|  0|   0|   256|   30|     1|         7680|
    |varinx10B_1024_c_U    |mcalcAA_23_varinxsc4  |        1|  0|   0|   256|   30|     1|         7680|
    |varinx10B_1024_d_V_U  |mcalcAA_23_varinxtde  |        1|  0|   0|   256|    8|     1|         2048|
    |varinx3_4096_23_U     |mcalcAA_23_varinxudo  |        2|  0|   0|  1024|   32|     1|        32768|
    |varinx10A_4096_a_U    |mcalcAA_23_varinxvdy  |        2|  0|   0|  1024|   32|     1|        32768|
    |varinx10A_4096_b_U    |mcalcAA_23_varinxwdI  |        2|  0|   0|  1024|   32|     1|        32768|
    |varinx10A_4096_c_U    |mcalcAA_23_varinxxdS  |        2|  0|   0|  1024|   32|     1|        32768|
    |varinx10A_4096_d_V_U  |mcalcAA_23_varinxyd2  |        1|  0|   0|  1024|   10|     1|        10240|
    |varinx10B_4096_a_U    |mcalcAA_23_varinxzec  |        2|  0|   0|  1024|   32|     1|        32768|
    +----------------------+----------------------+---------+---+----+------+-----+------+-------------+
    |Total                 |                      |       25|  0|   0| 11520|  470|    18|       307712|
    +----------------------+----------------------+---------+---+----+------+-----+------+-------------+

    * FIFO: 
    N/A

    * Expression: 
    +--------------------------------+----------+-------+---+----+------------+------------+
    |          Variable Name         | Operation| DSP48E| FF| LUT| Bitwidth P0| Bitwidth P1|
    +--------------------------------+----------+-------+---+----+------------+------------+
    |inx1_fu_1598_p2                 |     +    |      0|  0|  16|           1|          16|
    |tmp_757_fu_2833_p2              |   icmp   |      0|  0|   6|          16|           1|
    |tmp_fu_1607_p2                  |   icmp   |      0|  0|   6|          16|          11|
    |a18A2_0_in_in_in_fu_2006_p3     |  select  |      0|  0|  11|           1|          11|
    |a18A_0_in_in_in_fu_1750_p3      |  select  |      0|  0|  11|           1|          11|
    |a18B2_0_in_in_in_fu_2055_p3     |  select  |      0|  0|  11|           1|          11|
    |a18B_0_in_in_in_fu_1806_p3      |  select  |      0|  0|  11|           1|          11|
    |a_0_in_in_in_fu_1734_p3         |  select  |      0|  0|  11|           1|          11|
    |c18A2_0_in_in_in_fu_2013_p3     |  select  |      0|  0|  10|           1|          10|
    |c18A_0_in_in_in_fu_1758_p3      |  select  |      0|  0|  10|           1|          10|
    |c18B2_0_in_in_in_fu_2062_p3     |  select  |      0|  0|  10|           1|          10|
    |c18B_0_in_in_in_fu_1814_p3      |  select  |      0|  0|  10|           1|          10|
    |c_0_in_in_in_fu_1742_p3         |  select  |      0|  0|  10|           1|          10|
    |d18A2_0_in_in_in_fu_2020_p3     |  select  |      0|  0|  11|           1|          11|
    |d18A_0_in_in_in_fu_1766_p3      |  select  |      0|  0|  11|           1|          11|
    |d18B2_0_in_in_in_fu_2069_p3     |  select  |      0|  0|  11|           1|          11|
    |d18B_0_in_in_in_fu_1822_p3      |  select  |      0|  0|  11|           1|          11|
    |d_0_in_in_in_fu_1992_p3         |  select  |      0|  0|  11|           1|          11|
    |f18A2_0_in_in_in_fu_2027_p3     |  select  |      0|  0|  10|           1|          10|
    |f18A_0_in_in_in_fu_1774_p3      |  select  |      0|  0|  10|           1|          10|
    |f18B2_0_in_in_in_fu_2076_p3     |  select  |      0|  0|  10|           1|          10|
    |f18B_0_in_in_in_fu_1830_p3      |  select  |      0|  0|  10|           1|          10|
    |f_0_in_in_in_fu_1999_p3         |  select  |      0|  0|  10|           1|          10|
    |g18A2_0_in_in_in_fu_2034_p3     |  select  |      0|  0|  11|           1|          11|
    |g18A_0_in_in_in_fu_1782_p3      |  select  |      0|  0|  11|           1|          11|
    |g18B2_0_in_in_in_fu_2083_p3     |  select  |      0|  0|  11|           1|          11|
    |g18B_0_in_in_in_fu_1838_p3      |  select  |      0|  0|  11|           1|          11|
    |grp_fu_1526_p3                  |  select  |      0|  0|  11|           1|          11|
    |grp_fu_1533_p3                  |  select  |      0|  0|  11|           1|          11|
    |grp_fu_1540_p3                  |  select  |      0|  0|  11|           1|          11|
    |grp_fu_1547_p3                  |  select  |      0|  0|  11|           1|          11|
    |grp_fu_1554_p3                  |  select  |      0|  0|  11|           1|          11|
    |grp_fu_1561_p3                  |  select  |      0|  0|  11|           1|          11|
    |grp_fu_1568_p3                  |  select  |      0|  0|  11|           1|          11|
    |i18A2_0_in_in_in_fu_2041_p3     |  select  |      0|  0|  10|           1|          10|
    |i18A_0_in_in_in_fu_1790_p3      |  select  |      0|  0|  10|           1|          10|
    |i18B2_0_in_in_in_fu_2090_p3     |  select  |      0|  0|  10|           1|          10|
    |i18B_0_in_in_in_fu_1846_p3      |  select  |      0|  0|  10|           1|          10|
    |j18A2_0_in_fu_2048_p3           |  select  |      0|  0|  10|           1|          10|
    |j18A_0_in_fu_1798_p3            |  select  |      0|  0|  10|           1|          10|
    |j18B2_0_in_fu_2097_p3           |  select  |      0|  0|  10|           1|          10|
    |j18B_0_in_fu_1854_p3            |  select  |      0|  0|  10|           1|          10|
    |pTabA_0_write_assig_fu_2980_p3  |  select  |      0|  0|   8|           1|           1|
    |pTabA_1_write_assig_fu_2968_p3  |  select  |      0|  0|   8|           1|           1|
    |pTabA_2_write_assig_fu_2956_p3  |  select  |      0|  0|   8|           1|           1|
    |pTabA_3_write_assig_fu_2944_p3  |  select  |      0|  0|   8|           1|           1|
    |pTabA_4_write_assig_fu_2932_p3  |  select  |      0|  0|   8|           1|           1|
    |pTabA_5_write_assig_fu_2920_p3  |  select  |      0|  0|   8|           1|           1|
    |pTabA_6_write_assig_fu_2908_p3  |  select  |      0|  0|   8|           1|           1|
    |pTabA_7_write_assig_fu_2896_p3  |  select  |      0|  0|   8|           1|           1|
    |pTabA_8_write_assig_fu_2884_p3  |  select  |      0|  0|   8|           1|           1|
    |pTabA_9_write_assig_fu_2872_p3  |  select  |      0|  0|   8|           1|           1|
    |pTabB_0_write_assig_fu_2992_p3  |  select  |      0|  0|   8|           1|           1|
    |pTabB_1_write_assig_fu_3004_p3  |  select  |      0|  0|   8|           1|           1|
    |pTabB_2_write_assig_fu_3016_p3  |  select  |      0|  0|   8|           1|           1|
    |pTabB_3_write_assig_fu_3028_p3  |  select  |      0|  0|   8|           1|           1|
    |pTabB_4_write_assig_fu_3040_p3  |  select  |      0|  0|   8|           1|           1|
    |pTabB_5_write_assig_fu_3052_p3  |  select  |      0|  0|   8|           1|           1|
    |pTabB_6_write_assig_fu_3064_p3  |  select  |      0|  0|   8|           1|           1|
    |pTabB_7_write_assig_fu_3076_p3  |  select  |      0|  0|   8|           1|           1|
    |pTabB_8_write_assig_fu_3088_p3  |  select  |      0|  0|   8|           1|           1|
    |pTabB_9_write_assig_fu_3100_p3  |  select  |      0|  0|   8|           1|           1|
    |pTabE_0_write_assig_fu_3136_p3  |  select  |      0|  0|   8|           1|           1|
    |pTabE_1_write_assig_fu_3124_p3  |  select  |      0|  0|   8|           1|           1|
    |pTabE_2_write_assig_fu_3112_p3  |  select  |      0|  0|   8|           1|           1|
    |pTabF_0_write_assig_fu_3256_p3  |  select  |      0|  0|   8|           1|           1|
    |pTabF_1_write_assig_fu_3244_p3  |  select  |      0|  0|   8|           1|           1|
    |pTabF_2_write_assig_fu_3232_p3  |  select  |      0|  0|   8|           1|           1|
    |pTabF_3_write_assig_fu_3220_p3  |  select  |      0|  0|   8|           1|           1|
    |pTabF_4_write_assig_fu_3208_p3  |  select  |      0|  0|   8|           1|           1|
    |pTabF_5_write_assig_fu_3196_p3  |  select  |      0|  0|   8|           1|           1|
    |pTabF_6_write_assig_fu_3184_p3  |  select  |      0|  0|   8|           1|           1|
    |pTabF_7_write_assig_fu_3172_p3  |  select  |      0|  0|   8|           1|           1|
    |pTabF_8_write_assig_fu_3160_p3  |  select  |      0|  0|   8|           1|           1|
    |pTabF_9_write_assig_fu_3148_p3  |  select  |      0|  0|   8|           1|           1|
    |pTabG_0_write_assig_fu_3268_p3  |  select  |      0|  0|   8|           1|           1|
    |pTabG_1_write_assig_fu_3280_p3  |  select  |      0|  0|   8|           1|           1|
    |pTabG_2_write_assig_fu_3292_p3  |  select  |      0|  0|   8|           1|           1|
    |pTabG_3_write_assig_fu_3304_p3  |  select  |      0|  0|   8|           1|           1|
    |pTabG_4_write_assig_fu_3316_p3  |  select  |      0|  0|   8|           1|           1|
    |pTabG_5_write_assig_fu_3328_p3  |  select  |      0|  0|   8|           1|           1|
    |pTabG_6_write_assig_fu_3340_p3  |  select  |      0|  0|   8|           1|           1|
    |pTabG_7_write_assig_fu_3352_p3  |  select  |      0|  0|   8|           1|           1|
    |pTabG_8_write_assig_fu_3364_p3  |  select  |      0|  0|   8|           1|           1|
    |pTabG_9_write_assig_fu_3376_p3  |  select  |      0|  0|   8|           1|           1|
    |pTab_0_write_assign_fu_2861_p3  |  select  |      0|  0|   8|           1|           1|
    |pTab_1_write_assign_fu_2850_p3  |  select  |      0|  0|   8|           1|           1|
    |pTab_2_write_assign_fu_2839_p3  |  select  |      0|  0|   8|           1|           1|
    +--------------------------------+----------+-------+---+----+------------+------------+
    |Total                           |          |      0|  0| 807|         118|         485|
    +--------------------------------+----------+-------+---+----+------------+------------+

    * Multiplexer: 
    +-----------------------------+----+-----------+-----+-----------+
    |             Name            | LUT| Input Size| Bits| Total Bits|
    +-----------------------------+----+-----------+-----+-----------+
    |Lam_buf6_address0            |  10|          3|   10|         30|
    |ap_NS_fsm                    |   1|          3|    1|          3|
    |ap_enable_reg_pp0_iter0      |   1|          2|    1|          2|
    |grp_fu_1526_p0               |   1|          3|    1|          3|
    |grp_fu_1533_p0               |   1|          3|    1|          3|
    |grp_fu_1540_p0               |   1|          3|    1|          3|
    |grp_fu_1547_p0               |   1|          3|    1|          3|
    |grp_fu_1554_p0               |   1|          3|    1|          3|
    |grp_fu_1561_p0               |   1|          3|    1|          3|
    |grp_fu_1568_p0               |   1|          3|    1|          3|
    |varinx10A_1024_a_address0    |   8|          3|    8|         24|
    |varinx10A_1024_b_address0    |   8|          3|    8|         24|
    |varinx10A_1024_c_address0    |   8|          3|    8|         24|
    |varinx10A_1024_d_V_address0  |   8|          3|    8|         24|
    |varinx10A_4096_a_address0    |  10|          3|   10|         30|
    |varinx10A_4096_b_address0    |  10|          3|   10|         30|
    |varinx10A_4096_c_address0    |  10|          3|   10|         30|
    |varinx10A_4096_d_V_address0  |  10|          3|   10|         30|
    |varinx10B_1024_a_address0    |   8|          3|    8|         24|
    |varinx10B_1024_b_address0    |   8|          3|    8|         24|
    |varinx10B_1024_c_address0    |   8|          3|    8|         24|
    |varinx10B_1024_d_V_address0  |   8|          3|    8|         24|
    |varinx10B_4096_a_address0    |  10|          3|   10|         30|
    |varinx10B_4096_b_address0    |  10|          3|   10|         30|
    |varinx10B_4096_c_address0    |  10|          3|   10|         30|
    |varinx10B_4096_d_V_address0  |  10|          3|   10|         30|
    |varinx3_1024_23_address0     |   8|          3|    8|         24|
    |varinx3_4096_23_address0     |  10|          3|   10|         30|
    +-----------------------------+----+-----------+-----+-----------+
    |Total                        | 181|         83|  181|        542|
    +-----------------------------+----+-----------+-----+-----------+

    * Register: 
    +-------------------------------+----+----+-----+-----------+
    |              Name             | FF | LUT| Bits| Const Bits|
    +-------------------------------+----+----+-----+-----------+
    |Lam_buf6_load_1_reg_4762       |  16|   0|   16|          0|
    |Lam_buf6_load_reg_4757         |  16|   0|   16|          0|
    |SpEtaPrev_three_V_lo_reg_4567  |   8|   0|    8|          0|
    |SpEtaPrev_two_V_load_reg_4562  |   8|   0|    8|          0|
    |a18A2_reg_4702                 |  16|   0|   16|          0|
    |a18A_0_in_in_in_reg_4434       |  11|   0|   11|          0|
    |a18A_reg_4732                  |  16|   0|   16|          0|
    |a18B2_reg_4642                 |  16|   0|   16|          0|
    |a18B_0_in_in_in_reg_4488       |  11|   0|   11|          0|
    |a18B_reg_4672                  |  16|   0|   16|          0|
    |a_0_in_in_in_reg_4424          |  11|   0|   11|          0|
    |a_reg_4747                     |  16|   0|   16|          0|
    |ap_CS_fsm                      |   2|   0|    2|          0|
    |ap_enable_reg_pp0_iter0_preg   |   1|   0|    1|          0|
    |ap_enable_reg_pp0_iter1        |   1|   0|    1|          0|
    |ap_port_reg_num_ntA            |  16|   0|   16|          0|
    |ap_port_reg_num_ntB            |  16|   0|   16|          0|
    |b18A2_reg_4697                 |  16|   0|   16|          0|
    |b18A_0_in_in_in_reg_4439       |  11|   0|   11|          0|
    |b18A_reg_4727                  |  16|   0|   16|          0|
    |b18B2_reg_4637                 |  16|   0|   16|          0|
    |b18B_0_in_in_in_reg_4493       |  11|   0|   11|          0|
    |b18B_reg_4667                  |  16|   0|   16|          0|
    |b_reg_4542                     |  16|   0|   16|          0|
    |c18A2_0_in_in_in_reg_4577      |  10|   0|   10|          0|
    |c18A_0_in_in_in_reg_4444       |  10|   0|   10|          0|
    |c18B2_0_in_in_in_reg_4597      |  10|   0|   10|          0|
    |c18B_0_in_in_in_reg_4498       |  10|   0|   10|          0|
    |c_0_in_in_in_reg_4429          |  10|   0|   10|          0|
    |d18A2_reg_4692                 |  16|   0|   16|          0|
    |d18A_0_in_in_in_reg_4450       |  11|   0|   11|          0|
    |d18A_reg_4722                  |  16|   0|   16|          0|
    |d18B2_reg_4632                 |  16|   0|   16|          0|
    |d18B_0_in_in_in_reg_4504       |  11|   0|   11|          0|
    |d18B_reg_4662                  |  16|   0|   16|          0|
    |d_reg_4742                     |  16|   0|   16|          0|
    |e18A2_reg_4687                 |  16|   0|   16|          0|
    |e18A_0_in_in_in_reg_4455       |  11|   0|   11|          0|
    |e18A_reg_4717                  |  16|   0|   16|          0|
    |e18B2_reg_4627                 |  16|   0|   16|          0|
    |e18B_0_in_in_in_reg_4509       |  11|   0|   11|          0|
    |e18B_reg_4657                  |  16|   0|   16|          0|
    |e_reg_4737                     |  16|   0|   16|          0|
    |f18A2_0_in_in_in_reg_4582      |  10|   0|   10|          0|
    |f18A_0_in_in_in_reg_4460       |  10|   0|   10|          0|
    |f18B2_0_in_in_in_reg_4602      |  10|   0|   10|          0|
    |f18B_0_in_in_in_reg_4514       |  10|   0|   10|          0|
    |f_0_in_in_in_reg_4572          |  10|   0|   10|          0|
    |g18A2_reg_4682                 |  16|   0|   16|          0|
    |g18A_0_in_in_in_reg_4466       |  11|   0|   11|          0|
    |g18A_reg_4712                  |  16|   0|   16|          0|
    |g18B2_reg_4622                 |  16|   0|   16|          0|
    |g18B_0_in_in_in_reg_4520       |  11|   0|   11|          0|
    |g18B_reg_4652                  |  16|   0|   16|          0|
    |h18A2_reg_4677                 |  16|   0|   16|          0|
    |h18A_0_in_in_in_reg_4471       |  11|   0|   11|          0|
    |h18A_reg_4707                  |  16|   0|   16|          0|
    |h18B2_reg_4617                 |  16|   0|   16|          0|
    |h18B_0_in_in_in_reg_4525       |  11|   0|   11|          0|
    |h18B_reg_4647                  |  16|   0|   16|          0|
    |i18A2_0_in_in_in_reg_4587      |  10|   0|   10|          0|
    |i18A_0_in_in_in_reg_4476       |  10|   0|   10|          0|
    |i18B2_0_in_in_in_reg_4607      |  10|   0|   10|          0|
    |i18B_0_in_in_in_reg_4530       |  10|   0|   10|          0|
    |j18A2_0_in_reg_4592            |  10|   0|   10|          0|
    |j18A_0_in_reg_4482             |  10|   0|   10|          0|
    |j18B2_0_in_reg_4612            |  10|   0|   10|          0|
    |j18B_0_in_reg_4536             |  10|   0|   10|          0|
    |num_ntA_read_reg_4291          |  16|   0|   16|          0|
    |num_ntB_read_reg_4286          |  16|   0|   16|          0|
    |num_nt_read_reg_4186           |  16|   0|   16|          0|
    |tmp_708_reg_4323               |  32|   0|   32|          0|
    |tmp_835_reg_4557               |   8|   0|    8|          0|
    |tmp_reg_4296                   |   1|   0|    1|          0|
    +-------------------------------+----+----+-----+-----------+
    |Total                          | 944|   0|  944|          0|
    +-------------------------------+----+----+-----+-----------+



================================================================
== Interface
================================================================
* Summary: 
+----------------------+-----+-----+------------+-------------------+--------------+
|       RTL Ports      | Dir | Bits|  Protocol  |   Source Object   |    C Type    |
+----------------------+-----+-----+------------+-------------------+--------------+
|ap_clk                |  in |    1| ap_ctrl_hs |     mcalcAA_23    | return value |
|ap_rst                |  in |    1| ap_ctrl_hs |     mcalcAA_23    | return value |
|ap_start              |  in |    1| ap_ctrl_hs |     mcalcAA_23    | return value |
|ap_done               | out |    1| ap_ctrl_hs |     mcalcAA_23    | return value |
|ap_idle               | out |    1| ap_ctrl_hs |     mcalcAA_23    | return value |
|ap_ready              | out |    1| ap_ctrl_hs |     mcalcAA_23    | return value |
|ap_return_0           | out |   16| ap_ctrl_hs |     mcalcAA_23    | return value |
|ap_return_1           | out |   16| ap_ctrl_hs |     mcalcAA_23    | return value |
|ap_return_2           | out |   16| ap_ctrl_hs |     mcalcAA_23    | return value |
|ap_return_3           | out |   16| ap_ctrl_hs |     mcalcAA_23    | return value |
|ap_return_4           | out |   16| ap_ctrl_hs |     mcalcAA_23    | return value |
|ap_return_5           | out |   16| ap_ctrl_hs |     mcalcAA_23    | return value |
|ap_return_6           | out |   16| ap_ctrl_hs |     mcalcAA_23    | return value |
|ap_return_7           | out |   16| ap_ctrl_hs |     mcalcAA_23    | return value |
|ap_return_8           | out |   16| ap_ctrl_hs |     mcalcAA_23    | return value |
|ap_return_9           | out |   16| ap_ctrl_hs |     mcalcAA_23    | return value |
|ap_return_10          | out |   16| ap_ctrl_hs |     mcalcAA_23    | return value |
|ap_return_11          | out |   16| ap_ctrl_hs |     mcalcAA_23    | return value |
|ap_return_12          | out |   16| ap_ctrl_hs |     mcalcAA_23    | return value |
|ap_return_13          | out |   16| ap_ctrl_hs |     mcalcAA_23    | return value |
|ap_return_14          | out |   16| ap_ctrl_hs |     mcalcAA_23    | return value |
|ap_return_15          | out |   16| ap_ctrl_hs |     mcalcAA_23    | return value |
|ap_return_16          | out |   16| ap_ctrl_hs |     mcalcAA_23    | return value |
|ap_return_17          | out |   16| ap_ctrl_hs |     mcalcAA_23    | return value |
|ap_return_18          | out |   16| ap_ctrl_hs |     mcalcAA_23    | return value |
|ap_return_19          | out |   16| ap_ctrl_hs |     mcalcAA_23    | return value |
|ap_return_20          | out |   16| ap_ctrl_hs |     mcalcAA_23    | return value |
|ap_return_21          | out |   16| ap_ctrl_hs |     mcalcAA_23    | return value |
|ap_return_22          | out |   16| ap_ctrl_hs |     mcalcAA_23    | return value |
|ap_return_23          | out |   16| ap_ctrl_hs |     mcalcAA_23    | return value |
|ap_return_24          | out |   16| ap_ctrl_hs |     mcalcAA_23    | return value |
|ap_return_25          | out |   16| ap_ctrl_hs |     mcalcAA_23    | return value |
|ap_return_26          | out |   16| ap_ctrl_hs |     mcalcAA_23    | return value |
|ap_return_27          | out |   16| ap_ctrl_hs |     mcalcAA_23    | return value |
|ap_return_28          | out |   16| ap_ctrl_hs |     mcalcAA_23    | return value |
|ap_return_29          | out |   16| ap_ctrl_hs |     mcalcAA_23    | return value |
|ap_return_30          | out |   16| ap_ctrl_hs |     mcalcAA_23    | return value |
|ap_return_31          | out |   16| ap_ctrl_hs |     mcalcAA_23    | return value |
|ap_return_32          | out |   16| ap_ctrl_hs |     mcalcAA_23    | return value |
|ap_return_33          | out |   16| ap_ctrl_hs |     mcalcAA_23    | return value |
|ap_return_34          | out |   16| ap_ctrl_hs |     mcalcAA_23    | return value |
|ap_return_35          | out |   16| ap_ctrl_hs |     mcalcAA_23    | return value |
|ap_return_36          | out |   16| ap_ctrl_hs |     mcalcAA_23    | return value |
|ap_return_37          | out |   16| ap_ctrl_hs |     mcalcAA_23    | return value |
|ap_return_38          | out |   16| ap_ctrl_hs |     mcalcAA_23    | return value |
|ap_return_39          | out |   16| ap_ctrl_hs |     mcalcAA_23    | return value |
|ap_return_40          | out |   16| ap_ctrl_hs |     mcalcAA_23    | return value |
|ap_return_41          | out |   16| ap_ctrl_hs |     mcalcAA_23    | return value |
|ap_return_42          | out |   16| ap_ctrl_hs |     mcalcAA_23    | return value |
|ap_return_43          | out |   16| ap_ctrl_hs |     mcalcAA_23    | return value |
|ap_return_44          | out |   16| ap_ctrl_hs |     mcalcAA_23    | return value |
|ap_return_45          | out |   16| ap_ctrl_hs |     mcalcAA_23    | return value |
|ap_return_46          | out |   16| ap_ctrl_hs |     mcalcAA_23    | return value |
|ap_return_47          | out |   16| ap_ctrl_hs |     mcalcAA_23    | return value |
|ap_return_48          | out |   16| ap_ctrl_hs |     mcalcAA_23    | return value |
|ap_return_49          | out |   16| ap_ctrl_hs |     mcalcAA_23    | return value |
|ap_return_50          | out |   16| ap_ctrl_hs |     mcalcAA_23    | return value |
|ap_return_51          | out |   16| ap_ctrl_hs |     mcalcAA_23    | return value |
|ap_return_52          | out |   16| ap_ctrl_hs |     mcalcAA_23    | return value |
|ap_return_53          | out |   16| ap_ctrl_hs |     mcalcAA_23    | return value |
|ap_return_54          | out |   16| ap_ctrl_hs |     mcalcAA_23    | return value |
|ap_return_55          | out |   16| ap_ctrl_hs |     mcalcAA_23    | return value |
|ap_return_56          | out |   16| ap_ctrl_hs |     mcalcAA_23    | return value |
|ap_return_57          | out |   16| ap_ctrl_hs |     mcalcAA_23    | return value |
|ap_return_58          | out |   16| ap_ctrl_hs |     mcalcAA_23    | return value |
|ap_return_59          | out |   16| ap_ctrl_hs |     mcalcAA_23    | return value |
|ap_return_60          | out |   16| ap_ctrl_hs |     mcalcAA_23    | return value |
|ap_return_61          | out |   16| ap_ctrl_hs |     mcalcAA_23    | return value |
|ap_return_62          | out |   16| ap_ctrl_hs |     mcalcAA_23    | return value |
|ap_return_63          | out |   16| ap_ctrl_hs |     mcalcAA_23    | return value |
|ap_return_64          | out |   16| ap_ctrl_hs |     mcalcAA_23    | return value |
|ap_return_65          | out |   16| ap_ctrl_hs |     mcalcAA_23    | return value |
|ap_return_66          | out |   16| ap_ctrl_hs |     mcalcAA_23    | return value |
|ap_return_67          | out |   16| ap_ctrl_hs |     mcalcAA_23    | return value |
|ap_return_68          | out |   16| ap_ctrl_hs |     mcalcAA_23    | return value |
|ap_return_69          | out |   16| ap_ctrl_hs |     mcalcAA_23    | return value |
|ap_return_70          | out |   16| ap_ctrl_hs |     mcalcAA_23    | return value |
|ap_return_71          | out |   16| ap_ctrl_hs |     mcalcAA_23    | return value |
|ap_return_72          | out |   16| ap_ctrl_hs |     mcalcAA_23    | return value |
|ap_return_73          | out |   16| ap_ctrl_hs |     mcalcAA_23    | return value |
|ap_return_74          | out |   16| ap_ctrl_hs |     mcalcAA_23    | return value |
|ap_return_75          | out |   16| ap_ctrl_hs |     mcalcAA_23    | return value |
|ap_return_76          | out |   16| ap_ctrl_hs |     mcalcAA_23    | return value |
|ap_return_77          | out |   16| ap_ctrl_hs |     mcalcAA_23    | return value |
|ap_return_78          | out |   16| ap_ctrl_hs |     mcalcAA_23    | return value |
|ap_return_79          | out |   16| ap_ctrl_hs |     mcalcAA_23    | return value |
|ap_return_80          | out |   16| ap_ctrl_hs |     mcalcAA_23    | return value |
|ap_return_81          | out |   16| ap_ctrl_hs |     mcalcAA_23    | return value |
|ap_return_82          | out |   16| ap_ctrl_hs |     mcalcAA_23    | return value |
|ap_return_83          | out |   16| ap_ctrl_hs |     mcalcAA_23    | return value |
|ap_return_84          | out |   16| ap_ctrl_hs |     mcalcAA_23    | return value |
|ap_return_85          | out |   16| ap_ctrl_hs |     mcalcAA_23    | return value |
|ap_return_86          | out |   16| ap_ctrl_hs |     mcalcAA_23    | return value |
|ap_return_87          | out |   16| ap_ctrl_hs |     mcalcAA_23    | return value |
|ap_return_88          | out |   16| ap_ctrl_hs |     mcalcAA_23    | return value |
|ap_return_89          | out |   16| ap_ctrl_hs |     mcalcAA_23    | return value |
|ap_return_90          | out |   16| ap_ctrl_hs |     mcalcAA_23    | return value |
|ap_return_91          | out |   16| ap_ctrl_hs |     mcalcAA_23    | return value |
|ap_return_92          | out |   16| ap_ctrl_hs |     mcalcAA_23    | return value |
|ap_return_93          | out |   16| ap_ctrl_hs |     mcalcAA_23    | return value |
|ap_return_94          | out |   16| ap_ctrl_hs |     mcalcAA_23    | return value |
|ap_return_95          | out |   16| ap_ctrl_hs |     mcalcAA_23    | return value |
|ap_return_96          | out |   16| ap_ctrl_hs |     mcalcAA_23    | return value |
|ap_return_97          | out |   16| ap_ctrl_hs |     mcalcAA_23    | return value |
|ap_return_98          | out |   16| ap_ctrl_hs |     mcalcAA_23    | return value |
|ap_return_99          | out |   16| ap_ctrl_hs |     mcalcAA_23    | return value |
|ap_return_100         | out |   16| ap_ctrl_hs |     mcalcAA_23    | return value |
|ap_return_101         | out |   16| ap_ctrl_hs |     mcalcAA_23    | return value |
|ap_return_102         | out |   16| ap_ctrl_hs |     mcalcAA_23    | return value |
|ap_return_103         | out |   16| ap_ctrl_hs |     mcalcAA_23    | return value |
|ap_return_104         | out |   16| ap_ctrl_hs |     mcalcAA_23    | return value |
|ap_return_105         | out |   16| ap_ctrl_hs |     mcalcAA_23    | return value |
|ap_return_106         | out |   16| ap_ctrl_hs |     mcalcAA_23    | return value |
|ap_return_107         | out |   16| ap_ctrl_hs |     mcalcAA_23    | return value |
|ap_return_108         | out |   16| ap_ctrl_hs |     mcalcAA_23    | return value |
|ap_return_109         | out |   16| ap_ctrl_hs |     mcalcAA_23    | return value |
|ap_return_110         | out |   16| ap_ctrl_hs |     mcalcAA_23    | return value |
|ap_return_111         | out |   16| ap_ctrl_hs |     mcalcAA_23    | return value |
|ap_return_112         | out |   16| ap_ctrl_hs |     mcalcAA_23    | return value |
|ap_return_113         | out |   16| ap_ctrl_hs |     mcalcAA_23    | return value |
|ap_return_114         | out |   16| ap_ctrl_hs |     mcalcAA_23    | return value |
|ap_return_115         | out |   16| ap_ctrl_hs |     mcalcAA_23    | return value |
|ap_return_116         | out |   16| ap_ctrl_hs |     mcalcAA_23    | return value |
|ap_return_117         | out |   16| ap_ctrl_hs |     mcalcAA_23    | return value |
|ap_return_118         | out |   16| ap_ctrl_hs |     mcalcAA_23    | return value |
|ap_return_119         | out |   16| ap_ctrl_hs |     mcalcAA_23    | return value |
|ap_return_120         | out |   16| ap_ctrl_hs |     mcalcAA_23    | return value |
|ap_return_121         | out |   16| ap_ctrl_hs |     mcalcAA_23    | return value |
|ap_return_122         | out |   16| ap_ctrl_hs |     mcalcAA_23    | return value |
|ap_return_123         | out |   16| ap_ctrl_hs |     mcalcAA_23    | return value |
|ap_return_124         | out |   16| ap_ctrl_hs |     mcalcAA_23    | return value |
|ap_return_125         | out |   16| ap_ctrl_hs |     mcalcAA_23    | return value |
|ap_return_126         | out |   16| ap_ctrl_hs |     mcalcAA_23    | return value |
|ap_return_127         | out |   16| ap_ctrl_hs |     mcalcAA_23    | return value |
|ap_return_128         | out |   16| ap_ctrl_hs |     mcalcAA_23    | return value |
|ap_return_129         | out |   16| ap_ctrl_hs |     mcalcAA_23    | return value |
|ap_return_130         | out |   16| ap_ctrl_hs |     mcalcAA_23    | return value |
|ap_return_131         | out |   16| ap_ctrl_hs |     mcalcAA_23    | return value |
|ap_return_132         | out |   16| ap_ctrl_hs |     mcalcAA_23    | return value |
|ap_return_133         | out |   16| ap_ctrl_hs |     mcalcAA_23    | return value |
|ap_return_134         | out |   16| ap_ctrl_hs |     mcalcAA_23    | return value |
|ap_return_135         | out |   16| ap_ctrl_hs |     mcalcAA_23    | return value |
|ap_return_136         | out |   16| ap_ctrl_hs |     mcalcAA_23    | return value |
|ap_return_137         | out |   16| ap_ctrl_hs |     mcalcAA_23    | return value |
|num_nt                |  in |   16|   ap_none  |       num_nt      |    scalar    |
|num_ntA               |  in |   16|   ap_none  |      num_ntA      |    scalar    |
|num_ntB               |  in |   16|   ap_none  |      num_ntB      |    scalar    |
|numb                  |  in |   16|   ap_none  |        numb       |    pointer   |
|Lam_buf4_address0     | out |   10|  ap_memory |      Lam_buf4     |     array    |
|Lam_buf4_ce0          | out |    1|  ap_memory |      Lam_buf4     |     array    |
|Lam_buf4_q0           |  in |   16|  ap_memory |      Lam_buf4     |     array    |
|Lam_buf4_address1     | out |   10|  ap_memory |      Lam_buf4     |     array    |
|Lam_buf4_ce1          | out |    1|  ap_memory |      Lam_buf4     |     array    |
|Lam_buf4_q1           |  in |   16|  ap_memory |      Lam_buf4     |     array    |
|Lam_buf6_address0     | out |   10|  ap_memory |      Lam_buf6     |     array    |
|Lam_buf6_ce0          | out |    1|  ap_memory |      Lam_buf6     |     array    |
|Lam_buf6_q0           |  in |   16|  ap_memory |      Lam_buf6     |     array    |
|Lam_buf6_address1     | out |   10|  ap_memory |      Lam_buf6     |     array    |
|Lam_buf6_ce1          | out |    1|  ap_memory |      Lam_buf6     |     array    |
|Lam_buf6_q1           |  in |   16|  ap_memory |      Lam_buf6     |     array    |
|Lam_buf6a_address0    | out |   10|  ap_memory |     Lam_buf6a     |     array    |
|Lam_buf6a_ce0         | out |    1|  ap_memory |     Lam_buf6a     |     array    |
|Lam_buf6a_q0          |  in |   16|  ap_memory |     Lam_buf6a     |     array    |
|Lam_buf6a_address1    | out |   10|  ap_memory |     Lam_buf6a     |     array    |
|Lam_buf6a_ce1         | out |    1|  ap_memory |     Lam_buf6a     |     array    |
|Lam_buf6a_q1          |  in |   16|  ap_memory |     Lam_buf6a     |     array    |
|SpEtaPrev_address0    | out |   11|  ap_memory |     SpEtaPrev     |     array    |
|SpEtaPrev_ce0         | out |    1|  ap_memory |     SpEtaPrev     |     array    |
|SpEtaPrev_q0          |  in |   32|  ap_memory |     SpEtaPrev     |     array    |
|SpEtaPrevC_address0   | out |   11|  ap_memory |     SpEtaPrevC    |     array    |
|SpEtaPrevC_ce0        | out |    1|  ap_memory |     SpEtaPrevC    |     array    |
|SpEtaPrevC_q0         |  in |   32|  ap_memory |     SpEtaPrevC    |     array    |
|Lam_bufAa_address0    | out |   10|  ap_memory |     Lam_bufAa     |     array    |
|Lam_bufAa_ce0         | out |    1|  ap_memory |     Lam_bufAa     |     array    |
|Lam_bufAa_q0          |  in |   16|  ap_memory |     Lam_bufAa     |     array    |
|Lam_bufAa_address1    | out |   10|  ap_memory |     Lam_bufAa     |     array    |
|Lam_bufAa_ce1         | out |    1|  ap_memory |     Lam_bufAa     |     array    |
|Lam_bufAa_q1          |  in |   16|  ap_memory |     Lam_bufAa     |     array    |
|Lam_bufAb_address0    | out |   10|  ap_memory |     Lam_bufAb     |     array    |
|Lam_bufAb_ce0         | out |    1|  ap_memory |     Lam_bufAb     |     array    |
|Lam_bufAb_q0          |  in |   16|  ap_memory |     Lam_bufAb     |     array    |
|Lam_bufAb_address1    | out |   10|  ap_memory |     Lam_bufAb     |     array    |
|Lam_bufAb_ce1         | out |    1|  ap_memory |     Lam_bufAb     |     array    |
|Lam_bufAb_q1          |  in |   16|  ap_memory |     Lam_bufAb     |     array    |
|Lam_bufAc_address0    | out |   10|  ap_memory |     Lam_bufAc     |     array    |
|Lam_bufAc_ce0         | out |    1|  ap_memory |     Lam_bufAc     |     array    |
|Lam_bufAc_q0          |  in |   16|  ap_memory |     Lam_bufAc     |     array    |
|Lam_bufAc_address1    | out |   10|  ap_memory |     Lam_bufAc     |     array    |
|Lam_bufAc_ce1         | out |    1|  ap_memory |     Lam_bufAc     |     array    |
|Lam_bufAc_q1          |  in |   16|  ap_memory |     Lam_bufAc     |     array    |
|Lam_bufA1_address0    | out |   10|  ap_memory |     Lam_bufA1     |     array    |
|Lam_bufA1_ce0         | out |    1|  ap_memory |     Lam_bufA1     |     array    |
|Lam_bufA1_q0          |  in |   16|  ap_memory |     Lam_bufA1     |     array    |
|Lam_bufA1_address1    | out |   10|  ap_memory |     Lam_bufA1     |     array    |
|Lam_bufA1_ce1         | out |    1|  ap_memory |     Lam_bufA1     |     array    |
|Lam_bufA1_q1          |  in |   16|  ap_memory |     Lam_bufA1     |     array    |
|Lam_bufA2a_address0   | out |   10|  ap_memory |     Lam_bufA2a    |     array    |
|Lam_bufA2a_ce0        | out |    1|  ap_memory |     Lam_bufA2a    |     array    |
|Lam_bufA2a_q0         |  in |   16|  ap_memory |     Lam_bufA2a    |     array    |
|Lam_bufA2a_address1   | out |   10|  ap_memory |     Lam_bufA2a    |     array    |
|Lam_bufA2a_ce1        | out |    1|  ap_memory |     Lam_bufA2a    |     array    |
|Lam_bufA2a_q1         |  in |   16|  ap_memory |     Lam_bufA2a    |     array    |
|Lam_bufA3_address0    | out |   10|  ap_memory |     Lam_bufA3     |     array    |
|Lam_bufA3_ce0         | out |    1|  ap_memory |     Lam_bufA3     |     array    |
|Lam_bufA3_q0          |  in |   16|  ap_memory |     Lam_bufA3     |     array    |
|Lam_bufA3_address1    | out |   10|  ap_memory |     Lam_bufA3     |     array    |
|Lam_bufA3_ce1         | out |    1|  ap_memory |     Lam_bufA3     |     array    |
|Lam_bufA3_q1          |  in |   16|  ap_memory |     Lam_bufA3     |     array    |
|Lam_bufA5_address0    | out |   10|  ap_memory |     Lam_bufA5     |     array    |
|Lam_bufA5_ce0         | out |    1|  ap_memory |     Lam_bufA5     |     array    |
|Lam_bufA5_q0          |  in |   16|  ap_memory |     Lam_bufA5     |     array    |
|Lam_bufA5_address1    | out |   10|  ap_memory |     Lam_bufA5     |     array    |
|Lam_bufA5_ce1         | out |    1|  ap_memory |     Lam_bufA5     |     array    |
|Lam_bufA5_q1          |  in |   16|  ap_memory |     Lam_bufA5     |     array    |
|Lam_bufA6b_address0   | out |   10|  ap_memory |     Lam_bufA6b    |     array    |
|Lam_bufA6b_ce0        | out |    1|  ap_memory |     Lam_bufA6b    |     array    |
|Lam_bufA6b_q0         |  in |   16|  ap_memory |     Lam_bufA6b    |     array    |
|Lam_bufA6b_address1   | out |   10|  ap_memory |     Lam_bufA6b    |     array    |
|Lam_bufA6b_ce1        | out |    1|  ap_memory |     Lam_bufA6b    |     array    |
|Lam_bufA6b_q1         |  in |   16|  ap_memory |     Lam_bufA6b    |     array    |
|Lam_bufA6c_address0   | out |   10|  ap_memory |     Lam_bufA6c    |     array    |
|Lam_bufA6c_ce0        | out |    1|  ap_memory |     Lam_bufA6c    |     array    |
|Lam_bufA6c_q0         |  in |   16|  ap_memory |     Lam_bufA6c    |     array    |
|Lam_bufA6c_address1   | out |   10|  ap_memory |     Lam_bufA6c    |     array    |
|Lam_bufA6c_ce1        | out |    1|  ap_memory |     Lam_bufA6c    |     array    |
|Lam_bufA6c_q1         |  in |   16|  ap_memory |     Lam_bufA6c    |     array    |
|Lam_bufA6_address0    | out |   10|  ap_memory |     Lam_bufA6     |     array    |
|Lam_bufA6_ce0         | out |    1|  ap_memory |     Lam_bufA6     |     array    |
|Lam_bufA6_q0          |  in |   16|  ap_memory |     Lam_bufA6     |     array    |
|SpEtaPrevA_address0   | out |   11|  ap_memory |     SpEtaPrevA    |     array    |
|SpEtaPrevA_ce0        | out |    1|  ap_memory |     SpEtaPrevA    |     array    |
|SpEtaPrevA_q0         |  in |   16|  ap_memory |     SpEtaPrevA    |     array    |
|SpEtaPrevAa_address0  | out |   11|  ap_memory |    SpEtaPrevAa    |     array    |
|SpEtaPrevAa_ce0       | out |    1|  ap_memory |    SpEtaPrevAa    |     array    |
|SpEtaPrevAa_q0        |  in |   32|  ap_memory |    SpEtaPrevAa    |     array    |
|SpEtaPrevAb_address0  | out |   10|  ap_memory |    SpEtaPrevAb    |     array    |
|SpEtaPrevAb_ce0       | out |    1|  ap_memory |    SpEtaPrevAb    |     array    |
|SpEtaPrevAb_q0        |  in |   32|  ap_memory |    SpEtaPrevAb    |     array    |
|SpEtaPrevD_address0   | out |   11|  ap_memory |     SpEtaPrevD    |     array    |
|SpEtaPrevD_ce0        | out |    1|  ap_memory |     SpEtaPrevD    |     array    |
|SpEtaPrevD_q0         |  in |   16|  ap_memory |     SpEtaPrevD    |     array    |
|SpEtaPrevDa_address0  | out |   11|  ap_memory |    SpEtaPrevDa    |     array    |
|SpEtaPrevDa_ce0       | out |    1|  ap_memory |    SpEtaPrevDa    |     array    |
|SpEtaPrevDa_q0        |  in |   32|  ap_memory |    SpEtaPrevDa    |     array    |
|SpEtaPrevDb_address0  | out |   10|  ap_memory |    SpEtaPrevDb    |     array    |
|SpEtaPrevDb_ce0       | out |    1|  ap_memory |    SpEtaPrevDb    |     array    |
|SpEtaPrevDb_q0        |  in |   32|  ap_memory |    SpEtaPrevDb    |     array    |
|Lam_bufB_address0     | out |   10|  ap_memory |      Lam_bufB     |     array    |
|Lam_bufB_ce0          | out |    1|  ap_memory |      Lam_bufB     |     array    |
|Lam_bufB_q0           |  in |   16|  ap_memory |      Lam_bufB     |     array    |
|Lam_bufB_address1     | out |   10|  ap_memory |      Lam_bufB     |     array    |
|Lam_bufB_ce1          | out |    1|  ap_memory |      Lam_bufB     |     array    |
|Lam_bufB_q1           |  in |   16|  ap_memory |      Lam_bufB     |     array    |
|Lam_bufB1a_address0   | out |   10|  ap_memory |     Lam_bufB1a    |     array    |
|Lam_bufB1a_ce0        | out |    1|  ap_memory |     Lam_bufB1a    |     array    |
|Lam_bufB1a_q0         |  in |   16|  ap_memory |     Lam_bufB1a    |     array    |
|Lam_bufB1a_address1   | out |   10|  ap_memory |     Lam_bufB1a    |     array    |
|Lam_bufB1a_ce1        | out |    1|  ap_memory |     Lam_bufB1a    |     array    |
|Lam_bufB1a_q1         |  in |   16|  ap_memory |     Lam_bufB1a    |     array    |
|Lam_bufB1b_address0   | out |   10|  ap_memory |     Lam_bufB1b    |     array    |
|Lam_bufB1b_ce0        | out |    1|  ap_memory |     Lam_bufB1b    |     array    |
|Lam_bufB1b_q0         |  in |   16|  ap_memory |     Lam_bufB1b    |     array    |
|Lam_bufB1b_address1   | out |   10|  ap_memory |     Lam_bufB1b    |     array    |
|Lam_bufB1b_ce1        | out |    1|  ap_memory |     Lam_bufB1b    |     array    |
|Lam_bufB1b_q1         |  in |   16|  ap_memory |     Lam_bufB1b    |     array    |
|Lam_bufB1c_address0   | out |   10|  ap_memory |     Lam_bufB1c    |     array    |
|Lam_bufB1c_ce0        | out |    1|  ap_memory |     Lam_bufB1c    |     array    |
|Lam_bufB1c_q0         |  in |   16|  ap_memory |     Lam_bufB1c    |     array    |
|Lam_bufB1c_address1   | out |   10|  ap_memory |     Lam_bufB1c    |     array    |
|Lam_bufB1c_ce1        | out |    1|  ap_memory |     Lam_bufB1c    |     array    |
|Lam_bufB1c_q1         |  in |   16|  ap_memory |     Lam_bufB1c    |     array    |
|Lam_bufB2_address0    | out |   10|  ap_memory |     Lam_bufB2     |     array    |
|Lam_bufB2_ce0         | out |    1|  ap_memory |     Lam_bufB2     |     array    |
|Lam_bufB2_q0          |  in |   16|  ap_memory |     Lam_bufB2     |     array    |
|Lam_bufB2_address1    | out |   10|  ap_memory |     Lam_bufB2     |     array    |
|Lam_bufB2_ce1         | out |    1|  ap_memory |     Lam_bufB2     |     array    |
|Lam_bufB2_q1          |  in |   16|  ap_memory |     Lam_bufB2     |     array    |
|Lam_bufB3a_address0   | out |   10|  ap_memory |     Lam_bufB3a    |     array    |
|Lam_bufB3a_ce0        | out |    1|  ap_memory |     Lam_bufB3a    |     array    |
|Lam_bufB3a_q0         |  in |   16|  ap_memory |     Lam_bufB3a    |     array    |
|Lam_bufB3a_address1   | out |   10|  ap_memory |     Lam_bufB3a    |     array    |
|Lam_bufB3a_ce1        | out |    1|  ap_memory |     Lam_bufB3a    |     array    |
|Lam_bufB3a_q1         |  in |   16|  ap_memory |     Lam_bufB3a    |     array    |
|Lam_bufB3b_address0   | out |   10|  ap_memory |     Lam_bufB3b    |     array    |
|Lam_bufB3b_ce0        | out |    1|  ap_memory |     Lam_bufB3b    |     array    |
|Lam_bufB3b_q0         |  in |   16|  ap_memory |     Lam_bufB3b    |     array    |
|Lam_bufB3b_address1   | out |   10|  ap_memory |     Lam_bufB3b    |     array    |
|Lam_bufB3b_ce1        | out |    1|  ap_memory |     Lam_bufB3b    |     array    |
|Lam_bufB3b_q1         |  in |   16|  ap_memory |     Lam_bufB3b    |     array    |
|Lam_bufB5a_address0   | out |   10|  ap_memory |     Lam_bufB5a    |     array    |
|Lam_bufB5a_ce0        | out |    1|  ap_memory |     Lam_bufB5a    |     array    |
|Lam_bufB5a_q0         |  in |   16|  ap_memory |     Lam_bufB5a    |     array    |
|Lam_bufB5a_address1   | out |   10|  ap_memory |     Lam_bufB5a    |     array    |
|Lam_bufB5a_ce1        | out |    1|  ap_memory |     Lam_bufB5a    |     array    |
|Lam_bufB5a_q1         |  in |   16|  ap_memory |     Lam_bufB5a    |     array    |
|Lam_bufB5b_address0   | out |   10|  ap_memory |     Lam_bufB5b    |     array    |
|Lam_bufB5b_ce0        | out |    1|  ap_memory |     Lam_bufB5b    |     array    |
|Lam_bufB5b_q0         |  in |   16|  ap_memory |     Lam_bufB5b    |     array    |
|Lam_bufB5b_address1   | out |   10|  ap_memory |     Lam_bufB5b    |     array    |
|Lam_bufB5b_ce1        | out |    1|  ap_memory |     Lam_bufB5b    |     array    |
|Lam_bufB5b_q1         |  in |   16|  ap_memory |     Lam_bufB5b    |     array    |
|Lam_bufB6_address0    | out |   10|  ap_memory |     Lam_bufB6     |     array    |
|Lam_bufB6_ce0         | out |    1|  ap_memory |     Lam_bufB6     |     array    |
|Lam_bufB6_q0          |  in |   16|  ap_memory |     Lam_bufB6     |     array    |
|Lam_bufB6_address1    | out |   10|  ap_memory |     Lam_bufB6     |     array    |
|Lam_bufB6_ce1         | out |    1|  ap_memory |     Lam_bufB6     |     array    |
|Lam_bufB6_q1          |  in |   16|  ap_memory |     Lam_bufB6     |     array    |
|SpEtaPrevB_address0   | out |   11|  ap_memory |     SpEtaPrevB    |     array    |
|SpEtaPrevB_ce0        | out |    1|  ap_memory |     SpEtaPrevB    |     array    |
|SpEtaPrevB_q0         |  in |   16|  ap_memory |     SpEtaPrevB    |     array    |
|SpEtaPrevBa_address0  | out |   11|  ap_memory |    SpEtaPrevBa    |     array    |
|SpEtaPrevBa_ce0       | out |    1|  ap_memory |    SpEtaPrevBa    |     array    |
|SpEtaPrevBa_q0        |  in |   32|  ap_memory |    SpEtaPrevBa    |     array    |
|SpEtaPrevBb_address0  | out |   10|  ap_memory |    SpEtaPrevBb    |     array    |
|SpEtaPrevBb_ce0       | out |    1|  ap_memory |    SpEtaPrevBb    |     array    |
|SpEtaPrevBb_q0        |  in |   32|  ap_memory |    SpEtaPrevBb    |     array    |
|SpEtaPrevE_address0   | out |   11|  ap_memory |     SpEtaPrevE    |     array    |
|SpEtaPrevE_ce0        | out |    1|  ap_memory |     SpEtaPrevE    |     array    |
|SpEtaPrevE_q0         |  in |   16|  ap_memory |     SpEtaPrevE    |     array    |
|SpEtaPrevEa_address0  | out |   11|  ap_memory |    SpEtaPrevEa    |     array    |
|SpEtaPrevEa_ce0       | out |    1|  ap_memory |    SpEtaPrevEa    |     array    |
|SpEtaPrevEa_q0        |  in |   32|  ap_memory |    SpEtaPrevEa    |     array    |
|SpEtaPrevEb_address0  | out |   10|  ap_memory |    SpEtaPrevEb    |     array    |
|SpEtaPrevEb_ce0       | out |    1|  ap_memory |    SpEtaPrevEb    |     array    |
|SpEtaPrevEb_q0        |  in |   32|  ap_memory |    SpEtaPrevEb    |     array    |
|nIterationCounter     |  in |   16|   ap_none  | nIterationCounter |    pointer   |
+----------------------+-----+-----+------------+-------------------+--------------+

