

================================================================
== Vivado HLS Report for 'setup_calc_23'
================================================================
* Date:           Thu Aug 11 10:28:42 2022

* Version:        2016.4 (Build 1756540 on Mon Jan 23 19:31:01 MST 2017)
* Project:        LDPC_Decoder3U
* Solution:       solution1
* Product family: kintex7
* Target device:  xc7k160tfbg676-1


================================================================
== Performance Estimates
================================================================
+ Timing (ns): 
    * Summary: 
    +--------+-------+----------+------------+
    |  Clock | Target| Estimated| Uncertainty|
    +--------+-------+----------+------------+
    |ap_clk  |  10.00|      5.56|        1.25|
    +--------+-------+----------+------------+

+ Latency (clock cycles): 
    * Summary: 
    +-----+-----+-----+-----+---------+
    |  Latency  |  Interval | Pipeline|
    | min | max | min | max |   Type  |
    +-----+-----+-----+-----+---------+
    |    3|    3|    3|    3|   none  |
    +-----+-----+-----+-----+---------+

    + Detail: 
        * Instance: 
        +-----------------------+------------+-----+-----+-----+-----+----------+
        |                       |            |  Latency  |  Interval | Pipeline |
        |        Instance       |   Module   | min | max | min | max |   Type   |
        +-----------------------+------------+-----+-----+-----+-----+----------+
        |grp_mcalcAA_23_fu_556  |mcalcAA_23  |    3|    3|    2|    2| function |
        +-----------------------+------------+-----+-----+-----+-----+----------+

        * Loop: 
        N/A



================================================================
== Utilization Estimates
================================================================
* Summary: 
+-----------------+---------+-------+--------+--------+
|       Name      | BRAM_18K| DSP48E|   FF   |   LUT  |
+-----------------+---------+-------+--------+--------+
|DSP              |        -|      -|       -|       -|
|Expression       |        -|      -|       -|       -|
|FIFO             |        -|      -|       -|       -|
|Instance         |       25|      -|     944|     988|
|Memory           |        -|      -|       -|       -|
|Multiplexer      |        -|      -|       -|       1|
|Register         |        -|      -|       4|       -|
+-----------------+---------+-------+--------+--------+
|Total            |       25|      0|     948|     989|
+-----------------+---------+-------+--------+--------+
|Available        |      650|    600|  202800|  101400|
+-----------------+---------+-------+--------+--------+
|Utilization (%)  |        3|      0|   ~0   |   ~0   |
+-----------------+---------+-------+--------+--------+

+ Detail: 
    * Instance: 
    +-----------------------+------------+---------+-------+-----+-----+
    |        Instance       |   Module   | BRAM_18K| DSP48E|  FF | LUT |
    +-----------------------+------------+---------+-------+-----+-----+
    |grp_mcalcAA_23_fu_556  |mcalcAA_23  |       25|      0|  944|  988|
    +-----------------------+------------+---------+-------+-----+-----+
    |Total                  |            |       25|      0|  944|  988|
    +-----------------------+------------+---------+-------+-----+-----+

    * DSP48: 
    N/A

    * Memory: 
    N/A

    * FIFO: 
    N/A

    * Expression: 
    N/A

    * Multiplexer: 
    +-----------+----+-----------+-----+-----------+
    |    Name   | LUT| Input Size| Bits| Total Bits|
    +-----------+----+-----------+-----+-----------+
    |ap_NS_fsm  |   1|          5|    1|          5|
    +-----------+----+-----------+-----+-----------+
    |Total      |   1|          5|    1|          5|
    +-----------+----+-----------+-----+-----------+

    * Register: 
    +-----------+---+----+-----+-----------+
    |    Name   | FF| LUT| Bits| Const Bits|
    +-----------+---+----+-----+-----------+
    |ap_CS_fsm  |  4|   0|    4|          0|
    +-----------+---+----+-----+-----------+
    |Total      |  4|   0|    4|          0|
    +-----------+---+----+-----+-----------+



================================================================
== Interface
================================================================
* Summary: 
+----------------------+-----+-----+------------+-------------------+--------------+
|       RTL Ports      | Dir | Bits|  Protocol  |   Source Object   |    C Type    |
+----------------------+-----+-----+------------+-------------------+--------------+
|ap_clk                |  in |    1| ap_ctrl_hs |   setup_calc_23   | return value |
|ap_rst                |  in |    1| ap_ctrl_hs |   setup_calc_23   | return value |
|ap_start              |  in |    1| ap_ctrl_hs |   setup_calc_23   | return value |
|ap_done               | out |    1| ap_ctrl_hs |   setup_calc_23   | return value |
|ap_idle               | out |    1| ap_ctrl_hs |   setup_calc_23   | return value |
|ap_ready              | out |    1| ap_ctrl_hs |   setup_calc_23   | return value |
|m                     |  in |   16|   ap_none  |         m         |    scalar    |
|mA                    |  in |   16|   ap_none  |         mA        |    scalar    |
|mB                    |  in |   16|   ap_none  |         mB        |    scalar    |
|inxtab_0              | out |   16|   ap_vld   |      inxtab_0     |    pointer   |
|inxtab_0_ap_vld       | out |    1|   ap_vld   |      inxtab_0     |    pointer   |
|inxtab_1              | out |   16|   ap_vld   |      inxtab_1     |    pointer   |
|inxtab_1_ap_vld       | out |    1|   ap_vld   |      inxtab_1     |    pointer   |
|inxtab_2              | out |   16|   ap_vld   |      inxtab_2     |    pointer   |
|inxtab_2_ap_vld       | out |    1|   ap_vld   |      inxtab_2     |    pointer   |
|numb                  |  in |   16|   ap_none  |        numb       |    pointer   |
|Lam_buf4_address0     | out |   10|  ap_memory |      Lam_buf4     |     array    |
|Lam_buf4_ce0          | out |    1|  ap_memory |      Lam_buf4     |     array    |
|Lam_buf4_q0           |  in |   16|  ap_memory |      Lam_buf4     |     array    |
|Lam_buf4_address1     | out |   10|  ap_memory |      Lam_buf4     |     array    |
|Lam_buf4_ce1          | out |    1|  ap_memory |      Lam_buf4     |     array    |
|Lam_buf4_q1           |  in |   16|  ap_memory |      Lam_buf4     |     array    |
|Lam_buf6_address0     | out |   10|  ap_memory |      Lam_buf6     |     array    |
|Lam_buf6_ce0          | out |    1|  ap_memory |      Lam_buf6     |     array    |
|Lam_buf6_q0           |  in |   16|  ap_memory |      Lam_buf6     |     array    |
|Lam_buf6_address1     | out |   10|  ap_memory |      Lam_buf6     |     array    |
|Lam_buf6_ce1          | out |    1|  ap_memory |      Lam_buf6     |     array    |
|Lam_buf6_q1           |  in |   16|  ap_memory |      Lam_buf6     |     array    |
|Lam_buf6a_address0    | out |   10|  ap_memory |     Lam_buf6a     |     array    |
|Lam_buf6a_ce0         | out |    1|  ap_memory |     Lam_buf6a     |     array    |
|Lam_buf6a_q0          |  in |   16|  ap_memory |     Lam_buf6a     |     array    |
|Lam_buf6a_address1    | out |   10|  ap_memory |     Lam_buf6a     |     array    |
|Lam_buf6a_ce1         | out |    1|  ap_memory |     Lam_buf6a     |     array    |
|Lam_buf6a_q1          |  in |   16|  ap_memory |     Lam_buf6a     |     array    |
|SpEtaPrev_address0    | out |   11|  ap_memory |     SpEtaPrev     |     array    |
|SpEtaPrev_ce0         | out |    1|  ap_memory |     SpEtaPrev     |     array    |
|SpEtaPrev_q0          |  in |   32|  ap_memory |     SpEtaPrev     |     array    |
|SpEtaPrevC_address0   | out |   11|  ap_memory |     SpEtaPrevC    |     array    |
|SpEtaPrevC_ce0        | out |    1|  ap_memory |     SpEtaPrevC    |     array    |
|SpEtaPrevC_q0         |  in |   32|  ap_memory |     SpEtaPrevC    |     array    |
|Lam_bufAa_address0    | out |   10|  ap_memory |     Lam_bufAa     |     array    |
|Lam_bufAa_ce0         | out |    1|  ap_memory |     Lam_bufAa     |     array    |
|Lam_bufAa_q0          |  in |   16|  ap_memory |     Lam_bufAa     |     array    |
|Lam_bufAa_address1    | out |   10|  ap_memory |     Lam_bufAa     |     array    |
|Lam_bufAa_ce1         | out |    1|  ap_memory |     Lam_bufAa     |     array    |
|Lam_bufAa_q1          |  in |   16|  ap_memory |     Lam_bufAa     |     array    |
|Lam_bufAb_address0    | out |   10|  ap_memory |     Lam_bufAb     |     array    |
|Lam_bufAb_ce0         | out |    1|  ap_memory |     Lam_bufAb     |     array    |
|Lam_bufAb_q0          |  in |   16|  ap_memory |     Lam_bufAb     |     array    |
|Lam_bufAb_address1    | out |   10|  ap_memory |     Lam_bufAb     |     array    |
|Lam_bufAb_ce1         | out |    1|  ap_memory |     Lam_bufAb     |     array    |
|Lam_bufAb_q1          |  in |   16|  ap_memory |     Lam_bufAb     |     array    |
|Lam_bufAc_address0    | out |   10|  ap_memory |     Lam_bufAc     |     array    |
|Lam_bufAc_ce0         | out |    1|  ap_memory |     Lam_bufAc     |     array    |
|Lam_bufAc_q0          |  in |   16|  ap_memory |     Lam_bufAc     |     array    |
|Lam_bufAc_address1    | out |   10|  ap_memory |     Lam_bufAc     |     array    |
|Lam_bufAc_ce1         | out |    1|  ap_memory |     Lam_bufAc     |     array    |
|Lam_bufAc_q1          |  in |   16|  ap_memory |     Lam_bufAc     |     array    |
|Lam_bufA1_address0    | out |   10|  ap_memory |     Lam_bufA1     |     array    |
|Lam_bufA1_ce0         | out |    1|  ap_memory |     Lam_bufA1     |     array    |
|Lam_bufA1_q0          |  in |   16|  ap_memory |     Lam_bufA1     |     array    |
|Lam_bufA1_address1    | out |   10|  ap_memory |     Lam_bufA1     |     array    |
|Lam_bufA1_ce1         | out |    1|  ap_memory |     Lam_bufA1     |     array    |
|Lam_bufA1_q1          |  in |   16|  ap_memory |     Lam_bufA1     |     array    |
|Lam_bufA2a_address0   | out |   10|  ap_memory |     Lam_bufA2a    |     array    |
|Lam_bufA2a_ce0        | out |    1|  ap_memory |     Lam_bufA2a    |     array    |
|Lam_bufA2a_q0         |  in |   16|  ap_memory |     Lam_bufA2a    |     array    |
|Lam_bufA2a_address1   | out |   10|  ap_memory |     Lam_bufA2a    |     array    |
|Lam_bufA2a_ce1        | out |    1|  ap_memory |     Lam_bufA2a    |     array    |
|Lam_bufA2a_q1         |  in |   16|  ap_memory |     Lam_bufA2a    |     array    |
|Lam_bufA3_address0    | out |   10|  ap_memory |     Lam_bufA3     |     array    |
|Lam_bufA3_ce0         | out |    1|  ap_memory |     Lam_bufA3     |     array    |
|Lam_bufA3_q0          |  in |   16|  ap_memory |     Lam_bufA3     |     array    |
|Lam_bufA3_address1    | out |   10|  ap_memory |     Lam_bufA3     |     array    |
|Lam_bufA3_ce1         | out |    1|  ap_memory |     Lam_bufA3     |     array    |
|Lam_bufA3_q1          |  in |   16|  ap_memory |     Lam_bufA3     |     array    |
|Lam_bufA5_address0    | out |   10|  ap_memory |     Lam_bufA5     |     array    |
|Lam_bufA5_ce0         | out |    1|  ap_memory |     Lam_bufA5     |     array    |
|Lam_bufA5_q0          |  in |   16|  ap_memory |     Lam_bufA5     |     array    |
|Lam_bufA5_address1    | out |   10|  ap_memory |     Lam_bufA5     |     array    |
|Lam_bufA5_ce1         | out |    1|  ap_memory |     Lam_bufA5     |     array    |
|Lam_bufA5_q1          |  in |   16|  ap_memory |     Lam_bufA5     |     array    |
|Lam_bufA6b_address0   | out |   10|  ap_memory |     Lam_bufA6b    |     array    |
|Lam_bufA6b_ce0        | out |    1|  ap_memory |     Lam_bufA6b    |     array    |
|Lam_bufA6b_q0         |  in |   16|  ap_memory |     Lam_bufA6b    |     array    |
|Lam_bufA6b_address1   | out |   10|  ap_memory |     Lam_bufA6b    |     array    |
|Lam_bufA6b_ce1        | out |    1|  ap_memory |     Lam_bufA6b    |     array    |
|Lam_bufA6b_q1         |  in |   16|  ap_memory |     Lam_bufA6b    |     array    |
|Lam_bufA6c_address0   | out |   10|  ap_memory |     Lam_bufA6c    |     array    |
|Lam_bufA6c_ce0        | out |    1|  ap_memory |     Lam_bufA6c    |     array    |
|Lam_bufA6c_q0         |  in |   16|  ap_memory |     Lam_bufA6c    |     array    |
|Lam_bufA6c_address1   | out |   10|  ap_memory |     Lam_bufA6c    |     array    |
|Lam_bufA6c_ce1        | out |    1|  ap_memory |     Lam_bufA6c    |     array    |
|Lam_bufA6c_q1         |  in |   16|  ap_memory |     Lam_bufA6c    |     array    |
|Lam_bufA6_address0    | out |   10|  ap_memory |     Lam_bufA6     |     array    |
|Lam_bufA6_ce0         | out |    1|  ap_memory |     Lam_bufA6     |     array    |
|Lam_bufA6_q0          |  in |   16|  ap_memory |     Lam_bufA6     |     array    |
|SpEtaPrevA_address0   | out |   11|  ap_memory |     SpEtaPrevA    |     array    |
|SpEtaPrevA_ce0        | out |    1|  ap_memory |     SpEtaPrevA    |     array    |
|SpEtaPrevA_q0         |  in |   16|  ap_memory |     SpEtaPrevA    |     array    |
|SpEtaPrevAa_address0  | out |   11|  ap_memory |    SpEtaPrevAa    |     array    |
|SpEtaPrevAa_ce0       | out |    1|  ap_memory |    SpEtaPrevAa    |     array    |
|SpEtaPrevAa_q0        |  in |   32|  ap_memory |    SpEtaPrevAa    |     array    |
|SpEtaPrevAb_address0  | out |   10|  ap_memory |    SpEtaPrevAb    |     array    |
|SpEtaPrevAb_ce0       | out |    1|  ap_memory |    SpEtaPrevAb    |     array    |
|SpEtaPrevAb_q0        |  in |   32|  ap_memory |    SpEtaPrevAb    |     array    |
|SpEtaPrevD_address0   | out |   11|  ap_memory |     SpEtaPrevD    |     array    |
|SpEtaPrevD_ce0        | out |    1|  ap_memory |     SpEtaPrevD    |     array    |
|SpEtaPrevD_q0         |  in |   16|  ap_memory |     SpEtaPrevD    |     array    |
|SpEtaPrevDa_address0  | out |   11|  ap_memory |    SpEtaPrevDa    |     array    |
|SpEtaPrevDa_ce0       | out |    1|  ap_memory |    SpEtaPrevDa    |     array    |
|SpEtaPrevDa_q0        |  in |   32|  ap_memory |    SpEtaPrevDa    |     array    |
|SpEtaPrevDb_address0  | out |   10|  ap_memory |    SpEtaPrevDb    |     array    |
|SpEtaPrevDb_ce0       | out |    1|  ap_memory |    SpEtaPrevDb    |     array    |
|SpEtaPrevDb_q0        |  in |   32|  ap_memory |    SpEtaPrevDb    |     array    |
|Lam_bufB_address0     | out |   10|  ap_memory |      Lam_bufB     |     array    |
|Lam_bufB_ce0          | out |    1|  ap_memory |      Lam_bufB     |     array    |
|Lam_bufB_q0           |  in |   16|  ap_memory |      Lam_bufB     |     array    |
|Lam_bufB_address1     | out |   10|  ap_memory |      Lam_bufB     |     array    |
|Lam_bufB_ce1          | out |    1|  ap_memory |      Lam_bufB     |     array    |
|Lam_bufB_q1           |  in |   16|  ap_memory |      Lam_bufB     |     array    |
|Lam_bufB1a_address0   | out |   10|  ap_memory |     Lam_bufB1a    |     array    |
|Lam_bufB1a_ce0        | out |    1|  ap_memory |     Lam_bufB1a    |     array    |
|Lam_bufB1a_q0         |  in |   16|  ap_memory |     Lam_bufB1a    |     array    |
|Lam_bufB1a_address1   | out |   10|  ap_memory |     Lam_bufB1a    |     array    |
|Lam_bufB1a_ce1        | out |    1|  ap_memory |     Lam_bufB1a    |     array    |
|Lam_bufB1a_q1         |  in |   16|  ap_memory |     Lam_bufB1a    |     array    |
|Lam_bufB1b_address0   | out |   10|  ap_memory |     Lam_bufB1b    |     array    |
|Lam_bufB1b_ce0        | out |    1|  ap_memory |     Lam_bufB1b    |     array    |
|Lam_bufB1b_q0         |  in |   16|  ap_memory |     Lam_bufB1b    |     array    |
|Lam_bufB1b_address1   | out |   10|  ap_memory |     Lam_bufB1b    |     array    |
|Lam_bufB1b_ce1        | out |    1|  ap_memory |     Lam_bufB1b    |     array    |
|Lam_bufB1b_q1         |  in |   16|  ap_memory |     Lam_bufB1b    |     array    |
|Lam_bufB1c_address0   | out |   10|  ap_memory |     Lam_bufB1c    |     array    |
|Lam_bufB1c_ce0        | out |    1|  ap_memory |     Lam_bufB1c    |     array    |
|Lam_bufB1c_q0         |  in |   16|  ap_memory |     Lam_bufB1c    |     array    |
|Lam_bufB1c_address1   | out |   10|  ap_memory |     Lam_bufB1c    |     array    |
|Lam_bufB1c_ce1        | out |    1|  ap_memory |     Lam_bufB1c    |     array    |
|Lam_bufB1c_q1         |  in |   16|  ap_memory |     Lam_bufB1c    |     array    |
|Lam_bufB2_address0    | out |   10|  ap_memory |     Lam_bufB2     |     array    |
|Lam_bufB2_ce0         | out |    1|  ap_memory |     Lam_bufB2     |     array    |
|Lam_bufB2_q0          |  in |   16|  ap_memory |     Lam_bufB2     |     array    |
|Lam_bufB2_address1    | out |   10|  ap_memory |     Lam_bufB2     |     array    |
|Lam_bufB2_ce1         | out |    1|  ap_memory |     Lam_bufB2     |     array    |
|Lam_bufB2_q1          |  in |   16|  ap_memory |     Lam_bufB2     |     array    |
|Lam_bufB3a_address0   | out |   10|  ap_memory |     Lam_bufB3a    |     array    |
|Lam_bufB3a_ce0        | out |    1|  ap_memory |     Lam_bufB3a    |     array    |
|Lam_bufB3a_q0         |  in |   16|  ap_memory |     Lam_bufB3a    |     array    |
|Lam_bufB3a_address1   | out |   10|  ap_memory |     Lam_bufB3a    |     array    |
|Lam_bufB3a_ce1        | out |    1|  ap_memory |     Lam_bufB3a    |     array    |
|Lam_bufB3a_q1         |  in |   16|  ap_memory |     Lam_bufB3a    |     array    |
|Lam_bufB3b_address0   | out |   10|  ap_memory |     Lam_bufB3b    |     array    |
|Lam_bufB3b_ce0        | out |    1|  ap_memory |     Lam_bufB3b    |     array    |
|Lam_bufB3b_q0         |  in |   16|  ap_memory |     Lam_bufB3b    |     array    |
|Lam_bufB3b_address1   | out |   10|  ap_memory |     Lam_bufB3b    |     array    |
|Lam_bufB3b_ce1        | out |    1|  ap_memory |     Lam_bufB3b    |     array    |
|Lam_bufB3b_q1         |  in |   16|  ap_memory |     Lam_bufB3b    |     array    |
|Lam_bufB5a_address0   | out |   10|  ap_memory |     Lam_bufB5a    |     array    |
|Lam_bufB5a_ce0        | out |    1|  ap_memory |     Lam_bufB5a    |     array    |
|Lam_bufB5a_q0         |  in |   16|  ap_memory |     Lam_bufB5a    |     array    |
|Lam_bufB5a_address1   | out |   10|  ap_memory |     Lam_bufB5a    |     array    |
|Lam_bufB5a_ce1        | out |    1|  ap_memory |     Lam_bufB5a    |     array    |
|Lam_bufB5a_q1         |  in |   16|  ap_memory |     Lam_bufB5a    |     array    |
|Lam_bufB5b_address0   | out |   10|  ap_memory |     Lam_bufB5b    |     array    |
|Lam_bufB5b_ce0        | out |    1|  ap_memory |     Lam_bufB5b    |     array    |
|Lam_bufB5b_q0         |  in |   16|  ap_memory |     Lam_bufB5b    |     array    |
|Lam_bufB5b_address1   | out |   10|  ap_memory |     Lam_bufB5b    |     array    |
|Lam_bufB5b_ce1        | out |    1|  ap_memory |     Lam_bufB5b    |     array    |
|Lam_bufB5b_q1         |  in |   16|  ap_memory |     Lam_bufB5b    |     array    |
|Lam_bufB6_address0    | out |   10|  ap_memory |     Lam_bufB6     |     array    |
|Lam_bufB6_ce0         | out |    1|  ap_memory |     Lam_bufB6     |     array    |
|Lam_bufB6_q0          |  in |   16|  ap_memory |     Lam_bufB6     |     array    |
|Lam_bufB6_address1    | out |   10|  ap_memory |     Lam_bufB6     |     array    |
|Lam_bufB6_ce1         | out |    1|  ap_memory |     Lam_bufB6     |     array    |
|Lam_bufB6_q1          |  in |   16|  ap_memory |     Lam_bufB6     |     array    |
|SpEtaPrevB_address0   | out |   11|  ap_memory |     SpEtaPrevB    |     array    |
|SpEtaPrevB_ce0        | out |    1|  ap_memory |     SpEtaPrevB    |     array    |
|SpEtaPrevB_q0         |  in |   16|  ap_memory |     SpEtaPrevB    |     array    |
|SpEtaPrevBa_address0  | out |   11|  ap_memory |    SpEtaPrevBa    |     array    |
|SpEtaPrevBa_ce0       | out |    1|  ap_memory |    SpEtaPrevBa    |     array    |
|SpEtaPrevBa_q0        |  in |   32|  ap_memory |    SpEtaPrevBa    |     array    |
|SpEtaPrevBb_address0  | out |   10|  ap_memory |    SpEtaPrevBb    |     array    |
|SpEtaPrevBb_ce0       | out |    1|  ap_memory |    SpEtaPrevBb    |     array    |
|SpEtaPrevBb_q0        |  in |   32|  ap_memory |    SpEtaPrevBb    |     array    |
|SpEtaPrevE_address0   | out |   11|  ap_memory |     SpEtaPrevE    |     array    |
|SpEtaPrevE_ce0        | out |    1|  ap_memory |     SpEtaPrevE    |     array    |
|SpEtaPrevE_q0         |  in |   16|  ap_memory |     SpEtaPrevE    |     array    |
|SpEtaPrevEa_address0  | out |   11|  ap_memory |    SpEtaPrevEa    |     array    |
|SpEtaPrevEa_ce0       | out |    1|  ap_memory |    SpEtaPrevEa    |     array    |
|SpEtaPrevEa_q0        |  in |   32|  ap_memory |    SpEtaPrevEa    |     array    |
|SpEtaPrevEb_address0  | out |   10|  ap_memory |    SpEtaPrevEb    |     array    |
|SpEtaPrevEb_ce0       | out |    1|  ap_memory |    SpEtaPrevEb    |     array    |
|SpEtaPrevEb_q0        |  in |   32|  ap_memory |    SpEtaPrevEb    |     array    |
|nIterationCounter     |  in |   16|   ap_none  | nIterationCounter |    pointer   |
|Eta_tabx_0            | out |   16|   ap_vld   |     Eta_tabx_0    |    pointer   |
|Eta_tabx_0_ap_vld     | out |    1|   ap_vld   |     Eta_tabx_0    |    pointer   |
|Eta_tabx_1            | out |   16|   ap_vld   |     Eta_tabx_1    |    pointer   |
|Eta_tabx_1_ap_vld     | out |    1|   ap_vld   |     Eta_tabx_1    |    pointer   |
|Eta_tabx_2            | out |   16|   ap_vld   |     Eta_tabx_2    |    pointer   |
|Eta_tabx_2_ap_vld     | out |    1|   ap_vld   |     Eta_tabx_2    |    pointer   |
|Lam_tabx_0            | out |   16|   ap_vld   |     Lam_tabx_0    |    pointer   |
|Lam_tabx_0_ap_vld     | out |    1|   ap_vld   |     Lam_tabx_0    |    pointer   |
|Lam_tabx_1            | out |   16|   ap_vld   |     Lam_tabx_1    |    pointer   |
|Lam_tabx_1_ap_vld     | out |    1|   ap_vld   |     Lam_tabx_1    |    pointer   |
|Lam_tabx_2            | out |   16|   ap_vld   |     Lam_tabx_2    |    pointer   |
|Lam_tabx_2_ap_vld     | out |    1|   ap_vld   |     Lam_tabx_2    |    pointer   |
|Peta_tabx_0           | out |   16|   ap_vld   |    Peta_tabx_0    |    pointer   |
|Peta_tabx_0_ap_vld    | out |    1|   ap_vld   |    Peta_tabx_0    |    pointer   |
|Peta_tabx_1           | out |   16|   ap_vld   |    Peta_tabx_1    |    pointer   |
|Peta_tabx_1_ap_vld    | out |    1|   ap_vld   |    Peta_tabx_1    |    pointer   |
|Peta_tabx_2           | out |   16|   ap_vld   |    Peta_tabx_2    |    pointer   |
|Peta_tabx_2_ap_vld    | out |    1|   ap_vld   |    Peta_tabx_2    |    pointer   |
|Eta_taby_0            | out |   16|   ap_vld   |     Eta_taby_0    |    pointer   |
|Eta_taby_0_ap_vld     | out |    1|   ap_vld   |     Eta_taby_0    |    pointer   |
|Eta_taby_1            | out |   16|   ap_vld   |     Eta_taby_1    |    pointer   |
|Eta_taby_1_ap_vld     | out |    1|   ap_vld   |     Eta_taby_1    |    pointer   |
|Eta_taby_2            | out |   16|   ap_vld   |     Eta_taby_2    |    pointer   |
|Eta_taby_2_ap_vld     | out |    1|   ap_vld   |     Eta_taby_2    |    pointer   |
|Eta_taby_3            | out |   16|   ap_vld   |     Eta_taby_3    |    pointer   |
|Eta_taby_3_ap_vld     | out |    1|   ap_vld   |     Eta_taby_3    |    pointer   |
|Eta_taby_4            | out |   16|   ap_vld   |     Eta_taby_4    |    pointer   |
|Eta_taby_4_ap_vld     | out |    1|   ap_vld   |     Eta_taby_4    |    pointer   |
|Eta_taby_5            | out |   16|   ap_vld   |     Eta_taby_5    |    pointer   |
|Eta_taby_5_ap_vld     | out |    1|   ap_vld   |     Eta_taby_5    |    pointer   |
|Eta_taby_6            | out |   16|   ap_vld   |     Eta_taby_6    |    pointer   |
|Eta_taby_6_ap_vld     | out |    1|   ap_vld   |     Eta_taby_6    |    pointer   |
|Eta_taby_7            | out |   16|   ap_vld   |     Eta_taby_7    |    pointer   |
|Eta_taby_7_ap_vld     | out |    1|   ap_vld   |     Eta_taby_7    |    pointer   |
|Eta_taby_8            | out |   16|   ap_vld   |     Eta_taby_8    |    pointer   |
|Eta_taby_8_ap_vld     | out |    1|   ap_vld   |     Eta_taby_8    |    pointer   |
|Eta_taby_9            | out |   16|   ap_vld   |     Eta_taby_9    |    pointer   |
|Eta_taby_9_ap_vld     | out |    1|   ap_vld   |     Eta_taby_9    |    pointer   |
|Lam_taby_0            | out |   16|   ap_vld   |     Lam_taby_0    |    pointer   |
|Lam_taby_0_ap_vld     | out |    1|   ap_vld   |     Lam_taby_0    |    pointer   |
|Lam_taby_1            | out |   16|   ap_vld   |     Lam_taby_1    |    pointer   |
|Lam_taby_1_ap_vld     | out |    1|   ap_vld   |     Lam_taby_1    |    pointer   |
|Lam_taby_2            | out |   16|   ap_vld   |     Lam_taby_2    |    pointer   |
|Lam_taby_2_ap_vld     | out |    1|   ap_vld   |     Lam_taby_2    |    pointer   |
|Lam_taby_3            | out |   16|   ap_vld   |     Lam_taby_3    |    pointer   |
|Lam_taby_3_ap_vld     | out |    1|   ap_vld   |     Lam_taby_3    |    pointer   |
|Lam_taby_4            | out |   16|   ap_vld   |     Lam_taby_4    |    pointer   |
|Lam_taby_4_ap_vld     | out |    1|   ap_vld   |     Lam_taby_4    |    pointer   |
|Lam_taby_5            | out |   16|   ap_vld   |     Lam_taby_5    |    pointer   |
|Lam_taby_5_ap_vld     | out |    1|   ap_vld   |     Lam_taby_5    |    pointer   |
|Lam_taby_6            | out |   16|   ap_vld   |     Lam_taby_6    |    pointer   |
|Lam_taby_6_ap_vld     | out |    1|   ap_vld   |     Lam_taby_6    |    pointer   |
|Lam_taby_7            | out |   16|   ap_vld   |     Lam_taby_7    |    pointer   |
|Lam_taby_7_ap_vld     | out |    1|   ap_vld   |     Lam_taby_7    |    pointer   |
|Lam_taby_8            | out |   16|   ap_vld   |     Lam_taby_8    |    pointer   |
|Lam_taby_8_ap_vld     | out |    1|   ap_vld   |     Lam_taby_8    |    pointer   |
|Lam_taby_9            | out |   16|   ap_vld   |     Lam_taby_9    |    pointer   |
|Lam_taby_9_ap_vld     | out |    1|   ap_vld   |     Lam_taby_9    |    pointer   |
|Lam_taby_10           | out |   16|   ap_vld   |    Lam_taby_10    |    pointer   |
|Lam_taby_10_ap_vld    | out |    1|   ap_vld   |    Lam_taby_10    |    pointer   |
|Lam_taby_11           | out |   16|   ap_vld   |    Lam_taby_11    |    pointer   |
|Lam_taby_11_ap_vld    | out |    1|   ap_vld   |    Lam_taby_11    |    pointer   |
|Lam_taby_12           | out |   16|   ap_vld   |    Lam_taby_12    |    pointer   |
|Lam_taby_12_ap_vld    | out |    1|   ap_vld   |    Lam_taby_12    |    pointer   |
|Lam_taby_13           | out |   16|   ap_vld   |    Lam_taby_13    |    pointer   |
|Lam_taby_13_ap_vld    | out |    1|   ap_vld   |    Lam_taby_13    |    pointer   |
|Lam_taby_14           | out |   16|   ap_vld   |    Lam_taby_14    |    pointer   |
|Lam_taby_14_ap_vld    | out |    1|   ap_vld   |    Lam_taby_14    |    pointer   |
|Lam_taby_15           | out |   16|   ap_vld   |    Lam_taby_15    |    pointer   |
|Lam_taby_15_ap_vld    | out |    1|   ap_vld   |    Lam_taby_15    |    pointer   |
|Lam_taby_16           | out |   16|   ap_vld   |    Lam_taby_16    |    pointer   |
|Lam_taby_16_ap_vld    | out |    1|   ap_vld   |    Lam_taby_16    |    pointer   |
|Lam_taby_17           | out |   16|   ap_vld   |    Lam_taby_17    |    pointer   |
|Lam_taby_17_ap_vld    | out |    1|   ap_vld   |    Lam_taby_17    |    pointer   |
|Peta_taby_0           | out |   16|   ap_vld   |    Peta_taby_0    |    pointer   |
|Peta_taby_0_ap_vld    | out |    1|   ap_vld   |    Peta_taby_0    |    pointer   |
|Peta_taby_1           | out |   16|   ap_vld   |    Peta_taby_1    |    pointer   |
|Peta_taby_1_ap_vld    | out |    1|   ap_vld   |    Peta_taby_1    |    pointer   |
|Peta_taby_2           | out |   16|   ap_vld   |    Peta_taby_2    |    pointer   |
|Peta_taby_2_ap_vld    | out |    1|   ap_vld   |    Peta_taby_2    |    pointer   |
|Peta_taby_3           | out |   16|   ap_vld   |    Peta_taby_3    |    pointer   |
|Peta_taby_3_ap_vld    | out |    1|   ap_vld   |    Peta_taby_3    |    pointer   |
|Peta_taby_4           | out |   16|   ap_vld   |    Peta_taby_4    |    pointer   |
|Peta_taby_4_ap_vld    | out |    1|   ap_vld   |    Peta_taby_4    |    pointer   |
|Peta_taby_5           | out |   16|   ap_vld   |    Peta_taby_5    |    pointer   |
|Peta_taby_5_ap_vld    | out |    1|   ap_vld   |    Peta_taby_5    |    pointer   |
|Peta_taby_6           | out |   16|   ap_vld   |    Peta_taby_6    |    pointer   |
|Peta_taby_6_ap_vld    | out |    1|   ap_vld   |    Peta_taby_6    |    pointer   |
|Peta_taby_7           | out |   16|   ap_vld   |    Peta_taby_7    |    pointer   |
|Peta_taby_7_ap_vld    | out |    1|   ap_vld   |    Peta_taby_7    |    pointer   |
|Peta_taby_8           | out |   16|   ap_vld   |    Peta_taby_8    |    pointer   |
|Peta_taby_8_ap_vld    | out |    1|   ap_vld   |    Peta_taby_8    |    pointer   |
|Peta_taby_9           | out |   16|   ap_vld   |    Peta_taby_9    |    pointer   |
|Peta_taby_9_ap_vld    | out |    1|   ap_vld   |    Peta_taby_9    |    pointer   |
|Peta_taby_10          | out |   16|   ap_vld   |    Peta_taby_10   |    pointer   |
|Peta_taby_10_ap_vld   | out |    1|   ap_vld   |    Peta_taby_10   |    pointer   |
|Peta_taby_11          | out |   16|   ap_vld   |    Peta_taby_11   |    pointer   |
|Peta_taby_11_ap_vld   | out |    1|   ap_vld   |    Peta_taby_11   |    pointer   |
|Peta_taby_12          | out |   16|   ap_vld   |    Peta_taby_12   |    pointer   |
|Peta_taby_12_ap_vld   | out |    1|   ap_vld   |    Peta_taby_12   |    pointer   |
|Peta_taby_13          | out |   16|   ap_vld   |    Peta_taby_13   |    pointer   |
|Peta_taby_13_ap_vld   | out |    1|   ap_vld   |    Peta_taby_13   |    pointer   |
|Peta_taby_14          | out |   16|   ap_vld   |    Peta_taby_14   |    pointer   |
|Peta_taby_14_ap_vld   | out |    1|   ap_vld   |    Peta_taby_14   |    pointer   |
|Peta_taby_15          | out |   16|   ap_vld   |    Peta_taby_15   |    pointer   |
|Peta_taby_15_ap_vld   | out |    1|   ap_vld   |    Peta_taby_15   |    pointer   |
|Peta_taby_16          | out |   16|   ap_vld   |    Peta_taby_16   |    pointer   |
|Peta_taby_16_ap_vld   | out |    1|   ap_vld   |    Peta_taby_16   |    pointer   |
|Peta_taby_17          | out |   16|   ap_vld   |    Peta_taby_17   |    pointer   |
|Peta_taby_17_ap_vld   | out |    1|   ap_vld   |    Peta_taby_17   |    pointer   |
|Eta_tabz_0            | out |   16|   ap_vld   |     Eta_tabz_0    |    pointer   |
|Eta_tabz_0_ap_vld     | out |    1|   ap_vld   |     Eta_tabz_0    |    pointer   |
|Eta_tabz_1            | out |   16|   ap_vld   |     Eta_tabz_1    |    pointer   |
|Eta_tabz_1_ap_vld     | out |    1|   ap_vld   |     Eta_tabz_1    |    pointer   |
|Eta_tabz_2            | out |   16|   ap_vld   |     Eta_tabz_2    |    pointer   |
|Eta_tabz_2_ap_vld     | out |    1|   ap_vld   |     Eta_tabz_2    |    pointer   |
|Eta_tabz_3            | out |   16|   ap_vld   |     Eta_tabz_3    |    pointer   |
|Eta_tabz_3_ap_vld     | out |    1|   ap_vld   |     Eta_tabz_3    |    pointer   |
|Eta_tabz_4            | out |   16|   ap_vld   |     Eta_tabz_4    |    pointer   |
|Eta_tabz_4_ap_vld     | out |    1|   ap_vld   |     Eta_tabz_4    |    pointer   |
|Eta_tabz_5            | out |   16|   ap_vld   |     Eta_tabz_5    |    pointer   |
|Eta_tabz_5_ap_vld     | out |    1|   ap_vld   |     Eta_tabz_5    |    pointer   |
|Eta_tabz_6            | out |   16|   ap_vld   |     Eta_tabz_6    |    pointer   |
|Eta_tabz_6_ap_vld     | out |    1|   ap_vld   |     Eta_tabz_6    |    pointer   |
|Eta_tabz_7            | out |   16|   ap_vld   |     Eta_tabz_7    |    pointer   |
|Eta_tabz_7_ap_vld     | out |    1|   ap_vld   |     Eta_tabz_7    |    pointer   |
|Eta_tabz_8            | out |   16|   ap_vld   |     Eta_tabz_8    |    pointer   |
|Eta_tabz_8_ap_vld     | out |    1|   ap_vld   |     Eta_tabz_8    |    pointer   |
|Eta_tabz_9            | out |   16|   ap_vld   |     Eta_tabz_9    |    pointer   |
|Eta_tabz_9_ap_vld     | out |    1|   ap_vld   |     Eta_tabz_9    |    pointer   |
|Lam_tabz_0            | out |   16|   ap_vld   |     Lam_tabz_0    |    pointer   |
|Lam_tabz_0_ap_vld     | out |    1|   ap_vld   |     Lam_tabz_0    |    pointer   |
|Lam_tabz_1            | out |   16|   ap_vld   |     Lam_tabz_1    |    pointer   |
|Lam_tabz_1_ap_vld     | out |    1|   ap_vld   |     Lam_tabz_1    |    pointer   |
|Lam_tabz_2            | out |   16|   ap_vld   |     Lam_tabz_2    |    pointer   |
|Lam_tabz_2_ap_vld     | out |    1|   ap_vld   |     Lam_tabz_2    |    pointer   |
|Lam_tabz_3            | out |   16|   ap_vld   |     Lam_tabz_3    |    pointer   |
|Lam_tabz_3_ap_vld     | out |    1|   ap_vld   |     Lam_tabz_3    |    pointer   |
|Lam_tabz_4            | out |   16|   ap_vld   |     Lam_tabz_4    |    pointer   |
|Lam_tabz_4_ap_vld     | out |    1|   ap_vld   |     Lam_tabz_4    |    pointer   |
|Lam_tabz_5            | out |   16|   ap_vld   |     Lam_tabz_5    |    pointer   |
|Lam_tabz_5_ap_vld     | out |    1|   ap_vld   |     Lam_tabz_5    |    pointer   |
|Lam_tabz_6            | out |   16|   ap_vld   |     Lam_tabz_6    |    pointer   |
|Lam_tabz_6_ap_vld     | out |    1|   ap_vld   |     Lam_tabz_6    |    pointer   |
|Lam_tabz_7            | out |   16|   ap_vld   |     Lam_tabz_7    |    pointer   |
|Lam_tabz_7_ap_vld     | out |    1|   ap_vld   |     Lam_tabz_7    |    pointer   |
|Lam_tabz_8            | out |   16|   ap_vld   |     Lam_tabz_8    |    pointer   |
|Lam_tabz_8_ap_vld     | out |    1|   ap_vld   |     Lam_tabz_8    |    pointer   |
|Lam_tabz_9            | out |   16|   ap_vld   |     Lam_tabz_9    |    pointer   |
|Lam_tabz_9_ap_vld     | out |    1|   ap_vld   |     Lam_tabz_9    |    pointer   |
|Lam_tabz_10           | out |   16|   ap_vld   |    Lam_tabz_10    |    pointer   |
|Lam_tabz_10_ap_vld    | out |    1|   ap_vld   |    Lam_tabz_10    |    pointer   |
|Lam_tabz_11           | out |   16|   ap_vld   |    Lam_tabz_11    |    pointer   |
|Lam_tabz_11_ap_vld    | out |    1|   ap_vld   |    Lam_tabz_11    |    pointer   |
|Lam_tabz_12           | out |   16|   ap_vld   |    Lam_tabz_12    |    pointer   |
|Lam_tabz_12_ap_vld    | out |    1|   ap_vld   |    Lam_tabz_12    |    pointer   |
|Lam_tabz_13           | out |   16|   ap_vld   |    Lam_tabz_13    |    pointer   |
|Lam_tabz_13_ap_vld    | out |    1|   ap_vld   |    Lam_tabz_13    |    pointer   |
|Lam_tabz_14           | out |   16|   ap_vld   |    Lam_tabz_14    |    pointer   |
|Lam_tabz_14_ap_vld    | out |    1|   ap_vld   |    Lam_tabz_14    |    pointer   |
|Lam_tabz_15           | out |   16|   ap_vld   |    Lam_tabz_15    |    pointer   |
|Lam_tabz_15_ap_vld    | out |    1|   ap_vld   |    Lam_tabz_15    |    pointer   |
|Lam_tabz_16           | out |   16|   ap_vld   |    Lam_tabz_16    |    pointer   |
|Lam_tabz_16_ap_vld    | out |    1|   ap_vld   |    Lam_tabz_16    |    pointer   |
|Lam_tabz_17           | out |   16|   ap_vld   |    Lam_tabz_17    |    pointer   |
|Lam_tabz_17_ap_vld    | out |    1|   ap_vld   |    Lam_tabz_17    |    pointer   |
|Peta_tabz_0           | out |   16|   ap_vld   |    Peta_tabz_0    |    pointer   |
|Peta_tabz_0_ap_vld    | out |    1|   ap_vld   |    Peta_tabz_0    |    pointer   |
|Peta_tabz_1           | out |   16|   ap_vld   |    Peta_tabz_1    |    pointer   |
|Peta_tabz_1_ap_vld    | out |    1|   ap_vld   |    Peta_tabz_1    |    pointer   |
|Peta_tabz_2           | out |   16|   ap_vld   |    Peta_tabz_2    |    pointer   |
|Peta_tabz_2_ap_vld    | out |    1|   ap_vld   |    Peta_tabz_2    |    pointer   |
|Peta_tabz_3           | out |   16|   ap_vld   |    Peta_tabz_3    |    pointer   |
|Peta_tabz_3_ap_vld    | out |    1|   ap_vld   |    Peta_tabz_3    |    pointer   |
|Peta_tabz_4           | out |   16|   ap_vld   |    Peta_tabz_4    |    pointer   |
|Peta_tabz_4_ap_vld    | out |    1|   ap_vld   |    Peta_tabz_4    |    pointer   |
|Peta_tabz_5           | out |   16|   ap_vld   |    Peta_tabz_5    |    pointer   |
|Peta_tabz_5_ap_vld    | out |    1|   ap_vld   |    Peta_tabz_5    |    pointer   |
|Peta_tabz_6           | out |   16|   ap_vld   |    Peta_tabz_6    |    pointer   |
|Peta_tabz_6_ap_vld    | out |    1|   ap_vld   |    Peta_tabz_6    |    pointer   |
|Peta_tabz_7           | out |   16|   ap_vld   |    Peta_tabz_7    |    pointer   |
|Peta_tabz_7_ap_vld    | out |    1|   ap_vld   |    Peta_tabz_7    |    pointer   |
|Peta_tabz_8           | out |   16|   ap_vld   |    Peta_tabz_8    |    pointer   |
|Peta_tabz_8_ap_vld    | out |    1|   ap_vld   |    Peta_tabz_8    |    pointer   |
|Peta_tabz_9           | out |   16|   ap_vld   |    Peta_tabz_9    |    pointer   |
|Peta_tabz_9_ap_vld    | out |    1|   ap_vld   |    Peta_tabz_9    |    pointer   |
|Peta_tabz_10          | out |   16|   ap_vld   |    Peta_tabz_10   |    pointer   |
|Peta_tabz_10_ap_vld   | out |    1|   ap_vld   |    Peta_tabz_10   |    pointer   |
|Peta_tabz_11          | out |   16|   ap_vld   |    Peta_tabz_11   |    pointer   |
|Peta_tabz_11_ap_vld   | out |    1|   ap_vld   |    Peta_tabz_11   |    pointer   |
|Peta_tabz_12          | out |   16|   ap_vld   |    Peta_tabz_12   |    pointer   |
|Peta_tabz_12_ap_vld   | out |    1|   ap_vld   |    Peta_tabz_12   |    pointer   |
|Peta_tabz_13          | out |   16|   ap_vld   |    Peta_tabz_13   |    pointer   |
|Peta_tabz_13_ap_vld   | out |    1|   ap_vld   |    Peta_tabz_13   |    pointer   |
|Peta_tabz_14          | out |   16|   ap_vld   |    Peta_tabz_14   |    pointer   |
|Peta_tabz_14_ap_vld   | out |    1|   ap_vld   |    Peta_tabz_14   |    pointer   |
|Peta_tabz_15          | out |   16|   ap_vld   |    Peta_tabz_15   |    pointer   |
|Peta_tabz_15_ap_vld   | out |    1|   ap_vld   |    Peta_tabz_15   |    pointer   |
|Peta_tabz_16          | out |   16|   ap_vld   |    Peta_tabz_16   |    pointer   |
|Peta_tabz_16_ap_vld   | out |    1|   ap_vld   |    Peta_tabz_16   |    pointer   |
|Peta_tabz_17          | out |   16|   ap_vld   |    Peta_tabz_17   |    pointer   |
|Peta_tabz_17_ap_vld   | out |    1|   ap_vld   |    Peta_tabz_17   |    pointer   |
|Eta_tabe_0            | out |   16|   ap_vld   |     Eta_tabe_0    |    pointer   |
|Eta_tabe_0_ap_vld     | out |    1|   ap_vld   |     Eta_tabe_0    |    pointer   |
|Eta_tabe_1            | out |   16|   ap_vld   |     Eta_tabe_1    |    pointer   |
|Eta_tabe_1_ap_vld     | out |    1|   ap_vld   |     Eta_tabe_1    |    pointer   |
|Eta_tabe_2            | out |   16|   ap_vld   |     Eta_tabe_2    |    pointer   |
|Eta_tabe_2_ap_vld     | out |    1|   ap_vld   |     Eta_tabe_2    |    pointer   |
|Lam_tabe_0            | out |   16|   ap_vld   |     Lam_tabe_0    |    pointer   |
|Lam_tabe_0_ap_vld     | out |    1|   ap_vld   |     Lam_tabe_0    |    pointer   |
|Lam_tabe_1            | out |   16|   ap_vld   |     Lam_tabe_1    |    pointer   |
|Lam_tabe_1_ap_vld     | out |    1|   ap_vld   |     Lam_tabe_1    |    pointer   |
|Lam_tabe_2            | out |   16|   ap_vld   |     Lam_tabe_2    |    pointer   |
|Lam_tabe_2_ap_vld     | out |    1|   ap_vld   |     Lam_tabe_2    |    pointer   |
|Peta_tabe_0           | out |   16|   ap_vld   |    Peta_tabe_0    |    pointer   |
|Peta_tabe_0_ap_vld    | out |    1|   ap_vld   |    Peta_tabe_0    |    pointer   |
|Peta_tabe_1           | out |   16|   ap_vld   |    Peta_tabe_1    |    pointer   |
|Peta_tabe_1_ap_vld    | out |    1|   ap_vld   |    Peta_tabe_1    |    pointer   |
|Peta_tabe_2           | out |   16|   ap_vld   |    Peta_tabe_2    |    pointer   |
|Peta_tabe_2_ap_vld    | out |    1|   ap_vld   |    Peta_tabe_2    |    pointer   |
|Eta_tabf_0            | out |   16|   ap_vld   |     Eta_tabf_0    |    pointer   |
|Eta_tabf_0_ap_vld     | out |    1|   ap_vld   |     Eta_tabf_0    |    pointer   |
|Eta_tabf_1            | out |   16|   ap_vld   |     Eta_tabf_1    |    pointer   |
|Eta_tabf_1_ap_vld     | out |    1|   ap_vld   |     Eta_tabf_1    |    pointer   |
|Eta_tabf_2            | out |   16|   ap_vld   |     Eta_tabf_2    |    pointer   |
|Eta_tabf_2_ap_vld     | out |    1|   ap_vld   |     Eta_tabf_2    |    pointer   |
|Eta_tabf_3            | out |   16|   ap_vld   |     Eta_tabf_3    |    pointer   |
|Eta_tabf_3_ap_vld     | out |    1|   ap_vld   |     Eta_tabf_3    |    pointer   |
|Eta_tabf_4            | out |   16|   ap_vld   |     Eta_tabf_4    |    pointer   |
|Eta_tabf_4_ap_vld     | out |    1|   ap_vld   |     Eta_tabf_4    |    pointer   |
|Eta_tabf_5            | out |   16|   ap_vld   |     Eta_tabf_5    |    pointer   |
|Eta_tabf_5_ap_vld     | out |    1|   ap_vld   |     Eta_tabf_5    |    pointer   |
|Eta_tabf_6            | out |   16|   ap_vld   |     Eta_tabf_6    |    pointer   |
|Eta_tabf_6_ap_vld     | out |    1|   ap_vld   |     Eta_tabf_6    |    pointer   |
|Eta_tabf_7            | out |   16|   ap_vld   |     Eta_tabf_7    |    pointer   |
|Eta_tabf_7_ap_vld     | out |    1|   ap_vld   |     Eta_tabf_7    |    pointer   |
|Eta_tabf_8            | out |   16|   ap_vld   |     Eta_tabf_8    |    pointer   |
|Eta_tabf_8_ap_vld     | out |    1|   ap_vld   |     Eta_tabf_8    |    pointer   |
|Eta_tabf_9            | out |   16|   ap_vld   |     Eta_tabf_9    |    pointer   |
|Eta_tabf_9_ap_vld     | out |    1|   ap_vld   |     Eta_tabf_9    |    pointer   |
|Lam_tabf_0            | out |   16|   ap_vld   |     Lam_tabf_0    |    pointer   |
|Lam_tabf_0_ap_vld     | out |    1|   ap_vld   |     Lam_tabf_0    |    pointer   |
|Lam_tabf_1            | out |   16|   ap_vld   |     Lam_tabf_1    |    pointer   |
|Lam_tabf_1_ap_vld     | out |    1|   ap_vld   |     Lam_tabf_1    |    pointer   |
|Lam_tabf_2            | out |   16|   ap_vld   |     Lam_tabf_2    |    pointer   |
|Lam_tabf_2_ap_vld     | out |    1|   ap_vld   |     Lam_tabf_2    |    pointer   |
|Lam_tabf_3            | out |   16|   ap_vld   |     Lam_tabf_3    |    pointer   |
|Lam_tabf_3_ap_vld     | out |    1|   ap_vld   |     Lam_tabf_3    |    pointer   |
|Lam_tabf_4            | out |   16|   ap_vld   |     Lam_tabf_4    |    pointer   |
|Lam_tabf_4_ap_vld     | out |    1|   ap_vld   |     Lam_tabf_4    |    pointer   |
|Lam_tabf_5            | out |   16|   ap_vld   |     Lam_tabf_5    |    pointer   |
|Lam_tabf_5_ap_vld     | out |    1|   ap_vld   |     Lam_tabf_5    |    pointer   |
|Lam_tabf_6            | out |   16|   ap_vld   |     Lam_tabf_6    |    pointer   |
|Lam_tabf_6_ap_vld     | out |    1|   ap_vld   |     Lam_tabf_6    |    pointer   |
|Lam_tabf_7            | out |   16|   ap_vld   |     Lam_tabf_7    |    pointer   |
|Lam_tabf_7_ap_vld     | out |    1|   ap_vld   |     Lam_tabf_7    |    pointer   |
|Lam_tabf_8            | out |   16|   ap_vld   |     Lam_tabf_8    |    pointer   |
|Lam_tabf_8_ap_vld     | out |    1|   ap_vld   |     Lam_tabf_8    |    pointer   |
|Lam_tabf_9            | out |   16|   ap_vld   |     Lam_tabf_9    |    pointer   |
|Lam_tabf_9_ap_vld     | out |    1|   ap_vld   |     Lam_tabf_9    |    pointer   |
|Lam_tabf_10           | out |   16|   ap_vld   |    Lam_tabf_10    |    pointer   |
|Lam_tabf_10_ap_vld    | out |    1|   ap_vld   |    Lam_tabf_10    |    pointer   |
|Lam_tabf_11           | out |   16|   ap_vld   |    Lam_tabf_11    |    pointer   |
|Lam_tabf_11_ap_vld    | out |    1|   ap_vld   |    Lam_tabf_11    |    pointer   |
|Lam_tabf_12           | out |   16|   ap_vld   |    Lam_tabf_12    |    pointer   |
|Lam_tabf_12_ap_vld    | out |    1|   ap_vld   |    Lam_tabf_12    |    pointer   |
|Lam_tabf_13           | out |   16|   ap_vld   |    Lam_tabf_13    |    pointer   |
|Lam_tabf_13_ap_vld    | out |    1|   ap_vld   |    Lam_tabf_13    |    pointer   |
|Lam_tabf_14           | out |   16|   ap_vld   |    Lam_tabf_14    |    pointer   |
|Lam_tabf_14_ap_vld    | out |    1|   ap_vld   |    Lam_tabf_14    |    pointer   |
|Lam_tabf_15           | out |   16|   ap_vld   |    Lam_tabf_15    |    pointer   |
|Lam_tabf_15_ap_vld    | out |    1|   ap_vld   |    Lam_tabf_15    |    pointer   |
|Lam_tabf_16           | out |   16|   ap_vld   |    Lam_tabf_16    |    pointer   |
|Lam_tabf_16_ap_vld    | out |    1|   ap_vld   |    Lam_tabf_16    |    pointer   |
|Lam_tabf_17           | out |   16|   ap_vld   |    Lam_tabf_17    |    pointer   |
|Lam_tabf_17_ap_vld    | out |    1|   ap_vld   |    Lam_tabf_17    |    pointer   |
|Peta_tabf_0           | out |   16|   ap_vld   |    Peta_tabf_0    |    pointer   |
|Peta_tabf_0_ap_vld    | out |    1|   ap_vld   |    Peta_tabf_0    |    pointer   |
|Peta_tabf_1           | out |   16|   ap_vld   |    Peta_tabf_1    |    pointer   |
|Peta_tabf_1_ap_vld    | out |    1|   ap_vld   |    Peta_tabf_1    |    pointer   |
|Peta_tabf_2           | out |   16|   ap_vld   |    Peta_tabf_2    |    pointer   |
|Peta_tabf_2_ap_vld    | out |    1|   ap_vld   |    Peta_tabf_2    |    pointer   |
|Peta_tabf_3           | out |   16|   ap_vld   |    Peta_tabf_3    |    pointer   |
|Peta_tabf_3_ap_vld    | out |    1|   ap_vld   |    Peta_tabf_3    |    pointer   |
|Peta_tabf_4           | out |   16|   ap_vld   |    Peta_tabf_4    |    pointer   |
|Peta_tabf_4_ap_vld    | out |    1|   ap_vld   |    Peta_tabf_4    |    pointer   |
|Peta_tabf_5           | out |   16|   ap_vld   |    Peta_tabf_5    |    pointer   |
|Peta_tabf_5_ap_vld    | out |    1|   ap_vld   |    Peta_tabf_5    |    pointer   |
|Peta_tabf_6           | out |   16|   ap_vld   |    Peta_tabf_6    |    pointer   |
|Peta_tabf_6_ap_vld    | out |    1|   ap_vld   |    Peta_tabf_6    |    pointer   |
|Peta_tabf_7           | out |   16|   ap_vld   |    Peta_tabf_7    |    pointer   |
|Peta_tabf_7_ap_vld    | out |    1|   ap_vld   |    Peta_tabf_7    |    pointer   |
|Peta_tabf_8           | out |   16|   ap_vld   |    Peta_tabf_8    |    pointer   |
|Peta_tabf_8_ap_vld    | out |    1|   ap_vld   |    Peta_tabf_8    |    pointer   |
|Peta_tabf_9           | out |   16|   ap_vld   |    Peta_tabf_9    |    pointer   |
|Peta_tabf_9_ap_vld    | out |    1|   ap_vld   |    Peta_tabf_9    |    pointer   |
|Peta_tabf_10          | out |   16|   ap_vld   |    Peta_tabf_10   |    pointer   |
|Peta_tabf_10_ap_vld   | out |    1|   ap_vld   |    Peta_tabf_10   |    pointer   |
|Peta_tabf_11          | out |   16|   ap_vld   |    Peta_tabf_11   |    pointer   |
|Peta_tabf_11_ap_vld   | out |    1|   ap_vld   |    Peta_tabf_11   |    pointer   |
|Peta_tabf_12          | out |   16|   ap_vld   |    Peta_tabf_12   |    pointer   |
|Peta_tabf_12_ap_vld   | out |    1|   ap_vld   |    Peta_tabf_12   |    pointer   |
|Peta_tabf_13          | out |   16|   ap_vld   |    Peta_tabf_13   |    pointer   |
|Peta_tabf_13_ap_vld   | out |    1|   ap_vld   |    Peta_tabf_13   |    pointer   |
|Peta_tabf_14          | out |   16|   ap_vld   |    Peta_tabf_14   |    pointer   |
|Peta_tabf_14_ap_vld   | out |    1|   ap_vld   |    Peta_tabf_14   |    pointer   |
|Peta_tabf_15          | out |   16|   ap_vld   |    Peta_tabf_15   |    pointer   |
|Peta_tabf_15_ap_vld   | out |    1|   ap_vld   |    Peta_tabf_15   |    pointer   |
|Peta_tabf_16          | out |   16|   ap_vld   |    Peta_tabf_16   |    pointer   |
|Peta_tabf_16_ap_vld   | out |    1|   ap_vld   |    Peta_tabf_16   |    pointer   |
|Peta_tabf_17          | out |   16|   ap_vld   |    Peta_tabf_17   |    pointer   |
|Peta_tabf_17_ap_vld   | out |    1|   ap_vld   |    Peta_tabf_17   |    pointer   |
|Eta_tabg_0            | out |   16|   ap_vld   |     Eta_tabg_0    |    pointer   |
|Eta_tabg_0_ap_vld     | out |    1|   ap_vld   |     Eta_tabg_0    |    pointer   |
|Eta_tabg_1            | out |   16|   ap_vld   |     Eta_tabg_1    |    pointer   |
|Eta_tabg_1_ap_vld     | out |    1|   ap_vld   |     Eta_tabg_1    |    pointer   |
|Eta_tabg_2            | out |   16|   ap_vld   |     Eta_tabg_2    |    pointer   |
|Eta_tabg_2_ap_vld     | out |    1|   ap_vld   |     Eta_tabg_2    |    pointer   |
|Eta_tabg_3            | out |   16|   ap_vld   |     Eta_tabg_3    |    pointer   |
|Eta_tabg_3_ap_vld     | out |    1|   ap_vld   |     Eta_tabg_3    |    pointer   |
|Eta_tabg_4            | out |   16|   ap_vld   |     Eta_tabg_4    |    pointer   |
|Eta_tabg_4_ap_vld     | out |    1|   ap_vld   |     Eta_tabg_4    |    pointer   |
|Eta_tabg_5            | out |   16|   ap_vld   |     Eta_tabg_5    |    pointer   |
|Eta_tabg_5_ap_vld     | out |    1|   ap_vld   |     Eta_tabg_5    |    pointer   |
|Eta_tabg_6            | out |   16|   ap_vld   |     Eta_tabg_6    |    pointer   |
|Eta_tabg_6_ap_vld     | out |    1|   ap_vld   |     Eta_tabg_6    |    pointer   |
|Eta_tabg_7            | out |   16|   ap_vld   |     Eta_tabg_7    |    pointer   |
|Eta_tabg_7_ap_vld     | out |    1|   ap_vld   |     Eta_tabg_7    |    pointer   |
|Eta_tabg_8            | out |   16|   ap_vld   |     Eta_tabg_8    |    pointer   |
|Eta_tabg_8_ap_vld     | out |    1|   ap_vld   |     Eta_tabg_8    |    pointer   |
|Eta_tabg_9            | out |   16|   ap_vld   |     Eta_tabg_9    |    pointer   |
|Eta_tabg_9_ap_vld     | out |    1|   ap_vld   |     Eta_tabg_9    |    pointer   |
|Lam_tabg_0            | out |   16|   ap_vld   |     Lam_tabg_0    |    pointer   |
|Lam_tabg_0_ap_vld     | out |    1|   ap_vld   |     Lam_tabg_0    |    pointer   |
|Lam_tabg_1            | out |   16|   ap_vld   |     Lam_tabg_1    |    pointer   |
|Lam_tabg_1_ap_vld     | out |    1|   ap_vld   |     Lam_tabg_1    |    pointer   |
|Lam_tabg_2            | out |   16|   ap_vld   |     Lam_tabg_2    |    pointer   |
|Lam_tabg_2_ap_vld     | out |    1|   ap_vld   |     Lam_tabg_2    |    pointer   |
|Lam_tabg_3            | out |   16|   ap_vld   |     Lam_tabg_3    |    pointer   |
|Lam_tabg_3_ap_vld     | out |    1|   ap_vld   |     Lam_tabg_3    |    pointer   |
|Lam_tabg_4            | out |   16|   ap_vld   |     Lam_tabg_4    |    pointer   |
|Lam_tabg_4_ap_vld     | out |    1|   ap_vld   |     Lam_tabg_4    |    pointer   |
|Lam_tabg_5            | out |   16|   ap_vld   |     Lam_tabg_5    |    pointer   |
|Lam_tabg_5_ap_vld     | out |    1|   ap_vld   |     Lam_tabg_5    |    pointer   |
|Lam_tabg_6            | out |   16|   ap_vld   |     Lam_tabg_6    |    pointer   |
|Lam_tabg_6_ap_vld     | out |    1|   ap_vld   |     Lam_tabg_6    |    pointer   |
|Lam_tabg_7            | out |   16|   ap_vld   |     Lam_tabg_7    |    pointer   |
|Lam_tabg_7_ap_vld     | out |    1|   ap_vld   |     Lam_tabg_7    |    pointer   |
|Lam_tabg_8            | out |   16|   ap_vld   |     Lam_tabg_8    |    pointer   |
|Lam_tabg_8_ap_vld     | out |    1|   ap_vld   |     Lam_tabg_8    |    pointer   |
|Lam_tabg_9            | out |   16|   ap_vld   |     Lam_tabg_9    |    pointer   |
|Lam_tabg_9_ap_vld     | out |    1|   ap_vld   |     Lam_tabg_9    |    pointer   |
|Lam_tabg_10           | out |   16|   ap_vld   |    Lam_tabg_10    |    pointer   |
|Lam_tabg_10_ap_vld    | out |    1|   ap_vld   |    Lam_tabg_10    |    pointer   |
|Lam_tabg_11           | out |   16|   ap_vld   |    Lam_tabg_11    |    pointer   |
|Lam_tabg_11_ap_vld    | out |    1|   ap_vld   |    Lam_tabg_11    |    pointer   |
|Lam_tabg_12           | out |   16|   ap_vld   |    Lam_tabg_12    |    pointer   |
|Lam_tabg_12_ap_vld    | out |    1|   ap_vld   |    Lam_tabg_12    |    pointer   |
|Lam_tabg_13           | out |   16|   ap_vld   |    Lam_tabg_13    |    pointer   |
|Lam_tabg_13_ap_vld    | out |    1|   ap_vld   |    Lam_tabg_13    |    pointer   |
|Lam_tabg_14           | out |   16|   ap_vld   |    Lam_tabg_14    |    pointer   |
|Lam_tabg_14_ap_vld    | out |    1|   ap_vld   |    Lam_tabg_14    |    pointer   |
|Lam_tabg_15           | out |   16|   ap_vld   |    Lam_tabg_15    |    pointer   |
|Lam_tabg_15_ap_vld    | out |    1|   ap_vld   |    Lam_tabg_15    |    pointer   |
|Lam_tabg_16           | out |   16|   ap_vld   |    Lam_tabg_16    |    pointer   |
|Lam_tabg_16_ap_vld    | out |    1|   ap_vld   |    Lam_tabg_16    |    pointer   |
|Lam_tabg_17           | out |   16|   ap_vld   |    Lam_tabg_17    |    pointer   |
|Lam_tabg_17_ap_vld    | out |    1|   ap_vld   |    Lam_tabg_17    |    pointer   |
|Peta_tabg_0           | out |   16|   ap_vld   |    Peta_tabg_0    |    pointer   |
|Peta_tabg_0_ap_vld    | out |    1|   ap_vld   |    Peta_tabg_0    |    pointer   |
|Peta_tabg_1           | out |   16|   ap_vld   |    Peta_tabg_1    |    pointer   |
|Peta_tabg_1_ap_vld    | out |    1|   ap_vld   |    Peta_tabg_1    |    pointer   |
|Peta_tabg_2           | out |   16|   ap_vld   |    Peta_tabg_2    |    pointer   |
|Peta_tabg_2_ap_vld    | out |    1|   ap_vld   |    Peta_tabg_2    |    pointer   |
|Peta_tabg_3           | out |   16|   ap_vld   |    Peta_tabg_3    |    pointer   |
|Peta_tabg_3_ap_vld    | out |    1|   ap_vld   |    Peta_tabg_3    |    pointer   |
|Peta_tabg_4           | out |   16|   ap_vld   |    Peta_tabg_4    |    pointer   |
|Peta_tabg_4_ap_vld    | out |    1|   ap_vld   |    Peta_tabg_4    |    pointer   |
|Peta_tabg_5           | out |   16|   ap_vld   |    Peta_tabg_5    |    pointer   |
|Peta_tabg_5_ap_vld    | out |    1|   ap_vld   |    Peta_tabg_5    |    pointer   |
|Peta_tabg_6           | out |   16|   ap_vld   |    Peta_tabg_6    |    pointer   |
|Peta_tabg_6_ap_vld    | out |    1|   ap_vld   |    Peta_tabg_6    |    pointer   |
|Peta_tabg_7           | out |   16|   ap_vld   |    Peta_tabg_7    |    pointer   |
|Peta_tabg_7_ap_vld    | out |    1|   ap_vld   |    Peta_tabg_7    |    pointer   |
|Peta_tabg_8           | out |   16|   ap_vld   |    Peta_tabg_8    |    pointer   |
|Peta_tabg_8_ap_vld    | out |    1|   ap_vld   |    Peta_tabg_8    |    pointer   |
|Peta_tabg_9           | out |   16|   ap_vld   |    Peta_tabg_9    |    pointer   |
|Peta_tabg_9_ap_vld    | out |    1|   ap_vld   |    Peta_tabg_9    |    pointer   |
|Peta_tabg_10          | out |   16|   ap_vld   |    Peta_tabg_10   |    pointer   |
|Peta_tabg_10_ap_vld   | out |    1|   ap_vld   |    Peta_tabg_10   |    pointer   |
|Peta_tabg_11          | out |   16|   ap_vld   |    Peta_tabg_11   |    pointer   |
|Peta_tabg_11_ap_vld   | out |    1|   ap_vld   |    Peta_tabg_11   |    pointer   |
|Peta_tabg_12          | out |   16|   ap_vld   |    Peta_tabg_12   |    pointer   |
|Peta_tabg_12_ap_vld   | out |    1|   ap_vld   |    Peta_tabg_12   |    pointer   |
|Peta_tabg_13          | out |   16|   ap_vld   |    Peta_tabg_13   |    pointer   |
|Peta_tabg_13_ap_vld   | out |    1|   ap_vld   |    Peta_tabg_13   |    pointer   |
|Peta_tabg_14          | out |   16|   ap_vld   |    Peta_tabg_14   |    pointer   |
|Peta_tabg_14_ap_vld   | out |    1|   ap_vld   |    Peta_tabg_14   |    pointer   |
|Peta_tabg_15          | out |   16|   ap_vld   |    Peta_tabg_15   |    pointer   |
|Peta_tabg_15_ap_vld   | out |    1|   ap_vld   |    Peta_tabg_15   |    pointer   |
|Peta_tabg_16          | out |   16|   ap_vld   |    Peta_tabg_16   |    pointer   |
|Peta_tabg_16_ap_vld   | out |    1|   ap_vld   |    Peta_tabg_16   |    pointer   |
|Peta_tabg_17          | out |   16|   ap_vld   |    Peta_tabg_17   |    pointer   |
|Peta_tabg_17_ap_vld   | out |    1|   ap_vld   |    Peta_tabg_17   |    pointer   |
+----------------------+-----+-----+------------+-------------------+--------------+

