

================================================================
== Vivado HLS Report for 'write_result_12'
================================================================
* Date:           Sat Oct 05 17:14:09 2019

* Version:        2016.3 (Build 1682563 on Mon Oct 10 19:41:59 MDT 2016)
* Project:        LDPC_Decoder3U
* Solution:       solution1
* Product family: kintex7
* Target device:  xc7k160tfbg676-1


================================================================
== Performance Estimates
================================================================
+ Timing (ns): 
    * Summary: 
    +--------+-------+----------+------------+
    |  Clock | Target| Estimated| Uncertainty|
    +--------+-------+----------+------------+
    |ap_clk  |  10.00|      6.12|        1.25|
    +--------+-------+----------+------------+

+ Latency (clock cycles): 
    * Summary: 
    +-----+-----+-----+-----+----------+
    |  Latency  |  Interval | Pipeline |
    | min | max | min | max |   Type   |
    +-----+-----+-----+-----+----------+
    |    2|    2|    2|    2| function |
    +-----+-----+-----+-----+----------+

    + Detail: 
        * Instance: 
        N/A

        * Loop: 
        N/A



================================================================
== Utilization Estimates
================================================================
* Summary: 
+-----------------+---------+-------+--------+--------+
|       Name      | BRAM_18K| DSP48E|   FF   |   LUT  |
+-----------------+---------+-------+--------+--------+
|DSP              |        -|      -|       -|       -|
|Expression       |        -|      -|       0|    1478|
|FIFO             |        -|      -|       -|       -|
|Instance         |        -|      -|       -|       -|
|Memory           |        -|      -|       -|       -|
|Multiplexer      |        -|      -|       -|     713|
|Register         |        -|      -|     724|       -|
+-----------------+---------+-------+--------+--------+
|Total            |        0|      0|     724|    2191|
+-----------------+---------+-------+--------+--------+
|Available        |      650|    600|  202800|  101400|
+-----------------+---------+-------+--------+--------+
|Utilization (%)  |        0|      0|   ~0   |       2|
+-----------------+---------+-------+--------+--------+

+ Detail: 
    * Instance: 
    N/A

    * DSP48: 
    N/A

    * Memory: 
    N/A

    * FIFO: 
    N/A

    * Expression: 
    +---------------------+----------+-------+---+----+------------+------------+
    |    Variable Name    | Operation| DSP48E| FF| LUT| Bitwidth P0| Bitwidth P1|
    +---------------------+----------+-------+---+----+------------+------------+
    |prLam2B_buf10_d0     |     +    |      0|  0|  16|          16|          16|
    |prLam2B_buf1_d0      |     +    |      0|  0|  16|          16|          16|
    |prLam2B_buf1a_d0     |     +    |      0|  0|  16|          16|          16|
    |prLam2B_buf3_d0      |     +    |      0|  0|  16|          16|          16|
    |prLam2B_buf3a_d0     |     +    |      0|  0|  16|          16|          16|
    |prLam2B_buf3b_d0     |     +    |      0|  0|  16|          16|          16|
    |prLam2B_buf4_d0      |     +    |      0|  0|  16|          16|          16|
    |prLam2B_buf5_d0      |     +    |      0|  0|  16|          16|          16|
    |prLam2B_buf5a_d0     |     +    |      0|  0|  16|          16|          16|
    |prLam2B_buf6_d0      |     +    |      0|  0|  16|          16|          16|
    |prLam2B_buf7_d0      |     +    |      0|  0|  16|          16|          16|
    |prLam2B_buf7a_d0     |     +    |      0|  0|  16|          16|          16|
    |prLam2B_buf9_d0      |     +    |      0|  0|  16|          16|          16|
    |prLam2B_buf9a_d0     |     +    |      0|  0|  16|          16|          16|
    |prLam2B_buf_d0       |     +    |      0|  0|  16|          16|          16|
    |prLam2C_buf10_d0     |     +    |      0|  0|  16|          16|          16|
    |prLam2C_buf10a_d0    |     +    |      0|  0|  16|          16|          16|
    |prLam2C_buf10b_d0    |     +    |      0|  0|  16|          16|          16|
    |prLam2C_buf1_d0      |     +    |      0|  0|  16|          16|          16|
    |prLam2C_buf3_d0      |     +    |      0|  0|  16|          16|          16|
    |prLam2C_buf4_d0      |     +    |      0|  0|  16|          16|          16|
    |prLam2C_buf4a_d0     |     +    |      0|  0|  16|          16|          16|
    |prLam2C_buf4b_d0     |     +    |      0|  0|  16|          16|          16|
    |prLam2C_buf5_d0      |     +    |      0|  0|  16|          16|          16|
    |prLam2C_buf6_d0      |     +    |      0|  0|  16|          16|          16|
    |prLam2C_buf7_d0      |     +    |      0|  0|  16|          16|          16|
    |prLam2C_buf_d0       |     +    |      0|  0|  16|          16|          16|
    |prLam2_buf2_d0       |     +    |      0|  0|  16|          16|          16|
    |prLam2_buf4_d0       |     +    |      0|  0|  16|          16|          16|
    |prLam2_buf4a_d0      |     +    |      0|  0|  16|          16|          16|
    |prLamB_buf10_d0      |     +    |      0|  0|  16|          16|          16|
    |prLamB_buf1_d0       |     +    |      0|  0|  16|          16|          16|
    |prLamB_buf1a_d0      |     +    |      0|  0|  16|          16|          16|
    |prLamB_buf3_d0       |     +    |      0|  0|  16|          16|          16|
    |prLamB_buf3a_d0      |     +    |      0|  0|  16|          16|          16|
    |prLamB_buf3b_d0      |     +    |      0|  0|  16|          16|          16|
    |prLamB_buf4_d0       |     +    |      0|  0|  16|          16|          16|
    |prLamB_buf5_d0       |     +    |      0|  0|  16|          16|          16|
    |prLamB_buf5a_d0      |     +    |      0|  0|  16|          16|          16|
    |prLamB_buf6_d0       |     +    |      0|  0|  16|          16|          16|
    |prLamB_buf7_d0       |     +    |      0|  0|  16|          16|          16|
    |prLamB_buf7a_d0      |     +    |      0|  0|  16|          16|          16|
    |prLamB_buf9_d0       |     +    |      0|  0|  16|          16|          16|
    |prLamB_buf9a_d0      |     +    |      0|  0|  16|          16|          16|
    |prLamB_buf_d0        |     +    |      0|  0|  16|          16|          16|
    |prLamC_buf10_d0      |     +    |      0|  0|  16|          16|          16|
    |prLamC_buf10a_d0     |     +    |      0|  0|  16|          16|          16|
    |prLamC_buf10b_d0     |     +    |      0|  0|  16|          16|          16|
    |prLamC_buf1_d0       |     +    |      0|  0|  16|          16|          16|
    |prLamC_buf3_d0       |     +    |      0|  0|  16|          16|          16|
    |prLamC_buf4_d0       |     +    |      0|  0|  16|          16|          16|
    |prLamC_buf4a_d0      |     +    |      0|  0|  16|          16|          16|
    |prLamC_buf4b_d0      |     +    |      0|  0|  16|          16|          16|
    |prLamC_buf5_d0       |     +    |      0|  0|  16|          16|          16|
    |prLamC_buf6_d0       |     +    |      0|  0|  16|          16|          16|
    |prLamC_buf7_d0       |     +    |      0|  0|  16|          16|          16|
    |prLamC_buf_d0        |     +    |      0|  0|  16|          16|          16|
    |prLam_buf2_d0        |     +    |      0|  0|  16|          16|          16|
    |prLam_buf4_d0        |     +    |      0|  0|  16|          16|          16|
    |prLam_buf4a_d0       |     +    |      0|  0|  16|          16|          16|
    |tmp_103_fu_1544_p2   |     +    |      0|  0|  12|          12|          12|
    |tmp_107_fu_1584_p2   |     +    |      0|  0|  12|          12|          12|
    |tmp_111_fu_2160_p2   |     +    |      0|  0|  12|          12|          12|
    |tmp_115_fu_2200_p2   |     +    |      0|  0|  12|          12|          12|
    |tmp_119_fu_1624_p2   |     +    |      0|  0|  12|          12|          12|
    |tmp_123_fu_2254_p2   |     +    |      0|  0|  12|          12|          12|
    |tmp_133_fu_2309_p2   |     +    |      0|  0|  12|          12|          12|
    |tmp_137_fu_2349_p2   |     +    |      0|  0|  12|          12|          12|
    |tmp_141_fu_2389_p2   |     +    |      0|  0|  12|          12|          12|
    |tmp_145_fu_1679_p2   |     +    |      0|  0|  12|          12|          12|
    |tmp_149_fu_2447_p2   |     +    |      0|  0|  12|          12|          12|
    |tmp_154_fu_1719_p2   |     +    |      0|  0|  12|          12|          12|
    |tmp_159_fu_2505_p2   |     +    |      0|  0|  12|          12|          12|
    |tmp_164_fu_2545_p2   |     +    |      0|  0|  12|          12|          12|
    |tmp_169_fu_2585_p2   |     +    |      0|  0|  12|          12|          12|
    |tmp_174_fu_1759_p2   |     +    |      0|  0|  12|          12|          12|
    |tmp_179_fu_2643_p2   |     +    |      0|  0|  12|          12|          12|
    |tmp_184_fu_2683_p2   |     +    |      0|  0|  12|          12|          12|
    |tmp_188_fu_3566_p2   |     +    |      0|  0|  13|           1|          13|
    |tmp_204_fu_1814_p2   |     +    |      0|  0|  12|          12|          12|
    |tmp_208_fu_1854_p2   |     +    |      0|  0|  12|          12|          12|
    |tmp_213_fu_1894_p2   |     +    |      0|  0|  12|          12|          12|
    |tmp_218_fu_1934_p2   |     +    |      0|  0|  12|          12|          12|
    |tmp_223_fu_1974_p2   |     +    |      0|  0|  12|          12|          12|
    |tmp_228_fu_2014_p2   |     +    |      0|  0|  12|          12|          12|
    |tmp_233_fu_2892_p2   |     +    |      0|  0|  12|          12|          12|
    |tmp_238_fu_2932_p2   |     +    |      0|  0|  12|          12|          12|
    |tmp_243_fu_2972_p2   |     +    |      0|  0|  12|          12|          12|
    |tmp_248_fu_3012_p2   |     +    |      0|  0|  12|          12|          12|
    |tmp_253_fu_3052_p2   |     +    |      0|  0|  12|          12|          12|
    |tmp_258_fu_3092_p2   |     +    |      0|  0|  12|          12|          12|
    |tmp_262_fu_3784_p2   |     +    |      0|  0|  13|           1|          13|
    |tmp_s_fu_2089_p2     |     +    |      0|  0|  13|           1|          13|
    |icmp10_fu_2437_p2    |   icmp   |      0|  0|   3|           6|           1|
    |icmp11_fu_1709_p2    |   icmp   |      0|  0|   3|           6|           1|
    |icmp12_fu_2495_p2    |   icmp   |      0|  0|   3|           6|           1|
    |icmp13_fu_2535_p2    |   icmp   |      0|  0|   3|           6|           1|
    |icmp14_fu_2575_p2    |   icmp   |      0|  0|   3|           6|           1|
    |icmp15_fu_1749_p2    |   icmp   |      0|  0|   3|           6|           1|
    |icmp16_fu_2633_p2    |   icmp   |      0|  0|   3|           6|           1|
    |icmp17_fu_2673_p2    |   icmp   |      0|  0|   3|           6|           1|
    |icmp18_fu_1804_p2    |   icmp   |      0|  0|   3|           6|           1|
    |icmp19_fu_1844_p2    |   icmp   |      0|  0|   3|           6|           1|
    |icmp1_fu_1614_p2     |   icmp   |      0|  0|   3|           6|           1|
    |icmp20_fu_1884_p2    |   icmp   |      0|  0|   3|           6|           1|
    |icmp21_fu_1924_p2    |   icmp   |      0|  0|   3|           6|           1|
    |icmp22_fu_1964_p2    |   icmp   |      0|  0|   3|           6|           1|
    |icmp23_fu_2004_p2    |   icmp   |      0|  0|   3|           6|           1|
    |icmp24_fu_2882_p2    |   icmp   |      0|  0|   3|           6|           1|
    |icmp25_fu_2922_p2    |   icmp   |      0|  0|   3|           6|           1|
    |icmp26_fu_2962_p2    |   icmp   |      0|  0|   3|           6|           1|
    |icmp27_fu_3002_p2    |   icmp   |      0|  0|   3|           6|           1|
    |icmp28_fu_3042_p2    |   icmp   |      0|  0|   3|           6|           1|
    |icmp29_fu_3082_p2    |   icmp   |      0|  0|   3|           6|           1|
    |icmp2_fu_2244_p2     |   icmp   |      0|  0|   3|           6|           1|
    |icmp3_fu_1574_p2     |   icmp   |      0|  0|   3|           6|           1|
    |icmp4_fu_2299_p2     |   icmp   |      0|  0|   3|           6|           1|
    |icmp5_fu_2339_p2     |   icmp   |      0|  0|   3|           6|           1|
    |icmp6_fu_2150_p2     |   icmp   |      0|  0|   3|           6|           1|
    |icmp7_fu_2379_p2     |   icmp   |      0|  0|   3|           6|           1|
    |icmp8_fu_1669_p2     |   icmp   |      0|  0|   3|           6|           1|
    |icmp9_fu_2190_p2     |   icmp   |      0|  0|   3|           6|           1|
    |icmp_fu_1534_p2      |   icmp   |      0|  0|   3|           6|           1|
    |or_cond_fu_3894_p2   |    or    |      0|  0|   1|           1|           1|
    |tmp19_fu_3877_p2     |    or    |      0|  0|   1|           1|           1|
    |tmp20_fu_3871_p2     |    or    |      0|  0|   1|           1|           1|
    |tmp21_fu_3888_p2     |    or    |      0|  0|   1|           1|           1|
    |tmp22_fu_3883_p2     |    or    |      0|  0|   1|           1|           1|
    |parity1_fu_3348_p2   |    xor   |      0|  0|   1|           1|           1|
    |parityA1_fu_3670_p2  |    xor   |      0|  0|   1|           1|           1|
    |parityA_fu_3641_p2   |    xor   |      0|  0|   1|           1|           1|
    |parityB1_fu_3865_p2  |    xor   |      0|  0|   1|           1|           1|
    |parityB_fu_3188_p2   |    xor   |      0|  0|   1|           1|           1|
    |parity_fu_3338_p2    |    xor   |      0|  0|   1|           1|           1|
    |tmp10_fu_3659_p2     |    xor   |      0|  0|   1|           1|           1|
    |tmp11_fu_3170_p2     |    xor   |      0|  0|   1|           1|           1|
    |tmp12_fu_3164_p2     |    xor   |      0|  0|   1|           1|           1|
    |tmp13_fu_3182_p2     |    xor   |      0|  0|   1|           1|           1|
    |tmp14_fu_3176_p2     |    xor   |      0|  0|   1|           1|           1|
    |tmp15_fu_3847_p2     |    xor   |      0|  0|   1|           1|           1|
    |tmp16_fu_3841_p2     |    xor   |      0|  0|   1|           1|           1|
    |tmp17_fu_3859_p2     |    xor   |      0|  0|   1|           1|           1|
    |tmp18_fu_3853_p2     |    xor   |      0|  0|   1|           1|           1|
    |tmp1_fu_3333_p2      |    xor   |      0|  0|   1|           1|           1|
    |tmp2_fu_3343_p2      |    xor   |      0|  0|   1|           1|           1|
    |tmp3_fu_3625_p2      |    xor   |      0|  0|   1|           1|           1|
    |tmp4_fu_3619_p2      |    xor   |      0|  0|   1|           1|           1|
    |tmp5_fu_3636_p2      |    xor   |      0|  0|   1|           1|           1|
    |tmp6_fu_3631_p2      |    xor   |      0|  0|   1|           1|           1|
    |tmp7_fu_3653_p2      |    xor   |      0|  0|   1|           1|           1|
    |tmp8_fu_3647_p2      |    xor   |      0|  0|   1|           1|           1|
    |tmp9_fu_3665_p2      |    xor   |      0|  0|   1|           1|           1|
    +---------------------+----------+-------+---+----+------------+------------+
    |Total                |          |      0|  0|1478|        1532|        1418|
    +---------------------+----------+-------+---+----+------------+------------+

    * Multiplexer: 
    +-------------------------+----+-----------+-----+-----------+
    |           Name          | LUT| Input Size| Bits| Total Bits|
    +-------------------------+----+-----------+-----+-----------+
    |SpEtaPrevC_address0      |  11|          3|   11|         33|
    |SpEtaPrev_address0       |  11|          3|   11|         33|
    |ap_NS_fsm                |   1|          3|    1|          3|
    |ap_enable_reg_pp0_iter0  |   1|          2|    1|          2|
    |ap_enable_reg_pp0_iter1  |   1|          2|    1|          2|
    |prHat_buf2_address0      |  11|          3|   11|         33|
    |prHat_buf4_address0      |  11|          3|   11|         33|
    |prHat_buf4a_address0     |  11|          3|   11|         33|
    |prHat_bufA4_address0     |  11|          3|   11|         33|
    |prHat_bufA4a_address0    |  11|          3|   11|         33|
    |prHat_bufA4b_address0    |  11|          3|   11|         33|
    |prHat_bufB4_address0     |  11|          3|   11|         33|
    |prHat_bufB_address0      |  11|          3|   11|         33|
    |prLam2B_buf10_address0   |  10|          3|   10|         30|
    |prLam2B_buf1_address0    |  10|          3|   10|         30|
    |prLam2B_buf1a_address0   |  10|          3|   10|         30|
    |prLam2B_buf3_address0    |  10|          3|   10|         30|
    |prLam2B_buf3a_address0   |  10|          3|   10|         30|
    |prLam2B_buf3b_address0   |  10|          3|   10|         30|
    |prLam2B_buf4_address0    |  10|          3|   10|         30|
    |prLam2B_buf5_address0    |  10|          3|   10|         30|
    |prLam2B_buf5a_address0   |  10|          3|   10|         30|
    |prLam2B_buf6_address0    |  10|          3|   10|         30|
    |prLam2B_buf7_address0    |  10|          3|   10|         30|
    |prLam2B_buf7a_address0   |  10|          3|   10|         30|
    |prLam2B_buf9_address0    |  10|          3|   10|         30|
    |prLam2B_buf9a_address0   |  10|          3|   10|         30|
    |prLam2B_buf_address0     |  10|          3|   10|         30|
    |prLam2C_buf10_address0   |  10|          3|   10|         30|
    |prLam2C_buf10a_address0  |  10|          3|   10|         30|
    |prLam2C_buf10b_address0  |  10|          3|   10|         30|
    |prLam2C_buf1_address0    |  10|          3|   10|         30|
    |prLam2C_buf3_address0    |  10|          3|   10|         30|
    |prLam2C_buf4_address0    |  10|          3|   10|         30|
    |prLam2C_buf4a_address0   |  10|          3|   10|         30|
    |prLam2C_buf4b_address0   |  10|          3|   10|         30|
    |prLam2C_buf5_address0    |  10|          3|   10|         30|
    |prLam2C_buf6_address0    |  10|          3|   10|         30|
    |prLam2C_buf7_address0    |  10|          3|   10|         30|
    |prLam2C_buf_address0     |  10|          3|   10|         30|
    |prLam2_buf2_address0     |  10|          3|   10|         30|
    |prLam2_buf4_address0     |  10|          3|   10|         30|
    |prLam2_buf4a_address0    |  10|          3|   10|         30|
    |prLamB_buf10_address0    |  10|          3|   10|         30|
    |prLamB_buf1_address0     |  10|          3|   10|         30|
    |prLamB_buf1a_address0    |  10|          3|   10|         30|
    |prLamB_buf3_address0     |  10|          3|   10|         30|
    |prLamB_buf3a_address0    |  10|          3|   10|         30|
    |prLamB_buf3b_address0    |  10|          3|   10|         30|
    |prLamB_buf4_address0     |  10|          3|   10|         30|
    |prLamB_buf5_address0     |  10|          3|   10|         30|
    |prLamB_buf5a_address0    |  10|          3|   10|         30|
    |prLamB_buf6_address0     |  10|          3|   10|         30|
    |prLamB_buf7_address0     |  10|          3|   10|         30|
    |prLamB_buf7a_address0    |  10|          3|   10|         30|
    |prLamB_buf9_address0     |  10|          3|   10|         30|
    |prLamB_buf9a_address0    |  10|          3|   10|         30|
    |prLamB_buf_address0      |  10|          3|   10|         30|
    |prLamC_buf10_address0    |  10|          3|   10|         30|
    |prLamC_buf10a_address0   |  10|          3|   10|         30|
    |prLamC_buf10b_address0   |  10|          3|   10|         30|
    |prLamC_buf1_address0     |  10|          3|   10|         30|
    |prLamC_buf3_address0     |  10|          3|   10|         30|
    |prLamC_buf4_address0     |  10|          3|   10|         30|
    |prLamC_buf4a_address0    |  10|          3|   10|         30|
    |prLamC_buf4b_address0    |  10|          3|   10|         30|
    |prLamC_buf5_address0     |  10|          3|   10|         30|
    |prLamC_buf6_address0     |  10|          3|   10|         30|
    |prLamC_buf7_address0     |  10|          3|   10|         30|
    |prLamC_buf_address0      |  10|          3|   10|         30|
    |prLam_buf2_address0      |  10|          3|   10|         30|
    |prLam_buf4_address0      |  10|          3|   10|         30|
    |prLam_buf4a_address0     |  10|          3|   10|         30|
    +-------------------------+----+-----------+-----+-----------+
    |Total                    | 713|        217|  713|       2137|
    +-------------------------+----+-----------+-----+-----------+

    * Register: 
    +------------------------------+----+----+-----+-----------+
    |             Name             | FF | LUT| Bits| Const Bits|
    +------------------------------+----+----+-----+-----------+
    |SpEtaPrevC_addr_reg_4149      |  11|   0|   11|          0|
    |SpEtaPrev_addr_reg_4139       |  11|   0|   11|          0|
    |ap_CS_fsm                     |   2|   0|    2|          0|
    |ap_enable_reg_pp0_iter0_preg  |   1|   0|    1|          0|
    |ap_enable_reg_pp0_iter1       |   1|   0|    1|          0|
    |icmp10_reg_4273               |   1|   0|    1|          0|
    |icmp11_reg_3977               |   1|   0|    1|          0|
    |icmp12_reg_4287               |   1|   0|    1|          0|
    |icmp13_reg_4301               |   1|   0|    1|          0|
    |icmp14_reg_4315               |   1|   0|    1|          0|
    |icmp15_reg_3991               |   1|   0|    1|          0|
    |icmp16_reg_4329               |   1|   0|    1|          0|
    |icmp17_reg_4343               |   1|   0|    1|          0|
    |icmp18_reg_4020               |   1|   0|    1|          0|
    |icmp19_reg_4034               |   1|   0|    1|          0|
    |icmp1_reg_3934                |   1|   0|    1|          0|
    |icmp20_reg_4048               |   1|   0|    1|          0|
    |icmp21_reg_4062               |   1|   0|    1|          0|
    |icmp22_reg_4076               |   1|   0|    1|          0|
    |icmp23_reg_4090               |   1|   0|    1|          0|
    |icmp24_reg_4432               |   1|   0|    1|          0|
    |icmp25_reg_4446               |   1|   0|    1|          0|
    |icmp26_reg_4460               |   1|   0|    1|          0|
    |icmp27_reg_4474               |   1|   0|    1|          0|
    |icmp28_reg_4488               |   1|   0|    1|          0|
    |icmp29_reg_4502               |   1|   0|    1|          0|
    |icmp2_reg_4187                |   1|   0|    1|          0|
    |icmp3_reg_3920                |   1|   0|    1|          0|
    |icmp4_reg_4231                |   1|   0|    1|          0|
    |icmp5_reg_4245                |   1|   0|    1|          0|
    |icmp6_reg_4159                |   1|   0|    1|          0|
    |icmp7_reg_4259                |   1|   0|    1|          0|
    |icmp8_reg_3963                |   1|   0|    1|          0|
    |icmp9_reg_4173                |   1|   0|    1|          0|
    |icmp_reg_3906                 |   1|   0|    1|          0|
    |parityB_reg_4521              |   1|   0|    1|          0|
    |prHat_buf2_load_reg_4201      |   1|   0|    1|          0|
    |prHat_buf4_load_reg_4206      |   1|   0|    1|          0|
    |prHat_buf4a_load_reg_4221     |   1|   0|    1|          0|
    |prHat_bufA4_load_reg_4387     |   1|   0|    1|          0|
    |prHat_bufA4a_load_reg_4417    |   1|   0|    1|          0|
    |prHat_bufA4b_load_reg_4397    |   1|   0|    1|          0|
    |prLam2B_buf10_addr_reg_4191   |  10|   0|   10|          0|
    |prLam2B_buf1_addr_reg_4455    |  10|   0|   10|          0|
    |prLam2B_buf1a_addr_reg_4469   |  10|   0|   10|          0|
    |prLam2B_buf3_addr_reg_4483    |  10|   0|   10|          0|
    |prLam2B_buf3a_addr_reg_4497   |  10|   0|   10|          0|
    |prLam2B_buf3b_addr_reg_4436   |  10|   0|   10|          0|
    |prLam2B_buf4_addr_reg_4511    |  10|   0|   10|          0|
    |prLam2B_buf5_addr_reg_4450    |  10|   0|   10|          0|
    |prLam2B_buf5a_addr_reg_4464   |  10|   0|   10|          0|
    |prLam2B_buf6_addr_reg_4177    |  10|   0|   10|          0|
    |prLam2B_buf7_addr_reg_4478    |  10|   0|   10|          0|
    |prLam2B_buf7a_addr_reg_4492   |  10|   0|   10|          0|
    |prLam2B_buf9_addr_reg_4506    |  10|   0|   10|          0|
    |prLam2B_buf9a_addr_reg_3938   |  10|   0|   10|          0|
    |prLam2B_buf_addr_reg_4441     |  10|   0|   10|          0|
    |prLam2C_buf10_addr_reg_3995   |  10|   0|   10|          0|
    |prLam2C_buf10a_addr_reg_4333  |  10|   0|   10|          0|
    |prLam2C_buf10b_addr_reg_4347  |  10|   0|   10|          0|
    |prLam2C_buf1_addr_reg_4310    |  10|   0|   10|          0|
    |prLam2C_buf3_addr_reg_4324    |  10|   0|   10|          0|
    |prLam2C_buf4_addr_reg_4000    |  10|   0|   10|          0|
    |prLam2C_buf4a_addr_reg_4338   |  10|   0|   10|          0|
    |prLam2C_buf4b_addr_reg_4352   |  10|   0|   10|          0|
    |prLam2C_buf5_addr_reg_4291    |  10|   0|   10|          0|
    |prLam2C_buf6_addr_reg_4305    |  10|   0|   10|          0|
    |prLam2C_buf7_addr_reg_4319    |  10|   0|   10|          0|
    |prLam2C_buf_addr_reg_4296     |  10|   0|   10|          0|
    |prLam2_buf2_addr_reg_4182     |  10|   0|   10|          0|
    |prLam2_buf4_addr_reg_3943     |  10|   0|   10|          0|
    |prLam2_buf4a_addr_reg_4196    |  10|   0|   10|          0|
    |prLamB_buf10_addr_reg_4163    |  10|   0|   10|          0|
    |prLamB_buf1_addr_reg_4043     |  10|   0|   10|          0|
    |prLamB_buf1a_addr_reg_4057    |  10|   0|   10|          0|
    |prLamB_buf3_addr_reg_4071     |  10|   0|   10|          0|
    |prLamB_buf3a_addr_reg_4085    |  10|   0|   10|          0|
    |prLamB_buf3b_addr_reg_4024    |  10|   0|   10|          0|
    |prLamB_buf4_addr_reg_4099     |  10|   0|   10|          0|
    |prLamB_buf5_addr_reg_4038     |  10|   0|   10|          0|
    |prLamB_buf5a_addr_reg_4052    |  10|   0|   10|          0|
    |prLamB_buf6_addr_reg_3910     |  10|   0|   10|          0|
    |prLamB_buf7_addr_reg_4066     |  10|   0|   10|          0|
    |prLamB_buf7a_addr_reg_4080    |  10|   0|   10|          0|
    |prLamB_buf9_addr_reg_4094     |  10|   0|   10|          0|
    |prLamB_buf9a_addr_reg_3924    |  10|   0|   10|          0|
    |prLamB_buf_addr_reg_4029      |  10|   0|   10|          0|
    |prLamC_buf10_addr_reg_3967    |  10|   0|   10|          0|
    |prLamC_buf10a_addr_reg_4277   |  10|   0|   10|          0|
    |prLamC_buf10b_addr_reg_3981   |  10|   0|   10|          0|
    |prLamC_buf1_addr_reg_4254     |  10|   0|   10|          0|
    |prLamC_buf3_addr_reg_4268     |  10|   0|   10|          0|
    |prLamC_buf4_addr_reg_3972     |  10|   0|   10|          0|
    |prLamC_buf4a_addr_reg_4282    |  10|   0|   10|          0|
    |prLamC_buf4b_addr_reg_3986    |  10|   0|   10|          0|
    |prLamC_buf5_addr_reg_4235     |  10|   0|   10|          0|
    |prLamC_buf6_addr_reg_4249     |  10|   0|   10|          0|
    |prLamC_buf7_addr_reg_4263     |  10|   0|   10|          0|
    |prLamC_buf_addr_reg_4240      |  10|   0|   10|          0|
    |prLam_buf2_addr_reg_3915      |  10|   0|   10|          0|
    |prLam_buf4_addr_reg_3929      |  10|   0|   10|          0|
    |prLam_buf4a_addr_reg_4168     |  10|   0|   10|          0|
    |tmp_157_reg_4134              |   8|   0|    8|          0|
    |tmp_162_reg_4144              |   8|   0|    8|          0|
    |tmp_177_reg_4154              |   8|   0|    8|          0|
    |tmp_311_reg_4357              |   8|   0|    8|          0|
    |tmp_313_reg_4362              |   8|   0|    8|          0|
    |tmp_317_reg_4367              |   8|   0|    8|          0|
    |tmp_344_reg_4516              |  13|   0|   13|          0|
    +------------------------------+----+----+-----+-----------+
    |Total                         | 724|   0|  724|          0|
    +------------------------------+----+----+-----+-----------+



================================================================
== Interface
================================================================
* Summary: 
+-------------------------+-----+-----+------------+------------------+--------------+
|        RTL Ports        | Dir | Bits|  Protocol  |   Source Object  |    C Type    |
+-------------------------+-----+-----+------------+------------------+--------------+
|ap_clk                   |  in |    1| ap_ctrl_hs |  write_result_12 | return value |
|ap_rst                   |  in |    1| ap_ctrl_hs |  write_result_12 | return value |
|ap_start                 |  in |    1| ap_ctrl_hs |  write_result_12 | return value |
|ap_done                  | out |    1| ap_ctrl_hs |  write_result_12 | return value |
|ap_idle                  | out |    1| ap_ctrl_hs |  write_result_12 | return value |
|ap_ready                 | out |    1| ap_ctrl_hs |  write_result_12 | return value |
|ap_ce                    |  in |    1| ap_ctrl_hs |  write_result_12 | return value |
|inxtab_0                 |  in |   16|   ap_none  |     inxtab_0     |    pointer   |
|Eta_ans_0                |  in |   16|   ap_none  |     Eta_ans_0    |    pointer   |
|SpEtaPrev_address0       | out |   11|  ap_memory |     SpEtaPrev    |     array    |
|SpEtaPrev_ce0            | out |    1|  ap_memory |     SpEtaPrev    |     array    |
|SpEtaPrev_we0            | out |    1|  ap_memory |     SpEtaPrev    |     array    |
|SpEtaPrev_d0             | out |   32|  ap_memory |     SpEtaPrev    |     array    |
|SpEtaPrev_q0             |  in |   32|  ap_memory |     SpEtaPrev    |     array    |
|Eta_ans_1_32             |  in |   16|   ap_none  |   Eta_ans_1_32   |    pointer   |
|Eta_ans_2_25             |  in |   16|   ap_none  |   Eta_ans_2_25   |    pointer   |
|Eta_ans_3_0              |  in |   16|   ap_none  |    Eta_ans_3_0   |    pointer   |
|SpEtaPrevC_address0      | out |   11|  ap_memory |    SpEtaPrevC    |     array    |
|SpEtaPrevC_ce0           | out |    1|  ap_memory |    SpEtaPrevC    |     array    |
|SpEtaPrevC_we0           | out |    1|  ap_memory |    SpEtaPrevC    |     array    |
|SpEtaPrevC_d0            | out |   32|  ap_memory |    SpEtaPrevC    |     array    |
|SpEtaPrevC_q0            |  in |   32|  ap_memory |    SpEtaPrevC    |     array    |
|Eta_ans_3_1              |  in |   16|   ap_none  |    Eta_ans_3_1   |    pointer   |
|Eta_ans_3_2              |  in |   16|   ap_none  |    Eta_ans_3_2   |    pointer   |
|Eta_tabx_0               |  in |   16|   ap_none  |    Eta_tabx_0    |    pointer   |
|prLam_buf2_address0      | out |   10|  ap_memory |    prLam_buf2    |     array    |
|prLam_buf2_ce0           | out |    1|  ap_memory |    prLam_buf2    |     array    |
|prLam_buf2_we0           | out |    1|  ap_memory |    prLam_buf2    |     array    |
|prLam_buf2_d0            | out |   16|  ap_memory |    prLam_buf2    |     array    |
|prLam_buf2_q0            |  in |   16|  ap_memory |    prLam_buf2    |     array    |
|prLamB_buf6_address0     | out |   10|  ap_memory |    prLamB_buf6   |     array    |
|prLamB_buf6_ce0          | out |    1|  ap_memory |    prLamB_buf6   |     array    |
|prLamB_buf6_we0          | out |    1|  ap_memory |    prLamB_buf6   |     array    |
|prLamB_buf6_d0           | out |   16|  ap_memory |    prLamB_buf6   |     array    |
|prLamB_buf6_q0           |  in |   16|  ap_memory |    prLamB_buf6   |     array    |
|Eta_tabx_1               |  in |   16|   ap_none  |    Eta_tabx_1    |    pointer   |
|prLam_buf4_address0      | out |   10|  ap_memory |    prLam_buf4    |     array    |
|prLam_buf4_ce0           | out |    1|  ap_memory |    prLam_buf4    |     array    |
|prLam_buf4_we0           | out |    1|  ap_memory |    prLam_buf4    |     array    |
|prLam_buf4_d0            | out |   16|  ap_memory |    prLam_buf4    |     array    |
|prLam_buf4_q0            |  in |   16|  ap_memory |    prLam_buf4    |     array    |
|prLamB_buf9a_address0    | out |   10|  ap_memory |   prLamB_buf9a   |     array    |
|prLamB_buf9a_ce0         | out |    1|  ap_memory |   prLamB_buf9a   |     array    |
|prLamB_buf9a_we0         | out |    1|  ap_memory |   prLamB_buf9a   |     array    |
|prLamB_buf9a_d0          | out |   16|  ap_memory |   prLamB_buf9a   |     array    |
|prLamB_buf9a_q0          |  in |   16|  ap_memory |   prLamB_buf9a   |     array    |
|Eta_tabx_2               |  in |   16|   ap_none  |    Eta_tabx_2    |    pointer   |
|prLam_buf4a_address0     | out |   10|  ap_memory |    prLam_buf4a   |     array    |
|prLam_buf4a_ce0          | out |    1|  ap_memory |    prLam_buf4a   |     array    |
|prLam_buf4a_we0          | out |    1|  ap_memory |    prLam_buf4a   |     array    |
|prLam_buf4a_d0           | out |   16|  ap_memory |    prLam_buf4a   |     array    |
|prLam_buf4a_q0           |  in |   16|  ap_memory |    prLam_buf4a   |     array    |
|prLamB_buf10_address0    | out |   10|  ap_memory |   prLamB_buf10   |     array    |
|prLamB_buf10_ce0         | out |    1|  ap_memory |   prLamB_buf10   |     array    |
|prLamB_buf10_we0         | out |    1|  ap_memory |   prLamB_buf10   |     array    |
|prLamB_buf10_d0          | out |   16|  ap_memory |   prLamB_buf10   |     array    |
|prLamB_buf10_q0          |  in |   16|  ap_memory |   prLamB_buf10   |     array    |
|Eta_tabe_0               |  in |   16|   ap_none  |    Eta_tabe_0    |    pointer   |
|prLam2_buf2_address0     | out |   10|  ap_memory |    prLam2_buf2   |     array    |
|prLam2_buf2_ce0          | out |    1|  ap_memory |    prLam2_buf2   |     array    |
|prLam2_buf2_we0          | out |    1|  ap_memory |    prLam2_buf2   |     array    |
|prLam2_buf2_d0           | out |   16|  ap_memory |    prLam2_buf2   |     array    |
|prLam2_buf2_q0           |  in |   16|  ap_memory |    prLam2_buf2   |     array    |
|prLam2B_buf6_address0    | out |   10|  ap_memory |   prLam2B_buf6   |     array    |
|prLam2B_buf6_ce0         | out |    1|  ap_memory |   prLam2B_buf6   |     array    |
|prLam2B_buf6_we0         | out |    1|  ap_memory |   prLam2B_buf6   |     array    |
|prLam2B_buf6_d0          | out |   16|  ap_memory |   prLam2B_buf6   |     array    |
|prLam2B_buf6_q0          |  in |   16|  ap_memory |   prLam2B_buf6   |     array    |
|Eta_tabe_1               |  in |   16|   ap_none  |    Eta_tabe_1    |    pointer   |
|prLam2_buf4_address0     | out |   10|  ap_memory |    prLam2_buf4   |     array    |
|prLam2_buf4_ce0          | out |    1|  ap_memory |    prLam2_buf4   |     array    |
|prLam2_buf4_we0          | out |    1|  ap_memory |    prLam2_buf4   |     array    |
|prLam2_buf4_d0           | out |   16|  ap_memory |    prLam2_buf4   |     array    |
|prLam2_buf4_q0           |  in |   16|  ap_memory |    prLam2_buf4   |     array    |
|prLam2B_buf9a_address0   | out |   10|  ap_memory |   prLam2B_buf9a  |     array    |
|prLam2B_buf9a_ce0        | out |    1|  ap_memory |   prLam2B_buf9a  |     array    |
|prLam2B_buf9a_we0        | out |    1|  ap_memory |   prLam2B_buf9a  |     array    |
|prLam2B_buf9a_d0         | out |   16|  ap_memory |   prLam2B_buf9a  |     array    |
|prLam2B_buf9a_q0         |  in |   16|  ap_memory |   prLam2B_buf9a  |     array    |
|Eta_tabe_2               |  in |   16|   ap_none  |    Eta_tabe_2    |    pointer   |
|prLam2_buf4a_address0    | out |   10|  ap_memory |   prLam2_buf4a   |     array    |
|prLam2_buf4a_ce0         | out |    1|  ap_memory |   prLam2_buf4a   |     array    |
|prLam2_buf4a_we0         | out |    1|  ap_memory |   prLam2_buf4a   |     array    |
|prLam2_buf4a_d0          | out |   16|  ap_memory |   prLam2_buf4a   |     array    |
|prLam2_buf4a_q0          |  in |   16|  ap_memory |   prLam2_buf4a   |     array    |
|prLam2B_buf10_address0   | out |   10|  ap_memory |   prLam2B_buf10  |     array    |
|prLam2B_buf10_ce0        | out |    1|  ap_memory |   prLam2B_buf10  |     array    |
|prLam2B_buf10_we0        | out |    1|  ap_memory |   prLam2B_buf10  |     array    |
|prLam2B_buf10_d0         | out |   16|  ap_memory |   prLam2B_buf10  |     array    |
|prLam2B_buf10_q0         |  in |   16|  ap_memory |   prLam2B_buf10  |     array    |
|prHat_buf2_address0      | out |   11|  ap_memory |    prHat_buf2    |     array    |
|prHat_buf2_ce0           | out |    1|  ap_memory |    prHat_buf2    |     array    |
|prHat_buf2_q0            |  in |    1|  ap_memory |    prHat_buf2    |     array    |
|prHat_buf4_address0      | out |   11|  ap_memory |    prHat_buf4    |     array    |
|prHat_buf4_ce0           | out |    1|  ap_memory |    prHat_buf4    |     array    |
|prHat_buf4_q0            |  in |    1|  ap_memory |    prHat_buf4    |     array    |
|prHat_buf4a_address0     | out |   11|  ap_memory |    prHat_buf4a   |     array    |
|prHat_buf4a_ce0          | out |    1|  ap_memory |    prHat_buf4a   |     array    |
|prHat_buf4a_q0           |  in |    1|  ap_memory |    prHat_buf4a   |     array    |
|inxtab_1                 |  in |   16|   ap_none  |     inxtab_1     |    pointer   |
|Eta_taby_0               |  in |   16|   ap_none  |    Eta_taby_0    |    pointer   |
|Eta_ans_1_0              |  in |   16|   ap_none  |    Eta_ans_1_0   |    pointer   |
|prLamC_buf_address0      | out |   10|  ap_memory |    prLamC_buf    |     array    |
|prLamC_buf_ce0           | out |    1|  ap_memory |    prLamC_buf    |     array    |
|prLamC_buf_we0           | out |    1|  ap_memory |    prLamC_buf    |     array    |
|prLamC_buf_d0            | out |   16|  ap_memory |    prLamC_buf    |     array    |
|prLamC_buf_q0            |  in |   16|  ap_memory |    prLamC_buf    |     array    |
|prLamC_buf5_address0     | out |   10|  ap_memory |    prLamC_buf5   |     array    |
|prLamC_buf5_ce0          | out |    1|  ap_memory |    prLamC_buf5   |     array    |
|prLamC_buf5_we0          | out |    1|  ap_memory |    prLamC_buf5   |     array    |
|prLamC_buf5_d0           | out |   16|  ap_memory |    prLamC_buf5   |     array    |
|prLamC_buf5_q0           |  in |   16|  ap_memory |    prLamC_buf5   |     array    |
|Eta_taby_1               |  in |   16|   ap_none  |    Eta_taby_1    |    pointer   |
|Eta_ans_1_1              |  in |   16|   ap_none  |    Eta_ans_1_1   |    pointer   |
|prLamC_buf1_address0     | out |   10|  ap_memory |    prLamC_buf1   |     array    |
|prLamC_buf1_ce0          | out |    1|  ap_memory |    prLamC_buf1   |     array    |
|prLamC_buf1_we0          | out |    1|  ap_memory |    prLamC_buf1   |     array    |
|prLamC_buf1_d0           | out |   16|  ap_memory |    prLamC_buf1   |     array    |
|prLamC_buf1_q0           |  in |   16|  ap_memory |    prLamC_buf1   |     array    |
|prLamC_buf6_address0     | out |   10|  ap_memory |    prLamC_buf6   |     array    |
|prLamC_buf6_ce0          | out |    1|  ap_memory |    prLamC_buf6   |     array    |
|prLamC_buf6_we0          | out |    1|  ap_memory |    prLamC_buf6   |     array    |
|prLamC_buf6_d0           | out |   16|  ap_memory |    prLamC_buf6   |     array    |
|prLamC_buf6_q0           |  in |   16|  ap_memory |    prLamC_buf6   |     array    |
|Eta_taby_2               |  in |   16|   ap_none  |    Eta_taby_2    |    pointer   |
|Eta_ans_1_2              |  in |   16|   ap_none  |    Eta_ans_1_2   |    pointer   |
|prLamC_buf3_address0     | out |   10|  ap_memory |    prLamC_buf3   |     array    |
|prLamC_buf3_ce0          | out |    1|  ap_memory |    prLamC_buf3   |     array    |
|prLamC_buf3_we0          | out |    1|  ap_memory |    prLamC_buf3   |     array    |
|prLamC_buf3_d0           | out |   16|  ap_memory |    prLamC_buf3   |     array    |
|prLamC_buf3_q0           |  in |   16|  ap_memory |    prLamC_buf3   |     array    |
|prLamC_buf7_address0     | out |   10|  ap_memory |    prLamC_buf7   |     array    |
|prLamC_buf7_ce0          | out |    1|  ap_memory |    prLamC_buf7   |     array    |
|prLamC_buf7_we0          | out |    1|  ap_memory |    prLamC_buf7   |     array    |
|prLamC_buf7_d0           | out |   16|  ap_memory |    prLamC_buf7   |     array    |
|prLamC_buf7_q0           |  in |   16|  ap_memory |    prLamC_buf7   |     array    |
|Eta_taby_3               |  in |   16|   ap_none  |    Eta_taby_3    |    pointer   |
|Eta_ans_1_3              |  in |   16|   ap_none  |    Eta_ans_1_3   |    pointer   |
|prLamC_buf4_address0     | out |   10|  ap_memory |    prLamC_buf4   |     array    |
|prLamC_buf4_ce0          | out |    1|  ap_memory |    prLamC_buf4   |     array    |
|prLamC_buf4_we0          | out |    1|  ap_memory |    prLamC_buf4   |     array    |
|prLamC_buf4_d0           | out |   16|  ap_memory |    prLamC_buf4   |     array    |
|prLamC_buf4_q0           |  in |   16|  ap_memory |    prLamC_buf4   |     array    |
|prLamC_buf10_address0    | out |   10|  ap_memory |   prLamC_buf10   |     array    |
|prLamC_buf10_ce0         | out |    1|  ap_memory |   prLamC_buf10   |     array    |
|prLamC_buf10_we0         | out |    1|  ap_memory |   prLamC_buf10   |     array    |
|prLamC_buf10_d0          | out |   16|  ap_memory |   prLamC_buf10   |     array    |
|prLamC_buf10_q0          |  in |   16|  ap_memory |   prLamC_buf10   |     array    |
|Eta_taby_4               |  in |   16|   ap_none  |    Eta_taby_4    |    pointer   |
|Eta_ans_1_4              |  in |   16|   ap_none  |    Eta_ans_1_4   |    pointer   |
|prLamC_buf4a_address0    | out |   10|  ap_memory |   prLamC_buf4a   |     array    |
|prLamC_buf4a_ce0         | out |    1|  ap_memory |   prLamC_buf4a   |     array    |
|prLamC_buf4a_we0         | out |    1|  ap_memory |   prLamC_buf4a   |     array    |
|prLamC_buf4a_d0          | out |   16|  ap_memory |   prLamC_buf4a   |     array    |
|prLamC_buf4a_q0          |  in |   16|  ap_memory |   prLamC_buf4a   |     array    |
|prLamC_buf10a_address0   | out |   10|  ap_memory |   prLamC_buf10a  |     array    |
|prLamC_buf10a_ce0        | out |    1|  ap_memory |   prLamC_buf10a  |     array    |
|prLamC_buf10a_we0        | out |    1|  ap_memory |   prLamC_buf10a  |     array    |
|prLamC_buf10a_d0         | out |   16|  ap_memory |   prLamC_buf10a  |     array    |
|prLamC_buf10a_q0         |  in |   16|  ap_memory |   prLamC_buf10a  |     array    |
|Eta_taby_5               |  in |   16|   ap_none  |    Eta_taby_5    |    pointer   |
|Eta_ans_1_5              |  in |   16|   ap_none  |    Eta_ans_1_5   |    pointer   |
|prLamC_buf4b_address0    | out |   10|  ap_memory |   prLamC_buf4b   |     array    |
|prLamC_buf4b_ce0         | out |    1|  ap_memory |   prLamC_buf4b   |     array    |
|prLamC_buf4b_we0         | out |    1|  ap_memory |   prLamC_buf4b   |     array    |
|prLamC_buf4b_d0          | out |   16|  ap_memory |   prLamC_buf4b   |     array    |
|prLamC_buf4b_q0          |  in |   16|  ap_memory |   prLamC_buf4b   |     array    |
|prLamC_buf10b_address0   | out |   10|  ap_memory |   prLamC_buf10b  |     array    |
|prLamC_buf10b_ce0        | out |    1|  ap_memory |   prLamC_buf10b  |     array    |
|prLamC_buf10b_we0        | out |    1|  ap_memory |   prLamC_buf10b  |     array    |
|prLamC_buf10b_d0         | out |   16|  ap_memory |   prLamC_buf10b  |     array    |
|prLamC_buf10b_q0         |  in |   16|  ap_memory |   prLamC_buf10b  |     array    |
|Eta_tabf_0               |  in |   16|   ap_none  |    Eta_tabf_0    |    pointer   |
|Eta_ans_4_0              |  in |   16|   ap_none  |    Eta_ans_4_0   |    pointer   |
|prLam2C_buf_address0     | out |   10|  ap_memory |    prLam2C_buf   |     array    |
|prLam2C_buf_ce0          | out |    1|  ap_memory |    prLam2C_buf   |     array    |
|prLam2C_buf_we0          | out |    1|  ap_memory |    prLam2C_buf   |     array    |
|prLam2C_buf_d0           | out |   16|  ap_memory |    prLam2C_buf   |     array    |
|prLam2C_buf_q0           |  in |   16|  ap_memory |    prLam2C_buf   |     array    |
|prLam2C_buf5_address0    | out |   10|  ap_memory |   prLam2C_buf5   |     array    |
|prLam2C_buf5_ce0         | out |    1|  ap_memory |   prLam2C_buf5   |     array    |
|prLam2C_buf5_we0         | out |    1|  ap_memory |   prLam2C_buf5   |     array    |
|prLam2C_buf5_d0          | out |   16|  ap_memory |   prLam2C_buf5   |     array    |
|prLam2C_buf5_q0          |  in |   16|  ap_memory |   prLam2C_buf5   |     array    |
|Eta_tabf_1               |  in |   16|   ap_none  |    Eta_tabf_1    |    pointer   |
|Eta_ans_4_1              |  in |   16|   ap_none  |    Eta_ans_4_1   |    pointer   |
|prLam2C_buf1_address0    | out |   10|  ap_memory |   prLam2C_buf1   |     array    |
|prLam2C_buf1_ce0         | out |    1|  ap_memory |   prLam2C_buf1   |     array    |
|prLam2C_buf1_we0         | out |    1|  ap_memory |   prLam2C_buf1   |     array    |
|prLam2C_buf1_d0          | out |   16|  ap_memory |   prLam2C_buf1   |     array    |
|prLam2C_buf1_q0          |  in |   16|  ap_memory |   prLam2C_buf1   |     array    |
|prLam2C_buf6_address0    | out |   10|  ap_memory |   prLam2C_buf6   |     array    |
|prLam2C_buf6_ce0         | out |    1|  ap_memory |   prLam2C_buf6   |     array    |
|prLam2C_buf6_we0         | out |    1|  ap_memory |   prLam2C_buf6   |     array    |
|prLam2C_buf6_d0          | out |   16|  ap_memory |   prLam2C_buf6   |     array    |
|prLam2C_buf6_q0          |  in |   16|  ap_memory |   prLam2C_buf6   |     array    |
|Eta_tabf_2               |  in |   16|   ap_none  |    Eta_tabf_2    |    pointer   |
|Eta_ans_4_2              |  in |   16|   ap_none  |    Eta_ans_4_2   |    pointer   |
|prLam2C_buf3_address0    | out |   10|  ap_memory |   prLam2C_buf3   |     array    |
|prLam2C_buf3_ce0         | out |    1|  ap_memory |   prLam2C_buf3   |     array    |
|prLam2C_buf3_we0         | out |    1|  ap_memory |   prLam2C_buf3   |     array    |
|prLam2C_buf3_d0          | out |   16|  ap_memory |   prLam2C_buf3   |     array    |
|prLam2C_buf3_q0          |  in |   16|  ap_memory |   prLam2C_buf3   |     array    |
|prLam2C_buf7_address0    | out |   10|  ap_memory |   prLam2C_buf7   |     array    |
|prLam2C_buf7_ce0         | out |    1|  ap_memory |   prLam2C_buf7   |     array    |
|prLam2C_buf7_we0         | out |    1|  ap_memory |   prLam2C_buf7   |     array    |
|prLam2C_buf7_d0          | out |   16|  ap_memory |   prLam2C_buf7   |     array    |
|prLam2C_buf7_q0          |  in |   16|  ap_memory |   prLam2C_buf7   |     array    |
|Eta_tabf_3               |  in |   16|   ap_none  |    Eta_tabf_3    |    pointer   |
|Eta_ans_4_3              |  in |   16|   ap_none  |    Eta_ans_4_3   |    pointer   |
|prLam2C_buf4_address0    | out |   10|  ap_memory |   prLam2C_buf4   |     array    |
|prLam2C_buf4_ce0         | out |    1|  ap_memory |   prLam2C_buf4   |     array    |
|prLam2C_buf4_we0         | out |    1|  ap_memory |   prLam2C_buf4   |     array    |
|prLam2C_buf4_d0          | out |   16|  ap_memory |   prLam2C_buf4   |     array    |
|prLam2C_buf4_q0          |  in |   16|  ap_memory |   prLam2C_buf4   |     array    |
|prLam2C_buf10_address0   | out |   10|  ap_memory |   prLam2C_buf10  |     array    |
|prLam2C_buf10_ce0        | out |    1|  ap_memory |   prLam2C_buf10  |     array    |
|prLam2C_buf10_we0        | out |    1|  ap_memory |   prLam2C_buf10  |     array    |
|prLam2C_buf10_d0         | out |   16|  ap_memory |   prLam2C_buf10  |     array    |
|prLam2C_buf10_q0         |  in |   16|  ap_memory |   prLam2C_buf10  |     array    |
|Eta_tabf_4               |  in |   16|   ap_none  |    Eta_tabf_4    |    pointer   |
|Eta_ans_4_4              |  in |   16|   ap_none  |    Eta_ans_4_4   |    pointer   |
|prLam2C_buf4a_address0   | out |   10|  ap_memory |   prLam2C_buf4a  |     array    |
|prLam2C_buf4a_ce0        | out |    1|  ap_memory |   prLam2C_buf4a  |     array    |
|prLam2C_buf4a_we0        | out |    1|  ap_memory |   prLam2C_buf4a  |     array    |
|prLam2C_buf4a_d0         | out |   16|  ap_memory |   prLam2C_buf4a  |     array    |
|prLam2C_buf4a_q0         |  in |   16|  ap_memory |   prLam2C_buf4a  |     array    |
|prLam2C_buf10a_address0  | out |   10|  ap_memory |  prLam2C_buf10a  |     array    |
|prLam2C_buf10a_ce0       | out |    1|  ap_memory |  prLam2C_buf10a  |     array    |
|prLam2C_buf10a_we0       | out |    1|  ap_memory |  prLam2C_buf10a  |     array    |
|prLam2C_buf10a_d0        | out |   16|  ap_memory |  prLam2C_buf10a  |     array    |
|prLam2C_buf10a_q0        |  in |   16|  ap_memory |  prLam2C_buf10a  |     array    |
|Eta_tabf_5               |  in |   16|   ap_none  |    Eta_tabf_5    |    pointer   |
|Eta_ans_4_5              |  in |   16|   ap_none  |    Eta_ans_4_5   |    pointer   |
|prLam2C_buf4b_address0   | out |   10|  ap_memory |   prLam2C_buf4b  |     array    |
|prLam2C_buf4b_ce0        | out |    1|  ap_memory |   prLam2C_buf4b  |     array    |
|prLam2C_buf4b_we0        | out |    1|  ap_memory |   prLam2C_buf4b  |     array    |
|prLam2C_buf4b_d0         | out |   16|  ap_memory |   prLam2C_buf4b  |     array    |
|prLam2C_buf4b_q0         |  in |   16|  ap_memory |   prLam2C_buf4b  |     array    |
|prLam2C_buf10b_address0  | out |   10|  ap_memory |  prLam2C_buf10b  |     array    |
|prLam2C_buf10b_ce0       | out |    1|  ap_memory |  prLam2C_buf10b  |     array    |
|prLam2C_buf10b_we0       | out |    1|  ap_memory |  prLam2C_buf10b  |     array    |
|prLam2C_buf10b_d0        | out |   16|  ap_memory |  prLam2C_buf10b  |     array    |
|prLam2C_buf10b_q0        |  in |   16|  ap_memory |  prLam2C_buf10b  |     array    |
|SpEtaPrevA_address0      | out |   11|  ap_memory |    SpEtaPrevA    |     array    |
|SpEtaPrevA_ce0           | out |    1|  ap_memory |    SpEtaPrevA    |     array    |
|SpEtaPrevA_we0           | out |    1|  ap_memory |    SpEtaPrevA    |     array    |
|SpEtaPrevA_d0            | out |   16|  ap_memory |    SpEtaPrevA    |     array    |
|SpEtaPrevAa_address0     | out |   11|  ap_memory |    SpEtaPrevAa   |     array    |
|SpEtaPrevAa_ce0          | out |    1|  ap_memory |    SpEtaPrevAa   |     array    |
|SpEtaPrevAa_we0          | out |    1|  ap_memory |    SpEtaPrevAa   |     array    |
|SpEtaPrevAa_d0           | out |   32|  ap_memory |    SpEtaPrevAa   |     array    |
|SpEtaPrevD_address0      | out |   11|  ap_memory |    SpEtaPrevD    |     array    |
|SpEtaPrevD_ce0           | out |    1|  ap_memory |    SpEtaPrevD    |     array    |
|SpEtaPrevD_we0           | out |    1|  ap_memory |    SpEtaPrevD    |     array    |
|SpEtaPrevD_d0            | out |   16|  ap_memory |    SpEtaPrevD    |     array    |
|SpEtaPrevDa_address0     | out |   11|  ap_memory |    SpEtaPrevDa   |     array    |
|SpEtaPrevDa_ce0          | out |    1|  ap_memory |    SpEtaPrevDa   |     array    |
|SpEtaPrevDa_we0          | out |    1|  ap_memory |    SpEtaPrevDa   |     array    |
|SpEtaPrevDa_d0           | out |   32|  ap_memory |    SpEtaPrevDa   |     array    |
|prHat_bufA_address0      | out |   11|  ap_memory |    prHat_bufA    |     array    |
|prHat_bufA_ce0           | out |    1|  ap_memory |    prHat_bufA    |     array    |
|prHat_bufA_q0            |  in |    1|  ap_memory |    prHat_bufA    |     array    |
|prHat_buf1_address0      | out |   11|  ap_memory |    prHat_buf1    |     array    |
|prHat_buf1_ce0           | out |    1|  ap_memory |    prHat_buf1    |     array    |
|prHat_buf1_q0            |  in |    1|  ap_memory |    prHat_buf1    |     array    |
|prHat_buf3_address0      | out |   11|  ap_memory |    prHat_buf3    |     array    |
|prHat_buf3_ce0           | out |    1|  ap_memory |    prHat_buf3    |     array    |
|prHat_buf3_q0            |  in |    1|  ap_memory |    prHat_buf3    |     array    |
|prHat_bufA4_address0     | out |   11|  ap_memory |    prHat_bufA4   |     array    |
|prHat_bufA4_ce0          | out |    1|  ap_memory |    prHat_bufA4   |     array    |
|prHat_bufA4_q0           |  in |    1|  ap_memory |    prHat_bufA4   |     array    |
|prHat_bufA4b_address0    | out |   11|  ap_memory |   prHat_bufA4b   |     array    |
|prHat_bufA4b_ce0         | out |    1|  ap_memory |   prHat_bufA4b   |     array    |
|prHat_bufA4b_q0          |  in |    1|  ap_memory |   prHat_bufA4b   |     array    |
|prHat_bufAa_address0     | out |   11|  ap_memory |    prHat_bufAa   |     array    |
|prHat_bufAa_ce0          | out |    1|  ap_memory |    prHat_bufAa   |     array    |
|prHat_bufAa_q0           |  in |    1|  ap_memory |    prHat_bufAa   |     array    |
|prHat_bufA1_address0     | out |   11|  ap_memory |    prHat_bufA1   |     array    |
|prHat_bufA1_ce0          | out |    1|  ap_memory |    prHat_bufA1   |     array    |
|prHat_bufA1_q0           |  in |    1|  ap_memory |    prHat_bufA1   |     array    |
|prHat_bufA3_address0     | out |   11|  ap_memory |    prHat_bufA3   |     array    |
|prHat_bufA3_ce0          | out |    1|  ap_memory |    prHat_bufA3   |     array    |
|prHat_bufA3_q0           |  in |    1|  ap_memory |    prHat_bufA3   |     array    |
|prHat_bufA4a_address0    | out |   11|  ap_memory |   prHat_bufA4a   |     array    |
|prHat_bufA4a_ce0         | out |    1|  ap_memory |   prHat_bufA4a   |     array    |
|prHat_bufA4a_q0          |  in |    1|  ap_memory |   prHat_bufA4a   |     array    |
|inxtab_2                 |  in |   16|   ap_none  |     inxtab_2     |    pointer   |
|Eta_tabz_0               |  in |   16|   ap_none  |    Eta_tabz_0    |    pointer   |
|Eta_ans_2_0              |  in |   16|   ap_none  |    Eta_ans_2_0   |    pointer   |
|prLamB_buf_address0      | out |   10|  ap_memory |    prLamB_buf    |     array    |
|prLamB_buf_ce0           | out |    1|  ap_memory |    prLamB_buf    |     array    |
|prLamB_buf_we0           | out |    1|  ap_memory |    prLamB_buf    |     array    |
|prLamB_buf_d0            | out |   16|  ap_memory |    prLamB_buf    |     array    |
|prLamB_buf_q0            |  in |   16|  ap_memory |    prLamB_buf    |     array    |
|prLamB_buf3b_address0    | out |   10|  ap_memory |   prLamB_buf3b   |     array    |
|prLamB_buf3b_ce0         | out |    1|  ap_memory |   prLamB_buf3b   |     array    |
|prLamB_buf3b_we0         | out |    1|  ap_memory |   prLamB_buf3b   |     array    |
|prLamB_buf3b_d0          | out |   16|  ap_memory |   prLamB_buf3b   |     array    |
|prLamB_buf3b_q0          |  in |   16|  ap_memory |   prLamB_buf3b   |     array    |
|Eta_tabz_1               |  in |   16|   ap_none  |    Eta_tabz_1    |    pointer   |
|Eta_ans_2_1              |  in |   16|   ap_none  |    Eta_ans_2_1   |    pointer   |
|prLamB_buf1_address0     | out |   10|  ap_memory |    prLamB_buf1   |     array    |
|prLamB_buf1_ce0          | out |    1|  ap_memory |    prLamB_buf1   |     array    |
|prLamB_buf1_we0          | out |    1|  ap_memory |    prLamB_buf1   |     array    |
|prLamB_buf1_d0           | out |   16|  ap_memory |    prLamB_buf1   |     array    |
|prLamB_buf1_q0           |  in |   16|  ap_memory |    prLamB_buf1   |     array    |
|prLamB_buf5_address0     | out |   10|  ap_memory |    prLamB_buf5   |     array    |
|prLamB_buf5_ce0          | out |    1|  ap_memory |    prLamB_buf5   |     array    |
|prLamB_buf5_we0          | out |    1|  ap_memory |    prLamB_buf5   |     array    |
|prLamB_buf5_d0           | out |   16|  ap_memory |    prLamB_buf5   |     array    |
|prLamB_buf5_q0           |  in |   16|  ap_memory |    prLamB_buf5   |     array    |
|Eta_tabz_2               |  in |   16|   ap_none  |    Eta_tabz_2    |    pointer   |
|Eta_ans_2_2              |  in |   16|   ap_none  |    Eta_ans_2_2   |    pointer   |
|prLamB_buf1a_address0    | out |   10|  ap_memory |   prLamB_buf1a   |     array    |
|prLamB_buf1a_ce0         | out |    1|  ap_memory |   prLamB_buf1a   |     array    |
|prLamB_buf1a_we0         | out |    1|  ap_memory |   prLamB_buf1a   |     array    |
|prLamB_buf1a_d0          | out |   16|  ap_memory |   prLamB_buf1a   |     array    |
|prLamB_buf1a_q0          |  in |   16|  ap_memory |   prLamB_buf1a   |     array    |
|prLamB_buf5a_address0    | out |   10|  ap_memory |   prLamB_buf5a   |     array    |
|prLamB_buf5a_ce0         | out |    1|  ap_memory |   prLamB_buf5a   |     array    |
|prLamB_buf5a_we0         | out |    1|  ap_memory |   prLamB_buf5a   |     array    |
|prLamB_buf5a_d0          | out |   16|  ap_memory |   prLamB_buf5a   |     array    |
|prLamB_buf5a_q0          |  in |   16|  ap_memory |   prLamB_buf5a   |     array    |
|Eta_tabz_3               |  in |   16|   ap_none  |    Eta_tabz_3    |    pointer   |
|Eta_ans_2_3              |  in |   16|   ap_none  |    Eta_ans_2_3   |    pointer   |
|prLamB_buf3_address0     | out |   10|  ap_memory |    prLamB_buf3   |     array    |
|prLamB_buf3_ce0          | out |    1|  ap_memory |    prLamB_buf3   |     array    |
|prLamB_buf3_we0          | out |    1|  ap_memory |    prLamB_buf3   |     array    |
|prLamB_buf3_d0           | out |   16|  ap_memory |    prLamB_buf3   |     array    |
|prLamB_buf3_q0           |  in |   16|  ap_memory |    prLamB_buf3   |     array    |
|prLamB_buf7_address0     | out |   10|  ap_memory |    prLamB_buf7   |     array    |
|prLamB_buf7_ce0          | out |    1|  ap_memory |    prLamB_buf7   |     array    |
|prLamB_buf7_we0          | out |    1|  ap_memory |    prLamB_buf7   |     array    |
|prLamB_buf7_d0           | out |   16|  ap_memory |    prLamB_buf7   |     array    |
|prLamB_buf7_q0           |  in |   16|  ap_memory |    prLamB_buf7   |     array    |
|Eta_tabz_4               |  in |   16|   ap_none  |    Eta_tabz_4    |    pointer   |
|Eta_ans_2_4              |  in |   16|   ap_none  |    Eta_ans_2_4   |    pointer   |
|prLamB_buf3a_address0    | out |   10|  ap_memory |   prLamB_buf3a   |     array    |
|prLamB_buf3a_ce0         | out |    1|  ap_memory |   prLamB_buf3a   |     array    |
|prLamB_buf3a_we0         | out |    1|  ap_memory |   prLamB_buf3a   |     array    |
|prLamB_buf3a_d0          | out |   16|  ap_memory |   prLamB_buf3a   |     array    |
|prLamB_buf3a_q0          |  in |   16|  ap_memory |   prLamB_buf3a   |     array    |
|prLamB_buf7a_address0    | out |   10|  ap_memory |   prLamB_buf7a   |     array    |
|prLamB_buf7a_ce0         | out |    1|  ap_memory |   prLamB_buf7a   |     array    |
|prLamB_buf7a_we0         | out |    1|  ap_memory |   prLamB_buf7a   |     array    |
|prLamB_buf7a_d0          | out |   16|  ap_memory |   prLamB_buf7a   |     array    |
|prLamB_buf7a_q0          |  in |   16|  ap_memory |   prLamB_buf7a   |     array    |
|Eta_tabz_5               |  in |   16|   ap_none  |    Eta_tabz_5    |    pointer   |
|Eta_ans_2_5              |  in |   16|   ap_none  |    Eta_ans_2_5   |    pointer   |
|prLamB_buf4_address0     | out |   10|  ap_memory |    prLamB_buf4   |     array    |
|prLamB_buf4_ce0          | out |    1|  ap_memory |    prLamB_buf4   |     array    |
|prLamB_buf4_we0          | out |    1|  ap_memory |    prLamB_buf4   |     array    |
|prLamB_buf4_d0           | out |   16|  ap_memory |    prLamB_buf4   |     array    |
|prLamB_buf4_q0           |  in |   16|  ap_memory |    prLamB_buf4   |     array    |
|prLamB_buf9_address0     | out |   10|  ap_memory |    prLamB_buf9   |     array    |
|prLamB_buf9_ce0          | out |    1|  ap_memory |    prLamB_buf9   |     array    |
|prLamB_buf9_we0          | out |    1|  ap_memory |    prLamB_buf9   |     array    |
|prLamB_buf9_d0           | out |   16|  ap_memory |    prLamB_buf9   |     array    |
|prLamB_buf9_q0           |  in |   16|  ap_memory |    prLamB_buf9   |     array    |
|Eta_tabg_0               |  in |   16|   ap_none  |    Eta_tabg_0    |    pointer   |
|Eta_ans_5_0              |  in |   16|   ap_none  |    Eta_ans_5_0   |    pointer   |
|prLam2B_buf_address0     | out |   10|  ap_memory |    prLam2B_buf   |     array    |
|prLam2B_buf_ce0          | out |    1|  ap_memory |    prLam2B_buf   |     array    |
|prLam2B_buf_we0          | out |    1|  ap_memory |    prLam2B_buf   |     array    |
|prLam2B_buf_d0           | out |   16|  ap_memory |    prLam2B_buf   |     array    |
|prLam2B_buf_q0           |  in |   16|  ap_memory |    prLam2B_buf   |     array    |
|prLam2B_buf3b_address0   | out |   10|  ap_memory |   prLam2B_buf3b  |     array    |
|prLam2B_buf3b_ce0        | out |    1|  ap_memory |   prLam2B_buf3b  |     array    |
|prLam2B_buf3b_we0        | out |    1|  ap_memory |   prLam2B_buf3b  |     array    |
|prLam2B_buf3b_d0         | out |   16|  ap_memory |   prLam2B_buf3b  |     array    |
|prLam2B_buf3b_q0         |  in |   16|  ap_memory |   prLam2B_buf3b  |     array    |
|Eta_tabg_1               |  in |   16|   ap_none  |    Eta_tabg_1    |    pointer   |
|Eta_ans_5_1              |  in |   16|   ap_none  |    Eta_ans_5_1   |    pointer   |
|prLam2B_buf1_address0    | out |   10|  ap_memory |   prLam2B_buf1   |     array    |
|prLam2B_buf1_ce0         | out |    1|  ap_memory |   prLam2B_buf1   |     array    |
|prLam2B_buf1_we0         | out |    1|  ap_memory |   prLam2B_buf1   |     array    |
|prLam2B_buf1_d0          | out |   16|  ap_memory |   prLam2B_buf1   |     array    |
|prLam2B_buf1_q0          |  in |   16|  ap_memory |   prLam2B_buf1   |     array    |
|prLam2B_buf5_address0    | out |   10|  ap_memory |   prLam2B_buf5   |     array    |
|prLam2B_buf5_ce0         | out |    1|  ap_memory |   prLam2B_buf5   |     array    |
|prLam2B_buf5_we0         | out |    1|  ap_memory |   prLam2B_buf5   |     array    |
|prLam2B_buf5_d0          | out |   16|  ap_memory |   prLam2B_buf5   |     array    |
|prLam2B_buf5_q0          |  in |   16|  ap_memory |   prLam2B_buf5   |     array    |
|Eta_tabg_2               |  in |   16|   ap_none  |    Eta_tabg_2    |    pointer   |
|Eta_ans_5_2              |  in |   16|   ap_none  |    Eta_ans_5_2   |    pointer   |
|prLam2B_buf1a_address0   | out |   10|  ap_memory |   prLam2B_buf1a  |     array    |
|prLam2B_buf1a_ce0        | out |    1|  ap_memory |   prLam2B_buf1a  |     array    |
|prLam2B_buf1a_we0        | out |    1|  ap_memory |   prLam2B_buf1a  |     array    |
|prLam2B_buf1a_d0         | out |   16|  ap_memory |   prLam2B_buf1a  |     array    |
|prLam2B_buf1a_q0         |  in |   16|  ap_memory |   prLam2B_buf1a  |     array    |
|prLam2B_buf5a_address0   | out |   10|  ap_memory |   prLam2B_buf5a  |     array    |
|prLam2B_buf5a_ce0        | out |    1|  ap_memory |   prLam2B_buf5a  |     array    |
|prLam2B_buf5a_we0        | out |    1|  ap_memory |   prLam2B_buf5a  |     array    |
|prLam2B_buf5a_d0         | out |   16|  ap_memory |   prLam2B_buf5a  |     array    |
|prLam2B_buf5a_q0         |  in |   16|  ap_memory |   prLam2B_buf5a  |     array    |
|Eta_tabg_3               |  in |   16|   ap_none  |    Eta_tabg_3    |    pointer   |
|Eta_ans_5_3              |  in |   16|   ap_none  |    Eta_ans_5_3   |    pointer   |
|prLam2B_buf3_address0    | out |   10|  ap_memory |   prLam2B_buf3   |     array    |
|prLam2B_buf3_ce0         | out |    1|  ap_memory |   prLam2B_buf3   |     array    |
|prLam2B_buf3_we0         | out |    1|  ap_memory |   prLam2B_buf3   |     array    |
|prLam2B_buf3_d0          | out |   16|  ap_memory |   prLam2B_buf3   |     array    |
|prLam2B_buf3_q0          |  in |   16|  ap_memory |   prLam2B_buf3   |     array    |
|prLam2B_buf7_address0    | out |   10|  ap_memory |   prLam2B_buf7   |     array    |
|prLam2B_buf7_ce0         | out |    1|  ap_memory |   prLam2B_buf7   |     array    |
|prLam2B_buf7_we0         | out |    1|  ap_memory |   prLam2B_buf7   |     array    |
|prLam2B_buf7_d0          | out |   16|  ap_memory |   prLam2B_buf7   |     array    |
|prLam2B_buf7_q0          |  in |   16|  ap_memory |   prLam2B_buf7   |     array    |
|Eta_tabg_4               |  in |   16|   ap_none  |    Eta_tabg_4    |    pointer   |
|Eta_ans_5_4              |  in |   16|   ap_none  |    Eta_ans_5_4   |    pointer   |
|prLam2B_buf3a_address0   | out |   10|  ap_memory |   prLam2B_buf3a  |     array    |
|prLam2B_buf3a_ce0        | out |    1|  ap_memory |   prLam2B_buf3a  |     array    |
|prLam2B_buf3a_we0        | out |    1|  ap_memory |   prLam2B_buf3a  |     array    |
|prLam2B_buf3a_d0         | out |   16|  ap_memory |   prLam2B_buf3a  |     array    |
|prLam2B_buf3a_q0         |  in |   16|  ap_memory |   prLam2B_buf3a  |     array    |
|prLam2B_buf7a_address0   | out |   10|  ap_memory |   prLam2B_buf7a  |     array    |
|prLam2B_buf7a_ce0        | out |    1|  ap_memory |   prLam2B_buf7a  |     array    |
|prLam2B_buf7a_we0        | out |    1|  ap_memory |   prLam2B_buf7a  |     array    |
|prLam2B_buf7a_d0         | out |   16|  ap_memory |   prLam2B_buf7a  |     array    |
|prLam2B_buf7a_q0         |  in |   16|  ap_memory |   prLam2B_buf7a  |     array    |
|Eta_tabg_5               |  in |   16|   ap_none  |    Eta_tabg_5    |    pointer   |
|Eta_ans_5_5              |  in |   16|   ap_none  |    Eta_ans_5_5   |    pointer   |
|prLam2B_buf4_address0    | out |   10|  ap_memory |   prLam2B_buf4   |     array    |
|prLam2B_buf4_ce0         | out |    1|  ap_memory |   prLam2B_buf4   |     array    |
|prLam2B_buf4_we0         | out |    1|  ap_memory |   prLam2B_buf4   |     array    |
|prLam2B_buf4_d0          | out |   16|  ap_memory |   prLam2B_buf4   |     array    |
|prLam2B_buf4_q0          |  in |   16|  ap_memory |   prLam2B_buf4   |     array    |
|prLam2B_buf9_address0    | out |   10|  ap_memory |   prLam2B_buf9   |     array    |
|prLam2B_buf9_ce0         | out |    1|  ap_memory |   prLam2B_buf9   |     array    |
|prLam2B_buf9_we0         | out |    1|  ap_memory |   prLam2B_buf9   |     array    |
|prLam2B_buf9_d0          | out |   16|  ap_memory |   prLam2B_buf9   |     array    |
|prLam2B_buf9_q0          |  in |   16|  ap_memory |   prLam2B_buf9   |     array    |
|SpEtaPrevB_address0      | out |   11|  ap_memory |    SpEtaPrevB    |     array    |
|SpEtaPrevB_ce0           | out |    1|  ap_memory |    SpEtaPrevB    |     array    |
|SpEtaPrevB_we0           | out |    1|  ap_memory |    SpEtaPrevB    |     array    |
|SpEtaPrevB_d0            | out |   16|  ap_memory |    SpEtaPrevB    |     array    |
|SpEtaPrevBa_address0     | out |   11|  ap_memory |    SpEtaPrevBa   |     array    |
|SpEtaPrevBa_ce0          | out |    1|  ap_memory |    SpEtaPrevBa   |     array    |
|SpEtaPrevBa_we0          | out |    1|  ap_memory |    SpEtaPrevBa   |     array    |
|SpEtaPrevBa_d0           | out |   32|  ap_memory |    SpEtaPrevBa   |     array    |
|SpEtaPrevE_address0      | out |   11|  ap_memory |    SpEtaPrevE    |     array    |
|SpEtaPrevE_ce0           | out |    1|  ap_memory |    SpEtaPrevE    |     array    |
|SpEtaPrevE_we0           | out |    1|  ap_memory |    SpEtaPrevE    |     array    |
|SpEtaPrevE_d0            | out |   16|  ap_memory |    SpEtaPrevE    |     array    |
|SpEtaPrevEa_address0     | out |   11|  ap_memory |    SpEtaPrevEa   |     array    |
|SpEtaPrevEa_ce0          | out |    1|  ap_memory |    SpEtaPrevEa   |     array    |
|SpEtaPrevEa_we0          | out |    1|  ap_memory |    SpEtaPrevEa   |     array    |
|SpEtaPrevEa_d0           | out |   32|  ap_memory |    SpEtaPrevEa   |     array    |
|prHat_bufB_address0      | out |   11|  ap_memory |    prHat_bufB    |     array    |
|prHat_bufB_ce0           | out |    1|  ap_memory |    prHat_bufB    |     array    |
|prHat_bufB_q0            |  in |    1|  ap_memory |    prHat_bufB    |     array    |
|prHat_bufB1_address0     | out |   11|  ap_memory |    prHat_bufB1   |     array    |
|prHat_bufB1_ce0          | out |    1|  ap_memory |    prHat_bufB1   |     array    |
|prHat_bufB1_q0           |  in |    1|  ap_memory |    prHat_bufB1   |     array    |
|prHat_bufB1b_address0    | out |   11|  ap_memory |   prHat_bufB1b   |     array    |
|prHat_bufB1b_ce0         | out |    1|  ap_memory |   prHat_bufB1b   |     array    |
|prHat_bufB1b_q0          |  in |    1|  ap_memory |   prHat_bufB1b   |     array    |
|prHat_bufB3_address0     | out |   11|  ap_memory |    prHat_bufB3   |     array    |
|prHat_bufB3_ce0          | out |    1|  ap_memory |    prHat_bufB3   |     array    |
|prHat_bufB3_q0           |  in |    1|  ap_memory |    prHat_bufB3   |     array    |
|prHat_bufB3b_address0    | out |   11|  ap_memory |   prHat_bufB3b   |     array    |
|prHat_bufB3b_ce0         | out |    1|  ap_memory |   prHat_bufB3b   |     array    |
|prHat_bufB3b_q0          |  in |    1|  ap_memory |   prHat_bufB3b   |     array    |
|prHat_bufB4_address0     | out |   11|  ap_memory |    prHat_bufB4   |     array    |
|prHat_bufB4_ce0          | out |    1|  ap_memory |    prHat_bufB4   |     array    |
|prHat_bufB4_q0           |  in |    1|  ap_memory |    prHat_bufB4   |     array    |
|prHat_bufB1a_address0    | out |   11|  ap_memory |   prHat_bufB1a   |     array    |
|prHat_bufB1a_ce0         | out |    1|  ap_memory |   prHat_bufB1a   |     array    |
|prHat_bufB1a_q0          |  in |    1|  ap_memory |   prHat_bufB1a   |     array    |
|prHat_bufB1c_address0    | out |   11|  ap_memory |   prHat_bufB1c   |     array    |
|prHat_bufB1c_ce0         | out |    1|  ap_memory |   prHat_bufB1c   |     array    |
|prHat_bufB1c_q0          |  in |    1|  ap_memory |   prHat_bufB1c   |     array    |
|prHat_bufB3a_address0    | out |   11|  ap_memory |   prHat_bufB3a   |     array    |
|prHat_bufB3a_ce0         | out |    1|  ap_memory |   prHat_bufB3a   |     array    |
|prHat_bufB3a_q0          |  in |    1|  ap_memory |   prHat_bufB3a   |     array    |
|prHat_bufB3c_address0    | out |   11|  ap_memory |   prHat_bufB3c   |     array    |
|prHat_bufB3c_ce0         | out |    1|  ap_memory |   prHat_bufB3c   |     array    |
|prHat_bufB3c_q0          |  in |    1|  ap_memory |   prHat_bufB3c   |     array    |
|bAllChecksPassed         | out |    1|   ap_vld   | bAllChecksPassed |    pointer   |
|bAllChecksPassed_ap_vld  | out |    1|   ap_vld   | bAllChecksPassed |    pointer   |
+-------------------------+-----+-----+------------+------------------+--------------+

