

================================================================
== Vivado HLS Report for 'write_result_23'
================================================================
* Date:           Sat Oct 05 17:15:15 2019

* Version:        2016.3 (Build 1682563 on Mon Oct 10 19:41:59 MDT 2016)
* Project:        LDPC_Decoder3U
* Solution:       solution1
* Product family: kintex7
* Target device:  xc7k160tfbg676-1


================================================================
== Performance Estimates
================================================================
+ Timing (ns): 
    * Summary: 
    +--------+-------+----------+------------+
    |  Clock | Target| Estimated| Uncertainty|
    +--------+-------+----------+------------+
    |ap_clk  |  10.00|      6.59|        1.25|
    +--------+-------+----------+------------+

+ Latency (clock cycles): 
    * Summary: 
    +-----+-----+-----+-----+----------+
    |  Latency  |  Interval | Pipeline |
    | min | max | min | max |   Type   |
    +-----+-----+-----+-----+----------+
    |    2|    2|    2|    2| function |
    +-----+-----+-----+-----+----------+

    + Detail: 
        * Instance: 
        N/A

        * Loop: 
        N/A



================================================================
== Utilization Estimates
================================================================
* Summary: 
+-----------------+---------+-------+--------+--------+
|       Name      | BRAM_18K| DSP48E|   FF   |   LUT  |
+-----------------+---------+-------+--------+--------+
|DSP              |        -|      -|       -|       -|
|Expression       |        -|      -|       0|     820|
|FIFO             |        -|      -|       -|       -|
|Instance         |        -|      -|       -|       -|
|Memory           |        -|      -|       -|       -|
|Multiplexer      |        -|      -|       -|     639|
|Register         |        -|      -|     612|       -|
+-----------------+---------+-------+--------+--------+
|Total            |        0|      0|     612|    1459|
+-----------------+---------+-------+--------+--------+
|Available        |      650|    600|  202800|  101400|
+-----------------+---------+-------+--------+--------+
|Utilization (%)  |        0|      0|   ~0   |       1|
+-----------------+---------+-------+--------+--------+

+ Detail: 
    * Instance: 
    N/A

    * DSP48: 
    N/A

    * Memory: 
    N/A

    * FIFO: 
    N/A

    * Expression: 
    +---------------------+----------+-------+---+----+------------+------------+
    |    Variable Name    | Operation| DSP48E| FF| LUT| Bitwidth P0| Bitwidth P1|
    +---------------------+----------+-------+---+----+------------+------------+
    |prLam2B_buf1_d0      |     +    |      0|  0|  16|          16|          16|
    |prLam2B_buf1a_d0     |     +    |      0|  0|  16|          16|          16|
    |prLam2B_buf1b_d0     |     +    |      0|  0|  16|          16|          16|
    |prLam2B_buf2_d0      |     +    |      0|  0|  16|          16|          16|
    |prLam2B_buf3_d0      |     +    |      0|  0|  16|          16|          16|
    |prLam2B_buf3a_d0     |     +    |      0|  0|  16|          16|          16|
    |prLam2B_buf5_d0      |     +    |      0|  0|  16|          16|          16|
    |prLam2B_buf5a_d0     |     +    |      0|  0|  16|          16|          16|
    |prLam2B_buf6_d0      |     +    |      0|  0|  16|          16|          16|
    |prLam2B_buf_d0       |     +    |      0|  0|  16|          16|          16|
    |prLam2C_buf10a_d0    |     +    |      0|  0|  16|          16|          16|
    |prLam2C_buf10b_d0    |     +    |      0|  0|  16|          16|          16|
    |prLam2C_buf1_d0      |     +    |      0|  0|  16|          16|          16|
    |prLam2C_buf2_d0      |     +    |      0|  0|  16|          16|          16|
    |prLam2C_buf3_d0      |     +    |      0|  0|  16|          16|          16|
    |prLam2C_buf5_d0      |     +    |      0|  0|  16|          16|          16|
    |prLam2C_buf6_d0      |     +    |      0|  0|  16|          16|          16|
    |prLam2C_buf_d0       |     +    |      0|  0|  16|          16|          16|
    |prLam2C_bufa_d0      |     +    |      0|  0|  16|          16|          16|
    |prLam2C_bufb_d0      |     +    |      0|  0|  16|          16|          16|
    |prLam2_buf2_d0       |     +    |      0|  0|  16|          16|          16|
    |prLam2_buf4_d0       |     +    |      0|  0|  16|          16|          16|
    |prLam2_buf4a_d0      |     +    |      0|  0|  16|          16|          16|
    |prLamB_buf1_d0       |     +    |      0|  0|  16|          16|          16|
    |prLamB_buf1a_d0      |     +    |      0|  0|  16|          16|          16|
    |prLamB_buf1b_d0      |     +    |      0|  0|  16|          16|          16|
    |prLamB_buf2_d0       |     +    |      0|  0|  16|          16|          16|
    |prLamB_buf3_d0       |     +    |      0|  0|  16|          16|          16|
    |prLamB_buf3a_d0      |     +    |      0|  0|  16|          16|          16|
    |prLamB_buf5_d0       |     +    |      0|  0|  16|          16|          16|
    |prLamB_buf5a_d0      |     +    |      0|  0|  16|          16|          16|
    |prLamB_buf6_d0       |     +    |      0|  0|  16|          16|          16|
    |prLamB_buf_d0        |     +    |      0|  0|  16|          16|          16|
    |prLamC_buf10a_d0     |     +    |      0|  0|  16|          16|          16|
    |prLamC_buf10b_d0     |     +    |      0|  0|  16|          16|          16|
    |prLamC_buf1_d0       |     +    |      0|  0|  16|          16|          16|
    |prLamC_buf2_d0       |     +    |      0|  0|  16|          16|          16|
    |prLamC_buf3_d0       |     +    |      0|  0|  16|          16|          16|
    |prLamC_buf5_d0       |     +    |      0|  0|  16|          16|          16|
    |prLamC_buf6_d0       |     +    |      0|  0|  16|          16|          16|
    |prLamC_buf_d0        |     +    |      0|  0|  16|          16|          16|
    |prLamC_bufa_d0       |     +    |      0|  0|  16|          16|          16|
    |prLamC_bufb_d0       |     +    |      0|  0|  16|          16|          16|
    |prLam_buf2_d0        |     +    |      0|  0|  16|          16|          16|
    |prLam_buf4_d0        |     +    |      0|  0|  16|          16|          16|
    |prLam_buf4a_d0       |     +    |      0|  0|  16|          16|          16|
    |tmp_1_fu_1783_p2     |     +    |      0|  0|  13|           1|          13|
    |tmp_56_fu_2650_p2    |     +    |      0|  0|  13|           1|          13|
    |tmp_98_fu_3064_p2    |     +    |      0|  0|  13|           1|          13|
    |or_cond_fu_3274_p2   |    or    |      0|  0|   1|           1|           1|
    |tmp35_fu_3256_p2     |    or    |      0|  0|   1|           1|           1|
    |tmp36_fu_3250_p2     |    or    |      0|  0|   1|           1|           1|
    |tmp37_fu_3268_p2     |    or    |      0|  0|   1|           1|           1|
    |tmp38_fu_3262_p2     |    or    |      0|  0|   1|           1|           1|
    |parity1_fu_2436_p2   |    xor   |      0|  0|   1|           1|           1|
    |parityA1_fu_2823_p2  |    xor   |      0|  0|   1|           1|           1|
    |parityA_fu_2771_p2   |    xor   |      0|  0|   1|           1|           1|
    |parityB1_fu_3244_p2  |    xor   |      0|  0|   1|           1|           1|
    |parityB_fu_3191_p2   |    xor   |      0|  0|   1|           1|           1|
    |parity_fu_2425_p2    |    xor   |      0|  0|   1|           1|           1|
    |tmp10_fu_2754_p2     |    xor   |      0|  0|   1|           1|           1|
    |tmp11_fu_2794_p2     |    xor   |      0|  0|   1|           1|           1|
    |tmp12_fu_2777_p2     |    xor   |      0|  0|   1|           1|           1|
    |tmp13_fu_2788_p2     |    xor   |      0|  0|   1|           1|           1|
    |tmp14_fu_2782_p2     |    xor   |      0|  0|   1|           1|           1|
    |tmp15_fu_2817_p2     |    xor   |      0|  0|   1|           1|           1|
    |tmp16_fu_2800_p2     |    xor   |      0|  0|   1|           1|           1|
    |tmp17_fu_2812_p2     |    xor   |      0|  0|   1|           1|           1|
    |tmp18_fu_2806_p2     |    xor   |      0|  0|   1|           1|           1|
    |tmp19_fu_3162_p2     |    xor   |      0|  0|   1|           1|           1|
    |tmp1_fu_2420_p2      |    xor   |      0|  0|   1|           1|           1|
    |tmp20_fu_3147_p2     |    xor   |      0|  0|   1|           1|           1|
    |tmp21_fu_3156_p2     |    xor   |      0|  0|   1|           1|           1|
    |tmp22_fu_3151_p2     |    xor   |      0|  0|   1|           1|           1|
    |tmp23_fu_3185_p2     |    xor   |      0|  0|   1|           1|           1|
    |tmp24_fu_3168_p2     |    xor   |      0|  0|   1|           1|           1|
    |tmp25_fu_3179_p2     |    xor   |      0|  0|   1|           1|           1|
    |tmp26_fu_3174_p2     |    xor   |      0|  0|   1|           1|           1|
    |tmp27_fu_3214_p2     |    xor   |      0|  0|   1|           1|           1|
    |tmp28_fu_3197_p2     |    xor   |      0|  0|   1|           1|           1|
    |tmp29_fu_3208_p2     |    xor   |      0|  0|   1|           1|           1|
    |tmp2_fu_2431_p2      |    xor   |      0|  0|   1|           1|           1|
    |tmp30_fu_3202_p2     |    xor   |      0|  0|   1|           1|           1|
    |tmp31_fu_3238_p2     |    xor   |      0|  0|   1|           1|           1|
    |tmp32_fu_3220_p2     |    xor   |      0|  0|   1|           1|           1|
    |tmp33_fu_3232_p2     |    xor   |      0|  0|   1|           1|           1|
    |tmp34_fu_3226_p2     |    xor   |      0|  0|   1|           1|           1|
    |tmp3_fu_2744_p2      |    xor   |      0|  0|   1|           1|           1|
    |tmp4_fu_2728_p2      |    xor   |      0|  0|   1|           1|           1|
    |tmp5_fu_2738_p2      |    xor   |      0|  0|   1|           1|           1|
    |tmp6_fu_2733_p2      |    xor   |      0|  0|   1|           1|           1|
    |tmp7_fu_2765_p2      |    xor   |      0|  0|   1|           1|           1|
    |tmp8_fu_2750_p2      |    xor   |      0|  0|   1|           1|           1|
    |tmp9_fu_2760_p2      |    xor   |      0|  0|   1|           1|           1|
    +---------------------+----------+-------+---+----+------------+------------+
    |Total                |          |      0|  0| 820|         784|         820|
    +---------------------+----------+-------+---+----+------------+------------+

    * Multiplexer: 
    +-------------------------+----+-----------+-----+-----------+
    |           Name          | LUT| Input Size| Bits| Total Bits|
    +-------------------------+----+-----------+-----+-----------+
    |SpEtaPrevC_address0      |  11|          3|   11|         33|
    |SpEtaPrev_address0       |  11|          3|   11|         33|
    |ap_NS_fsm                |   1|          3|    1|          3|
    |ap_enable_reg_pp0_iter0  |   1|          2|    1|          2|
    |ap_enable_reg_pp0_iter1  |   1|          2|    1|          2|
    |prHat_buf6_address0      |  11|          3|   11|         33|
    |prHat_buf6a_address0     |  11|          3|   11|         33|
    |prHat_bufA1_address0     |  11|          3|   11|         33|
    |prHat_bufA3_address0     |  11|          3|   11|         33|
    |prHat_bufA5_address0     |  11|          3|   11|         33|
    |prHat_bufA6_address0     |  11|          3|   11|         33|
    |prHat_bufA6a_address0    |  11|          3|   11|         33|
    |prHat_bufA_address0      |  11|          3|   11|         33|
    |prHat_bufAa_address0     |  11|          3|   11|         33|
    |prHat_bufB1_address0     |  11|          3|   11|         33|
    |prHat_bufB1a_address0    |  11|          3|   11|         33|
    |prHat_bufB2_address0     |  11|          3|   11|         33|
    |prHat_bufB6_address0     |  11|          3|   11|         33|
    |prHat_bufB_address0      |  11|          3|   11|         33|
    |prLam2B_buf1_address0    |  10|          3|   10|         30|
    |prLam2B_buf1a_address0   |  10|          3|   10|         30|
    |prLam2B_buf1b_address0   |  10|          3|   10|         30|
    |prLam2B_buf2_address0    |  10|          3|   10|         30|
    |prLam2B_buf3_address0    |  10|          3|   10|         30|
    |prLam2B_buf3a_address0   |  10|          3|   10|         30|
    |prLam2B_buf5_address0    |  10|          3|   10|         30|
    |prLam2B_buf5a_address0   |  10|          3|   10|         30|
    |prLam2B_buf6_address0    |  10|          3|   10|         30|
    |prLam2B_buf_address0     |  10|          3|   10|         30|
    |prLam2C_buf10a_address0  |  10|          3|   10|         30|
    |prLam2C_buf10b_address0  |  10|          3|   10|         30|
    |prLam2C_buf1_address0    |  10|          3|   10|         30|
    |prLam2C_buf2_address0    |  10|          3|   10|         30|
    |prLam2C_buf3_address0    |  10|          3|   10|         30|
    |prLam2C_buf5_address0    |  10|          3|   10|         30|
    |prLam2C_buf6_address0    |  10|          3|   10|         30|
    |prLam2C_buf_address0     |  10|          3|   10|         30|
    |prLam2C_bufa_address0    |  10|          3|   10|         30|
    |prLam2C_bufb_address0    |  10|          3|   10|         30|
    |prLam2_buf2_address0     |  10|          3|   10|         30|
    |prLam2_buf4_address0     |  10|          3|   10|         30|
    |prLam2_buf4a_address0    |  10|          3|   10|         30|
    |prLamB_buf1_address0     |  10|          3|   10|         30|
    |prLamB_buf1a_address0    |  10|          3|   10|         30|
    |prLamB_buf1b_address0    |  10|          3|   10|         30|
    |prLamB_buf2_address0     |  10|          3|   10|         30|
    |prLamB_buf3_address0     |  10|          3|   10|         30|
    |prLamB_buf3a_address0    |  10|          3|   10|         30|
    |prLamB_buf5_address0     |  10|          3|   10|         30|
    |prLamB_buf5a_address0    |  10|          3|   10|         30|
    |prLamB_buf6_address0     |  10|          3|   10|         30|
    |prLamB_buf_address0      |  10|          3|   10|         30|
    |prLamC_buf10a_address0   |  10|          3|   10|         30|
    |prLamC_buf10b_address0   |  10|          3|   10|         30|
    |prLamC_buf1_address0     |  10|          3|   10|         30|
    |prLamC_buf2_address0     |  10|          3|   10|         30|
    |prLamC_buf3_address0     |  10|          3|   10|         30|
    |prLamC_buf5_address0     |  10|          3|   10|         30|
    |prLamC_buf6_address0     |  10|          3|   10|         30|
    |prLamC_buf_address0      |  10|          3|   10|         30|
    |prLamC_bufa_address0     |  10|          3|   10|         30|
    |prLamC_bufb_address0     |  10|          3|   10|         30|
    |prLam_buf2_address0      |  10|          3|   10|         30|
    |prLam_buf4_address0      |  10|          3|   10|         30|
    |prLam_buf4a_address0     |  10|          3|   10|         30|
    +-------------------------+----+-----------+-----+-----------+
    |Total                    | 639|        193|  639|       1915|
    +-------------------------+----+-----------+-----+-----------+

    * Register: 
    +------------------------------+----+----+-----+-----------+
    |             Name             | FF | LUT| Bits| Const Bits|
    +------------------------------+----+----+-----+-----------+
    |SpEtaPrevC_addr_reg_3436      |  11|   0|   11|          0|
    |SpEtaPrev_addr_reg_3426       |  11|   0|   11|          0|
    |ap_CS_fsm                     |   2|   0|    2|          0|
    |ap_enable_reg_pp0_iter0_preg  |   1|   0|    1|          0|
    |ap_enable_reg_pp0_iter1       |   1|   0|    1|          0|
    |prHat_buf6_load_reg_3471      |   1|   0|    1|          0|
    |prHat_buf6a_load_reg_3486     |   1|   0|    1|          0|
    |prHat_bufA1_load_reg_3611     |   1|   0|    1|          0|
    |prHat_bufA3_load_reg_3621     |   1|   0|    1|          0|
    |prHat_bufA5_load_reg_3626     |   1|   0|    1|          0|
    |prHat_bufA6_load_reg_3631     |   1|   0|    1|          0|
    |prHat_bufA6a_load_reg_3681    |   1|   0|    1|          0|
    |prHat_bufA_load_reg_3596      |   1|   0|    1|          0|
    |prHat_bufAa_load_reg_3646     |   1|   0|    1|          0|
    |prHat_bufB1_load_reg_3801     |   1|   0|    1|          0|
    |prHat_bufB1a_load_reg_3851    |   1|   0|    1|          0|
    |prHat_bufB2_load_reg_3816     |   1|   0|    1|          0|
    |prHat_bufB6_load_reg_3841     |   1|   0|    1|          0|
    |prHat_bufB_load_reg_3796      |   1|   0|    1|          0|
    |prLam2B_buf1_addr_reg_3396    |  10|   0|   10|          0|
    |prLam2B_buf1a_addr_reg_3731   |  10|   0|   10|          0|
    |prLam2B_buf1b_addr_reg_3736   |  10|   0|   10|          0|
    |prLam2B_buf2_addr_reg_3741    |  10|   0|   10|          0|
    |prLam2B_buf3_addr_reg_3746    |  10|   0|   10|          0|
    |prLam2B_buf3a_addr_reg_3751   |  10|   0|   10|          0|
    |prLam2B_buf5_addr_reg_3756    |  10|   0|   10|          0|
    |prLam2B_buf5a_addr_reg_3761   |  10|   0|   10|          0|
    |prLam2B_buf6_addr_reg_3766    |  10|   0|   10|          0|
    |prLam2B_buf_addr_reg_3726     |  10|   0|   10|          0|
    |prLam2C_buf10a_addr_reg_3551  |  10|   0|   10|          0|
    |prLam2C_buf10b_addr_reg_3556  |  10|   0|   10|          0|
    |prLam2C_buf1_addr_reg_3531    |  10|   0|   10|          0|
    |prLam2C_buf2_addr_reg_3536    |  10|   0|   10|          0|
    |prLam2C_buf3_addr_reg_3541    |  10|   0|   10|          0|
    |prLam2C_buf5_addr_reg_3546    |  10|   0|   10|          0|
    |prLam2C_buf6_addr_reg_3336    |  10|   0|   10|          0|
    |prLam2C_buf_addr_reg_3331     |  10|   0|   10|          0|
    |prLam2C_bufa_addr_reg_3521    |  10|   0|   10|          0|
    |prLam2C_bufb_addr_reg_3526    |  10|   0|   10|          0|
    |prLam2_buf2_addr_reg_3291     |  10|   0|   10|          0|
    |prLam2_buf4_addr_reg_3456     |  10|   0|   10|          0|
    |prLam2_buf4a_addr_reg_3461    |  10|   0|   10|          0|
    |prLamB_buf1_addr_reg_3381     |  10|   0|   10|          0|
    |prLamB_buf1a_addr_reg_3696    |  10|   0|   10|          0|
    |prLamB_buf1b_addr_reg_3701    |  10|   0|   10|          0|
    |prLamB_buf2_addr_reg_3386     |  10|   0|   10|          0|
    |prLamB_buf3_addr_reg_3706     |  10|   0|   10|          0|
    |prLamB_buf3a_addr_reg_3711    |  10|   0|   10|          0|
    |prLamB_buf5_addr_reg_3716     |  10|   0|   10|          0|
    |prLamB_buf5a_addr_reg_3721    |  10|   0|   10|          0|
    |prLamB_buf6_addr_reg_3391     |  10|   0|   10|          0|
    |prLamB_buf_addr_reg_3376      |  10|   0|   10|          0|
    |prLamC_buf10a_addr_reg_3511   |  10|   0|   10|          0|
    |prLamC_buf10b_addr_reg_3516   |  10|   0|   10|          0|
    |prLamC_buf1_addr_reg_3311     |  10|   0|   10|          0|
    |prLamC_buf2_addr_reg_3506     |  10|   0|   10|          0|
    |prLamC_buf3_addr_reg_3316     |  10|   0|   10|          0|
    |prLamC_buf5_addr_reg_3321     |  10|   0|   10|          0|
    |prLamC_buf6_addr_reg_3326     |  10|   0|   10|          0|
    |prLamC_buf_addr_reg_3306      |  10|   0|   10|          0|
    |prLamC_bufa_addr_reg_3496     |  10|   0|   10|          0|
    |prLamC_bufb_addr_reg_3501     |  10|   0|   10|          0|
    |prLam_buf2_addr_reg_3286      |  10|   0|   10|          0|
    |prLam_buf4_addr_reg_3446      |  10|   0|   10|          0|
    |prLam_buf4a_addr_reg_3451     |  10|   0|   10|          0|
    |tmp_101_reg_3431              |   8|   0|    8|          0|
    |tmp_104_reg_3441              |   8|   0|    8|          0|
    |tmp_107_reg_3561              |   8|   0|    8|          0|
    |tmp_110_reg_3566              |   8|   0|    8|          0|
    |tmp_112_reg_3571              |   8|   0|    8|          0|
    |tmp_113_reg_3576              |   8|   0|    8|          0|
    |tmp_114_reg_3581              |   8|   0|    8|          0|
    |tmp_117_reg_3586              |   8|   0|    8|          0|
    |tmp_124_reg_3591              |   8|   0|    8|          0|
    |tmp_128_reg_3771              |   8|   0|    8|          0|
    |tmp_129_reg_3776              |   8|   0|    8|          0|
    |tmp_132_reg_3781              |   8|   0|    8|          0|
    |tmp_137_reg_3786              |   8|   0|    8|          0|
    |tmp_139_reg_3791              |   8|   0|    8|          0|
    +------------------------------+----+----+-----+-----------+
    |Total                         | 612|   0|  612|          0|
    +------------------------------+----+----+-----+-----------+



================================================================
== Interface
================================================================
* Summary: 
+-------------------------+-----+-----+------------+------------------+--------------+
|        RTL Ports        | Dir | Bits|  Protocol  |   Source Object  |    C Type    |
+-------------------------+-----+-----+------------+------------------+--------------+
|ap_clk                   |  in |    1| ap_ctrl_hs |  write_result_23 | return value |
|ap_rst                   |  in |    1| ap_ctrl_hs |  write_result_23 | return value |
|ap_start                 |  in |    1| ap_ctrl_hs |  write_result_23 | return value |
|ap_done                  | out |    1| ap_ctrl_hs |  write_result_23 | return value |
|ap_idle                  | out |    1| ap_ctrl_hs |  write_result_23 | return value |
|ap_ready                 | out |    1| ap_ctrl_hs |  write_result_23 | return value |
|ap_ce                    |  in |    1| ap_ctrl_hs |  write_result_23 | return value |
|inxtab_0                 |  in |   16|   ap_none  |     inxtab_0     |    pointer   |
|Eta_ans_0                |  in |   16|   ap_none  |     Eta_ans_0    |    pointer   |
|SpEtaPrev_address0       | out |   11|  ap_memory |     SpEtaPrev    |     array    |
|SpEtaPrev_ce0            | out |    1|  ap_memory |     SpEtaPrev    |     array    |
|SpEtaPrev_we0            | out |    1|  ap_memory |     SpEtaPrev    |     array    |
|SpEtaPrev_d0             | out |   32|  ap_memory |     SpEtaPrev    |     array    |
|SpEtaPrev_q0             |  in |   32|  ap_memory |     SpEtaPrev    |     array    |
|Eta_ans_1_32             |  in |   16|   ap_none  |   Eta_ans_1_32   |    pointer   |
|Eta_ans_2_25             |  in |   16|   ap_none  |   Eta_ans_2_25   |    pointer   |
|Eta_ans_3_0              |  in |   16|   ap_none  |    Eta_ans_3_0   |    pointer   |
|SpEtaPrevC_address0      | out |   11|  ap_memory |    SpEtaPrevC    |     array    |
|SpEtaPrevC_ce0           | out |    1|  ap_memory |    SpEtaPrevC    |     array    |
|SpEtaPrevC_we0           | out |    1|  ap_memory |    SpEtaPrevC    |     array    |
|SpEtaPrevC_d0            | out |   32|  ap_memory |    SpEtaPrevC    |     array    |
|SpEtaPrevC_q0            |  in |   32|  ap_memory |    SpEtaPrevC    |     array    |
|Eta_ans_3_1              |  in |   16|   ap_none  |    Eta_ans_3_1   |    pointer   |
|Eta_ans_3_2              |  in |   16|   ap_none  |    Eta_ans_3_2   |    pointer   |
|Eta_tabx_0               |  in |   16|   ap_none  |    Eta_tabx_0    |    pointer   |
|prLam_buf4_address0      | out |   10|  ap_memory |    prLam_buf4    |     array    |
|prLam_buf4_ce0           | out |    1|  ap_memory |    prLam_buf4    |     array    |
|prLam_buf4_we0           | out |    1|  ap_memory |    prLam_buf4    |     array    |
|prLam_buf4_d0            | out |   16|  ap_memory |    prLam_buf4    |     array    |
|prLam_buf4_q0            |  in |   16|  ap_memory |    prLam_buf4    |     array    |
|Eta_tabx_1               |  in |   16|   ap_none  |    Eta_tabx_1    |    pointer   |
|prLam_buf2_address0      | out |   10|  ap_memory |    prLam_buf2    |     array    |
|prLam_buf2_ce0           | out |    1|  ap_memory |    prLam_buf2    |     array    |
|prLam_buf2_we0           | out |    1|  ap_memory |    prLam_buf2    |     array    |
|prLam_buf2_d0            | out |   16|  ap_memory |    prLam_buf2    |     array    |
|prLam_buf2_q0            |  in |   16|  ap_memory |    prLam_buf2    |     array    |
|Eta_tabx_2               |  in |   16|   ap_none  |    Eta_tabx_2    |    pointer   |
|prLam_buf4a_address0     | out |   10|  ap_memory |    prLam_buf4a   |     array    |
|prLam_buf4a_ce0          | out |    1|  ap_memory |    prLam_buf4a   |     array    |
|prLam_buf4a_we0          | out |    1|  ap_memory |    prLam_buf4a   |     array    |
|prLam_buf4a_d0           | out |   16|  ap_memory |    prLam_buf4a   |     array    |
|prLam_buf4a_q0           |  in |   16|  ap_memory |    prLam_buf4a   |     array    |
|Eta_tabe_0               |  in |   16|   ap_none  |    Eta_tabe_0    |    pointer   |
|prLam2_buf4_address0     | out |   10|  ap_memory |    prLam2_buf4   |     array    |
|prLam2_buf4_ce0          | out |    1|  ap_memory |    prLam2_buf4   |     array    |
|prLam2_buf4_we0          | out |    1|  ap_memory |    prLam2_buf4   |     array    |
|prLam2_buf4_d0           | out |   16|  ap_memory |    prLam2_buf4   |     array    |
|prLam2_buf4_q0           |  in |   16|  ap_memory |    prLam2_buf4   |     array    |
|Eta_tabe_1               |  in |   16|   ap_none  |    Eta_tabe_1    |    pointer   |
|prLam2_buf2_address0     | out |   10|  ap_memory |    prLam2_buf2   |     array    |
|prLam2_buf2_ce0          | out |    1|  ap_memory |    prLam2_buf2   |     array    |
|prLam2_buf2_we0          | out |    1|  ap_memory |    prLam2_buf2   |     array    |
|prLam2_buf2_d0           | out |   16|  ap_memory |    prLam2_buf2   |     array    |
|prLam2_buf2_q0           |  in |   16|  ap_memory |    prLam2_buf2   |     array    |
|Eta_tabe_2               |  in |   16|   ap_none  |    Eta_tabe_2    |    pointer   |
|prLam2_buf4a_address0    | out |   10|  ap_memory |   prLam2_buf4a   |     array    |
|prLam2_buf4a_ce0         | out |    1|  ap_memory |   prLam2_buf4a   |     array    |
|prLam2_buf4a_we0         | out |    1|  ap_memory |   prLam2_buf4a   |     array    |
|prLam2_buf4a_d0          | out |   16|  ap_memory |   prLam2_buf4a   |     array    |
|prLam2_buf4a_q0          |  in |   16|  ap_memory |   prLam2_buf4a   |     array    |
|prHat_buf4_address0      | out |   11|  ap_memory |    prHat_buf4    |     array    |
|prHat_buf4_ce0           | out |    1|  ap_memory |    prHat_buf4    |     array    |
|prHat_buf4_q0            |  in |    1|  ap_memory |    prHat_buf4    |     array    |
|prHat_buf6_address0      | out |   11|  ap_memory |    prHat_buf6    |     array    |
|prHat_buf6_ce0           | out |    1|  ap_memory |    prHat_buf6    |     array    |
|prHat_buf6_q0            |  in |    1|  ap_memory |    prHat_buf6    |     array    |
|prHat_buf4a_address0     | out |   11|  ap_memory |    prHat_buf4a   |     array    |
|prHat_buf4a_ce0          | out |    1|  ap_memory |    prHat_buf4a   |     array    |
|prHat_buf4a_q0           |  in |    1|  ap_memory |    prHat_buf4a   |     array    |
|prHat_buf6a_address0     | out |   11|  ap_memory |    prHat_buf6a   |     array    |
|prHat_buf6a_ce0          | out |    1|  ap_memory |    prHat_buf6a   |     array    |
|prHat_buf6a_q0           |  in |    1|  ap_memory |    prHat_buf6a   |     array    |
|inxtab_1                 |  in |   16|   ap_none  |     inxtab_1     |    pointer   |
|Eta_ans_1_0              |  in |   16|   ap_none  |    Eta_ans_1_0   |    pointer   |
|Eta_taby_0               |  in |   16|   ap_none  |    Eta_taby_0    |    pointer   |
|prLamC_buf_address0      | out |   10|  ap_memory |    prLamC_buf    |     array    |
|prLamC_buf_ce0           | out |    1|  ap_memory |    prLamC_buf    |     array    |
|prLamC_buf_we0           | out |    1|  ap_memory |    prLamC_buf    |     array    |
|prLamC_buf_d0            | out |   16|  ap_memory |    prLamC_buf    |     array    |
|prLamC_buf_q0            |  in |   16|  ap_memory |    prLamC_buf    |     array    |
|Eta_ans_1_1              |  in |   16|   ap_none  |    Eta_ans_1_1   |    pointer   |
|Eta_taby_1               |  in |   16|   ap_none  |    Eta_taby_1    |    pointer   |
|prLamC_bufa_address0     | out |   10|  ap_memory |    prLamC_bufa   |     array    |
|prLamC_bufa_ce0          | out |    1|  ap_memory |    prLamC_bufa   |     array    |
|prLamC_bufa_we0          | out |    1|  ap_memory |    prLamC_bufa   |     array    |
|prLamC_bufa_d0           | out |   16|  ap_memory |    prLamC_bufa   |     array    |
|prLamC_bufa_q0           |  in |   16|  ap_memory |    prLamC_bufa   |     array    |
|Eta_ans_1_2              |  in |   16|   ap_none  |    Eta_ans_1_2   |    pointer   |
|Eta_taby_2               |  in |   16|   ap_none  |    Eta_taby_2    |    pointer   |
|prLamC_bufb_address0     | out |   10|  ap_memory |    prLamC_bufb   |     array    |
|prLamC_bufb_ce0          | out |    1|  ap_memory |    prLamC_bufb   |     array    |
|prLamC_bufb_we0          | out |    1|  ap_memory |    prLamC_bufb   |     array    |
|prLamC_bufb_d0           | out |   16|  ap_memory |    prLamC_bufb   |     array    |
|prLamC_bufb_q0           |  in |   16|  ap_memory |    prLamC_bufb   |     array    |
|Eta_ans_1_3              |  in |   16|   ap_none  |    Eta_ans_1_3   |    pointer   |
|Eta_taby_3               |  in |   16|   ap_none  |    Eta_taby_3    |    pointer   |
|prLamC_buf1_address0     | out |   10|  ap_memory |    prLamC_buf1   |     array    |
|prLamC_buf1_ce0          | out |    1|  ap_memory |    prLamC_buf1   |     array    |
|prLamC_buf1_we0          | out |    1|  ap_memory |    prLamC_buf1   |     array    |
|prLamC_buf1_d0           | out |   16|  ap_memory |    prLamC_buf1   |     array    |
|prLamC_buf1_q0           |  in |   16|  ap_memory |    prLamC_buf1   |     array    |
|Eta_ans_1_4              |  in |   16|   ap_none  |    Eta_ans_1_4   |    pointer   |
|Eta_taby_4               |  in |   16|   ap_none  |    Eta_taby_4    |    pointer   |
|prLamC_buf2_address0     | out |   10|  ap_memory |    prLamC_buf2   |     array    |
|prLamC_buf2_ce0          | out |    1|  ap_memory |    prLamC_buf2   |     array    |
|prLamC_buf2_we0          | out |    1|  ap_memory |    prLamC_buf2   |     array    |
|prLamC_buf2_d0           | out |   16|  ap_memory |    prLamC_buf2   |     array    |
|prLamC_buf2_q0           |  in |   16|  ap_memory |    prLamC_buf2   |     array    |
|Eta_ans_1_5              |  in |   16|   ap_none  |    Eta_ans_1_5   |    pointer   |
|Eta_taby_5               |  in |   16|   ap_none  |    Eta_taby_5    |    pointer   |
|prLamC_buf3_address0     | out |   10|  ap_memory |    prLamC_buf3   |     array    |
|prLamC_buf3_ce0          | out |    1|  ap_memory |    prLamC_buf3   |     array    |
|prLamC_buf3_we0          | out |    1|  ap_memory |    prLamC_buf3   |     array    |
|prLamC_buf3_d0           | out |   16|  ap_memory |    prLamC_buf3   |     array    |
|prLamC_buf3_q0           |  in |   16|  ap_memory |    prLamC_buf3   |     array    |
|Eta_ans_1_6              |  in |   16|   ap_none  |    Eta_ans_1_6   |    pointer   |
|Eta_taby_6               |  in |   16|   ap_none  |    Eta_taby_6    |    pointer   |
|prLamC_buf5_address0     | out |   10|  ap_memory |    prLamC_buf5   |     array    |
|prLamC_buf5_ce0          | out |    1|  ap_memory |    prLamC_buf5   |     array    |
|prLamC_buf5_we0          | out |    1|  ap_memory |    prLamC_buf5   |     array    |
|prLamC_buf5_d0           | out |   16|  ap_memory |    prLamC_buf5   |     array    |
|prLamC_buf5_q0           |  in |   16|  ap_memory |    prLamC_buf5   |     array    |
|Eta_ans_1_7              |  in |   16|   ap_none  |    Eta_ans_1_7   |    pointer   |
|Eta_taby_7               |  in |   16|   ap_none  |    Eta_taby_7    |    pointer   |
|prLamC_buf6_address0     | out |   10|  ap_memory |    prLamC_buf6   |     array    |
|prLamC_buf6_ce0          | out |    1|  ap_memory |    prLamC_buf6   |     array    |
|prLamC_buf6_we0          | out |    1|  ap_memory |    prLamC_buf6   |     array    |
|prLamC_buf6_d0           | out |   16|  ap_memory |    prLamC_buf6   |     array    |
|prLamC_buf6_q0           |  in |   16|  ap_memory |    prLamC_buf6   |     array    |
|Eta_ans_1_8              |  in |   16|   ap_none  |    Eta_ans_1_8   |    pointer   |
|Eta_taby_8               |  in |   16|   ap_none  |    Eta_taby_8    |    pointer   |
|prLamC_buf10a_address0   | out |   10|  ap_memory |   prLamC_buf10a  |     array    |
|prLamC_buf10a_ce0        | out |    1|  ap_memory |   prLamC_buf10a  |     array    |
|prLamC_buf10a_we0        | out |    1|  ap_memory |   prLamC_buf10a  |     array    |
|prLamC_buf10a_d0         | out |   16|  ap_memory |   prLamC_buf10a  |     array    |
|prLamC_buf10a_q0         |  in |   16|  ap_memory |   prLamC_buf10a  |     array    |
|Eta_ans_1_9              |  in |   16|   ap_none  |    Eta_ans_1_9   |    pointer   |
|Eta_taby_9               |  in |   16|   ap_none  |    Eta_taby_9    |    pointer   |
|prLamC_buf10b_address0   | out |   10|  ap_memory |   prLamC_buf10b  |     array    |
|prLamC_buf10b_ce0        | out |    1|  ap_memory |   prLamC_buf10b  |     array    |
|prLamC_buf10b_we0        | out |    1|  ap_memory |   prLamC_buf10b  |     array    |
|prLamC_buf10b_d0         | out |   16|  ap_memory |   prLamC_buf10b  |     array    |
|prLamC_buf10b_q0         |  in |   16|  ap_memory |   prLamC_buf10b  |     array    |
|Eta_ans_4_0              |  in |   16|   ap_none  |    Eta_ans_4_0   |    pointer   |
|Eta_tabf_0               |  in |   16|   ap_none  |    Eta_tabf_0    |    pointer   |
|prLam2C_buf_address0     | out |   10|  ap_memory |    prLam2C_buf   |     array    |
|prLam2C_buf_ce0          | out |    1|  ap_memory |    prLam2C_buf   |     array    |
|prLam2C_buf_we0          | out |    1|  ap_memory |    prLam2C_buf   |     array    |
|prLam2C_buf_d0           | out |   16|  ap_memory |    prLam2C_buf   |     array    |
|prLam2C_buf_q0           |  in |   16|  ap_memory |    prLam2C_buf   |     array    |
|Eta_ans_4_1              |  in |   16|   ap_none  |    Eta_ans_4_1   |    pointer   |
|Eta_tabf_1               |  in |   16|   ap_none  |    Eta_tabf_1    |    pointer   |
|prLam2C_bufa_address0    | out |   10|  ap_memory |   prLam2C_bufa   |     array    |
|prLam2C_bufa_ce0         | out |    1|  ap_memory |   prLam2C_bufa   |     array    |
|prLam2C_bufa_we0         | out |    1|  ap_memory |   prLam2C_bufa   |     array    |
|prLam2C_bufa_d0          | out |   16|  ap_memory |   prLam2C_bufa   |     array    |
|prLam2C_bufa_q0          |  in |   16|  ap_memory |   prLam2C_bufa   |     array    |
|Eta_ans_4_2              |  in |   16|   ap_none  |    Eta_ans_4_2   |    pointer   |
|Eta_tabf_2               |  in |   16|   ap_none  |    Eta_tabf_2    |    pointer   |
|prLam2C_bufb_address0    | out |   10|  ap_memory |   prLam2C_bufb   |     array    |
|prLam2C_bufb_ce0         | out |    1|  ap_memory |   prLam2C_bufb   |     array    |
|prLam2C_bufb_we0         | out |    1|  ap_memory |   prLam2C_bufb   |     array    |
|prLam2C_bufb_d0          | out |   16|  ap_memory |   prLam2C_bufb   |     array    |
|prLam2C_bufb_q0          |  in |   16|  ap_memory |   prLam2C_bufb   |     array    |
|Eta_ans_4_3              |  in |   16|   ap_none  |    Eta_ans_4_3   |    pointer   |
|Eta_tabf_3               |  in |   16|   ap_none  |    Eta_tabf_3    |    pointer   |
|prLam2C_buf1_address0    | out |   10|  ap_memory |   prLam2C_buf1   |     array    |
|prLam2C_buf1_ce0         | out |    1|  ap_memory |   prLam2C_buf1   |     array    |
|prLam2C_buf1_we0         | out |    1|  ap_memory |   prLam2C_buf1   |     array    |
|prLam2C_buf1_d0          | out |   16|  ap_memory |   prLam2C_buf1   |     array    |
|prLam2C_buf1_q0          |  in |   16|  ap_memory |   prLam2C_buf1   |     array    |
|Eta_ans_4_4              |  in |   16|   ap_none  |    Eta_ans_4_4   |    pointer   |
|Eta_tabf_4               |  in |   16|   ap_none  |    Eta_tabf_4    |    pointer   |
|prLam2C_buf2_address0    | out |   10|  ap_memory |   prLam2C_buf2   |     array    |
|prLam2C_buf2_ce0         | out |    1|  ap_memory |   prLam2C_buf2   |     array    |
|prLam2C_buf2_we0         | out |    1|  ap_memory |   prLam2C_buf2   |     array    |
|prLam2C_buf2_d0          | out |   16|  ap_memory |   prLam2C_buf2   |     array    |
|prLam2C_buf2_q0          |  in |   16|  ap_memory |   prLam2C_buf2   |     array    |
|Eta_ans_4_5              |  in |   16|   ap_none  |    Eta_ans_4_5   |    pointer   |
|Eta_tabf_5               |  in |   16|   ap_none  |    Eta_tabf_5    |    pointer   |
|prLam2C_buf3_address0    | out |   10|  ap_memory |   prLam2C_buf3   |     array    |
|prLam2C_buf3_ce0         | out |    1|  ap_memory |   prLam2C_buf3   |     array    |
|prLam2C_buf3_we0         | out |    1|  ap_memory |   prLam2C_buf3   |     array    |
|prLam2C_buf3_d0          | out |   16|  ap_memory |   prLam2C_buf3   |     array    |
|prLam2C_buf3_q0          |  in |   16|  ap_memory |   prLam2C_buf3   |     array    |
|Eta_ans_4_6              |  in |   16|   ap_none  |    Eta_ans_4_6   |    pointer   |
|Eta_tabf_6               |  in |   16|   ap_none  |    Eta_tabf_6    |    pointer   |
|prLam2C_buf5_address0    | out |   10|  ap_memory |   prLam2C_buf5   |     array    |
|prLam2C_buf5_ce0         | out |    1|  ap_memory |   prLam2C_buf5   |     array    |
|prLam2C_buf5_we0         | out |    1|  ap_memory |   prLam2C_buf5   |     array    |
|prLam2C_buf5_d0          | out |   16|  ap_memory |   prLam2C_buf5   |     array    |
|prLam2C_buf5_q0          |  in |   16|  ap_memory |   prLam2C_buf5   |     array    |
|Eta_ans_4_7              |  in |   16|   ap_none  |    Eta_ans_4_7   |    pointer   |
|Eta_tabf_7               |  in |   16|   ap_none  |    Eta_tabf_7    |    pointer   |
|prLam2C_buf6_address0    | out |   10|  ap_memory |   prLam2C_buf6   |     array    |
|prLam2C_buf6_ce0         | out |    1|  ap_memory |   prLam2C_buf6   |     array    |
|prLam2C_buf6_we0         | out |    1|  ap_memory |   prLam2C_buf6   |     array    |
|prLam2C_buf6_d0          | out |   16|  ap_memory |   prLam2C_buf6   |     array    |
|prLam2C_buf6_q0          |  in |   16|  ap_memory |   prLam2C_buf6   |     array    |
|Eta_ans_4_8              |  in |   16|   ap_none  |    Eta_ans_4_8   |    pointer   |
|Eta_tabf_8               |  in |   16|   ap_none  |    Eta_tabf_8    |    pointer   |
|prLam2C_buf10a_address0  | out |   10|  ap_memory |  prLam2C_buf10a  |     array    |
|prLam2C_buf10a_ce0       | out |    1|  ap_memory |  prLam2C_buf10a  |     array    |
|prLam2C_buf10a_we0       | out |    1|  ap_memory |  prLam2C_buf10a  |     array    |
|prLam2C_buf10a_d0        | out |   16|  ap_memory |  prLam2C_buf10a  |     array    |
|prLam2C_buf10a_q0        |  in |   16|  ap_memory |  prLam2C_buf10a  |     array    |
|Eta_ans_4_9              |  in |   16|   ap_none  |    Eta_ans_4_9   |    pointer   |
|Eta_tabf_9               |  in |   16|   ap_none  |    Eta_tabf_9    |    pointer   |
|prLam2C_buf10b_address0  | out |   10|  ap_memory |  prLam2C_buf10b  |     array    |
|prLam2C_buf10b_ce0       | out |    1|  ap_memory |  prLam2C_buf10b  |     array    |
|prLam2C_buf10b_we0       | out |    1|  ap_memory |  prLam2C_buf10b  |     array    |
|prLam2C_buf10b_d0        | out |   16|  ap_memory |  prLam2C_buf10b  |     array    |
|prLam2C_buf10b_q0        |  in |   16|  ap_memory |  prLam2C_buf10b  |     array    |
|SpEtaPrevA_address0      | out |   11|  ap_memory |    SpEtaPrevA    |     array    |
|SpEtaPrevA_ce0           | out |    1|  ap_memory |    SpEtaPrevA    |     array    |
|SpEtaPrevA_we0           | out |    1|  ap_memory |    SpEtaPrevA    |     array    |
|SpEtaPrevA_d0            | out |   16|  ap_memory |    SpEtaPrevA    |     array    |
|SpEtaPrevAa_address0     | out |   11|  ap_memory |    SpEtaPrevAa   |     array    |
|SpEtaPrevAa_ce0          | out |    1|  ap_memory |    SpEtaPrevAa   |     array    |
|SpEtaPrevAa_we0          | out |    1|  ap_memory |    SpEtaPrevAa   |     array    |
|SpEtaPrevAa_d0           | out |   32|  ap_memory |    SpEtaPrevAa   |     array    |
|SpEtaPrevAb_address0     | out |   10|  ap_memory |    SpEtaPrevAb   |     array    |
|SpEtaPrevAb_ce0          | out |    1|  ap_memory |    SpEtaPrevAb   |     array    |
|SpEtaPrevAb_we0          | out |    1|  ap_memory |    SpEtaPrevAb   |     array    |
|SpEtaPrevAb_d0           | out |   32|  ap_memory |    SpEtaPrevAb   |     array    |
|SpEtaPrevD_address0      | out |   11|  ap_memory |    SpEtaPrevD    |     array    |
|SpEtaPrevD_ce0           | out |    1|  ap_memory |    SpEtaPrevD    |     array    |
|SpEtaPrevD_we0           | out |    1|  ap_memory |    SpEtaPrevD    |     array    |
|SpEtaPrevD_d0            | out |   16|  ap_memory |    SpEtaPrevD    |     array    |
|SpEtaPrevDa_address0     | out |   11|  ap_memory |    SpEtaPrevDa   |     array    |
|SpEtaPrevDa_ce0          | out |    1|  ap_memory |    SpEtaPrevDa   |     array    |
|SpEtaPrevDa_we0          | out |    1|  ap_memory |    SpEtaPrevDa   |     array    |
|SpEtaPrevDa_d0           | out |   32|  ap_memory |    SpEtaPrevDa   |     array    |
|SpEtaPrevDb_address0     | out |   10|  ap_memory |    SpEtaPrevDb   |     array    |
|SpEtaPrevDb_ce0          | out |    1|  ap_memory |    SpEtaPrevDb   |     array    |
|SpEtaPrevDb_we0          | out |    1|  ap_memory |    SpEtaPrevDb   |     array    |
|SpEtaPrevDb_d0           | out |   32|  ap_memory |    SpEtaPrevDb   |     array    |
|prHat_bufA_address0      | out |   11|  ap_memory |    prHat_bufA    |     array    |
|prHat_bufA_ce0           | out |    1|  ap_memory |    prHat_bufA    |     array    |
|prHat_bufA_q0            |  in |    1|  ap_memory |    prHat_bufA    |     array    |
|prHat_bufAb_address0     | out |   11|  ap_memory |    prHat_bufAb   |     array    |
|prHat_bufAb_ce0          | out |    1|  ap_memory |    prHat_bufAb   |     array    |
|prHat_bufAb_q0           |  in |    1|  ap_memory |    prHat_bufAb   |     array    |
|prHat_bufA1_address0     | out |   11|  ap_memory |    prHat_bufA1   |     array    |
|prHat_bufA1_ce0          | out |    1|  ap_memory |    prHat_bufA1   |     array    |
|prHat_bufA1_q0           |  in |    1|  ap_memory |    prHat_bufA1   |     array    |
|prHat_bufA2_address0     | out |   11|  ap_memory |    prHat_bufA2   |     array    |
|prHat_bufA2_ce0          | out |    1|  ap_memory |    prHat_bufA2   |     array    |
|prHat_bufA2_q0           |  in |    1|  ap_memory |    prHat_bufA2   |     array    |
|prHat_bufA3_address0     | out |   11|  ap_memory |    prHat_bufA3   |     array    |
|prHat_bufA3_ce0          | out |    1|  ap_memory |    prHat_bufA3   |     array    |
|prHat_bufA3_q0           |  in |    1|  ap_memory |    prHat_bufA3   |     array    |
|prHat_bufA5_address0     | out |   11|  ap_memory |    prHat_bufA5   |     array    |
|prHat_bufA5_ce0          | out |    1|  ap_memory |    prHat_bufA5   |     array    |
|prHat_bufA5_q0           |  in |    1|  ap_memory |    prHat_bufA5   |     array    |
|prHat_bufA6_address0     | out |   11|  ap_memory |    prHat_bufA6   |     array    |
|prHat_bufA6_ce0          | out |    1|  ap_memory |    prHat_bufA6   |     array    |
|prHat_bufA6_q0           |  in |    1|  ap_memory |    prHat_bufA6   |     array    |
|prHat_bufA6b_address0    | out |   11|  ap_memory |   prHat_bufA6b   |     array    |
|prHat_bufA6b_ce0         | out |    1|  ap_memory |   prHat_bufA6b   |     array    |
|prHat_bufA6b_q0          |  in |    1|  ap_memory |   prHat_bufA6b   |     array    |
|prHat_bufAa_address0     | out |   11|  ap_memory |    prHat_bufAa   |     array    |
|prHat_bufAa_ce0          | out |    1|  ap_memory |    prHat_bufAa   |     array    |
|prHat_bufAa_q0           |  in |    1|  ap_memory |    prHat_bufAa   |     array    |
|prHat_bufAc_address0     | out |   11|  ap_memory |    prHat_bufAc   |     array    |
|prHat_bufAc_ce0          | out |    1|  ap_memory |    prHat_bufAc   |     array    |
|prHat_bufAc_q0           |  in |    1|  ap_memory |    prHat_bufAc   |     array    |
|prHat_bufA2a_address0    | out |   11|  ap_memory |   prHat_bufA2a   |     array    |
|prHat_bufA2a_ce0         | out |    1|  ap_memory |   prHat_bufA2a   |     array    |
|prHat_bufA2a_q0          |  in |    1|  ap_memory |   prHat_bufA2a   |     array    |
|prHat_bufA6a_address0    | out |   11|  ap_memory |   prHat_bufA6a   |     array    |
|prHat_bufA6a_ce0         | out |    1|  ap_memory |   prHat_bufA6a   |     array    |
|prHat_bufA6a_q0          |  in |    1|  ap_memory |   prHat_bufA6a   |     array    |
|prHat_bufA6c_address0    | out |   11|  ap_memory |   prHat_bufA6c   |     array    |
|prHat_bufA6c_ce0         | out |    1|  ap_memory |   prHat_bufA6c   |     array    |
|prHat_bufA6c_q0          |  in |    1|  ap_memory |   prHat_bufA6c   |     array    |
|inxtab_2                 |  in |   16|   ap_none  |     inxtab_2     |    pointer   |
|Eta_ans_2_0              |  in |   16|   ap_none  |    Eta_ans_2_0   |    pointer   |
|Eta_tabz_0               |  in |   16|   ap_none  |    Eta_tabz_0    |    pointer   |
|prLamB_buf_address0      | out |   10|  ap_memory |    prLamB_buf    |     array    |
|prLamB_buf_ce0           | out |    1|  ap_memory |    prLamB_buf    |     array    |
|prLamB_buf_we0           | out |    1|  ap_memory |    prLamB_buf    |     array    |
|prLamB_buf_d0            | out |   16|  ap_memory |    prLamB_buf    |     array    |
|prLamB_buf_q0            |  in |   16|  ap_memory |    prLamB_buf    |     array    |
|Eta_ans_2_1              |  in |   16|   ap_none  |    Eta_ans_2_1   |    pointer   |
|Eta_tabz_1               |  in |   16|   ap_none  |    Eta_tabz_1    |    pointer   |
|prLamB_buf1_address0     | out |   10|  ap_memory |    prLamB_buf1   |     array    |
|prLamB_buf1_ce0          | out |    1|  ap_memory |    prLamB_buf1   |     array    |
|prLamB_buf1_we0          | out |    1|  ap_memory |    prLamB_buf1   |     array    |
|prLamB_buf1_d0           | out |   16|  ap_memory |    prLamB_buf1   |     array    |
|prLamB_buf1_q0           |  in |   16|  ap_memory |    prLamB_buf1   |     array    |
|Eta_ans_2_2              |  in |   16|   ap_none  |    Eta_ans_2_2   |    pointer   |
|Eta_tabz_2               |  in |   16|   ap_none  |    Eta_tabz_2    |    pointer   |
|prLamB_buf1a_address0    | out |   10|  ap_memory |   prLamB_buf1a   |     array    |
|prLamB_buf1a_ce0         | out |    1|  ap_memory |   prLamB_buf1a   |     array    |
|prLamB_buf1a_we0         | out |    1|  ap_memory |   prLamB_buf1a   |     array    |
|prLamB_buf1a_d0          | out |   16|  ap_memory |   prLamB_buf1a   |     array    |
|prLamB_buf1a_q0          |  in |   16|  ap_memory |   prLamB_buf1a   |     array    |
|Eta_ans_2_3              |  in |   16|   ap_none  |    Eta_ans_2_3   |    pointer   |
|Eta_tabz_3               |  in |   16|   ap_none  |    Eta_tabz_3    |    pointer   |
|prLamB_buf1b_address0    | out |   10|  ap_memory |   prLamB_buf1b   |     array    |
|prLamB_buf1b_ce0         | out |    1|  ap_memory |   prLamB_buf1b   |     array    |
|prLamB_buf1b_we0         | out |    1|  ap_memory |   prLamB_buf1b   |     array    |
|prLamB_buf1b_d0          | out |   16|  ap_memory |   prLamB_buf1b   |     array    |
|prLamB_buf1b_q0          |  in |   16|  ap_memory |   prLamB_buf1b   |     array    |
|Eta_ans_2_4              |  in |   16|   ap_none  |    Eta_ans_2_4   |    pointer   |
|Eta_tabz_4               |  in |   16|   ap_none  |    Eta_tabz_4    |    pointer   |
|prLamB_buf2_address0     | out |   10|  ap_memory |    prLamB_buf2   |     array    |
|prLamB_buf2_ce0          | out |    1|  ap_memory |    prLamB_buf2   |     array    |
|prLamB_buf2_we0          | out |    1|  ap_memory |    prLamB_buf2   |     array    |
|prLamB_buf2_d0           | out |   16|  ap_memory |    prLamB_buf2   |     array    |
|prLamB_buf2_q0           |  in |   16|  ap_memory |    prLamB_buf2   |     array    |
|Eta_ans_2_5              |  in |   16|   ap_none  |    Eta_ans_2_5   |    pointer   |
|Eta_tabz_5               |  in |   16|   ap_none  |    Eta_tabz_5    |    pointer   |
|prLamB_buf3_address0     | out |   10|  ap_memory |    prLamB_buf3   |     array    |
|prLamB_buf3_ce0          | out |    1|  ap_memory |    prLamB_buf3   |     array    |
|prLamB_buf3_we0          | out |    1|  ap_memory |    prLamB_buf3   |     array    |
|prLamB_buf3_d0           | out |   16|  ap_memory |    prLamB_buf3   |     array    |
|prLamB_buf3_q0           |  in |   16|  ap_memory |    prLamB_buf3   |     array    |
|Eta_ans_2_6              |  in |   16|   ap_none  |    Eta_ans_2_6   |    pointer   |
|Eta_tabz_6               |  in |   16|   ap_none  |    Eta_tabz_6    |    pointer   |
|prLamB_buf3a_address0    | out |   10|  ap_memory |   prLamB_buf3a   |     array    |
|prLamB_buf3a_ce0         | out |    1|  ap_memory |   prLamB_buf3a   |     array    |
|prLamB_buf3a_we0         | out |    1|  ap_memory |   prLamB_buf3a   |     array    |
|prLamB_buf3a_d0          | out |   16|  ap_memory |   prLamB_buf3a   |     array    |
|prLamB_buf3a_q0          |  in |   16|  ap_memory |   prLamB_buf3a   |     array    |
|Eta_ans_2_7              |  in |   16|   ap_none  |    Eta_ans_2_7   |    pointer   |
|Eta_tabz_7               |  in |   16|   ap_none  |    Eta_tabz_7    |    pointer   |
|prLamB_buf5_address0     | out |   10|  ap_memory |    prLamB_buf5   |     array    |
|prLamB_buf5_ce0          | out |    1|  ap_memory |    prLamB_buf5   |     array    |
|prLamB_buf5_we0          | out |    1|  ap_memory |    prLamB_buf5   |     array    |
|prLamB_buf5_d0           | out |   16|  ap_memory |    prLamB_buf5   |     array    |
|prLamB_buf5_q0           |  in |   16|  ap_memory |    prLamB_buf5   |     array    |
|Eta_ans_2_8              |  in |   16|   ap_none  |    Eta_ans_2_8   |    pointer   |
|Eta_tabz_8               |  in |   16|   ap_none  |    Eta_tabz_8    |    pointer   |
|prLamB_buf5a_address0    | out |   10|  ap_memory |   prLamB_buf5a   |     array    |
|prLamB_buf5a_ce0         | out |    1|  ap_memory |   prLamB_buf5a   |     array    |
|prLamB_buf5a_we0         | out |    1|  ap_memory |   prLamB_buf5a   |     array    |
|prLamB_buf5a_d0          | out |   16|  ap_memory |   prLamB_buf5a   |     array    |
|prLamB_buf5a_q0          |  in |   16|  ap_memory |   prLamB_buf5a   |     array    |
|Eta_ans_2_9              |  in |   16|   ap_none  |    Eta_ans_2_9   |    pointer   |
|Eta_tabz_9               |  in |   16|   ap_none  |    Eta_tabz_9    |    pointer   |
|prLamB_buf6_address0     | out |   10|  ap_memory |    prLamB_buf6   |     array    |
|prLamB_buf6_ce0          | out |    1|  ap_memory |    prLamB_buf6   |     array    |
|prLamB_buf6_we0          | out |    1|  ap_memory |    prLamB_buf6   |     array    |
|prLamB_buf6_d0           | out |   16|  ap_memory |    prLamB_buf6   |     array    |
|prLamB_buf6_q0           |  in |   16|  ap_memory |    prLamB_buf6   |     array    |
|Eta_ans_5_0              |  in |   16|   ap_none  |    Eta_ans_5_0   |    pointer   |
|Eta_tabg_0               |  in |   16|   ap_none  |    Eta_tabg_0    |    pointer   |
|prLam2B_buf_address0     | out |   10|  ap_memory |    prLam2B_buf   |     array    |
|prLam2B_buf_ce0          | out |    1|  ap_memory |    prLam2B_buf   |     array    |
|prLam2B_buf_we0          | out |    1|  ap_memory |    prLam2B_buf   |     array    |
|prLam2B_buf_d0           | out |   16|  ap_memory |    prLam2B_buf   |     array    |
|prLam2B_buf_q0           |  in |   16|  ap_memory |    prLam2B_buf   |     array    |
|Eta_ans_5_1              |  in |   16|   ap_none  |    Eta_ans_5_1   |    pointer   |
|Eta_tabg_1               |  in |   16|   ap_none  |    Eta_tabg_1    |    pointer   |
|prLam2B_buf1_address0    | out |   10|  ap_memory |   prLam2B_buf1   |     array    |
|prLam2B_buf1_ce0         | out |    1|  ap_memory |   prLam2B_buf1   |     array    |
|prLam2B_buf1_we0         | out |    1|  ap_memory |   prLam2B_buf1   |     array    |
|prLam2B_buf1_d0          | out |   16|  ap_memory |   prLam2B_buf1   |     array    |
|prLam2B_buf1_q0          |  in |   16|  ap_memory |   prLam2B_buf1   |     array    |
|Eta_ans_5_2              |  in |   16|   ap_none  |    Eta_ans_5_2   |    pointer   |
|Eta_tabg_2               |  in |   16|   ap_none  |    Eta_tabg_2    |    pointer   |
|prLam2B_buf1a_address0   | out |   10|  ap_memory |   prLam2B_buf1a  |     array    |
|prLam2B_buf1a_ce0        | out |    1|  ap_memory |   prLam2B_buf1a  |     array    |
|prLam2B_buf1a_we0        | out |    1|  ap_memory |   prLam2B_buf1a  |     array    |
|prLam2B_buf1a_d0         | out |   16|  ap_memory |   prLam2B_buf1a  |     array    |
|prLam2B_buf1a_q0         |  in |   16|  ap_memory |   prLam2B_buf1a  |     array    |
|Eta_ans_5_3              |  in |   16|   ap_none  |    Eta_ans_5_3   |    pointer   |
|Eta_tabg_3               |  in |   16|   ap_none  |    Eta_tabg_3    |    pointer   |
|prLam2B_buf1b_address0   | out |   10|  ap_memory |   prLam2B_buf1b  |     array    |
|prLam2B_buf1b_ce0        | out |    1|  ap_memory |   prLam2B_buf1b  |     array    |
|prLam2B_buf1b_we0        | out |    1|  ap_memory |   prLam2B_buf1b  |     array    |
|prLam2B_buf1b_d0         | out |   16|  ap_memory |   prLam2B_buf1b  |     array    |
|prLam2B_buf1b_q0         |  in |   16|  ap_memory |   prLam2B_buf1b  |     array    |
|Eta_ans_5_4              |  in |   16|   ap_none  |    Eta_ans_5_4   |    pointer   |
|Eta_tabg_4               |  in |   16|   ap_none  |    Eta_tabg_4    |    pointer   |
|prLam2B_buf2_address0    | out |   10|  ap_memory |   prLam2B_buf2   |     array    |
|prLam2B_buf2_ce0         | out |    1|  ap_memory |   prLam2B_buf2   |     array    |
|prLam2B_buf2_we0         | out |    1|  ap_memory |   prLam2B_buf2   |     array    |
|prLam2B_buf2_d0          | out |   16|  ap_memory |   prLam2B_buf2   |     array    |
|prLam2B_buf2_q0          |  in |   16|  ap_memory |   prLam2B_buf2   |     array    |
|Eta_ans_5_5              |  in |   16|   ap_none  |    Eta_ans_5_5   |    pointer   |
|Eta_tabg_5               |  in |   16|   ap_none  |    Eta_tabg_5    |    pointer   |
|prLam2B_buf3_address0    | out |   10|  ap_memory |   prLam2B_buf3   |     array    |
|prLam2B_buf3_ce0         | out |    1|  ap_memory |   prLam2B_buf3   |     array    |
|prLam2B_buf3_we0         | out |    1|  ap_memory |   prLam2B_buf3   |     array    |
|prLam2B_buf3_d0          | out |   16|  ap_memory |   prLam2B_buf3   |     array    |
|prLam2B_buf3_q0          |  in |   16|  ap_memory |   prLam2B_buf3   |     array    |
|Eta_ans_5_6              |  in |   16|   ap_none  |    Eta_ans_5_6   |    pointer   |
|Eta_tabg_6               |  in |   16|   ap_none  |    Eta_tabg_6    |    pointer   |
|prLam2B_buf3a_address0   | out |   10|  ap_memory |   prLam2B_buf3a  |     array    |
|prLam2B_buf3a_ce0        | out |    1|  ap_memory |   prLam2B_buf3a  |     array    |
|prLam2B_buf3a_we0        | out |    1|  ap_memory |   prLam2B_buf3a  |     array    |
|prLam2B_buf3a_d0         | out |   16|  ap_memory |   prLam2B_buf3a  |     array    |
|prLam2B_buf3a_q0         |  in |   16|  ap_memory |   prLam2B_buf3a  |     array    |
|Eta_ans_5_7              |  in |   16|   ap_none  |    Eta_ans_5_7   |    pointer   |
|Eta_tabg_7               |  in |   16|   ap_none  |    Eta_tabg_7    |    pointer   |
|prLam2B_buf5_address0    | out |   10|  ap_memory |   prLam2B_buf5   |     array    |
|prLam2B_buf5_ce0         | out |    1|  ap_memory |   prLam2B_buf5   |     array    |
|prLam2B_buf5_we0         | out |    1|  ap_memory |   prLam2B_buf5   |     array    |
|prLam2B_buf5_d0          | out |   16|  ap_memory |   prLam2B_buf5   |     array    |
|prLam2B_buf5_q0          |  in |   16|  ap_memory |   prLam2B_buf5   |     array    |
|Eta_ans_5_8              |  in |   16|   ap_none  |    Eta_ans_5_8   |    pointer   |
|Eta_tabg_8               |  in |   16|   ap_none  |    Eta_tabg_8    |    pointer   |
|prLam2B_buf5a_address0   | out |   10|  ap_memory |   prLam2B_buf5a  |     array    |
|prLam2B_buf5a_ce0        | out |    1|  ap_memory |   prLam2B_buf5a  |     array    |
|prLam2B_buf5a_we0        | out |    1|  ap_memory |   prLam2B_buf5a  |     array    |
|prLam2B_buf5a_d0         | out |   16|  ap_memory |   prLam2B_buf5a  |     array    |
|prLam2B_buf5a_q0         |  in |   16|  ap_memory |   prLam2B_buf5a  |     array    |
|Eta_ans_5_9              |  in |   16|   ap_none  |    Eta_ans_5_9   |    pointer   |
|Eta_tabg_9               |  in |   16|   ap_none  |    Eta_tabg_9    |    pointer   |
|prLam2B_buf6_address0    | out |   10|  ap_memory |   prLam2B_buf6   |     array    |
|prLam2B_buf6_ce0         | out |    1|  ap_memory |   prLam2B_buf6   |     array    |
|prLam2B_buf6_we0         | out |    1|  ap_memory |   prLam2B_buf6   |     array    |
|prLam2B_buf6_d0          | out |   16|  ap_memory |   prLam2B_buf6   |     array    |
|prLam2B_buf6_q0          |  in |   16|  ap_memory |   prLam2B_buf6   |     array    |
|SpEtaPrevB_address0      | out |   11|  ap_memory |    SpEtaPrevB    |     array    |
|SpEtaPrevB_ce0           | out |    1|  ap_memory |    SpEtaPrevB    |     array    |
|SpEtaPrevB_we0           | out |    1|  ap_memory |    SpEtaPrevB    |     array    |
|SpEtaPrevB_d0            | out |   16|  ap_memory |    SpEtaPrevB    |     array    |
|SpEtaPrevBa_address0     | out |   11|  ap_memory |    SpEtaPrevBa   |     array    |
|SpEtaPrevBa_ce0          | out |    1|  ap_memory |    SpEtaPrevBa   |     array    |
|SpEtaPrevBa_we0          | out |    1|  ap_memory |    SpEtaPrevBa   |     array    |
|SpEtaPrevBa_d0           | out |   32|  ap_memory |    SpEtaPrevBa   |     array    |
|SpEtaPrevBb_address0     | out |   10|  ap_memory |    SpEtaPrevBb   |     array    |
|SpEtaPrevBb_ce0          | out |    1|  ap_memory |    SpEtaPrevBb   |     array    |
|SpEtaPrevBb_we0          | out |    1|  ap_memory |    SpEtaPrevBb   |     array    |
|SpEtaPrevBb_d0           | out |   32|  ap_memory |    SpEtaPrevBb   |     array    |
|SpEtaPrevE_address0      | out |   11|  ap_memory |    SpEtaPrevE    |     array    |
|SpEtaPrevE_ce0           | out |    1|  ap_memory |    SpEtaPrevE    |     array    |
|SpEtaPrevE_we0           | out |    1|  ap_memory |    SpEtaPrevE    |     array    |
|SpEtaPrevE_d0            | out |   16|  ap_memory |    SpEtaPrevE    |     array    |
|SpEtaPrevEa_address0     | out |   11|  ap_memory |    SpEtaPrevEa   |     array    |
|SpEtaPrevEa_ce0          | out |    1|  ap_memory |    SpEtaPrevEa   |     array    |
|SpEtaPrevEa_we0          | out |    1|  ap_memory |    SpEtaPrevEa   |     array    |
|SpEtaPrevEa_d0           | out |   32|  ap_memory |    SpEtaPrevEa   |     array    |
|SpEtaPrevEb_address0     | out |   10|  ap_memory |    SpEtaPrevEb   |     array    |
|SpEtaPrevEb_ce0          | out |    1|  ap_memory |    SpEtaPrevEb   |     array    |
|SpEtaPrevEb_we0          | out |    1|  ap_memory |    SpEtaPrevEb   |     array    |
|SpEtaPrevEb_d0           | out |   32|  ap_memory |    SpEtaPrevEb   |     array    |
|prHat_bufB_address0      | out |   11|  ap_memory |    prHat_bufB    |     array    |
|prHat_bufB_ce0           | out |    1|  ap_memory |    prHat_bufB    |     array    |
|prHat_bufB_q0            |  in |    1|  ap_memory |    prHat_bufB    |     array    |
|prHat_bufB1_address0     | out |   11|  ap_memory |    prHat_bufB1   |     array    |
|prHat_bufB1_ce0          | out |    1|  ap_memory |    prHat_bufB1   |     array    |
|prHat_bufB1_q0           |  in |    1|  ap_memory |    prHat_bufB1   |     array    |
|prHat_bufB1b_address0    | out |   11|  ap_memory |   prHat_bufB1b   |     array    |
|prHat_bufB1b_ce0         | out |    1|  ap_memory |   prHat_bufB1b   |     array    |
|prHat_bufB1b_q0          |  in |    1|  ap_memory |   prHat_bufB1b   |     array    |
|prHat_bufB2_address0     | out |   11|  ap_memory |    prHat_bufB2   |     array    |
|prHat_bufB2_ce0          | out |    1|  ap_memory |    prHat_bufB2   |     array    |
|prHat_bufB2_q0           |  in |    1|  ap_memory |    prHat_bufB2   |     array    |
|prHat_bufB3_address0     | out |   11|  ap_memory |    prHat_bufB3   |     array    |
|prHat_bufB3_ce0          | out |    1|  ap_memory |    prHat_bufB3   |     array    |
|prHat_bufB3_q0           |  in |    1|  ap_memory |    prHat_bufB3   |     array    |
|prHat_bufB3b_address0    | out |   11|  ap_memory |   prHat_bufB3b   |     array    |
|prHat_bufB3b_ce0         | out |    1|  ap_memory |   prHat_bufB3b   |     array    |
|prHat_bufB3b_q0          |  in |    1|  ap_memory |   prHat_bufB3b   |     array    |
|prHat_bufB5_address0     | out |   11|  ap_memory |    prHat_bufB5   |     array    |
|prHat_bufB5_ce0          | out |    1|  ap_memory |    prHat_bufB5   |     array    |
|prHat_bufB5_q0           |  in |    1|  ap_memory |    prHat_bufB5   |     array    |
|prHat_bufB5b_address0    | out |   11|  ap_memory |   prHat_bufB5b   |     array    |
|prHat_bufB5b_ce0         | out |    1|  ap_memory |   prHat_bufB5b   |     array    |
|prHat_bufB5b_q0          |  in |    1|  ap_memory |   prHat_bufB5b   |     array    |
|prHat_bufB6_address0     | out |   11|  ap_memory |    prHat_bufB6   |     array    |
|prHat_bufB6_ce0          | out |    1|  ap_memory |    prHat_bufB6   |     array    |
|prHat_bufB6_q0           |  in |    1|  ap_memory |    prHat_bufB6   |     array    |
|prHat_bufB1a_address0    | out |   11|  ap_memory |   prHat_bufB1a   |     array    |
|prHat_bufB1a_ce0         | out |    1|  ap_memory |   prHat_bufB1a   |     array    |
|prHat_bufB1a_q0          |  in |    1|  ap_memory |   prHat_bufB1a   |     array    |
|prHat_bufB1c_address0    | out |   11|  ap_memory |   prHat_bufB1c   |     array    |
|prHat_bufB1c_ce0         | out |    1|  ap_memory |   prHat_bufB1c   |     array    |
|prHat_bufB1c_q0          |  in |    1|  ap_memory |   prHat_bufB1c   |     array    |
|prHat_bufB3a_address0    | out |   11|  ap_memory |   prHat_bufB3a   |     array    |
|prHat_bufB3a_ce0         | out |    1|  ap_memory |   prHat_bufB3a   |     array    |
|prHat_bufB3a_q0          |  in |    1|  ap_memory |   prHat_bufB3a   |     array    |
|prHat_bufB3c_address0    | out |   11|  ap_memory |   prHat_bufB3c   |     array    |
|prHat_bufB3c_ce0         | out |    1|  ap_memory |   prHat_bufB3c   |     array    |
|prHat_bufB3c_q0          |  in |    1|  ap_memory |   prHat_bufB3c   |     array    |
|prHat_bufB5a_address0    | out |   11|  ap_memory |   prHat_bufB5a   |     array    |
|prHat_bufB5a_ce0         | out |    1|  ap_memory |   prHat_bufB5a   |     array    |
|prHat_bufB5a_q0          |  in |    1|  ap_memory |   prHat_bufB5a   |     array    |
|prHat_bufB5c_address0    | out |   11|  ap_memory |   prHat_bufB5c   |     array    |
|prHat_bufB5c_ce0         | out |    1|  ap_memory |   prHat_bufB5c   |     array    |
|prHat_bufB5c_q0          |  in |    1|  ap_memory |   prHat_bufB5c   |     array    |
|bAllChecksPassed         | out |    1|   ap_vld   | bAllChecksPassed |    pointer   |
|bAllChecksPassed_ap_vld  | out |    1|   ap_vld   | bAllChecksPassed |    pointer   |
+-------------------------+-----+-----+------------+------------------+--------------+

