Vivado Simulator 2016.4
Copyright 1986-1999, 2001-2016 Xilinx, Inc. All Rights Reserved.
Running: C:/Xilinx/Vivado/2016.4/bin/unwrapped/win64.o/xelab.exe -wto 0027b497f38f46a7b40b8158d1351c26 --debug typical --relax --mt 2 -d SEMCO_DEMOD= -d SIMULATE= -L xil_defaultlib -L unisims_ver -L secureip --snapshot test_func_synth xil_defaultlib.test xil_defaultlib.glbl -log elaborate.log 
Using 2 slave threads.
Starting static elaboration
Completed static elaboration
Starting simulation data flow analysis
Completed simulation data flow analysis
Time Resolution for simulation is 1ps
Compiling module unisims_ver.IBUF
Compiling module unisims_ver.BUFG
Compiling module unisims_ver.OBUF
Compiling module unisims_ver.sffsrce_fdre
Compiling module unisims_ver.FDRE
Compiling module unisims_ver.x_lut3_mux4
Compiling module unisims_ver.x_lut3_mux4_reduced_0
Compiling module unisims_ver.LUT3
Compiling module unisims_ver.LUT6
Compiling module unisims_ver.x_lut2_mux4
Compiling module unisims_ver.LUT2
Compiling module unisims_ver.LUT5
Compiling module unisims_ver.LUT4
Compiling module unisims_ver.CARRY4
Compiling module unisims_ver.x_lut1_mux2
Compiling module unisims_ver.LUT1
Compiling module unisims_ver.DSP48E1(ALUMODEREG=0,CARRYINREG=...
Compiling module xil_defaultlib.dsp48_mac_339
Compiling module xil_defaultlib.dsp48_mac_340
Compiling module xil_defaultlib.dsp48_mac_341
Compiling module xil_defaultlib.dsp48_mac_342
Compiling module xil_defaultlib.mfilt__parameterized5
Compiling module xil_defaultlib.dsp48_mac_335
Compiling module xil_defaultlib.dsp48_mac_336
Compiling module xil_defaultlib.dsp48_mac_337
Compiling module xil_defaultlib.dsp48_mac_338
Compiling module xil_defaultlib.mfilt__parameterized13
Compiling module xil_defaultlib.dsp48_mac_331
Compiling module xil_defaultlib.dsp48_mac_332
Compiling module xil_defaultlib.dsp48_mac_333
Compiling module xil_defaultlib.dsp48_mac_334
Compiling module xil_defaultlib.mfilt__parameterized6
Compiling module xil_defaultlib.dsp48_mac_327
Compiling module xil_defaultlib.dsp48_mac_328
Compiling module xil_defaultlib.dsp48_mac_329
Compiling module xil_defaultlib.dsp48_mac_330
Compiling module xil_defaultlib.mfilt__parameterized14
Compiling module xil_defaultlib.dsp48_mac_323
Compiling module xil_defaultlib.dsp48_mac_324
Compiling module xil_defaultlib.dsp48_mac_325
Compiling module xil_defaultlib.dsp48_mac_326
Compiling module xil_defaultlib.mfilt__parameterized4
Compiling module xil_defaultlib.dsp48_mac_319
Compiling module xil_defaultlib.dsp48_mac_320
Compiling module xil_defaultlib.dsp48_mac_321
Compiling module xil_defaultlib.dsp48_mac_322
Compiling module xil_defaultlib.mfilt__parameterized12
Compiling module xil_defaultlib.dsp48_mac_315
Compiling module xil_defaultlib.dsp48_mac_316
Compiling module xil_defaultlib.dsp48_mac_317
Compiling module xil_defaultlib.dsp48_mac_318
Compiling module xil_defaultlib.mfilt__parameterized3
Compiling module xil_defaultlib.dsp48_mac_311
Compiling module xil_defaultlib.dsp48_mac_312
Compiling module xil_defaultlib.dsp48_mac_313
Compiling module xil_defaultlib.dsp48_mac_314
Compiling module xil_defaultlib.mfilt__parameterized11
Compiling module xil_defaultlib.dsp48_mac_307
Compiling module xil_defaultlib.dsp48_mac_308
Compiling module xil_defaultlib.dsp48_mac_309
Compiling module xil_defaultlib.dsp48_mac_310
Compiling module xil_defaultlib.mfilt__parameterized1
Compiling module xil_defaultlib.dsp48_mac_303
Compiling module xil_defaultlib.dsp48_mac_304
Compiling module xil_defaultlib.dsp48_mac_305
Compiling module xil_defaultlib.dsp48_mac_306
Compiling module xil_defaultlib.mfilt__parameterized9
Compiling module xil_defaultlib.dsp48_mac_299
Compiling module xil_defaultlib.dsp48_mac_300
Compiling module xil_defaultlib.dsp48_mac_301
Compiling module xil_defaultlib.dsp48_mac_302
Compiling module xil_defaultlib.mfilt__parameterized2
Compiling module xil_defaultlib.dsp48_mac_295
Compiling module xil_defaultlib.dsp48_mac_296
Compiling module xil_defaultlib.dsp48_mac_297
Compiling module xil_defaultlib.dsp48_mac_298
Compiling module xil_defaultlib.mfilt__parameterized10
Compiling module xil_defaultlib.dsp48_mac_291
Compiling module xil_defaultlib.dsp48_mac_292
Compiling module xil_defaultlib.dsp48_mac_293
Compiling module xil_defaultlib.dsp48_mac_294
Compiling module xil_defaultlib.mfilt__parameterized0
Compiling module xil_defaultlib.dsp48_mac_287
Compiling module xil_defaultlib.dsp48_mac_288
Compiling module xil_defaultlib.dsp48_mac_289
Compiling module xil_defaultlib.dsp48_mac_290
Compiling module xil_defaultlib.mfilt__parameterized8
Compiling module xil_defaultlib.dsp48_mac_283
Compiling module xil_defaultlib.dsp48_mac_284
Compiling module xil_defaultlib.dsp48_mac_285
Compiling module xil_defaultlib.dsp48_mac_286
Compiling module xil_defaultlib.mfilt
Compiling module xil_defaultlib.dsp48_mac
Compiling module xil_defaultlib.dsp48_mac_280
Compiling module xil_defaultlib.dsp48_mac_281
Compiling module xil_defaultlib.dsp48_mac_282
Compiling module xil_defaultlib.mfilt__parameterized7
Compiling module unisims_ver.SRL16E
Compiling module xil_defaultlib.mfiltBank
Compiling module xil_defaultlib.compSel_276
Compiling module unisims_ver.sffsrce_fdse
Compiling module unisims_ver.FDSE
Compiling module unisims_ver.GND
Compiling module xil_defaultlib.mult8x8luts
Compiling module xil_defaultlib.mult8x8mult_gen_v12_0_12_viv
Compiling module xil_defaultlib.mult8x8mult_gen_v12_0_12
Compiling module xil_defaultlib.mult8x8
Compiling module xil_defaultlib.rot8x8_277
Compiling module unisims_ver.MUXF7
Compiling module xil_defaultlib.tiltPhaseAcc_279
Compiling module xil_defaultlib.tilt_278
Compiling module xil_defaultlib.acsMultH
Compiling module xil_defaultlib.compSel_272
Compiling module xil_defaultlib.rot8x8_273
Compiling module xil_defaultlib.tiltPhaseAcc_275
Compiling module xil_defaultlib.tilt_274
Compiling module xil_defaultlib.acsMultH_0
Compiling module xil_defaultlib.compSel_268
Compiling module xil_defaultlib.rot8x8_269
Compiling module xil_defaultlib.tiltPhaseAcc_271
Compiling module xil_defaultlib.tilt_270
Compiling module xil_defaultlib.acsMultH__parameterized39
Compiling module xil_defaultlib.compSel_264
Compiling module xil_defaultlib.rot8x8_265
Compiling module xil_defaultlib.tiltPhaseAcc_267
Compiling module xil_defaultlib.tilt_266
Compiling module xil_defaultlib.acsMultH__parameterized55
Compiling module xil_defaultlib.compSel_260
Compiling module xil_defaultlib.rot8x8_261
Compiling module xil_defaultlib.tiltPhaseAcc_263
Compiling module xil_defaultlib.tilt_262
Compiling module xil_defaultlib.acsMultH__parameterized11
Compiling module xil_defaultlib.compSel_256
Compiling module xil_defaultlib.rot8x8_257
Compiling module xil_defaultlib.tiltPhaseAcc_259
Compiling module xil_defaultlib.tilt_258
Compiling module xil_defaultlib.acsMultH__parameterized27
Compiling module xil_defaultlib.compSel_252
Compiling module xil_defaultlib.rot8x8_253
Compiling module xil_defaultlib.tiltPhaseAcc_255
Compiling module xil_defaultlib.tilt_254
Compiling module xil_defaultlib.acsMultH__parameterized43
Compiling module xil_defaultlib.compSel_248
Compiling module xil_defaultlib.rot8x8_249
Compiling module xil_defaultlib.tiltPhaseAcc_251
Compiling module xil_defaultlib.tilt_250
Compiling module xil_defaultlib.acsMultH__parameterized59
Compiling module xil_defaultlib.compSel_244
Compiling module xil_defaultlib.rot8x8_245
Compiling module xil_defaultlib.tiltPhaseAcc_247
Compiling module xil_defaultlib.tilt_246
Compiling module xil_defaultlib.acsMultH__parameterized15
Compiling module xil_defaultlib.compSel_240
Compiling module xil_defaultlib.rot8x8_241
Compiling module xil_defaultlib.tiltPhaseAcc_243
Compiling module xil_defaultlib.tilt_242
Compiling module xil_defaultlib.acsMultH__parameterized31
Compiling module xil_defaultlib.compSel_236
Compiling module xil_defaultlib.rot8x8_237
Compiling module xil_defaultlib.tiltPhaseAcc_239
Compiling module xil_defaultlib.tilt_238
Compiling module xil_defaultlib.acsMultH__parameterized47
Compiling module xil_defaultlib.compSel_232
Compiling module xil_defaultlib.rot8x8_233
Compiling module xil_defaultlib.tiltPhaseAcc_235
Compiling module xil_defaultlib.tilt_234
Compiling module xil_defaultlib.acsMultH__parameterized2
Compiling module xil_defaultlib.compSel_228
Compiling module xil_defaultlib.rot8x8_229
Compiling module xil_defaultlib.tiltPhaseAcc_231
Compiling module xil_defaultlib.tilt_230
Compiling module xil_defaultlib.acsMultH_1
Compiling module xil_defaultlib.compSel_224
Compiling module xil_defaultlib.rot8x8_225
Compiling module xil_defaultlib.tiltPhaseAcc_227
Compiling module xil_defaultlib.tilt_226
Compiling module xil_defaultlib.acsMultH__parameterized18
Compiling module xil_defaultlib.compSel_220
Compiling module xil_defaultlib.rot8x8_221
Compiling module xil_defaultlib.tiltPhaseAcc_223
Compiling module xil_defaultlib.tilt_222
Compiling module xil_defaultlib.acsMultH__parameterized34
Compiling module xil_defaultlib.compSel_216
Compiling module xil_defaultlib.rot8x8_217
Compiling module xil_defaultlib.tiltPhaseAcc_219
Compiling module xil_defaultlib.tilt_218
Compiling module xil_defaultlib.acsMultH__parameterized50
Compiling module xil_defaultlib.compSel_212
Compiling module xil_defaultlib.rot8x8_213
Compiling module xil_defaultlib.tiltPhaseAcc_215
Compiling module xil_defaultlib.tilt_214
Compiling module xil_defaultlib.acsMultH__parameterized6
Compiling module xil_defaultlib.compSel_208
Compiling module xil_defaultlib.rot8x8_209
Compiling module xil_defaultlib.tiltPhaseAcc_211
Compiling module xil_defaultlib.tilt_210
Compiling module xil_defaultlib.acsMultH__parameterized22
Compiling module xil_defaultlib.compSel_204
Compiling module xil_defaultlib.rot8x8_205
Compiling module xil_defaultlib.tiltPhaseAcc_207
Compiling module xil_defaultlib.tilt_206
Compiling module xil_defaultlib.acsMultH__parameterized38
Compiling module xil_defaultlib.compSel_200
Compiling module xil_defaultlib.rot8x8_201
Compiling module xil_defaultlib.tiltPhaseAcc_203
Compiling module xil_defaultlib.tilt_202
Compiling module xil_defaultlib.acsMultH__parameterized54
Compiling module xil_defaultlib.compSel_196
Compiling module xil_defaultlib.rot8x8_197
Compiling module xil_defaultlib.tiltPhaseAcc_199
Compiling module xil_defaultlib.tilt_198
Compiling module xil_defaultlib.acsMultH__parameterized10
Compiling module xil_defaultlib.compSel_192
Compiling module xil_defaultlib.rot8x8_193
Compiling module xil_defaultlib.tiltPhaseAcc_195
Compiling module xil_defaultlib.tilt_194
Compiling module xil_defaultlib.acsMultH__parameterized26
Compiling module xil_defaultlib.compSel_188
Compiling module xil_defaultlib.rot8x8_189
Compiling module xil_defaultlib.tiltPhaseAcc_191
Compiling module xil_defaultlib.tilt_190
Compiling module xil_defaultlib.acsMultH__parameterized42
Compiling module xil_defaultlib.compSel_184
Compiling module xil_defaultlib.rot8x8_185
Compiling module xil_defaultlib.tiltPhaseAcc_187
Compiling module xil_defaultlib.tilt_186
Compiling module xil_defaultlib.acsMultH_2
Compiling module xil_defaultlib.compSel_180
Compiling module xil_defaultlib.rot8x8_181
Compiling module xil_defaultlib.tiltPhaseAcc_183
Compiling module xil_defaultlib.tilt_182
Compiling module xil_defaultlib.acsMultH__parameterized58
Compiling module xil_defaultlib.compSel_176
Compiling module xil_defaultlib.rot8x8_177
Compiling module xil_defaultlib.tiltPhaseAcc_179
Compiling module xil_defaultlib.tilt_178
Compiling module xil_defaultlib.acsMultH__parameterized14
Compiling module xil_defaultlib.compSel_172
Compiling module xil_defaultlib.rot8x8_173
Compiling module xil_defaultlib.tiltPhaseAcc_175
Compiling module xil_defaultlib.tilt_174
Compiling module xil_defaultlib.acsMultH__parameterized30
Compiling module xil_defaultlib.compSel_168
Compiling module xil_defaultlib.rot8x8_169
Compiling module xil_defaultlib.tiltPhaseAcc_171
Compiling module xil_defaultlib.tilt_170
Compiling module xil_defaultlib.acsMultH__parameterized46
Compiling module xil_defaultlib.compSel_164
Compiling module xil_defaultlib.rot8x8_165
Compiling module xil_defaultlib.tiltPhaseAcc_167
Compiling module xil_defaultlib.tilt_166
Compiling module xil_defaultlib.acsMultH__parameterized1
Compiling module xil_defaultlib.compSel_160
Compiling module xil_defaultlib.rot8x8_161
Compiling module xil_defaultlib.tiltPhaseAcc_163
Compiling module xil_defaultlib.tilt_162
Compiling module xil_defaultlib.acsMultH__parameterized17
Compiling module xil_defaultlib.compSel_156
Compiling module xil_defaultlib.rot8x8_157
Compiling module xil_defaultlib.tiltPhaseAcc_159
Compiling module xil_defaultlib.tilt_158
Compiling module xil_defaultlib.acsMultH__parameterized33
Compiling module xil_defaultlib.compSel_152
Compiling module xil_defaultlib.rot8x8_153
Compiling module xil_defaultlib.tiltPhaseAcc_155
Compiling module xil_defaultlib.tilt_154
Compiling module xil_defaultlib.acsMultH__parameterized49
Compiling module xil_defaultlib.compSel_148
Compiling module xil_defaultlib.rot8x8_149
Compiling module xil_defaultlib.tiltPhaseAcc_151
Compiling module xil_defaultlib.tilt_150
Compiling module xil_defaultlib.acsMultH__parameterized5
Compiling module xil_defaultlib.compSel_144
Compiling module xil_defaultlib.rot8x8_145
Compiling module xil_defaultlib.tiltPhaseAcc_147
Compiling module xil_defaultlib.tilt_146
Compiling module xil_defaultlib.acsMultH__parameterized21
Compiling module xil_defaultlib.compSel_140
Compiling module xil_defaultlib.rot8x8_141
Compiling module xil_defaultlib.tiltPhaseAcc_143
Compiling module xil_defaultlib.tilt_142
Compiling module xil_defaultlib.acsMultH__parameterized3
Compiling module xil_defaultlib.compSel_136
Compiling module xil_defaultlib.rot8x8_137
Compiling module xil_defaultlib.tiltPhaseAcc_139
Compiling module xil_defaultlib.tilt_138
Compiling module xil_defaultlib.acsMultH__parameterized37
Compiling module xil_defaultlib.compSel_132
Compiling module xil_defaultlib.rot8x8_133
Compiling module xil_defaultlib.tiltPhaseAcc_135
Compiling module xil_defaultlib.tilt_134
Compiling module xil_defaultlib.acsMultH__parameterized53
Compiling module xil_defaultlib.compSel_128
Compiling module xil_defaultlib.rot8x8_129
Compiling module xil_defaultlib.tiltPhaseAcc_131
Compiling module xil_defaultlib.tilt_130
Compiling module xil_defaultlib.acsMultH__parameterized9
Compiling module xil_defaultlib.compSel_124
Compiling module xil_defaultlib.rot8x8_125
Compiling module xil_defaultlib.tiltPhaseAcc_127
Compiling module xil_defaultlib.tilt_126
Compiling module xil_defaultlib.acsMultH__parameterized25
Compiling module xil_defaultlib.compSel_120
Compiling module xil_defaultlib.rot8x8_121
Compiling module xil_defaultlib.tiltPhaseAcc_123
Compiling module xil_defaultlib.tilt_122
Compiling module xil_defaultlib.acsMultH__parameterized41
Compiling module xil_defaultlib.compSel_116
Compiling module xil_defaultlib.rot8x8_117
Compiling module xil_defaultlib.tiltPhaseAcc_119
Compiling module xil_defaultlib.tilt_118
Compiling module xil_defaultlib.acsMultH__parameterized57
Compiling module xil_defaultlib.compSel_112
Compiling module xil_defaultlib.rot8x8_113
Compiling module xil_defaultlib.tiltPhaseAcc_115
Compiling module xil_defaultlib.tilt_114
Compiling module xil_defaultlib.acsMultH__parameterized13
Compiling module xil_defaultlib.compSel_108
Compiling module xil_defaultlib.rot8x8_109
Compiling module xil_defaultlib.tiltPhaseAcc_111
Compiling module xil_defaultlib.tilt_110
Compiling module xil_defaultlib.acsMultH__parameterized29
Compiling module xil_defaultlib.compSel_104
Compiling module xil_defaultlib.rot8x8_105
Compiling module xil_defaultlib.tiltPhaseAcc_107
Compiling module xil_defaultlib.tilt_106
Compiling module xil_defaultlib.acsMultH__parameterized45
Compiling module xil_defaultlib.compSel_100
Compiling module xil_defaultlib.rot8x8_101
Compiling module xil_defaultlib.tiltPhaseAcc_103
Compiling module xil_defaultlib.tilt_102
Compiling module xil_defaultlib.acsMultH__parameterized0
Compiling module xil_defaultlib.compSel_96
Compiling module xil_defaultlib.rot8x8_97
Compiling module xil_defaultlib.tiltPhaseAcc_99
Compiling module xil_defaultlib.tilt_98
Compiling module xil_defaultlib.acsMultH__parameterized19
Compiling module xil_defaultlib.compSel_92
Compiling module xil_defaultlib.rot8x8_93
Compiling module xil_defaultlib.tiltPhaseAcc_95
Compiling module xil_defaultlib.tilt_94
Compiling module xil_defaultlib.acsMultH__parameterized16
Compiling module xil_defaultlib.compSel_88
Compiling module xil_defaultlib.rot8x8_89
Compiling module xil_defaultlib.tiltPhaseAcc_91
Compiling module xil_defaultlib.tilt_90
Compiling module xil_defaultlib.acsMultH__parameterized32
Compiling module xil_defaultlib.compSel_84
Compiling module xil_defaultlib.rot8x8_85
Compiling module xil_defaultlib.tiltPhaseAcc_87
Compiling module xil_defaultlib.tilt_86
Compiling module xil_defaultlib.acsMultH__parameterized48
Compiling module xil_defaultlib.compSel_80
Compiling module xil_defaultlib.rot8x8_81
Compiling module xil_defaultlib.tiltPhaseAcc_83
Compiling module xil_defaultlib.tilt_82
Compiling module xil_defaultlib.acsMultH__parameterized4
Compiling module xil_defaultlib.compSel_76
Compiling module xil_defaultlib.rot8x8_77
Compiling module xil_defaultlib.tiltPhaseAcc_79
Compiling module xil_defaultlib.tilt_78
Compiling module xil_defaultlib.acsMultH__parameterized20
Compiling module xil_defaultlib.compSel_72
Compiling module xil_defaultlib.rot8x8_73
Compiling module xil_defaultlib.tiltPhaseAcc_75
Compiling module xil_defaultlib.tilt_74
Compiling module xil_defaultlib.acsMultH__parameterized36
Compiling module xil_defaultlib.compSel_68
Compiling module xil_defaultlib.rot8x8_69
Compiling module xil_defaultlib.tiltPhaseAcc_71
Compiling module xil_defaultlib.tilt_70
Compiling module xil_defaultlib.acsMultH__parameterized52
Compiling module xil_defaultlib.compSel_64
Compiling module xil_defaultlib.rot8x8_65
Compiling module xil_defaultlib.tiltPhaseAcc_67
Compiling module xil_defaultlib.tilt_66
Compiling module xil_defaultlib.acsMultH__parameterized8
Compiling module xil_defaultlib.compSel_60
Compiling module xil_defaultlib.rot8x8_61
Compiling module xil_defaultlib.tiltPhaseAcc_63
Compiling module xil_defaultlib.tilt_62
Compiling module xil_defaultlib.acsMultH__parameterized24
Compiling module xil_defaultlib.compSel_56
Compiling module xil_defaultlib.rot8x8_57
Compiling module xil_defaultlib.tiltPhaseAcc_59
Compiling module xil_defaultlib.tilt_58
Compiling module xil_defaultlib.acsMultH__parameterized40
Compiling module xil_defaultlib.compSel_52
Compiling module xil_defaultlib.rot8x8_53
Compiling module xil_defaultlib.tiltPhaseAcc_55
Compiling module xil_defaultlib.tilt_54
Compiling module xil_defaultlib.acsMultH__parameterized35
Compiling module xil_defaultlib.compSel_48
Compiling module xil_defaultlib.rot8x8_49
Compiling module xil_defaultlib.tiltPhaseAcc_51
Compiling module xil_defaultlib.tilt_50
Compiling module xil_defaultlib.acsMultH__parameterized56
Compiling module xil_defaultlib.compSel_44
Compiling module xil_defaultlib.rot8x8_45
Compiling module xil_defaultlib.tiltPhaseAcc_47
Compiling module xil_defaultlib.tilt_46
Compiling module xil_defaultlib.acsMultH__parameterized12
Compiling module xil_defaultlib.compSel_40
Compiling module xil_defaultlib.rot8x8_41
Compiling module xil_defaultlib.tiltPhaseAcc_43
Compiling module xil_defaultlib.tilt_42
Compiling module xil_defaultlib.acsMultH__parameterized28
Compiling module xil_defaultlib.compSel_36
Compiling module xil_defaultlib.rot8x8_37
Compiling module xil_defaultlib.tiltPhaseAcc_39
Compiling module xil_defaultlib.tilt_38
Compiling module xil_defaultlib.acsMultH__parameterized44
Compiling module xil_defaultlib.compSel_32
Compiling module xil_defaultlib.rot8x8_33
Compiling module xil_defaultlib.tiltPhaseAcc_35
Compiling module xil_defaultlib.tilt_34
Compiling module xil_defaultlib.acsMultH__parameterized51
Compiling module xil_defaultlib.compSel_28
Compiling module xil_defaultlib.rot8x8_29
Compiling module xil_defaultlib.tiltPhaseAcc_31
Compiling module xil_defaultlib.tilt_30
Compiling module xil_defaultlib.acsMultH__parameterized7
Compiling module xil_defaultlib.compSel
Compiling module xil_defaultlib.rot8x8
Compiling module xil_defaultlib.tiltPhaseAcc
Compiling module xil_defaultlib.tilt
Compiling module xil_defaultlib.acsMultH__parameterized23
Compiling module unisims_ver.DSP48E1(ACASCREG=0,ALUMODEREG=0,...
Compiling module xil_defaultlib.decayMpy10x8dsp
Compiling module xil_defaultlib.decayMpy10x8mult_gen_v12_0_12_vi...
Compiling module xil_defaultlib.decayMpy10x8mult_gen_v12_0_12
Compiling module xil_defaultlib.decayMpy10x8
Compiling module xil_defaultlib.acsMuxMpy
Compiling module xil_defaultlib.acsMuxMpy_3
Compiling module xil_defaultlib.acsMuxMpy_4
Compiling module xil_defaultlib.acsMuxMpy_5
Compiling module xil_defaultlib.acsMuxMpy_6
Compiling module xil_defaultlib.acsMuxMpy_7
Compiling module xil_defaultlib.acsMuxMpy_8
Compiling module xil_defaultlib.acsMuxMpy_9
Compiling module xil_defaultlib.acsMuxMpy_10
Compiling module xil_defaultlib.acsMuxMpy_11
Compiling module xil_defaultlib.acsMuxMpy_12
Compiling module xil_defaultlib.acsMuxMpy_13
Compiling module xil_defaultlib.acsMuxMpy_14
Compiling module xil_defaultlib.acsMuxMpy_15
Compiling module xil_defaultlib.acsMuxMpy_16
Compiling module xil_defaultlib.acsMuxMpy_17
Compiling module unisims_ver.MUXF8
Compiling module xil_defaultlib.maxMetricMultiH
Compiling module xil_defaultlib.rotMux
Compiling module xil_defaultlib.rotMux_18
Compiling module xil_defaultlib.rotMux_19
Compiling module xil_defaultlib.rotMux_20
Compiling module xil_defaultlib.tbMux
Compiling module xil_defaultlib.tbMux_21
Compiling module xil_defaultlib.tbMux_22
Compiling module xil_defaultlib.tbMux_23
Compiling module xil_defaultlib.tbMux_24
Compiling module xil_defaultlib.tbMux_25
Compiling module xil_defaultlib.tbMux_26
Compiling module xil_defaultlib.tbMux_27
Compiling module xil_defaultlib.traceBackMultiH
Compiling module xil_defaultlib.viterbiMultiH
Compiling module xil_defaultlib.trellisMultiH
Compiling module xil_defaultlib.test
Compiling module xil_defaultlib.glbl
Built simulation snapshot test_func_synth
