INFO: [VRFC 10-2263] Analyzing Verilog file "C:/modem/vivado/semcoDemod.sim/simMultih/synth/func/test_func_synth.v" into library xil_defaultlib
INFO: [VRFC 10-311] analyzing module acsMultH
INFO: [VRFC 10-311] analyzing module acsMultH_0
INFO: [VRFC 10-311] analyzing module acsMultH_1
INFO: [VRFC 10-311] analyzing module acsMultH_2
INFO: [VRFC 10-311] analyzing module acsMultH__parameterized0
INFO: [VRFC 10-311] analyzing module acsMultH__parameterized1
INFO: [VRFC 10-311] analyzing module acsMultH__parameterized10
INFO: [VRFC 10-311] analyzing module acsMultH__parameterized11
INFO: [VRFC 10-311] analyzing module acsMultH__parameterized12
INFO: [VRFC 10-311] analyzing module acsMultH__parameterized13
INFO: [VRFC 10-311] analyzing module acsMultH__parameterized14
INFO: [VRFC 10-311] analyzing module acsMultH__parameterized15
INFO: [VRFC 10-311] analyzing module acsMultH__parameterized16
INFO: [VRFC 10-311] analyzing module acsMultH__parameterized17
INFO: [VRFC 10-311] analyzing module acsMultH__parameterized18
INFO: [VRFC 10-311] analyzing module acsMultH__parameterized19
INFO: [VRFC 10-311] analyzing module acsMultH__parameterized2
INFO: [VRFC 10-311] analyzing module acsMultH__parameterized20
INFO: [VRFC 10-311] analyzing module acsMultH__parameterized21
INFO: [VRFC 10-311] analyzing module acsMultH__parameterized22
INFO: [VRFC 10-311] analyzing module acsMultH__parameterized23
INFO: [VRFC 10-311] analyzing module acsMultH__parameterized24
INFO: [VRFC 10-311] analyzing module acsMultH__parameterized25
INFO: [VRFC 10-311] analyzing module acsMultH__parameterized26
INFO: [VRFC 10-311] analyzing module acsMultH__parameterized27
INFO: [VRFC 10-311] analyzing module acsMultH__parameterized28
INFO: [VRFC 10-311] analyzing module acsMultH__parameterized29
INFO: [VRFC 10-311] analyzing module acsMultH__parameterized3
INFO: [VRFC 10-311] analyzing module acsMultH__parameterized30
INFO: [VRFC 10-311] analyzing module acsMultH__parameterized31
INFO: [VRFC 10-311] analyzing module acsMultH__parameterized32
INFO: [VRFC 10-311] analyzing module acsMultH__parameterized33
INFO: [VRFC 10-311] analyzing module acsMultH__parameterized34
INFO: [VRFC 10-311] analyzing module acsMultH__parameterized35
INFO: [VRFC 10-311] analyzing module acsMultH__parameterized36
INFO: [VRFC 10-311] analyzing module acsMultH__parameterized37
INFO: [VRFC 10-311] analyzing module acsMultH__parameterized38
INFO: [VRFC 10-311] analyzing module acsMultH__parameterized39
INFO: [VRFC 10-311] analyzing module acsMultH__parameterized4
INFO: [VRFC 10-311] analyzing module acsMultH__parameterized40
INFO: [VRFC 10-311] analyzing module acsMultH__parameterized41
INFO: [VRFC 10-311] analyzing module acsMultH__parameterized42
INFO: [VRFC 10-311] analyzing module acsMultH__parameterized43
INFO: [VRFC 10-311] analyzing module acsMultH__parameterized44
INFO: [VRFC 10-311] analyzing module acsMultH__parameterized45
INFO: [VRFC 10-311] analyzing module acsMultH__parameterized46
INFO: [VRFC 10-311] analyzing module acsMultH__parameterized47
INFO: [VRFC 10-311] analyzing module acsMultH__parameterized48
INFO: [VRFC 10-311] analyzing module acsMultH__parameterized49
INFO: [VRFC 10-311] analyzing module acsMultH__parameterized5
INFO: [VRFC 10-311] analyzing module acsMultH__parameterized50
INFO: [VRFC 10-311] analyzing module acsMultH__parameterized51
INFO: [VRFC 10-311] analyzing module acsMultH__parameterized52
INFO: [VRFC 10-311] analyzing module acsMultH__parameterized53
INFO: [VRFC 10-311] analyzing module acsMultH__parameterized54
INFO: [VRFC 10-311] analyzing module acsMultH__parameterized55
INFO: [VRFC 10-311] analyzing module acsMultH__parameterized56
INFO: [VRFC 10-311] analyzing module acsMultH__parameterized57
INFO: [VRFC 10-311] analyzing module acsMultH__parameterized58
INFO: [VRFC 10-311] analyzing module acsMultH__parameterized59
INFO: [VRFC 10-311] analyzing module acsMultH__parameterized6
INFO: [VRFC 10-311] analyzing module acsMultH__parameterized7
INFO: [VRFC 10-311] analyzing module acsMultH__parameterized8
INFO: [VRFC 10-311] analyzing module acsMultH__parameterized9
INFO: [VRFC 10-311] analyzing module acsMuxMpy
INFO: [VRFC 10-311] analyzing module acsMuxMpy_10
INFO: [VRFC 10-311] analyzing module acsMuxMpy_11
INFO: [VRFC 10-311] analyzing module acsMuxMpy_12
INFO: [VRFC 10-311] analyzing module acsMuxMpy_13
INFO: [VRFC 10-311] analyzing module acsMuxMpy_14
INFO: [VRFC 10-311] analyzing module acsMuxMpy_15
INFO: [VRFC 10-311] analyzing module acsMuxMpy_16
INFO: [VRFC 10-311] analyzing module acsMuxMpy_17
INFO: [VRFC 10-311] analyzing module acsMuxMpy_3
INFO: [VRFC 10-311] analyzing module acsMuxMpy_4
INFO: [VRFC 10-311] analyzing module acsMuxMpy_5
INFO: [VRFC 10-311] analyzing module acsMuxMpy_6
INFO: [VRFC 10-311] analyzing module acsMuxMpy_7
INFO: [VRFC 10-311] analyzing module acsMuxMpy_8
INFO: [VRFC 10-311] analyzing module acsMuxMpy_9
INFO: [VRFC 10-311] analyzing module compSel
INFO: [VRFC 10-311] analyzing module compSel_100
INFO: [VRFC 10-311] analyzing module compSel_104
INFO: [VRFC 10-311] analyzing module compSel_108
INFO: [VRFC 10-311] analyzing module compSel_112
INFO: [VRFC 10-311] analyzing module compSel_116
INFO: [VRFC 10-311] analyzing module compSel_120
INFO: [VRFC 10-311] analyzing module compSel_124
INFO: [VRFC 10-311] analyzing module compSel_128
INFO: [VRFC 10-311] analyzing module compSel_132
INFO: [VRFC 10-311] analyzing module compSel_136
INFO: [VRFC 10-311] analyzing module compSel_140
INFO: [VRFC 10-311] analyzing module compSel_144
INFO: [VRFC 10-311] analyzing module compSel_148
INFO: [VRFC 10-311] analyzing module compSel_152
INFO: [VRFC 10-311] analyzing module compSel_156
INFO: [VRFC 10-311] analyzing module compSel_160
INFO: [VRFC 10-311] analyzing module compSel_164
INFO: [VRFC 10-311] analyzing module compSel_168
INFO: [VRFC 10-311] analyzing module compSel_172
INFO: [VRFC 10-311] analyzing module compSel_176
INFO: [VRFC 10-311] analyzing module compSel_180
INFO: [VRFC 10-311] analyzing module compSel_184
INFO: [VRFC 10-311] analyzing module compSel_188
INFO: [VRFC 10-311] analyzing module compSel_192
INFO: [VRFC 10-311] analyzing module compSel_196
INFO: [VRFC 10-311] analyzing module compSel_200
INFO: [VRFC 10-311] analyzing module compSel_204
INFO: [VRFC 10-311] analyzing module compSel_208
INFO: [VRFC 10-311] analyzing module compSel_212
INFO: [VRFC 10-311] analyzing module compSel_216
INFO: [VRFC 10-311] analyzing module compSel_220
INFO: [VRFC 10-311] analyzing module compSel_224
INFO: [VRFC 10-311] analyzing module compSel_228
INFO: [VRFC 10-311] analyzing module compSel_232
INFO: [VRFC 10-311] analyzing module compSel_236
INFO: [VRFC 10-311] analyzing module compSel_240
INFO: [VRFC 10-311] analyzing module compSel_244
INFO: [VRFC 10-311] analyzing module compSel_248
INFO: [VRFC 10-311] analyzing module compSel_252
INFO: [VRFC 10-311] analyzing module compSel_256
INFO: [VRFC 10-311] analyzing module compSel_260
INFO: [VRFC 10-311] analyzing module compSel_264
INFO: [VRFC 10-311] analyzing module compSel_268
INFO: [VRFC 10-311] analyzing module compSel_272
INFO: [VRFC 10-311] analyzing module compSel_276
INFO: [VRFC 10-311] analyzing module compSel_28
INFO: [VRFC 10-311] analyzing module compSel_32
INFO: [VRFC 10-311] analyzing module compSel_36
INFO: [VRFC 10-311] analyzing module compSel_40
INFO: [VRFC 10-311] analyzing module compSel_44
INFO: [VRFC 10-311] analyzing module compSel_48
INFO: [VRFC 10-311] analyzing module compSel_52
INFO: [VRFC 10-311] analyzing module compSel_56
INFO: [VRFC 10-311] analyzing module compSel_60
INFO: [VRFC 10-311] analyzing module compSel_64
INFO: [VRFC 10-311] analyzing module compSel_68
INFO: [VRFC 10-311] analyzing module compSel_72
INFO: [VRFC 10-311] analyzing module compSel_76
INFO: [VRFC 10-311] analyzing module compSel_80
INFO: [VRFC 10-311] analyzing module compSel_84
INFO: [VRFC 10-311] analyzing module compSel_88
INFO: [VRFC 10-311] analyzing module compSel_92
INFO: [VRFC 10-311] analyzing module compSel_96
INFO: [VRFC 10-311] analyzing module decayMpy10x8
INFO: [VRFC 10-311] analyzing module dsp48_mac
INFO: [VRFC 10-311] analyzing module dsp48_mac_280
INFO: [VRFC 10-311] analyzing module dsp48_mac_281
INFO: [VRFC 10-311] analyzing module dsp48_mac_282
INFO: [VRFC 10-311] analyzing module dsp48_mac_283
INFO: [VRFC 10-311] analyzing module dsp48_mac_284
INFO: [VRFC 10-311] analyzing module dsp48_mac_285
INFO: [VRFC 10-311] analyzing module dsp48_mac_286
INFO: [VRFC 10-311] analyzing module dsp48_mac_287
INFO: [VRFC 10-311] analyzing module dsp48_mac_288
INFO: [VRFC 10-311] analyzing module dsp48_mac_289
INFO: [VRFC 10-311] analyzing module dsp48_mac_290
INFO: [VRFC 10-311] analyzing module dsp48_mac_291
INFO: [VRFC 10-311] analyzing module dsp48_mac_292
INFO: [VRFC 10-311] analyzing module dsp48_mac_293
INFO: [VRFC 10-311] analyzing module dsp48_mac_294
INFO: [VRFC 10-311] analyzing module dsp48_mac_295
INFO: [VRFC 10-311] analyzing module dsp48_mac_296
INFO: [VRFC 10-311] analyzing module dsp48_mac_297
INFO: [VRFC 10-311] analyzing module dsp48_mac_298
INFO: [VRFC 10-311] analyzing module dsp48_mac_299
INFO: [VRFC 10-311] analyzing module dsp48_mac_300
INFO: [VRFC 10-311] analyzing module dsp48_mac_301
INFO: [VRFC 10-311] analyzing module dsp48_mac_302
INFO: [VRFC 10-311] analyzing module dsp48_mac_303
INFO: [VRFC 10-311] analyzing module dsp48_mac_304
INFO: [VRFC 10-311] analyzing module dsp48_mac_305
INFO: [VRFC 10-311] analyzing module dsp48_mac_306
INFO: [VRFC 10-311] analyzing module dsp48_mac_307
INFO: [VRFC 10-311] analyzing module dsp48_mac_308
INFO: [VRFC 10-311] analyzing module dsp48_mac_309
INFO: [VRFC 10-311] analyzing module dsp48_mac_310
INFO: [VRFC 10-311] analyzing module dsp48_mac_311
INFO: [VRFC 10-311] analyzing module dsp48_mac_312
INFO: [VRFC 10-311] analyzing module dsp48_mac_313
INFO: [VRFC 10-311] analyzing module dsp48_mac_314
INFO: [VRFC 10-311] analyzing module dsp48_mac_315
INFO: [VRFC 10-311] analyzing module dsp48_mac_316
INFO: [VRFC 10-311] analyzing module dsp48_mac_317
INFO: [VRFC 10-311] analyzing module dsp48_mac_318
INFO: [VRFC 10-311] analyzing module dsp48_mac_319
INFO: [VRFC 10-311] analyzing module dsp48_mac_320
INFO: [VRFC 10-311] analyzing module dsp48_mac_321
INFO: [VRFC 10-311] analyzing module dsp48_mac_322
INFO: [VRFC 10-311] analyzing module dsp48_mac_323
INFO: [VRFC 10-311] analyzing module dsp48_mac_324
INFO: [VRFC 10-311] analyzing module dsp48_mac_325
INFO: [VRFC 10-311] analyzing module dsp48_mac_326
INFO: [VRFC 10-311] analyzing module dsp48_mac_327
INFO: [VRFC 10-311] analyzing module dsp48_mac_328
INFO: [VRFC 10-311] analyzing module dsp48_mac_329
INFO: [VRFC 10-311] analyzing module dsp48_mac_330
INFO: [VRFC 10-311] analyzing module dsp48_mac_331
INFO: [VRFC 10-311] analyzing module dsp48_mac_332
INFO: [VRFC 10-311] analyzing module dsp48_mac_333
INFO: [VRFC 10-311] analyzing module dsp48_mac_334
INFO: [VRFC 10-311] analyzing module dsp48_mac_335
INFO: [VRFC 10-311] analyzing module dsp48_mac_336
INFO: [VRFC 10-311] analyzing module dsp48_mac_337
INFO: [VRFC 10-311] analyzing module dsp48_mac_338
INFO: [VRFC 10-311] analyzing module dsp48_mac_339
INFO: [VRFC 10-311] analyzing module dsp48_mac_340
INFO: [VRFC 10-311] analyzing module dsp48_mac_341
INFO: [VRFC 10-311] analyzing module dsp48_mac_342
INFO: [VRFC 10-311] analyzing module maxMetricMultiH
INFO: [VRFC 10-311] analyzing module mfilt
INFO: [VRFC 10-311] analyzing module mfiltBank
INFO: [VRFC 10-311] analyzing module mfilt__parameterized0
INFO: [VRFC 10-311] analyzing module mfilt__parameterized1
INFO: [VRFC 10-311] analyzing module mfilt__parameterized10
INFO: [VRFC 10-311] analyzing module mfilt__parameterized11
INFO: [VRFC 10-311] analyzing module mfilt__parameterized12
INFO: [VRFC 10-311] analyzing module mfilt__parameterized13
INFO: [VRFC 10-311] analyzing module mfilt__parameterized14
INFO: [VRFC 10-311] analyzing module mfilt__parameterized2
INFO: [VRFC 10-311] analyzing module mfilt__parameterized3
INFO: [VRFC 10-311] analyzing module mfilt__parameterized4
INFO: [VRFC 10-311] analyzing module mfilt__parameterized5
INFO: [VRFC 10-311] analyzing module mfilt__parameterized6
INFO: [VRFC 10-311] analyzing module mfilt__parameterized7
INFO: [VRFC 10-311] analyzing module mfilt__parameterized8
INFO: [VRFC 10-311] analyzing module mfilt__parameterized9
INFO: [VRFC 10-311] analyzing module mult8x8
INFO: [VRFC 10-311] analyzing module rot8x8
INFO: [VRFC 10-311] analyzing module rot8x8_101
INFO: [VRFC 10-311] analyzing module rot8x8_105
INFO: [VRFC 10-311] analyzing module rot8x8_109
INFO: [VRFC 10-311] analyzing module rot8x8_113
INFO: [VRFC 10-311] analyzing module rot8x8_117
INFO: [VRFC 10-311] analyzing module rot8x8_121
INFO: [VRFC 10-311] analyzing module rot8x8_125
INFO: [VRFC 10-311] analyzing module rot8x8_129
INFO: [VRFC 10-311] analyzing module rot8x8_133
INFO: [VRFC 10-311] analyzing module rot8x8_137
INFO: [VRFC 10-311] analyzing module rot8x8_141
INFO: [VRFC 10-311] analyzing module rot8x8_145
INFO: [VRFC 10-311] analyzing module rot8x8_149
INFO: [VRFC 10-311] analyzing module rot8x8_153
INFO: [VRFC 10-311] analyzing module rot8x8_157
INFO: [VRFC 10-311] analyzing module rot8x8_161
INFO: [VRFC 10-311] analyzing module rot8x8_165
INFO: [VRFC 10-311] analyzing module rot8x8_169
INFO: [VRFC 10-311] analyzing module rot8x8_173
INFO: [VRFC 10-311] analyzing module rot8x8_177
INFO: [VRFC 10-311] analyzing module rot8x8_181
INFO: [VRFC 10-311] analyzing module rot8x8_185
INFO: [VRFC 10-311] analyzing module rot8x8_189
INFO: [VRFC 10-311] analyzing module rot8x8_193
INFO: [VRFC 10-311] analyzing module rot8x8_197
INFO: [VRFC 10-311] analyzing module rot8x8_201
INFO: [VRFC 10-311] analyzing module rot8x8_205
INFO: [VRFC 10-311] analyzing module rot8x8_209
INFO: [VRFC 10-311] analyzing module rot8x8_213
INFO: [VRFC 10-311] analyzing module rot8x8_217
INFO: [VRFC 10-311] analyzing module rot8x8_221
INFO: [VRFC 10-311] analyzing module rot8x8_225
INFO: [VRFC 10-311] analyzing module rot8x8_229
INFO: [VRFC 10-311] analyzing module rot8x8_233
INFO: [VRFC 10-311] analyzing module rot8x8_237
INFO: [VRFC 10-311] analyzing module rot8x8_241
INFO: [VRFC 10-311] analyzing module rot8x8_245
INFO: [VRFC 10-311] analyzing module rot8x8_249
INFO: [VRFC 10-311] analyzing module rot8x8_253
INFO: [VRFC 10-311] analyzing module rot8x8_257
INFO: [VRFC 10-311] analyzing module rot8x8_261
INFO: [VRFC 10-311] analyzing module rot8x8_265
INFO: [VRFC 10-311] analyzing module rot8x8_269
INFO: [VRFC 10-311] analyzing module rot8x8_273
INFO: [VRFC 10-311] analyzing module rot8x8_277
INFO: [VRFC 10-311] analyzing module rot8x8_29
INFO: [VRFC 10-311] analyzing module rot8x8_33
INFO: [VRFC 10-311] analyzing module rot8x8_37
INFO: [VRFC 10-311] analyzing module rot8x8_41
INFO: [VRFC 10-311] analyzing module rot8x8_45
INFO: [VRFC 10-311] analyzing module rot8x8_49
INFO: [VRFC 10-311] analyzing module rot8x8_53
INFO: [VRFC 10-311] analyzing module rot8x8_57
INFO: [VRFC 10-311] analyzing module rot8x8_61
INFO: [VRFC 10-311] analyzing module rot8x8_65
INFO: [VRFC 10-311] analyzing module rot8x8_69
INFO: [VRFC 10-311] analyzing module rot8x8_73
INFO: [VRFC 10-311] analyzing module rot8x8_77
INFO: [VRFC 10-311] analyzing module rot8x8_81
INFO: [VRFC 10-311] analyzing module rot8x8_85
INFO: [VRFC 10-311] analyzing module rot8x8_89
INFO: [VRFC 10-311] analyzing module rot8x8_93
INFO: [VRFC 10-311] analyzing module rot8x8_97
INFO: [VRFC 10-311] analyzing module rotMux
INFO: [VRFC 10-311] analyzing module rotMux_18
INFO: [VRFC 10-311] analyzing module rotMux_19
INFO: [VRFC 10-311] analyzing module rotMux_20
INFO: [VRFC 10-311] analyzing module tbMux
INFO: [VRFC 10-311] analyzing module tbMux_21
INFO: [VRFC 10-311] analyzing module tbMux_22
INFO: [VRFC 10-311] analyzing module tbMux_23
INFO: [VRFC 10-311] analyzing module tbMux_24
INFO: [VRFC 10-311] analyzing module tbMux_25
INFO: [VRFC 10-311] analyzing module tbMux_26
INFO: [VRFC 10-311] analyzing module tbMux_27
INFO: [VRFC 10-311] analyzing module tilt
INFO: [VRFC 10-311] analyzing module tiltPhaseAcc
INFO: [VRFC 10-311] analyzing module tiltPhaseAcc_103
INFO: [VRFC 10-311] analyzing module tiltPhaseAcc_107
INFO: [VRFC 10-311] analyzing module tiltPhaseAcc_111
INFO: [VRFC 10-311] analyzing module tiltPhaseAcc_115
INFO: [VRFC 10-311] analyzing module tiltPhaseAcc_119
INFO: [VRFC 10-311] analyzing module tiltPhaseAcc_123
INFO: [VRFC 10-311] analyzing module tiltPhaseAcc_127
INFO: [VRFC 10-311] analyzing module tiltPhaseAcc_131
INFO: [VRFC 10-311] analyzing module tiltPhaseAcc_135
INFO: [VRFC 10-311] analyzing module tiltPhaseAcc_139
INFO: [VRFC 10-311] analyzing module tiltPhaseAcc_143
INFO: [VRFC 10-311] analyzing module tiltPhaseAcc_147
INFO: [VRFC 10-311] analyzing module tiltPhaseAcc_151
INFO: [VRFC 10-311] analyzing module tiltPhaseAcc_155
INFO: [VRFC 10-311] analyzing module tiltPhaseAcc_159
INFO: [VRFC 10-311] analyzing module tiltPhaseAcc_163
INFO: [VRFC 10-311] analyzing module tiltPhaseAcc_167
INFO: [VRFC 10-311] analyzing module tiltPhaseAcc_171
INFO: [VRFC 10-311] analyzing module tiltPhaseAcc_175
INFO: [VRFC 10-311] analyzing module tiltPhaseAcc_179
INFO: [VRFC 10-311] analyzing module tiltPhaseAcc_183
INFO: [VRFC 10-311] analyzing module tiltPhaseAcc_187
INFO: [VRFC 10-311] analyzing module tiltPhaseAcc_191
INFO: [VRFC 10-311] analyzing module tiltPhaseAcc_195
INFO: [VRFC 10-311] analyzing module tiltPhaseAcc_199
INFO: [VRFC 10-311] analyzing module tiltPhaseAcc_203
INFO: [VRFC 10-311] analyzing module tiltPhaseAcc_207
INFO: [VRFC 10-311] analyzing module tiltPhaseAcc_211
INFO: [VRFC 10-311] analyzing module tiltPhaseAcc_215
INFO: [VRFC 10-311] analyzing module tiltPhaseAcc_219
INFO: [VRFC 10-311] analyzing module tiltPhaseAcc_223
INFO: [VRFC 10-311] analyzing module tiltPhaseAcc_227
INFO: [VRFC 10-311] analyzing module tiltPhaseAcc_231
INFO: [VRFC 10-311] analyzing module tiltPhaseAcc_235
INFO: [VRFC 10-311] analyzing module tiltPhaseAcc_239
INFO: [VRFC 10-311] analyzing module tiltPhaseAcc_243
INFO: [VRFC 10-311] analyzing module tiltPhaseAcc_247
INFO: [VRFC 10-311] analyzing module tiltPhaseAcc_251
INFO: [VRFC 10-311] analyzing module tiltPhaseAcc_255
INFO: [VRFC 10-311] analyzing module tiltPhaseAcc_259
INFO: [VRFC 10-311] analyzing module tiltPhaseAcc_263
INFO: [VRFC 10-311] analyzing module tiltPhaseAcc_267
INFO: [VRFC 10-311] analyzing module tiltPhaseAcc_271
INFO: [VRFC 10-311] analyzing module tiltPhaseAcc_275
INFO: [VRFC 10-311] analyzing module tiltPhaseAcc_279
INFO: [VRFC 10-311] analyzing module tiltPhaseAcc_31
INFO: [VRFC 10-311] analyzing module tiltPhaseAcc_35
INFO: [VRFC 10-311] analyzing module tiltPhaseAcc_39
INFO: [VRFC 10-311] analyzing module tiltPhaseAcc_43
INFO: [VRFC 10-311] analyzing module tiltPhaseAcc_47
INFO: [VRFC 10-311] analyzing module tiltPhaseAcc_51
INFO: [VRFC 10-311] analyzing module tiltPhaseAcc_55
INFO: [VRFC 10-311] analyzing module tiltPhaseAcc_59
INFO: [VRFC 10-311] analyzing module tiltPhaseAcc_63
INFO: [VRFC 10-311] analyzing module tiltPhaseAcc_67
INFO: [VRFC 10-311] analyzing module tiltPhaseAcc_71
INFO: [VRFC 10-311] analyzing module tiltPhaseAcc_75
INFO: [VRFC 10-311] analyzing module tiltPhaseAcc_79
INFO: [VRFC 10-311] analyzing module tiltPhaseAcc_83
INFO: [VRFC 10-311] analyzing module tiltPhaseAcc_87
INFO: [VRFC 10-311] analyzing module tiltPhaseAcc_91
INFO: [VRFC 10-311] analyzing module tiltPhaseAcc_95
INFO: [VRFC 10-311] analyzing module tiltPhaseAcc_99
INFO: [VRFC 10-311] analyzing module tilt_102
INFO: [VRFC 10-311] analyzing module tilt_106
INFO: [VRFC 10-311] analyzing module tilt_110
INFO: [VRFC 10-311] analyzing module tilt_114
INFO: [VRFC 10-311] analyzing module tilt_118
INFO: [VRFC 10-311] analyzing module tilt_122
INFO: [VRFC 10-311] analyzing module tilt_126
INFO: [VRFC 10-311] analyzing module tilt_130
INFO: [VRFC 10-311] analyzing module tilt_134
INFO: [VRFC 10-311] analyzing module tilt_138
INFO: [VRFC 10-311] analyzing module tilt_142
INFO: [VRFC 10-311] analyzing module tilt_146
INFO: [VRFC 10-311] analyzing module tilt_150
INFO: [VRFC 10-311] analyzing module tilt_154
INFO: [VRFC 10-311] analyzing module tilt_158
INFO: [VRFC 10-311] analyzing module tilt_162
INFO: [VRFC 10-311] analyzing module tilt_166
INFO: [VRFC 10-311] analyzing module tilt_170
INFO: [VRFC 10-311] analyzing module tilt_174
INFO: [VRFC 10-311] analyzing module tilt_178
INFO: [VRFC 10-311] analyzing module tilt_182
INFO: [VRFC 10-311] analyzing module tilt_186
INFO: [VRFC 10-311] analyzing module tilt_190
INFO: [VRFC 10-311] analyzing module tilt_194
INFO: [VRFC 10-311] analyzing module tilt_198
INFO: [VRFC 10-311] analyzing module tilt_202
INFO: [VRFC 10-311] analyzing module tilt_206
INFO: [VRFC 10-311] analyzing module tilt_210
INFO: [VRFC 10-311] analyzing module tilt_214
INFO: [VRFC 10-311] analyzing module tilt_218
INFO: [VRFC 10-311] analyzing module tilt_222
INFO: [VRFC 10-311] analyzing module tilt_226
INFO: [VRFC 10-311] analyzing module tilt_230
INFO: [VRFC 10-311] analyzing module tilt_234
INFO: [VRFC 10-311] analyzing module tilt_238
INFO: [VRFC 10-311] analyzing module tilt_242
INFO: [VRFC 10-311] analyzing module tilt_246
INFO: [VRFC 10-311] analyzing module tilt_250
INFO: [VRFC 10-311] analyzing module tilt_254
INFO: [VRFC 10-311] analyzing module tilt_258
INFO: [VRFC 10-311] analyzing module tilt_262
INFO: [VRFC 10-311] analyzing module tilt_266
INFO: [VRFC 10-311] analyzing module tilt_270
INFO: [VRFC 10-311] analyzing module tilt_274
INFO: [VRFC 10-311] analyzing module tilt_278
INFO: [VRFC 10-311] analyzing module tilt_30
INFO: [VRFC 10-311] analyzing module tilt_34
INFO: [VRFC 10-311] analyzing module tilt_38
INFO: [VRFC 10-311] analyzing module tilt_42
INFO: [VRFC 10-311] analyzing module tilt_46
INFO: [VRFC 10-311] analyzing module tilt_50
INFO: [VRFC 10-311] analyzing module tilt_54
INFO: [VRFC 10-311] analyzing module tilt_58
INFO: [VRFC 10-311] analyzing module tilt_62
INFO: [VRFC 10-311] analyzing module tilt_66
INFO: [VRFC 10-311] analyzing module tilt_70
INFO: [VRFC 10-311] analyzing module tilt_74
INFO: [VRFC 10-311] analyzing module tilt_78
INFO: [VRFC 10-311] analyzing module tilt_82
INFO: [VRFC 10-311] analyzing module tilt_86
INFO: [VRFC 10-311] analyzing module tilt_90
INFO: [VRFC 10-311] analyzing module tilt_94
INFO: [VRFC 10-311] analyzing module tilt_98
INFO: [VRFC 10-311] analyzing module traceBackMultiH
INFO: [VRFC 10-311] analyzing module trellisMultiH
INFO: [VRFC 10-311] analyzing module viterbiMultiH
INFO: [VRFC 10-311] analyzing module decayMpy10x8mult_gen_v12_0_12
INFO: [VRFC 10-311] analyzing module mult8x8mult_gen_v12_0_12
INFO: [VRFC 10-311] analyzing module decayMpy10x8dsp
INFO: [VRFC 10-311] analyzing module decayMpy10x8mult_gen_v12_0_12_viv
INFO: [VRFC 10-311] analyzing module mult8x8luts
INFO: [VRFC 10-311] analyzing module mult8x8mult_gen_v12_0_12_viv
INFO: [VRFC 10-311] analyzing module glbl
INFO: [VRFC 10-2263] Analyzing Verilog file "C:/modem/vivado/multi-h/testMultiH.v" into library xil_defaultlib
INFO: [VRFC 10-311] analyzing module test
