Vivado Simulator 2016.4
Copyright 1986-1999, 2001-2016 Xilinx, Inc. All Rights Reserved.
Running: C:/Xilinx/Vivado/2016.4/bin/unwrapped/win64.o/xelab.exe -wto 0027b497f38f46a7b40b8158d1351c26 --debug typical --relax --mt 2 -d SIMULATE= -d TEST_CMA_MODULE= -d SEMCO_DEMOD= -L xbip_utils_v3_0_7 -L axi_utils_v2_0_3 -L xbip_pipe_v3_0_3 -L xbip_bram18k_v3_0_3 -L mult_gen_v12_0_12 -L xbip_dsp48_wrapper_v3_0_4 -L xbip_dsp48_addsub_v3_0_3 -L xbip_dsp48_multadd_v3_0_3 -L dds_compiler_v6_0_13 -L xil_defaultlib -L fir_compiler_v7_2_7 -L fifo_generator_v13_1_3 -L dist_mem_gen_v8_0_11 -L blk_mem_gen_v8_3_4 -L c_reg_fd_v12_0_3 -L xbip_addsub_v3_0_3 -L c_addsub_v12_0_10 -L util_vector_logic_v2_0 -L unisims_ver -L unimacro_ver -L secureip -L xpm --snapshot test_behav xil_defaultlib.test xil_defaultlib.glbl -log elaborate.log 
Using 2 slave threads.
Starting static elaboration
Completed static elaboration
Starting simulation data flow analysis
WARNING: [XSIM 43-4099] "C:/modem/vivado/multiplier.v" Line 1. Module multiplier(AWIDTH=10,BWIDTH=10) doesn't have a timescale but at least one module in design has a timescale.
WARNING: [XSIM 43-4099] "C:/modem/vivado/multiplier.v" Line 1. Module multiplier(AWIDTH=10,BWIDTH=10) doesn't have a timescale but at least one module in design has a timescale.
WARNING: [XSIM 43-4099] "C:/modem/vivado/multiplier.v" Line 1. Module multiplier(AWIDTH=10,BWIDTH=10) doesn't have a timescale but at least one module in design has a timescale.
WARNING: [XSIM 43-4099] "C:/modem/vivado/multiplier.v" Line 1. Module multiplier(AWIDTH=10,BWIDTH=10) doesn't have a timescale but at least one module in design has a timescale.
WARNING: [XSIM 43-4099] "C:/modem/vivado/multiplier.v" Line 1. Module multiplier(AWIDTH=10,BWIDTH=10) doesn't have a timescale but at least one module in design has a timescale.
WARNING: [XSIM 43-4099] "C:/modem/vivado/multiplier.v" Line 1. Module multiplier(AWIDTH=10,BWIDTH=10) doesn't have a timescale but at least one module in design has a timescale.
WARNING: [XSIM 43-4099] "C:/modem/vivado/multiplier.v" Line 1. Module multiplier(AWIDTH=10,BWIDTH=10) doesn't have a timescale but at least one module in design has a timescale.
WARNING: [XSIM 43-4099] "C:/modem/vivado/multiplier.v" Line 1. Module multiplier(AWIDTH=10,BWIDTH=10) doesn't have a timescale but at least one module in design has a timescale.
WARNING: [XSIM 43-4099] "C:/modem/vivado/multiplier.v" Line 1. Module multiplier(AWIDTH=10,BWIDTH=10) doesn't have a timescale but at least one module in design has a timescale.
WARNING: [XSIM 43-4099] "C:/modem/vivado/multiplier.v" Line 1. Module multiplier(AWIDTH=10,BWIDTH=10) doesn't have a timescale but at least one module in design has a timescale.
WARNING: [XSIM 43-4099] "C:/modem/vivado/multiplier.v" Line 1. Module multiplier(AWIDTH=10,BWIDTH=10) doesn't have a timescale but at least one module in design has a timescale.
WARNING: [XSIM 43-4099] "C:/modem/vivado/multiplier.v" Line 1. Module multiplier(AWIDTH=10,BWIDTH=10) doesn't have a timescale but at least one module in design has a timescale.
WARNING: [XSIM 43-4099] "C:/modem/vivado/multiplier.v" Line 1. Module multiplier(AWIDTH=10,BWIDTH=10) doesn't have a timescale but at least one module in design has a timescale.
WARNING: [XSIM 43-4099] "C:/modem/vivado/multiplier.v" Line 1. Module multiplier(AWIDTH=10,BWIDTH=10) doesn't have a timescale but at least one module in design has a timescale.
WARNING: [XSIM 43-4099] "C:/modem/vivado/multiplier.v" Line 1. Module multiplier(AWIDTH=10,BWIDTH=10) doesn't have a timescale but at least one module in design has a timescale.
WARNING: [XSIM 43-4099] "C:/modem/vivado/multiplier.v" Line 1. Module multiplier(AWIDTH=10,BWIDTH=10) doesn't have a timescale but at least one module in design has a timescale.
WARNING: [XSIM 43-4099] "C:/modem/vivado/multiplier.v" Line 1. Module multiplier(AWIDTH=10,BWIDTH=10) doesn't have a timescale but at least one module in design has a timescale.
WARNING: [XSIM 43-4099] "C:/modem/vivado/multiplier.v" Line 1. Module multiplier(AWIDTH=10,BWIDTH=10) doesn't have a timescale but at least one module in design has a timescale.
WARNING: [XSIM 43-4099] "C:/modem/vivado/multiplier.v" Line 1. Module multiplier(AWIDTH=10,BWIDTH=10) doesn't have a timescale but at least one module in design has a timescale.
WARNING: [XSIM 43-4099] "C:/modem/vivado/multiplier.v" Line 1. Module multiplier(AWIDTH=10,BWIDTH=10) doesn't have a timescale but at least one module in design has a timescale.
WARNING: [XSIM 43-4099] "C:/modem/vivado/multiplier.v" Line 1. Module multiplier(AWIDTH=10,BWIDTH=10) doesn't have a timescale but at least one module in design has a timescale.
WARNING: [XSIM 43-4099] "C:/modem/vivado/multiplier.v" Line 1. Module multiplier(AWIDTH=10,BWIDTH=10) doesn't have a timescale but at least one module in design has a timescale.
WARNING: [XSIM 43-4099] "C:/modem/vivado/multiplier.v" Line 1. Module multiplier(AWIDTH=10,BWIDTH=10) doesn't have a timescale but at least one module in design has a timescale.
WARNING: [XSIM 43-4099] "C:/modem/vivado/multiplier.v" Line 1. Module multiplier(AWIDTH=10,BWIDTH=10) doesn't have a timescale but at least one module in design has a timescale.
WARNING: [XSIM 43-4099] "C:/modem/vivado/multiplier.v" Line 1. Module multiplier(AWIDTH=10,BWIDTH=10) doesn't have a timescale but at least one module in design has a timescale.
WARNING: [XSIM 43-4099] "C:/modem/vivado/multiplier.v" Line 1. Module multiplier(AWIDTH=10,BWIDTH=10) doesn't have a timescale but at least one module in design has a timescale.
WARNING: [XSIM 43-4099] "C:/modem/vivado/multiplier.v" Line 1. Module multiplier(AWIDTH=10,BWIDTH=10) doesn't have a timescale but at least one module in design has a timescale.
WARNING: [XSIM 43-4099] "C:/modem/vivado/multiplier.v" Line 1. Module multiplier(AWIDTH=10,BWIDTH=10) doesn't have a timescale but at least one module in design has a timescale.
WARNING: [XSIM 43-4099] "C:/modem/vivado/multiplier.v" Line 1. Module multiplier(AWIDTH=10,BWIDTH=10) doesn't have a timescale but at least one module in design has a timescale.
WARNING: [XSIM 43-4099] "C:/modem/vivado/multiplier.v" Line 1. Module multiplier(AWIDTH=10,BWIDTH=10) doesn't have a timescale but at least one module in design has a timescale.
WARNING: [XSIM 43-4099] "C:/modem/vivado/multiplier.v" Line 1. Module multiplier(AWIDTH=10,BWIDTH=10) doesn't have a timescale but at least one module in design has a timescale.
WARNING: [XSIM 43-4099] "C:/modem/vivado/multiplier.v" Line 1. Module multiplier(AWIDTH=10,BWIDTH=10) doesn't have a timescale but at least one module in design has a timescale.
WARNING: [XSIM 43-4099] "C:/modem/vivado/multiplier.v" Line 1. Module multiplier(AWIDTH=10,BWIDTH=10) doesn't have a timescale but at least one module in design has a timescale.
WARNING: [XSIM 43-4099] "C:/modem/vivado/multiplier.v" Line 1. Module multiplier(AWIDTH=10,BWIDTH=10) doesn't have a timescale but at least one module in design has a timescale.
WARNING: [XSIM 43-4099] "C:/modem/vivado/multiplier.v" Line 1. Module multiplier(AWIDTH=10,BWIDTH=10) doesn't have a timescale but at least one module in design has a timescale.
WARNING: [XSIM 43-4099] "C:/modem/vivado/multiplier.v" Line 1. Module multiplier(AWIDTH=10,BWIDTH=10) doesn't have a timescale but at least one module in design has a timescale.
WARNING: [XSIM 43-4099] "C:/modem/vivado/multiplier.v" Line 1. Module multiplier(AWIDTH=10,BWIDTH=10) doesn't have a timescale but at least one module in design has a timescale.
WARNING: [XSIM 43-4099] "C:/modem/vivado/multiplier.v" Line 1. Module multiplier(AWIDTH=10,BWIDTH=10) doesn't have a timescale but at least one module in design has a timescale.
WARNING: [XSIM 43-4099] "C:/modem/vivado/multiplier.v" Line 1. Module multiplier(AWIDTH=10,BWIDTH=10) doesn't have a timescale but at least one module in design has a timescale.
WARNING: [XSIM 43-4099] "C:/modem/vivado/multiplier.v" Line 1. Module multiplier(AWIDTH=10,BWIDTH=10) doesn't have a timescale but at least one module in design has a timescale.
WARNING: [XSIM 43-4099] "C:/modem/vivado/multiplier.v" Line 1. Module multiplier(AWIDTH=10,BWIDTH=10) doesn't have a timescale but at least one module in design has a timescale.
WARNING: [XSIM 43-4099] "C:/modem/vivado/multiplier.v" Line 1. Module multiplier(AWIDTH=10,BWIDTH=10) doesn't have a timescale but at least one module in design has a timescale.
WARNING: [XSIM 43-4099] "C:/modem/vivado/multiplier.v" Line 1. Module multiplier(AWIDTH=10,BWIDTH=10) doesn't have a timescale but at least one module in design has a timescale.
WARNING: [XSIM 43-4099] "C:/modem/vivado/multiplier.v" Line 1. Module multiplier(AWIDTH=10,BWIDTH=10) doesn't have a timescale but at least one module in design has a timescale.
WARNING: [XSIM 43-4099] "C:/modem/vivado/multiplier.v" Line 1. Module multiplier(AWIDTH=10,BWIDTH=10) doesn't have a timescale but at least one module in design has a timescale.
WARNING: [XSIM 43-4099] "C:/modem/vivado/multiplier.v" Line 1. Module multiplier(AWIDTH=10,BWIDTH=10) doesn't have a timescale but at least one module in design has a timescale.
WARNING: [XSIM 43-4099] "C:/modem/vivado/multiplier.v" Line 1. Module multiplier(AWIDTH=10,BWIDTH=10) doesn't have a timescale but at least one module in design has a timescale.
WARNING: [XSIM 43-4099] "C:/modem/vivado/multiplier.v" Line 1. Module multiplier(AWIDTH=10,BWIDTH=10) doesn't have a timescale but at least one module in design has a timescale.
WARNING: [XSIM 43-4099] "C:/modem/vivado/multiplier.v" Line 1. Module multiplier(AWIDTH=10,BWIDTH=10) doesn't have a timescale but at least one module in design has a timescale.
WARNING: [XSIM 43-4099] "C:/modem/vivado/multiplier.v" Line 1. Module multiplier(AWIDTH=10,BWIDTH=10) doesn't have a timescale but at least one module in design has a timescale.
WARNING: [XSIM 43-4099] "C:/modem/vivado/multiplier.v" Line 1. Module multiplier(AWIDTH=10,BWIDTH=10) doesn't have a timescale but at least one module in design has a timescale.
WARNING: [XSIM 43-4099] "C:/modem/vivado/multiplier.v" Line 1. Module multiplier(AWIDTH=10,BWIDTH=10) doesn't have a timescale but at least one module in design has a timescale.
WARNING: [XSIM 43-4099] "C:/modem/vivado/multiplier.v" Line 1. Module multiplier(AWIDTH=10,BWIDTH=10) doesn't have a timescale but at least one module in design has a timescale.
WARNING: [XSIM 43-4099] "C:/modem/vivado/multiplier.v" Line 1. Module multiplier(AWIDTH=10,BWIDTH=10) doesn't have a timescale but at least one module in design has a timescale.
WARNING: [XSIM 43-4099] "C:/modem/vivado/multiplier.v" Line 1. Module multiplier(AWIDTH=10,BWIDTH=10) doesn't have a timescale but at least one module in design has a timescale.
WARNING: [XSIM 43-4099] "C:/modem/vivado/multiplier.v" Line 1. Module multiplier(AWIDTH=10,BWIDTH=10) doesn't have a timescale but at least one module in design has a timescale.
WARNING: [XSIM 43-4099] "C:/modem/vivado/multiplier.v" Line 1. Module multiplier(AWIDTH=10,BWIDTH=10) doesn't have a timescale but at least one module in design has a timescale.
WARNING: [XSIM 43-4099] "C:/modem/vivado/multiplier.v" Line 1. Module multiplier(AWIDTH=10,BWIDTH=10) doesn't have a timescale but at least one module in design has a timescale.
WARNING: [XSIM 43-4099] "C:/modem/vivado/multiplier.v" Line 1. Module multiplier(AWIDTH=10,BWIDTH=10) doesn't have a timescale but at least one module in design has a timescale.
WARNING: [XSIM 43-4099] "C:/modem/vivado/multiplier.v" Line 1. Module multiplier(AWIDTH=10,BWIDTH=10) doesn't have a timescale but at least one module in design has a timescale.
WARNING: [XSIM 43-4099] "C:/modem/vivado/multiplier.v" Line 1. Module multiplier(AWIDTH=10,BWIDTH=10) doesn't have a timescale but at least one module in design has a timescale.
WARNING: [XSIM 43-4099] "C:/modem/vivado/multiplier.v" Line 1. Module multiplier(AWIDTH=10,BWIDTH=10) doesn't have a timescale but at least one module in design has a timescale.
WARNING: [XSIM 43-4099] "C:/modem/vivado/multiplier.v" Line 1. Module multiplier(AWIDTH=10,BWIDTH=10) doesn't have a timescale but at least one module in design has a timescale.
WARNING: [XSIM 43-4099] "C:/modem/vivado/multiplier.v" Line 1. Module multiplier(AWIDTH=10,BWIDTH=10) doesn't have a timescale but at least one module in design has a timescale.
WARNING: [XSIM 43-4099] "C:/modem/vivado/multiplier.v" Line 1. Module multiplier(AWIDTH=10,BWIDTH=10) doesn't have a timescale but at least one module in design has a timescale.
WARNING: [XSIM 43-4099] "C:/modem/vivado/multiplier.v" Line 1. Module multiplier(AWIDTH=10,BWIDTH=10) doesn't have a timescale but at least one module in design has a timescale.
WARNING: [XSIM 43-4099] "C:/modem/vivado/multiplier.v" Line 1. Module multiplier(AWIDTH=10,BWIDTH=10) doesn't have a timescale but at least one module in design has a timescale.
WARNING: [XSIM 43-4099] "C:/modem/vivado/multiplier.v" Line 1. Module multiplier(AWIDTH=10,BWIDTH=10) doesn't have a timescale but at least one module in design has a timescale.
WARNING: [XSIM 43-4099] "C:/modem/vivado/multiplier.v" Line 1. Module multiplier(AWIDTH=10,BWIDTH=10) doesn't have a timescale but at least one module in design has a timescale.
WARNING: [XSIM 43-4099] "C:/modem/vivado/multiplier.v" Line 1. Module multiplier(AWIDTH=10,BWIDTH=10) doesn't have a timescale but at least one module in design has a timescale.
WARNING: [XSIM 43-4099] "C:/modem/vivado/multiplier.v" Line 1. Module multiplier(AWIDTH=10,BWIDTH=10) doesn't have a timescale but at least one module in design has a timescale.
WARNING: [XSIM 43-4099] "C:/modem/vivado/multiplier.v" Line 1. Module multiplier(AWIDTH=10,BWIDTH=10) doesn't have a timescale but at least one module in design has a timescale.
WARNING: [XSIM 43-4099] "C:/modem/vivado/multiplier.v" Line 1. Module multiplier(AWIDTH=10,BWIDTH=10) doesn't have a timescale but at least one module in design has a timescale.
WARNING: [XSIM 43-4099] "C:/modem/vivado/multiplier.v" Line 1. Module multiplier(AWIDTH=10,BWIDTH=10) doesn't have a timescale but at least one module in design has a timescale.
WARNING: [XSIM 43-4099] "C:/modem/vivado/multiplier.v" Line 1. Module multiplier(AWIDTH=10,BWIDTH=10) doesn't have a timescale but at least one module in design has a timescale.
WARNING: [XSIM 43-4099] "C:/modem/vivado/multiplier.v" Line 1. Module multiplier(AWIDTH=10,BWIDTH=10) doesn't have a timescale but at least one module in design has a timescale.
WARNING: [XSIM 43-4099] "C:/modem/vivado/multiplier.v" Line 1. Module multiplier(AWIDTH=10,BWIDTH=10) doesn't have a timescale but at least one module in design has a timescale.
WARNING: [XSIM 43-4099] "C:/modem/vivado/multiplier.v" Line 1. Module multiplier(AWIDTH=10,BWIDTH=10) doesn't have a timescale but at least one module in design has a timescale.
WARNING: [XSIM 43-4099] "C:/modem/vivado/multiplier.v" Line 1. Module multiplier(AWIDTH=10,BWIDTH=10) doesn't have a timescale but at least one module in design has a timescale.
WARNING: [XSIM 43-4099] "C:/modem/vivado/multiplier.v" Line 1. Module multiplier(AWIDTH=10,BWIDTH=10) doesn't have a timescale but at least one module in design has a timescale.
WARNING: [XSIM 43-4099] "C:/modem/vivado/multiplier.v" Line 1. Module multiplier(AWIDTH=10,BWIDTH=10) doesn't have a timescale but at least one module in design has a timescale.
WARNING: [XSIM 43-4099] "C:/modem/vivado/multiplier.v" Line 1. Module multiplier(AWIDTH=10,BWIDTH=10) doesn't have a timescale but at least one module in design has a timescale.
WARNING: [XSIM 43-4099] "C:/modem/vivado/multiplier.v" Line 1. Module multiplier(AWIDTH=10,BWIDTH=10) doesn't have a timescale but at least one module in design has a timescale.
WARNING: [XSIM 43-4099] "C:/modem/vivado/multiplier.v" Line 1. Module multiplier(AWIDTH=10,BWIDTH=10) doesn't have a timescale but at least one module in design has a timescale.
WARNING: [XSIM 43-4099] "C:/modem/vivado/multiplier.v" Line 1. Module multiplier(AWIDTH=10,BWIDTH=10) doesn't have a timescale but at least one module in design has a timescale.
WARNING: [XSIM 43-4099] "C:/modem/vivado/multiplier.v" Line 1. Module multiplier(AWIDTH=10,BWIDTH=10) doesn't have a timescale but at least one module in design has a timescale.
WARNING: [XSIM 43-4099] "C:/modem/vivado/multiplier.v" Line 1. Module multiplier(AWIDTH=10,BWIDTH=10) doesn't have a timescale but at least one module in design has a timescale.
WARNING: [XSIM 43-4099] "C:/modem/vivado/multiplier.v" Line 1. Module multiplier(AWIDTH=10,BWIDTH=10) doesn't have a timescale but at least one module in design has a timescale.
WARNING: [XSIM 43-4099] "C:/modem/vivado/multiplier.v" Line 1. Module multiplier(AWIDTH=10,BWIDTH=10) doesn't have a timescale but at least one module in design has a timescale.
WARNING: [XSIM 43-4099] "C:/modem/vivado/multiplier.v" Line 1. Module multiplier(AWIDTH=10,BWIDTH=10) doesn't have a timescale but at least one module in design has a timescale.
WARNING: [XSIM 43-4099] "C:/modem/vivado/multiplier.v" Line 1. Module multiplier(AWIDTH=10,BWIDTH=10) doesn't have a timescale but at least one module in design has a timescale.
WARNING: [XSIM 43-4099] "C:/modem/vivado/multiplier.v" Line 1. Module multiplier(AWIDTH=10,BWIDTH=10) doesn't have a timescale but at least one module in design has a timescale.
WARNING: [XSIM 43-4099] "C:/modem/vivado/multiplier.v" Line 1. Module multiplier(AWIDTH=10,BWIDTH=10) doesn't have a timescale but at least one module in design has a timescale.
WARNING: [XSIM 43-4099] "C:/modem/vivado/multiplier.v" Line 1. Module multiplier(AWIDTH=10,BWIDTH=10) doesn't have a timescale but at least one module in design has a timescale.
WARNING: [XSIM 43-4099] "C:/modem/vivado/multiplier.v" Line 1. Module multiplier(AWIDTH=10,BWIDTH=10) doesn't have a timescale but at least one module in design has a timescale.
WARNING: [XSIM 43-4099] "C:/modem/vivado/multiplier.v" Line 1. Module multiplier(AWIDTH=10,BWIDTH=10) doesn't have a timescale but at least one module in design has a timescale.
WARNING: [XSIM 43-4099] "C:/modem/vivado/multiplier.v" Line 1. Module multiplier(AWIDTH=10,BWIDTH=10) doesn't have a timescale but at least one module in design has a timescale.
WARNING: [XSIM 43-4099] "C:/modem/vivado/multiplier.v" Line 1. Module multiplier(AWIDTH=10,BWIDTH=10) doesn't have a timescale but at least one module in design has a timescale.
WARNING: [XSIM 43-4099] "C:/modem/vivado/multiplier.v" Line 1. Module multiplier(AWIDTH=10,BWIDTH=10) doesn't have a timescale but at least one module in design has a timescale.
WARNING: [XSIM 43-4099] "C:/modem/vivado/multiplier.v" Line 1. Module multiplier(AWIDTH=10,BWIDTH=10) doesn't have a timescale but at least one module in design has a timescale.
INFO: [Common 17-14] Message 'XSIM 43-4099' appears 100 times and further instances of the messages will be disabled. Use the Tcl command set_msg_config to change the current settings.
Completed simulation data flow analysis
Time Resolution for simulation is 1ps
Compiling module xil_defaultlib.cmpy18WithCePL1
Compiling module xil_defaultlib.multiplier(AWIDTH=10,BWIDTH=10)
Compiling module xil_defaultlib.cmaTap(initWeight=18'b0)
Compiling module xil_defaultlib.cmaTap(initWeight=18'b0111111111...
Compiling module xil_defaultlib.mpy18x18PL1
Compiling module xil_defaultlib.cmagEstimate
Compiling module xil_defaultlib.add8Taps
Compiling module xil_defaultlib.add2Taps
Compiling module xil_defaultlib.cmaSum
Compiling module xil_defaultlib.cma(pipeDelay=5)
Compiling module xil_defaultlib.test
Compiling module xil_defaultlib.glbl
Built simulation snapshot test_behav
