Unable to capture context for thread 1496 in process 9940, can not generate back trace
Unable to capture context for thread 6676 in process 9940, can not generate back trace
Unable to capture context for thread 8276 in process 9940, can not generate back trace
Exception at PC 0x00007FFD25A8A839
Unable to capture context for thread 8276 in process 9940, can not generate back trace
Exception at PC 0x00007FFCB8F1BB93
Printing stacktrace...

Exception at PC 0x00007FFD25A8A839
Exception at PC 0x00007FFD25A8A839
Exception at PC 0x00007FFD25A8A839
Exception at PC 0x00007FFD25A8A839
Exception at PC 0x00007FFD25A8A839
Exception at PC 0x00007FFD25A8A839
[0]  [0x00007FFCB8F1BB93]
[1]  [0x00007FFCB8F1BB93]
[2]  [0x00007FFCB8F1B4A1]
[3]  [0x00007FFCB8F1B3EF]
[4]  [0x00007FFCB8F019FE]
[5]  [0x00007FFCB8F00ED1]
[6]  [0x00007FFCB8F00D76]
[7]  [0x00007FFCB8EA79F6]
[8]  [0x00007FFCB8E97AFB]
[9]  [0x00007FFCB8FBE90A]
[10]  [0x00007FFCB8FD9F87]
[11]  [0x00007FFCB8FDA05F]
[12] (BaseThreadInitThunk+0x14) [0x00007FFD27C07BD4]
[13] (RtlUserThreadStart+0x21) [0x00007FFD2802CED1]
Done
Exception at PC 0x00007FFD25A8A839
Exception at PC 0x00007FFD25A8A839
Exception at PC 0x00007FFD25A8A839
Exception at PC 0x00007FFD25A8A839
Exception at PC 0x00007FFD25A8A839
Exception at PC 0x00007FFD25A8A839
Exception at PC 0x00007FFD25A8A839
Exception at PC 0x00007FFD25A8A839
Exception at PC 0x00007FFD25A8A839
Exception at PC 0x00007FFD25A8A839
