#-----------------------------------------------------------
# xsim v2016.3 (64-bit)
# SW Build 1682563 on Mon Oct 10 19:07:27 MDT 2016
# IP Build 1681267 on Mon Oct 10 21:28:31 MDT 2016
# Start of session at: Mon Sep 30 16:34:42 2019
# Process ID: 20336
# Current directory: C:/Users/dougo/LDCP_data_buffer_mult/solution1/sim/verilog
# Command line: xsim.exe -mode tcl -source {xsim.dir/LDPC_buff/xsim_script.tcl}
# Log file: C:/Users/dougo/LDCP_data_buffer_mult/solution1/sim/verilog/xsim.log
# Journal file: C:/Users/dougo/LDCP_data_buffer_mult/solution1/sim/verilog\xsim.jou
#-----------------------------------------------------------
source xsim.dir/LDPC_buff/xsim_script.tcl
# xsim {LDPC_buff} -autoloadwcfg -tclbatch {LDPC_buff.tcl}
Vivado Simulator 2016.3
Time resolution is 1 ps
source LDPC_buff.tcl
## run all
////////////////////////////////////////////////////////////////////////////////////
// Inter-Transaction Progress: Completed Transaction / Total Transaction
// Intra-Transaction Progress: Measured Latency / Latency Estimation * 100%
//
// RTL Simulation : "Inter-Transaction Progress" ["Intra-Transaction Progress"] @ "Simulation Time"
////////////////////////////////////////////////////////////////////////////////////
// RTL Simulation : 0 / 13 [n/a] @ "125000"
// RTL Simulation : 1 / 13 [n/a] @ "145000"
// RTL Simulation : 2 / 13 [n/a] @ "155000"
// RTL Simulation : 3 / 13 [n/a] @ "165000"
// RTL Simulation : 4 / 13 [n/a] @ "175000"
// RTL Simulation : 5 / 13 [n/a] @ "185000"
// RTL Simulation : 6 / 13 [n/a] @ "195000"
// RTL Simulation : 7 / 13 [n/a] @ "205000"
// RTL Simulation : 8 / 13 [n/a] @ "215000"
// RTL Simulation : 9 / 13 [n/a] @ "225000"
// RTL Simulation : 10 / 13 [n/a] @ "235000"
// RTL Simulation : 11 / 13 [n/a] @ "245000"
// RTL Simulation : 12 / 13 [n/a] @ "255000"
// RTL Simulation : 13 / 13 [n/a] @ "265000"
////////////////////////////////////////////////////////////////////////////////////
$finish called at time : 305 ns : File "C:/Users/dougo/LDCP_data_buffer_mult/solution1/sim/verilog/LDPC_buff.autotb.v" Line 1776
## quit
INFO: [Common 17-206] Exiting xsim at Mon Sep 30 16:34:51 2019...
