@I [HLS-0] Workspace C:/Users/dougo/LDPC_INIT_DSP3/solution2 opened at Thu Mar 14 14:53:41 -0400 2019
@I [HLS-100] Execute     config_clock -quiet -name default -period 10 -default=false 
@I [SYN-201] Setting up clock 'default' with a period of 10ns.
@I [HLS-100] Command     config_clock returned 0; 0.001 sec.
@I [HLS-100] Execute     open_platform DefaultPlatform 
@I [HLS-100] Command     open_platform returned 0; 0 sec.
@I [HLS-100] Execute     import_lib C:/Xilinx/Vivado_HLS/2016.3/common/technology/xilinx/kintex7/kintex7 
@I [HLS-100] Execute       source C:/Xilinx/Vivado_HLS/2016.3/common/technology/xilinx/common/xilinx.lib 
@I [HLS-100] Execute         source C:/Xilinx/Vivado_HLS/2016.3/common/technology/xilinx/interface/xilinx_interface.lib 
@I [HLS-100] Execute           source C:/Xilinx/Vivado_HLS/2016.3/common/technology/xilinx/interface/plb46.lib 
@I [HLS-100] Command           ap_source returned 0; 0 sec.
@I [HLS-100] Execute           source C:/Xilinx/Vivado_HLS/2016.3/common/technology/xilinx/interface/fsl.lib 
@I [HLS-100] Command           ap_source returned 0; 0 sec.
@I [HLS-100] Execute           source C:/Xilinx/Vivado_HLS/2016.3/common/technology/xilinx/interface/axi4.lib 
@I [HLS-100] Command           ap_source returned 0; 0.001 sec.
@I [HLS-100] Execute           source C:/Xilinx/Vivado_HLS/2016.3/common/technology/xilinx/interface/maxi.lib 
@I [HLS-100] Command           ap_source returned 0; 0 sec.
@I [HLS-100] Execute           source C:/Xilinx/Vivado_HLS/2016.3/common/technology/xilinx/interface/saxilite.lib 
@I [HLS-100] Command           ap_source returned 0; 0 sec.
@I [HLS-100] Command         ap_source returned 0; 0.003 sec.
@I [HLS-100] Execute         source C:/Xilinx/Vivado_HLS/2016.3/common/technology/xilinx/common/dsp48.lib 
@I [HLS-100] Command         ap_source returned 0; 0.001 sec.
@I [HLS-100] Execute         source C:/Xilinx/Vivado_HLS/2016.3/common/technology/xilinx/ip/dds_compiler.lib 
@I [HLS-100] Command         ap_source returned 0; 0.001 sec.
@I [HLS-100] Execute         source C:/Xilinx/Vivado_HLS/2016.3/common/technology/xilinx/ip/xfft.lib 
@I [HLS-100] Command         ap_source returned 0; 0 sec.
@I [HLS-100] Execute         source C:/Xilinx/Vivado_HLS/2016.3/common/technology/xilinx/ip/xfir.lib 
@I [HLS-100] Command         ap_source returned 0; 0 sec.
@I [HLS-100] Command       ap_source returned 0; 0.008 sec.
@I [HLS-100] Execute       source C:/Xilinx/Vivado_HLS/2016.3/common/technology/xilinx/common/xilinx_old.lib 
@I [HLS-100] Command       ap_source returned 0; 0.001 sec.
@I [HLS-100] Execute       source C:/Xilinx/Vivado_HLS/2016.3/common/technology/xilinx/common/xilinx_vivado.lib 
@I [HLS-100] Command       ap_source returned 0; 0.001 sec.
@I [HLS-100] Execute       source C:/Xilinx/Vivado_HLS/2016.3/common/technology/xilinx/common/xilinx.hlp 
@I [HLS-100] Execute         source C:/Xilinx/Vivado_HLS/2016.3/common/technology/xilinx/common/target_info.tcl 
@I [HLS-100] Command         ap_source returned 0; 0.002 sec.
@I [HLS-100] Execute         source C:/Xilinx/Vivado_HLS/2016.3/common/technology/xilinx/interface/xilinx_interface.hlp 
@I [HLS-100] Execute           source C:/Xilinx/Vivado_HLS/2016.3/common/technology/xilinx/interface/maxi.hlp 
@I [HLS-100] Command           ap_source returned 0; 0 sec.
@I [HLS-100] Execute           source C:/Xilinx/Vivado_HLS/2016.3/common/technology/xilinx/interface/saxilite.hlp 
@I [HLS-100] Command           ap_source returned 0; 0.001 sec.
@I [HLS-100] Command         ap_source returned 0; 0.002 sec.
@I [HLS-100] Execute         source C:/Xilinx/Vivado_HLS/2016.3/common/technology/xilinx/common/dsp48.hlp 
@I [HLS-100] Command         ap_source returned 0; 0.001 sec.
@I [HLS-100] Command       ap_source returned 0; 0.007 sec.
@I [HLS-100] Execute       source C:/Xilinx/Vivado_HLS/2016.3/common/technology/xilinx/kintex7/dsp48e1.hlp 
@I [HLS-100] Command       ap_source returned 0; 0.001 sec.
@I [HLS-100] Execute       get_default_platform 
@I [HLS-100] Command       get_default_platform returned 0; 0 sec.
@I [HLS-100] Execute       config_chip_info -quiet -resource  {SLICE 50950} {LUT 203800}    {FF 407600} {DSP48E 840}    {BRAM 890}  
@I [HLS-100] Command       config_chip_info returned 0; 0 sec.
@I [HLS-100] Execute       config_chip_info -quiet -speed medium 
@I [HLS-100] Command       config_chip_info returned 0; 0 sec.
@I [HLS-100] Command     import_lib returned 0; 0.028 sec.
@I [HLS-100] Execute     source C:/Xilinx/Vivado_HLS/2016.3/common/technology/xilinx/kintex7/kintex7.gen 
@I [HLS-100] Execute       source C:/Xilinx/Vivado_HLS/2016.3/common/technology/xilinx/common/virtex.gen 
@I [HLS-100] Execute         source C:/Xilinx/Vivado_HLS/2016.3/common/technology/xilinx/common/xilinx.gen 
@I [HLS-100] Execute           source C:/Xilinx/Vivado_HLS/2016.3/common/technology/xilinx/interface/plb46.gen 
@I [HLS-100] Command           ap_source returned 0; 0.002 sec.
@I [HLS-100] Execute           source C:/Xilinx/Vivado_HLS/2016.3/common/technology/xilinx/interface/fsl.gen 
@I [HLS-100] Command           ap_source returned 0; 0.001 sec.
@I [HLS-100] Execute           source C:/Xilinx/Vivado_HLS/2016.3/common/technology/xilinx/interface/axi4.gen 
@I [HLS-100] Command           ap_source returned 0; 0.003 sec.
@I [HLS-100] Execute           source C:/Xilinx/Vivado_HLS/2016.3/common/technology/xilinx/interface/nativeAXI4.gen 
@I [HLS-100] Execute             source C:/Xilinx/Vivado_HLS/2016.3/common/technology/xilinx/interface/saxilite.gen 
@I [HLS-100] Command             ap_source returned 0; 0.006 sec.
@I [HLS-100] Execute             source C:/Xilinx/Vivado_HLS/2016.3/common/technology/xilinx/interface/maxi.gen 
@I [HLS-100] Command             ap_source returned 0; 0.011 sec.
@I [HLS-100] Command           ap_source returned 0; 0.017 sec.
@I [HLS-100] Execute           source C:/Xilinx/Vivado_HLS/2016.3/common/technology/xilinx/scripts/xilinxcoregen.gen 
@I [HLS-100] Command           ap_source returned 0; 0.012 sec.
@I [HLS-100] Execute           source C:/Xilinx/Vivado_HLS/2016.3/common/technology/xilinx/interface/XilEDKCoreGen.gen 
@I [HLS-100] Command           ap_source returned 0; 0.01 sec.
@I [HLS-100] Execute           source C:/Xilinx/Vivado_HLS/2016.3/common/technology/xilinx/ip/dds_compiler.gen 
@I [HLS-100] Command           ap_source returned 0; 0.004 sec.
@I [HLS-100] Execute           source C:/Xilinx/Vivado_HLS/2016.3/common/technology/xilinx/ip/util.gen 
@I [HLS-100] Command           ap_source returned 0; 0 sec.
@I [HLS-100] Execute           source C:/Xilinx/Vivado_HLS/2016.3/common/technology/xilinx/ip/xfft.gen 
@I [HLS-100] Command           ap_source returned 0; 0.106 sec.
@I [HLS-100] Execute           source C:/Xilinx/Vivado_HLS/2016.3/common/technology/xilinx/ip/xfir.gen 
@I [HLS-100] Command           ap_source returned 0; 0.001 sec.
@I [HLS-100] Command         ap_source returned 0; 0.16 sec.
@I [HLS-100] Execute         source C:/Xilinx/Vivado_HLS/2016.3/common/technology/xilinx/common/dsp48.gen 
@I [HLS-100] Command         ap_source returned 0; 0 sec.
@I [HLS-100] Command       ap_source returned 0; 0.164 sec.
@I [HLS-100] Command     ap_source returned 0; 0.164 sec.
@I [HLS-100] Execute     open_platform DefaultPlatform 
@I [HLS-100] Command     open_platform returned 0; 0 sec.
@I [HLS-100] Execute     import_lib C:/Xilinx/Vivado_HLS/2016.3/common/technology/xilinx/kintex7/kintex7_fpv6 
@I [HLS-100] Execute       source C:/Xilinx/Vivado_HLS/2016.3/common/technology/xilinx/common/xilinx_fpv7.lib 
@I [HLS-100] Execute         source C:/Xilinx/Vivado_HLS/2016.3/common/technology/xilinx/common/xilinx_hp.lib 
@I [HLS-100] Command         ap_source returned 0; 0.001 sec.
@I [HLS-100] Command       ap_source returned 0; 0.005 sec.
@I [HLS-100] Execute       source C:/Xilinx/Vivado_HLS/2016.3/common/technology/xilinx/common/xilinx_fpv.hlp 
@I [HLS-100] Execute         source C:/Xilinx/Vivado_HLS/2016.3/common/technology/xilinx/common/xilinx.hlp 
@I [HLS-100] Execute           source C:/Xilinx/Vivado_HLS/2016.3/common/technology/xilinx/common/target_info.tcl 
@I [HLS-100] Command           ap_source returned 0; 0.004 sec.
@I [HLS-100] Execute           source C:/Xilinx/Vivado_HLS/2016.3/common/technology/xilinx/interface/xilinx_interface.hlp 
@I [HLS-100] Execute             source C:/Xilinx/Vivado_HLS/2016.3/common/technology/xilinx/interface/maxi.hlp 
@I [HLS-100] Command             ap_source returned 0; 0.001 sec.
@I [HLS-100] Execute             source C:/Xilinx/Vivado_HLS/2016.3/common/technology/xilinx/interface/saxilite.hlp 
@I [HLS-100] Command             ap_source returned 0; 0 sec.
@I [HLS-100] Command           ap_source returned 0; 0.001 sec.
@I [HLS-100] Execute           source C:/Xilinx/Vivado_HLS/2016.3/common/technology/xilinx/common/dsp48.hlp 
@I [HLS-100] Command           ap_source returned 0; 0.001 sec.
@I [HLS-100] Command         ap_source returned 0; 0.008 sec.
@I [HLS-100] Command       ap_source returned 0; 0.009 sec.
@I [HLS-100] Execute       source C:/Xilinx/Vivado_HLS/2016.3/common/technology/xilinx/kintex7/kintex7_hp.hlp 
@I [HLS-100] Command       ap_source returned 0; 0.001 sec.
@I [HLS-100] Command     import_lib returned 0; 0.026 sec.
@I [HLS-100] Execute     source C:/Xilinx/Vivado_HLS/2016.3/common/technology/xilinx/kintex7/kintex7_fpv6.gen 
@I [HLS-100] Execute       source C:/Xilinx/Vivado_HLS/2016.3/common/technology/xilinx/common/xilinx_fpv6.gen 
@I [HLS-100] Command       ap_source returned 0; 0.001 sec.
@I [HLS-100] Command     ap_source returned 0; 0.002 sec.
@I [HLS-100] Execute     set_part xc7k160tffv676-2 
@I [HLS-100] Execute       add_library xilinx/kintex7/kintex7:xc7k160t:ffv676:-2 
@I [HLS-100] Execute         get_default_platform 
@I [HLS-100] Command         get_default_platform returned 0; 0 sec.
@I [HLS-100] Execute         license_isbetapart xc7k160t 
@I [HLS-100] Command         license_isbetapart returned 1; 0.029 sec.
@I [HLS-100] Execute         get_default_platform 
@I [HLS-100] Command         get_default_platform returned 0; 0 sec.
@I [HLS-100] Execute         config_chip_info -quiet -resource  {SLICE 25350} {LUT 101400}    {FF 202800} {DSP48E 600}    {BRAM 650}  
@I [HLS-100] Command         config_chip_info returned 0; 0 sec.
@I [HLS-100] Execute         config_chip_info -quiet -speed medium 
@I [HLS-100] Command         config_chip_info returned 0; 0 sec.
@I [HLS-100] Command       add_library returned 0; 0.036 sec.
@I [HLS-100] Execute       add_library xilinx/kintex7/kintex7_fpv6 
@I [HLS-100] Execute         get_default_platform 
@I [HLS-100] Command         get_default_platform returned 0; 0 sec.
@I [HLS-100] Command       add_library returned 0; 0.004 sec.
@I [HLS-10] Setting target device to 'xc7k160tffv676-2'
@I [HLS-100] Command     set_part returned 0; 0.048 sec.
@I [HLS-100] Execute     get_default_platform 
@I [HLS-100] Command     get_default_platform returned 0; 0 sec.
@I [HLS-100] Execute     config_chip_info -quiet -resource  {SLICE 25350} {LUT 101400}    {FF 202800} {DSP48E 600}    {BRAM 650}  
@I [HLS-100] Command     config_chip_info returned 0; 0 sec.
@I [HLS-100] Execute     config_chip_info -quiet -speed medium 
@I [HLS-100] Command     config_chip_info returned 0; 0 sec.
@I [HLS-100] Command   open_solution returned 0; 0.303 sec.
@I [HLS-100] Execute   export_design -rtl verilog -format ip_catalog 
@I [HLS-100] Execute     source C:/Users/dougo/LDPC_INIT_DSP3/solution2/.autopilot/db/global.setting.tcl 
@I [HLS-100] Command     ap_source returned 0; 0 sec.
@I [HLS-100] Execute     source C:/Xilinx/Vivado_HLS/2016.3/common/technology/generic/autopilot/common.gen 
@I [HLS-100] Execute       source C:/Xilinx/Vivado_HLS/2016.3/common/technology/generic/autopilot/APCoreGen.gen 
@I [HLS-100] Command       ap_source returned 0; 0 sec.
@I [HLS-100] Command     ap_source returned 0; 0.001 sec.
@I [HLS-100] Execute     source C:/Xilinx/Vivado_HLS/2016.3/common/technology/generic/autopilot/op.gen 
@I [HLS-100] Command     ap_source returned 0; 0 sec.
@I [HLS-100] Execute     source C:/Xilinx/Vivado_HLS/2016.3/common/technology/generic/autopilot/op_simcore.gen 
@I [HLS-100] Command     ap_source returned 0; 0.002 sec.
@I [HLS-100] Execute     source C:/Xilinx/Vivado_HLS/2016.3/common/technology/generic/autopilot/interface.gen 
@I [HLS-100] Command     ap_source returned 0; 0 sec.
@I [HLS-100] Execute     source C:/Users/dougo/LDPC_INIT_DSP3/solution2/.autopilot/db/global.setting.tcl 
@I [HLS-100] Command     ap_source returned 0; 0.005 sec.
@I [HLS-100] Execute     source C:/Xilinx/Vivado_HLS/2016.3/common/technology/xilinx/kintex7/kintex7.gen 
@I [HLS-100] Execute       source C:/Xilinx/Vivado_HLS/2016.3/common/technology/xilinx/common/virtex.gen 
@I [HLS-100] Execute         source C:/Xilinx/Vivado_HLS/2016.3/common/technology/xilinx/common/xilinx.gen 
@I [HLS-100] Execute           source C:/Xilinx/Vivado_HLS/2016.3/common/technology/xilinx/interface/plb46.gen 
@I [HLS-100] Command           ap_source returned 0; 0.002 sec.
@I [HLS-100] Execute           source C:/Xilinx/Vivado_HLS/2016.3/common/technology/xilinx/interface/fsl.gen 
@I [HLS-100] Command           ap_source returned 0; 0 sec.
@I [HLS-100] Execute           source C:/Xilinx/Vivado_HLS/2016.3/common/technology/xilinx/interface/axi4.gen 
@I [HLS-100] Command           ap_source returned 0; 0.002 sec.
@I [HLS-100] Execute           source C:/Xilinx/Vivado_HLS/2016.3/common/technology/xilinx/interface/nativeAXI4.gen 
@I [HLS-100] Execute             source C:/Xilinx/Vivado_HLS/2016.3/common/technology/xilinx/interface/saxilite.gen 
@I [HLS-100] Command             ap_source returned 0; 0.004 sec.
@I [HLS-100] Execute             source C:/Xilinx/Vivado_HLS/2016.3/common/technology/xilinx/interface/maxi.gen 
@I [HLS-100] Command             ap_source returned 0; 0.008 sec.
@I [HLS-100] Command           ap_source returned 0; 0.013 sec.
@I [HLS-100] Execute           source C:/Xilinx/Vivado_HLS/2016.3/common/technology/xilinx/scripts/xilinxcoregen.gen 
@I [HLS-100] Command           ap_source returned 0; 0.01 sec.
@I [HLS-100] Execute           source C:/Xilinx/Vivado_HLS/2016.3/common/technology/xilinx/interface/XilEDKCoreGen.gen 
@I [HLS-100] Command           ap_source returned 0; 0.01 sec.
@I [HLS-100] Execute           source C:/Xilinx/Vivado_HLS/2016.3/common/technology/xilinx/ip/dds_compiler.gen 
@I [HLS-100] Command           ap_source returned 0; 0.005 sec.
@I [HLS-100] Execute           source C:/Xilinx/Vivado_HLS/2016.3/common/technology/xilinx/ip/util.gen 
@I [HLS-100] Command           ap_source returned 0; 0.001 sec.
@I [HLS-100] Execute           source C:/Xilinx/Vivado_HLS/2016.3/common/technology/xilinx/ip/xfft.gen 
@I [HLS-100] Command           ap_source returned 0; 0.117 sec.
@I [HLS-100] Execute           source C:/Xilinx/Vivado_HLS/2016.3/common/technology/xilinx/ip/xfir.gen 
@I [HLS-100] Command           ap_source returned 0; 0.001 sec.
@I [HLS-100] Command         ap_source returned 0; 0.164 sec.
@I [HLS-100] Execute         source C:/Xilinx/Vivado_HLS/2016.3/common/technology/xilinx/common/dsp48.gen 
@I [HLS-100] Command         ap_source returned 0; 0.001 sec.
@I [HLS-100] Command       ap_source returned 0; 0.167 sec.
@I [HLS-100] Command     ap_source returned 0; 0.167 sec.
@I [HLS-100] Execute     source C:/Xilinx/Vivado_HLS/2016.3/common/technology/xilinx/kintex7/kintex7_fpv6.gen 
@I [HLS-100] Execute       source C:/Xilinx/Vivado_HLS/2016.3/common/technology/xilinx/common/xilinx_fpv6.gen 
@I [HLS-100] Command       ap_source returned 0; 0.001 sec.
@I [HLS-100] Command     ap_source returned 0; 0.002 sec.
@I [HLS-100] Execute     source C:/Users/dougo/LDPC_INIT_DSP3/solution2/.autopilot/db/global.setting.tcl 
@I [HLS-100] Command     ap_source returned 0; 0 sec.
@I [IMPL-8] Exporting RTL as an IP in IP-XACT.
@I [HLS-100] Execute     source C:/Users/dougo/LDPC_INIT_DSP3/solution2/.autopilot/db/global.setting.tcl 
@I [HLS-100] Command     ap_source returned 0; 0.001 sec.
@I [HLS-100] Execute     source C:/Users/dougo/LDPC_INIT_DSP3/solution2/.autopilot/db/global.setting.tcl 
@I [HLS-100] Command     ap_source returned 0; 0.001 sec.
@I [HLS-100] Execute     source C:/Xilinx/Vivado_HLS/2016.3/common/technology/generic/autopilot/common.gen 
@I [HLS-100] Execute       source C:/Xilinx/Vivado_HLS/2016.3/common/technology/generic/autopilot/APCoreGen.gen 
@I [HLS-100] Command       ap_source returned 0; 0.001 sec.
@I [HLS-100] Command     ap_source returned 0; 0.002 sec.
@I [HLS-100] Execute     source C:/Xilinx/Vivado_HLS/2016.3/common/technology/generic/autopilot/op.gen 
@I [HLS-100] Command     ap_source returned 0; 0 sec.
@I [HLS-100] Execute     source C:/Xilinx/Vivado_HLS/2016.3/common/technology/generic/autopilot/op_simcore.gen 
@I [HLS-100] Command     ap_source returned 0; 0.001 sec.
@I [HLS-100] Execute     source C:/Xilinx/Vivado_HLS/2016.3/common/technology/generic/autopilot/interface.gen 
@I [HLS-100] Command     ap_source returned 0; 0 sec.
@I [HLS-100] Execute     source C:/Users/dougo/LDPC_INIT_DSP3/solution2/.autopilot/db/global.setting.tcl 
@I [HLS-100] Command     ap_source returned 0; 0.004 sec.
@I [HLS-100] Execute     source C:/Xilinx/Vivado_HLS/2016.3/common/technology/xilinx/kintex7/kintex7.gen 
@I [HLS-100] Execute       source C:/Xilinx/Vivado_HLS/2016.3/common/technology/xilinx/common/virtex.gen 
@I [HLS-100] Execute         source C:/Xilinx/Vivado_HLS/2016.3/common/technology/xilinx/common/xilinx.gen 
@I [HLS-100] Execute           source C:/Xilinx/Vivado_HLS/2016.3/common/technology/xilinx/interface/plb46.gen 
@I [HLS-100] Command           ap_source returned 0; 0.001 sec.
@I [HLS-100] Execute           source C:/Xilinx/Vivado_HLS/2016.3/common/technology/xilinx/interface/fsl.gen 
@I [HLS-100] Command           ap_source returned 0; 0.001 sec.
@I [HLS-100] Execute           source C:/Xilinx/Vivado_HLS/2016.3/common/technology/xilinx/interface/axi4.gen 
@I [HLS-100] Command           ap_source returned 0; 0.002 sec.
@I [HLS-100] Execute           source C:/Xilinx/Vivado_HLS/2016.3/common/technology/xilinx/interface/nativeAXI4.gen 
@I [HLS-100] Execute             source C:/Xilinx/Vivado_HLS/2016.3/common/technology/xilinx/interface/saxilite.gen 
@I [HLS-100] Command             ap_source returned 0; 0.004 sec.
@I [HLS-100] Execute             source C:/Xilinx/Vivado_HLS/2016.3/common/technology/xilinx/interface/maxi.gen 
@I [HLS-100] Command             ap_source returned 0; 0.008 sec.
@I [HLS-100] Command           ap_source returned 0; 0.013 sec.
@I [HLS-100] Execute           source C:/Xilinx/Vivado_HLS/2016.3/common/technology/xilinx/scripts/xilinxcoregen.gen 
@I [HLS-100] Command           ap_source returned 0; 0.009 sec.
@I [HLS-100] Execute           source C:/Xilinx/Vivado_HLS/2016.3/common/technology/xilinx/interface/XilEDKCoreGen.gen 
@I [HLS-100] Command           ap_source returned 0; 0.009 sec.
@I [HLS-100] Execute           source C:/Xilinx/Vivado_HLS/2016.3/common/technology/xilinx/ip/dds_compiler.gen 
@I [HLS-100] Command           ap_source returned 0; 0.003 sec.
@I [HLS-100] Execute           source C:/Xilinx/Vivado_HLS/2016.3/common/technology/xilinx/ip/util.gen 
@I [HLS-100] Command           ap_source returned 0; 0.001 sec.
@I [HLS-100] Execute           source C:/Xilinx/Vivado_HLS/2016.3/common/technology/xilinx/ip/xfft.gen 
@I [HLS-100] Command           ap_source returned 0; 0.096 sec.
@I [HLS-100] Execute           source C:/Xilinx/Vivado_HLS/2016.3/common/technology/xilinx/ip/xfir.gen 
@I [HLS-100] Command           ap_source returned 0; 0.001 sec.
@I [HLS-100] Command         ap_source returned 0; 0.138 sec.
@I [HLS-100] Execute         source C:/Xilinx/Vivado_HLS/2016.3/common/technology/xilinx/common/dsp48.gen 
@I [HLS-100] Command         ap_source returned 0; 0.001 sec.
@I [HLS-100] Command       ap_source returned 0; 0.141 sec.
@I [HLS-100] Command     ap_source returned 0; 0.141 sec.
@I [HLS-100] Execute     source C:/Xilinx/Vivado_HLS/2016.3/common/technology/xilinx/kintex7/kintex7_fpv6.gen 
@I [HLS-100] Execute       source C:/Xilinx/Vivado_HLS/2016.3/common/technology/xilinx/common/xilinx_fpv6.gen 
@I [HLS-100] Command       ap_source returned 0; 0.002 sec.
@I [HLS-100] Command     ap_source returned 0; 0.002 sec.
@I [HLS-100] Execute     source C:/Users/dougo/LDPC_INIT_DSP3/solution2/.autopilot/db/global.setting.tcl 
@I [HLS-100] Command     ap_source returned 0; 0.001 sec.
@I [HLS-100] Execute     source C:/Users/dougo/LDPC_INIT_DSP3/solution2/.autopilot/db/global.setting.tcl 
@I [HLS-100] Command     ap_source returned 0; 0.001 sec.
@I [HLS-100] Execute     source C:/Users/dougo/LDPC_INIT_DSP3/solution2/.autopilot/db/setupLDPC.compgen.tcl 
@I [HLS-100] Command     ap_source returned 0; 0.001 sec.
@I [HLS-100] Execute     source C:/Users/dougo/LDPC_INIT_DSP3/solution2/.autopilot/db/global.setting.tcl 
@I [HLS-100] Command     ap_source returned 0; 0.001 sec.
@I [HLS-100] Execute     source C:/Users/dougo/LDPC_INIT_DSP3/solution2/.autopilot/db/global.setting.tcl 
@I [HLS-100] Command     ap_source returned 0; 0.001 sec.
@I [HLS-100] Execute     source C:/Users/dougo/LDPC_INIT_DSP3/solution2/.autopilot/db/setupLDPC.compgen.tcl 
@I [HLS-100] Execute       source C:/Users/dougo/LDPC_INIT_DSP3/solution2/.autopilot/db/setupLDPC.rtl_wrap.cfg.tcl 
@I [HLS-100] Command       ap_source returned 0; 0.001 sec.
@I [HLS-100] Execute       source C:/Users/dougo/LDPC_INIT_DSP3/solution2/.autopilot/db/setupLDPC.rtl_wrap.cfg.tcl 
@I [HLS-100] Command       ap_source returned 0; 0.002 sec.
@I [HLS-100] Execute       source C:/Users/dougo/LDPC_INIT_DSP3/solution2/.autopilot/db/setupLDPC.rtl_wrap.cfg.tcl 
@I [HLS-100] Command       ap_source returned 0; 0.001 sec.
@I [HLS-100] Execute       source C:/Users/dougo/LDPC_INIT_DSP3/solution2/.autopilot/db/setupLDPC.tbgen.tcl 
@I [HLS-100] Command       ap_source returned 0; 0.001 sec.
@I [HLS-100] Execute       source C:/Users/dougo/LDPC_INIT_DSP3/solution2/.autopilot/db/setupLDPC.tbgen.tcl 
@I [HLS-100] Command       ap_source returned 0; 0.001 sec.
@I [HLS-100] Command     ap_source returned 0; 0.045 sec.
@I [HLS-100] Execute     source C:/Users/dougo/LDPC_INIT_DSP3/solution2/.autopilot/db/global.setting.tcl 
@I [HLS-100] Command     ap_source returned 0; 0.001 sec.
@I [HLS-100] Execute     source C:/Users/dougo/LDPC_INIT_DSP3/solution2/.autopilot/db/global.setting.tcl 
@I [HLS-100] Command     ap_source returned 0; 0 sec.
@I [HLS-100] Execute     source C:/Users/dougo/LDPC_INIT_DSP3/solution2/.autopilot/db/setupLDPC.compgen.tcl 
@I [HLS-100] Command     ap_source returned 0; 0.001 sec.
@I [HLS-100] Execute     source C:/Users/dougo/LDPC_INIT_DSP3/solution2/.autopilot/db/global.setting.tcl 
@I [HLS-100] Command     ap_source returned 0; 0 sec.
@I [HLS-100] Execute     source C:/Users/dougo/LDPC_INIT_DSP3/solution2/.autopilot/db/setupLDPC.constraint.tcl 
@I [HLS-100] Command     ap_source returned 0; 0.002 sec.
@I [HLS-100] Execute     source C:/Users/dougo/LDPC_INIT_DSP3/solution2/.autopilot/db/global.setting.tcl 
@I [HLS-100] Command     ap_source returned 0; 0.001 sec.
@I [HLS-100] Execute     source C:/Users/dougo/LDPC_INIT_DSP3/solution2/.autopilot/db/setupLDPC.rtl_wrap.cfg.tcl 
@I [HLS-100] Command     ap_source returned 0; 0.001 sec.
@I [HLS-100] Execute     source C:/Users/dougo/LDPC_INIT_DSP3/solution2/.autopilot/db/setupLDPC.rtl_wrap.cfg.tcl 
@I [HLS-100] Command     ap_source returned 0; 0.001 sec.
@I [HLS-100] Execute     source C:/Users/dougo/LDPC_INIT_DSP3/solution2/.autopilot/db/setupLDPC.rtl_wrap.cfg.tcl 
@I [HLS-100] Command     ap_source returned 0; 0.001 sec.
@I [HLS-100] Execute     source C:/Users/dougo/LDPC_INIT_DSP3/solution2/.autopilot/db/setupLDPC.tbgen.tcl 
@I [HLS-100] Command     ap_source returned 0; 0.001 sec.
@I [HLS-100] Execute     source C:/Users/dougo/LDPC_INIT_DSP3/solution2/.autopilot/db/setupLDPC.tbgen.tcl 
@I [HLS-100] Command     ap_source returned 0; 0.001 sec.
@I [HLS-100] Execute     source C:/Users/dougo/LDPC_INIT_DSP3/solution2/.autopilot/db/global.setting.tcl 
@I [HLS-100] Command     ap_source returned 0; 0.001 sec.
@I [HLS-100] Execute     source C:/Users/dougo/LDPC_INIT_DSP3/solution2/.autopilot/db/global.setting.tcl 
@I [HLS-100] Command     ap_source returned 0; 0.002 sec.
@I [HLS-100] Execute     source C:/Users/dougo/LDPC_INIT_DSP3/solution2/.autopilot/db/global.setting.tcl 
@I [HLS-100] Command     ap_source returned 0; 0.003 sec.
@I [HLS-100] Execute     source C:/Users/dougo/LDPC_INIT_DSP3/solution2/.autopilot/db/setupLDPC.rtl_wrap.cfg.tcl 
@I [HLS-100] Command     ap_source returned 0; 0.001 sec.
@I [HLS-100] Execute     source C:/Users/dougo/LDPC_INIT_DSP3/solution2/.autopilot/db/setupLDPC.rtl_wrap.cfg.tcl 
@I [HLS-100] Command     ap_source returned 0; 0.001 sec.
@I [HLS-100] Execute     source C:/Users/dougo/LDPC_INIT_DSP3/solution2/.autopilot/db/setupLDPC.tbgen.tcl 
@I [HLS-100] Command     ap_source returned 0; 0.001 sec.
@I [HLS-100] Execute     source C:/Users/dougo/LDPC_INIT_DSP3/solution2/.autopilot/db/setupLDPC.tbgen.tcl 
@I [HLS-100] Command     ap_source returned 0; 0.001 sec.
@I [HLS-100] Execute     source C:/Users/dougo/LDPC_INIT_DSP3/solution2/.autopilot/db/setupLDPC.rtl_wrap.cfg.tcl 
@I [HLS-100] Command     ap_source returned 0; 0.001 sec.
@I [HLS-100] Execute     source C:/Users/dougo/LDPC_INIT_DSP3/solution2/.autopilot/db/setupLDPC.rtl_wrap.cfg.tcl 
@I [HLS-100] Command     ap_source returned 0; 0.001 sec.
@I [HLS-100] Execute     source C:/Users/dougo/LDPC_INIT_DSP3/solution2/.autopilot/db/setupLDPC.tbgen.tcl 
@I [HLS-100] Command     ap_source returned 0; 0.001 sec.
@I [HLS-100] Execute     source C:/Users/dougo/LDPC_INIT_DSP3/solution2/.autopilot/db/setupLDPC.tbgen.tcl 
@I [HLS-100] Command     ap_source returned 0; 0.001 sec.
@I [HLS-100] Execute     source C:/Users/dougo/LDPC_INIT_DSP3/solution2/.autopilot/db/global.setting.tcl 
@I [HLS-100] Command     ap_source returned 0; 0.001 sec.
@I [HLS-100] Execute     source C:/Users/dougo/LDPC_INIT_DSP3/solution2/.autopilot/db/setupLDPC.constraint.tcl 
@I [HLS-100] Command     ap_source returned 0; 0.001 sec.
@I [HLS-100] Execute     source C:/Users/dougo/LDPC_INIT_DSP3/solution2/.autopilot/db/global.setting.tcl 
@I [HLS-100] Command     ap_source returned 0; 0.001 sec.
@I [HLS-100] Execute     source C:/Users/dougo/LDPC_INIT_DSP3/solution2/.autopilot/db/global.setting.tcl 
@I [HLS-100] Command     ap_source returned 0; 0.001 sec.
@I [HLS-100] Execute     source C:/Users/dougo/LDPC_INIT_DSP3/solution2/.autopilot/db/setupLDPC.constraint.tcl 
@I [HLS-100] Command     ap_source returned 0; 0.001 sec.
@I [HLS-100] Execute     source C:/Users/dougo/LDPC_INIT_DSP3/solution2/.autopilot/db/global.setting.tcl 
@I [HLS-100] Command     ap_source returned 0; 0 sec.
@I [HLS-100] Execute     source C:/Users/dougo/LDPC_INIT_DSP3/solution2/.autopilot/db/setupLDPC.constraint.tcl 
@I [HLS-100] Command     ap_source returned 0; 0.001 sec.
@I [HLS-100] Execute     source C:/Users/dougo/LDPC_INIT_DSP3/solution2/.autopilot/db/global.setting.tcl 
@I [HLS-100] Command     ap_source returned 0; 0.001 sec.
@I [HLS-100] Execute     source C:/Xilinx/Vivado_HLS/2016.3/common/technology/generic/autopilot/common.gen 
@I [HLS-100] Execute       source C:/Xilinx/Vivado_HLS/2016.3/common/technology/generic/autopilot/APCoreGen.gen 
@I [HLS-100] Command       ap_source returned 0; 0.001 sec.
@I [HLS-100] Command     ap_source returned 0; 0.002 sec.
@I [HLS-100] Execute     source C:/Xilinx/Vivado_HLS/2016.3/common/technology/generic/autopilot/op.gen 
@I [HLS-100] Command     ap_source returned 0; 0.001 sec.
@I [HLS-100] Execute     source C:/Xilinx/Vivado_HLS/2016.3/common/technology/generic/autopilot/op_simcore.gen 
@I [HLS-100] Command     ap_source returned 0; 0.001 sec.
@I [HLS-100] Execute     source C:/Xilinx/Vivado_HLS/2016.3/common/technology/generic/autopilot/interface.gen 
@I [HLS-100] Command     ap_source returned 0; 0 sec.
@I [HLS-100] Execute     source C:/Users/dougo/LDPC_INIT_DSP3/solution2/.autopilot/db/global.setting.tcl 
@I [HLS-100] Command     ap_source returned 0; 0 sec.
@I [HLS-100] Execute     source C:/Xilinx/Vivado_HLS/2016.3/common/technology/xilinx/kintex7/kintex7.gen 
@I [HLS-100] Execute       source C:/Xilinx/Vivado_HLS/2016.3/common/technology/xilinx/common/virtex.gen 
@I [HLS-100] Execute         source C:/Xilinx/Vivado_HLS/2016.3/common/technology/xilinx/common/xilinx.gen 
@I [HLS-100] Execute           source C:/Xilinx/Vivado_HLS/2016.3/common/technology/xilinx/interface/plb46.gen 
@I [HLS-100] Command           ap_source returned 0; 0.001 sec.
@I [HLS-100] Execute           source C:/Xilinx/Vivado_HLS/2016.3/common/technology/xilinx/interface/fsl.gen 
@I [HLS-100] Command           ap_source returned 0; 0.001 sec.
@I [HLS-100] Execute           source C:/Xilinx/Vivado_HLS/2016.3/common/technology/xilinx/interface/axi4.gen 
@I [HLS-100] Command           ap_source returned 0; 0.002 sec.
@I [HLS-100] Execute           source C:/Xilinx/Vivado_HLS/2016.3/common/technology/xilinx/interface/nativeAXI4.gen 
@I [HLS-100] Execute             source C:/Xilinx/Vivado_HLS/2016.3/common/technology/xilinx/interface/saxilite.gen 
@I [HLS-100] Command             ap_source returned 0; 0.004 sec.
@I [HLS-100] Execute             source C:/Xilinx/Vivado_HLS/2016.3/common/technology/xilinx/interface/maxi.gen 
@I [HLS-100] Command             ap_source returned 0; 0.009 sec.
@I [HLS-100] Command           ap_source returned 0; 0.015 sec.
@I [HLS-100] Execute           source C:/Xilinx/Vivado_HLS/2016.3/common/technology/xilinx/scripts/xilinxcoregen.gen 
@I [HLS-100] Command           ap_source returned 0; 0.015 sec.
@I [HLS-100] Execute           source C:/Xilinx/Vivado_HLS/2016.3/common/technology/xilinx/interface/XilEDKCoreGen.gen 
@I [HLS-100] Command           ap_source returned 0; 0.009 sec.
@I [HLS-100] Execute           source C:/Xilinx/Vivado_HLS/2016.3/common/technology/xilinx/ip/dds_compiler.gen 
@I [HLS-100] Command           ap_source returned 0; 0.003 sec.
@I [HLS-100] Execute           source C:/Xilinx/Vivado_HLS/2016.3/common/technology/xilinx/ip/util.gen 
@I [HLS-100] Command           ap_source returned 0; 0 sec.
@I [HLS-100] Execute           source C:/Xilinx/Vivado_HLS/2016.3/common/technology/xilinx/ip/xfft.gen 
@I [HLS-100] Command           ap_source returned 0; 0.095 sec.
@I [HLS-100] Execute           source C:/Xilinx/Vivado_HLS/2016.3/common/technology/xilinx/ip/xfir.gen 
@I [HLS-100] Command           ap_source returned 0; 0.001 sec.
@I [HLS-100] Command         ap_source returned 0; 0.143 sec.
@I [HLS-100] Execute         source C:/Xilinx/Vivado_HLS/2016.3/common/technology/xilinx/common/dsp48.gen 
@I [HLS-100] Command         ap_source returned 0; 0.001 sec.
@I [HLS-100] Command       ap_source returned 0; 0.146 sec.
@I [HLS-100] Command     ap_source returned 0; 0.146 sec.
@I [HLS-100] Execute     source C:/Xilinx/Vivado_HLS/2016.3/common/technology/xilinx/kintex7/kintex7_fpv6.gen 
@I [HLS-100] Execute       source C:/Xilinx/Vivado_HLS/2016.3/common/technology/xilinx/common/xilinx_fpv6.gen 
@I [HLS-100] Command       ap_source returned 0; 0.002 sec.
@I [HLS-100] Command     ap_source returned 0; 0.002 sec.
@I [HLS-100] Execute     source C:/Users/dougo/LDPC_INIT_DSP3/solution2/.autopilot/db/global.setting.tcl 
@I [HLS-100] Command     ap_source returned 0; 0 sec.
@I [HLS-100] Execute     source C:/Xilinx/Vivado_HLS/2016.3/common/technology/generic/autopilot/common.gen 
@I [HLS-100] Execute       source C:/Xilinx/Vivado_HLS/2016.3/common/technology/generic/autopilot/APCoreGen.gen 
@I [HLS-100] Command       ap_source returned 0; 0.001 sec.
@I [HLS-100] Command     ap_source returned 0; 0.001 sec.
@I [HLS-100] Execute     source C:/Xilinx/Vivado_HLS/2016.3/common/technology/generic/autopilot/op.gen 
@I [HLS-100] Command     ap_source returned 0; 0.001 sec.
@I [HLS-100] Execute     source C:/Xilinx/Vivado_HLS/2016.3/common/technology/generic/autopilot/op_simcore.gen 
@I [HLS-100] Command     ap_source returned 0; 0.001 sec.
@I [HLS-100] Execute     source C:/Xilinx/Vivado_HLS/2016.3/common/technology/generic/autopilot/interface.gen 
@I [HLS-100] Command     ap_source returned 0; 0 sec.
@I [HLS-100] Execute     source C:/Users/dougo/LDPC_INIT_DSP3/solution2/.autopilot/db/global.setting.tcl 
@I [HLS-100] Command     ap_source returned 0; 0 sec.
@I [HLS-100] Execute     source C:/Xilinx/Vivado_HLS/2016.3/common/technology/xilinx/kintex7/kintex7.gen 
@I [HLS-100] Execute       source C:/Xilinx/Vivado_HLS/2016.3/common/technology/xilinx/common/virtex.gen 
@I [HLS-100] Execute         source C:/Xilinx/Vivado_HLS/2016.3/common/technology/xilinx/common/xilinx.gen 
@I [HLS-100] Execute           source C:/Xilinx/Vivado_HLS/2016.3/common/technology/xilinx/interface/plb46.gen 
@I [HLS-100] Command           ap_source returned 0; 0.001 sec.
@I [HLS-100] Execute           source C:/Xilinx/Vivado_HLS/2016.3/common/technology/xilinx/interface/fsl.gen 
@I [HLS-100] Command           ap_source returned 0; 0.001 sec.
@I [HLS-100] Execute           source C:/Xilinx/Vivado_HLS/2016.3/common/technology/xilinx/interface/axi4.gen 
@I [HLS-100] Command           ap_source returned 0; 0.002 sec.
@I [HLS-100] Execute           source C:/Xilinx/Vivado_HLS/2016.3/common/technology/xilinx/interface/nativeAXI4.gen 
@I [HLS-100] Execute             source C:/Xilinx/Vivado_HLS/2016.3/common/technology/xilinx/interface/saxilite.gen 
@I [HLS-100] Command             ap_source returned 0; 0.004 sec.
@I [HLS-100] Execute             source C:/Xilinx/Vivado_HLS/2016.3/common/technology/xilinx/interface/maxi.gen 
@I [HLS-100] Command             ap_source returned 0; 0.008 sec.
@I [HLS-100] Command           ap_source returned 0; 0.012 sec.
@I [HLS-100] Execute           source C:/Xilinx/Vivado_HLS/2016.3/common/technology/xilinx/scripts/xilinxcoregen.gen 
@I [HLS-100] Command           ap_source returned 0; 0.011 sec.
@I [HLS-100] Execute           source C:/Xilinx/Vivado_HLS/2016.3/common/technology/xilinx/interface/XilEDKCoreGen.gen 
@I [HLS-100] Command           ap_source returned 0; 0.009 sec.
@I [HLS-100] Execute           source C:/Xilinx/Vivado_HLS/2016.3/common/technology/xilinx/ip/dds_compiler.gen 
@I [HLS-100] Command           ap_source returned 0; 0.004 sec.
@I [HLS-100] Execute           source C:/Xilinx/Vivado_HLS/2016.3/common/technology/xilinx/ip/util.gen 
@I [HLS-100] Command           ap_source returned 0; 0 sec.
@I [HLS-100] Execute           source C:/Xilinx/Vivado_HLS/2016.3/common/technology/xilinx/ip/xfft.gen 
@I [HLS-100] Command           ap_source returned 0; 0.096 sec.
@I [HLS-100] Execute           source C:/Xilinx/Vivado_HLS/2016.3/common/technology/xilinx/ip/xfir.gen 
@I [HLS-100] Command           ap_source returned 0; 0.001 sec.
@I [HLS-100] Command         ap_source returned 0; 0.138 sec.
@I [HLS-100] Execute         source C:/Xilinx/Vivado_HLS/2016.3/common/technology/xilinx/common/dsp48.gen 
@I [HLS-100] Command         ap_source returned 0; 0 sec.
@I [HLS-100] Command       ap_source returned 0; 0.141 sec.
@I [HLS-100] Command     ap_source returned 0; 0.141 sec.
@I [HLS-100] Execute     source C:/Xilinx/Vivado_HLS/2016.3/common/technology/xilinx/kintex7/kintex7_fpv6.gen 
@I [HLS-100] Execute       source C:/Xilinx/Vivado_HLS/2016.3/common/technology/xilinx/common/xilinx_fpv6.gen 
@I [HLS-100] Command       ap_source returned 0; 0.002 sec.
@I [HLS-100] Command     ap_source returned 0; 0.002 sec.
@I [HLS-100] Execute     source C:/Users/dougo/LDPC_INIT_DSP3/solution2/.autopilot/db/global.setting.tcl 
@I [HLS-100] Command     ap_source returned 0; 0.001 sec.
@I [HLS-100] Execute     source C:/Users/dougo/LDPC_INIT_DSP3/solution2/.autopilot/db/global.setting.tcl 
@I [HLS-100] Command     ap_source returned 0; 0.001 sec.
@I [HLS-100] Execute     source C:/Users/dougo/LDPC_INIT_DSP3/solution2/.autopilot/db/global.setting.tcl 
@I [HLS-100] Command     ap_source returned 0; 0.001 sec.
@I [HLS-100] Execute     source C:/Xilinx/Vivado_HLS/2016.3/common/technology/generic/autopilot/common.gen 
@I [HLS-100] Execute       source C:/Xilinx/Vivado_HLS/2016.3/common/technology/generic/autopilot/APCoreGen.gen 
@I [HLS-100] Command       ap_source returned 0; 0.001 sec.
@I [HLS-100] Command     ap_source returned 0; 0.001 sec.
@I [HLS-100] Execute     source C:/Xilinx/Vivado_HLS/2016.3/common/technology/generic/autopilot/op.gen 
@I [HLS-100] Command     ap_source returned 0; 0.001 sec.
@I [HLS-100] Execute     source C:/Xilinx/Vivado_HLS/2016.3/common/technology/generic/autopilot/op_simcore.gen 
@I [HLS-100] Command     ap_source returned 0; 0.001 sec.
@I [HLS-100] Execute     source C:/Xilinx/Vivado_HLS/2016.3/common/technology/generic/autopilot/interface.gen 
@I [HLS-100] Command     ap_source returned 0; 0 sec.
@I [HLS-100] Execute     source C:/Users/dougo/LDPC_INIT_DSP3/solution2/.autopilot/db/global.setting.tcl 
@I [HLS-100] Command     ap_source returned 0; 0.005 sec.
@I [HLS-100] Execute     source C:/Xilinx/Vivado_HLS/2016.3/common/technology/xilinx/kintex7/kintex7.gen 
@I [HLS-100] Execute       source C:/Xilinx/Vivado_HLS/2016.3/common/technology/xilinx/common/virtex.gen 
@I [HLS-100] Execute         source C:/Xilinx/Vivado_HLS/2016.3/common/technology/xilinx/common/xilinx.gen 
@I [HLS-100] Execute           source C:/Xilinx/Vivado_HLS/2016.3/common/technology/xilinx/interface/plb46.gen 
@I [HLS-100] Command           ap_source returned 0; 0.001 sec.
@I [HLS-100] Execute           source C:/Xilinx/Vivado_HLS/2016.3/common/technology/xilinx/interface/fsl.gen 
@I [HLS-100] Command           ap_source returned 0; 0.001 sec.
@I [HLS-100] Execute           source C:/Xilinx/Vivado_HLS/2016.3/common/technology/xilinx/interface/axi4.gen 
@I [HLS-100] Command           ap_source returned 0; 0.002 sec.
@I [HLS-100] Execute           source C:/Xilinx/Vivado_HLS/2016.3/common/technology/xilinx/interface/nativeAXI4.gen 
@I [HLS-100] Execute             source C:/Xilinx/Vivado_HLS/2016.3/common/technology/xilinx/interface/saxilite.gen 
@I [HLS-100] Command             ap_source returned 0; 0.004 sec.
@I [HLS-100] Execute             source C:/Xilinx/Vivado_HLS/2016.3/common/technology/xilinx/interface/maxi.gen 
@I [HLS-100] Command             ap_source returned 0; 0.008 sec.
@I [HLS-100] Command           ap_source returned 0; 0.012 sec.
@I [HLS-100] Execute           source C:/Xilinx/Vivado_HLS/2016.3/common/technology/xilinx/scripts/xilinxcoregen.gen 
@I [HLS-100] Command           ap_source returned 0; 0.011 sec.
@I [HLS-100] Execute           source C:/Xilinx/Vivado_HLS/2016.3/common/technology/xilinx/interface/XilEDKCoreGen.gen 
@I [HLS-100] Command           ap_source returned 0; 0.009 sec.
@I [HLS-100] Execute           source C:/Xilinx/Vivado_HLS/2016.3/common/technology/xilinx/ip/dds_compiler.gen 
@I [HLS-100] Command           ap_source returned 0; 0.003 sec.
@I [HLS-100] Execute           source C:/Xilinx/Vivado_HLS/2016.3/common/technology/xilinx/ip/util.gen 
@I [HLS-100] Command           ap_source returned 0; 0 sec.
@I [HLS-100] Execute           source C:/Xilinx/Vivado_HLS/2016.3/common/technology/xilinx/ip/xfft.gen 
@I [HLS-100] Command           ap_source returned 0; 0.091 sec.
@I [HLS-100] Execute           source C:/Xilinx/Vivado_HLS/2016.3/common/technology/xilinx/ip/xfir.gen 
@I [HLS-100] Command           ap_source returned 0; 0.002 sec.
@I [HLS-100] Command         ap_source returned 0; 0.133 sec.
@I [HLS-100] Execute         source C:/Xilinx/Vivado_HLS/2016.3/common/technology/xilinx/common/dsp48.gen 
@I [HLS-100] Command         ap_source returned 0; 0.001 sec.
@I [HLS-100] Command       ap_source returned 0; 0.136 sec.
@I [HLS-100] Command     ap_source returned 0; 0.136 sec.
@I [HLS-100] Execute     source C:/Xilinx/Vivado_HLS/2016.3/common/technology/xilinx/kintex7/kintex7_fpv6.gen 
@I [HLS-100] Execute       source C:/Xilinx/Vivado_HLS/2016.3/common/technology/xilinx/common/xilinx_fpv6.gen 
@I [HLS-100] Command       ap_source returned 0; 0.002 sec.
@I [HLS-100] Command     ap_source returned 0; 0.002 sec.
@I [HLS-100] Execute     source C:/Users/dougo/LDPC_INIT_DSP3/solution2/.autopilot/db/global.setting.tcl 
@I [HLS-100] Command     ap_source returned 0; 0.001 sec.
@I [HLS-100] Execute     source C:/Users/dougo/LDPC_INIT_DSP3/solution2/.autopilot/db/global.setting.tcl 
@I [HLS-100] Command     ap_source returned 0; 0 sec.
@I [HLS-100] Execute     source C:/Users/dougo/LDPC_INIT_DSP3/solution2/.autopilot/db/setupLDPC.compgen.tcl 
@I [HLS-100] Command     ap_source returned 0; 0.004 sec.
@I [HLS-100] Execute     source C:/Users/dougo/LDPC_INIT_DSP3/solution2/.autopilot/db/global.setting.tcl 
@I [HLS-100] Command     ap_source returned 0; 0.001 sec.
@I [HLS-100] Execute     source C:/Users/dougo/LDPC_INIT_DSP3/solution2/.autopilot/db/setupLDPC.constraint.tcl 
@I [HLS-100] Command     ap_source returned 0; 0.001 sec.
@I [HLS-100] Execute     source C:/Users/dougo/LDPC_INIT_DSP3/solution2/.autopilot/db/global.setting.tcl 
@I [HLS-100] Command     ap_source returned 0; 0.001 sec.
@I [HLS-100] Execute     source C:/Xilinx/Vivado_HLS/2016.3/common/technology/generic/autopilot/common.gen 
@I [HLS-100] Execute       source C:/Xilinx/Vivado_HLS/2016.3/common/technology/generic/autopilot/APCoreGen.gen 
@I [HLS-100] Command       ap_source returned 0; 0.001 sec.
@I [HLS-100] Command     ap_source returned 0; 0.001 sec.
@I [HLS-100] Execute     source C:/Xilinx/Vivado_HLS/2016.3/common/technology/generic/autopilot/op.gen 
@I [HLS-100] Command     ap_source returned 0; 0.001 sec.
@I [HLS-100] Execute     source C:/Xilinx/Vivado_HLS/2016.3/common/technology/generic/autopilot/op_simcore.gen 
@I [HLS-100] Command     ap_source returned 0; 0.003 sec.
@I [HLS-100] Execute     source C:/Xilinx/Vivado_HLS/2016.3/common/technology/generic/autopilot/interface.gen 
@I [HLS-100] Command     ap_source returned 0; 0 sec.
@I [HLS-100] Execute     source C:/Users/dougo/LDPC_INIT_DSP3/solution2/.autopilot/db/global.setting.tcl 
@I [HLS-100] Command     ap_source returned 0; 0.008 sec.
@I [HLS-100] Execute     source C:/Xilinx/Vivado_HLS/2016.3/common/technology/xilinx/kintex7/kintex7.gen 
@I [HLS-100] Execute       source C:/Xilinx/Vivado_HLS/2016.3/common/technology/xilinx/common/virtex.gen 
@I [HLS-100] Execute         source C:/Xilinx/Vivado_HLS/2016.3/common/technology/xilinx/common/xilinx.gen 
@I [HLS-100] Execute           source C:/Xilinx/Vivado_HLS/2016.3/common/technology/xilinx/interface/plb46.gen 
@I [HLS-100] Command           ap_source returned 0; 0.002 sec.
@I [HLS-100] Execute           source C:/Xilinx/Vivado_HLS/2016.3/common/technology/xilinx/interface/fsl.gen 
@I [HLS-100] Command           ap_source returned 0; 0.004 sec.
@I [HLS-100] Execute           source C:/Xilinx/Vivado_HLS/2016.3/common/technology/xilinx/interface/axi4.gen 
@I [HLS-100] Command           ap_source returned 0; 0.007 sec.
@I [HLS-100] Execute           source C:/Xilinx/Vivado_HLS/2016.3/common/technology/xilinx/interface/nativeAXI4.gen 
@I [HLS-100] Execute             source C:/Xilinx/Vivado_HLS/2016.3/common/technology/xilinx/interface/saxilite.gen 
@I [HLS-100] Command             ap_source returned 0; 0.004 sec.
@I [HLS-100] Execute             source C:/Xilinx/Vivado_HLS/2016.3/common/technology/xilinx/interface/maxi.gen 
@I [HLS-100] Command             ap_source returned 0; 0.008 sec.
@I [HLS-100] Command           ap_source returned 0; 0.012 sec.
@I [HLS-100] Execute           source C:/Xilinx/Vivado_HLS/2016.3/common/technology/xilinx/scripts/xilinxcoregen.gen 
@I [HLS-100] Command           ap_source returned 0; 0.011 sec.
@I [HLS-100] Execute           source C:/Xilinx/Vivado_HLS/2016.3/common/technology/xilinx/interface/XilEDKCoreGen.gen 
@I [HLS-100] Command           ap_source returned 0; 0.01 sec.
@I [HLS-100] Execute           source C:/Xilinx/Vivado_HLS/2016.3/common/technology/xilinx/ip/dds_compiler.gen 
@I [HLS-100] Command           ap_source returned 0; 0.004 sec.
@I [HLS-100] Execute           source C:/Xilinx/Vivado_HLS/2016.3/common/technology/xilinx/ip/util.gen 
@I [HLS-100] Command           ap_source returned 0; 0.001 sec.
@I [HLS-100] Execute           source C:/Xilinx/Vivado_HLS/2016.3/common/technology/xilinx/ip/xfft.gen 
@I [HLS-100] Command           ap_source returned 0; 0.093 sec.
@I [HLS-100] Execute           source C:/Xilinx/Vivado_HLS/2016.3/common/technology/xilinx/ip/xfir.gen 
@I [HLS-100] Command           ap_source returned 0; 0.001 sec.
@I [HLS-100] Command         ap_source returned 0; 0.147 sec.
@I [HLS-100] Execute         source C:/Xilinx/Vivado_HLS/2016.3/common/technology/xilinx/common/dsp48.gen 
@I [HLS-100] Command         ap_source returned 0; 0 sec.
@I [HLS-100] Command       ap_source returned 0; 0.149 sec.
@I [HLS-100] Command     ap_source returned 0; 0.151 sec.
@I [HLS-100] Execute     source C:/Xilinx/Vivado_HLS/2016.3/common/technology/xilinx/kintex7/kintex7_fpv6.gen 
@I [HLS-100] Execute       source C:/Xilinx/Vivado_HLS/2016.3/common/technology/xilinx/common/xilinx_fpv6.gen 
@I [HLS-100] Command       ap_source returned 0; 0.002 sec.
@I [HLS-100] Command     ap_source returned 0; 0.002 sec.
@W [IMPL-201] IO timing constraints are not applied without adding IO buffers.
@I [HLS-100] Execute     source C:/Users/dougo/LDPC_INIT_DSP3/solution2/.autopilot/db/global.setting.tcl 
@I [HLS-100] Command     ap_source returned 0; 0.001 sec.
@I [HLS-100] Execute     source C:/Users/dougo/LDPC_INIT_DSP3/solution2/.autopilot/db/global.setting.tcl 
@I [HLS-100] Command     ap_source returned 0; 0.001 sec.
@I [HLS-100] Execute     source C:/Xilinx/Vivado_HLS/2016.3/common/technology/generic/autopilot/common.gen 
@I [HLS-100] Execute       source C:/Xilinx/Vivado_HLS/2016.3/common/technology/generic/autopilot/APCoreGen.gen 
@I [HLS-100] Command       ap_source returned 0; 0.001 sec.
@I [HLS-100] Command     ap_source returned 0; 0.002 sec.
@I [HLS-100] Execute     source C:/Xilinx/Vivado_HLS/2016.3/common/technology/generic/autopilot/op.gen 
@I [HLS-100] Command     ap_source returned 0; 0 sec.
@I [HLS-100] Execute     source C:/Xilinx/Vivado_HLS/2016.3/common/technology/generic/autopilot/op_simcore.gen 
@I [HLS-100] Command     ap_source returned 0; 0.002 sec.
@I [HLS-100] Execute     source C:/Xilinx/Vivado_HLS/2016.3/common/technology/generic/autopilot/interface.gen 
@I [HLS-100] Command     ap_source returned 0; 0.001 sec.
@I [HLS-100] Execute     source C:/Users/dougo/LDPC_INIT_DSP3/solution2/.autopilot/db/global.setting.tcl 
@I [HLS-100] Command     ap_source returned 0; 0.001 sec.
@I [HLS-100] Execute     source C:/Xilinx/Vivado_HLS/2016.3/common/technology/xilinx/kintex7/kintex7.gen 
@I [HLS-100] Execute       source C:/Xilinx/Vivado_HLS/2016.3/common/technology/xilinx/common/virtex.gen 
@I [HLS-100] Execute         source C:/Xilinx/Vivado_HLS/2016.3/common/technology/xilinx/common/xilinx.gen 
@I [HLS-100] Execute           source C:/Xilinx/Vivado_HLS/2016.3/common/technology/xilinx/interface/plb46.gen 
@I [HLS-100] Command           ap_source returned 0; 0.001 sec.
@I [HLS-100] Execute           source C:/Xilinx/Vivado_HLS/2016.3/common/technology/xilinx/interface/fsl.gen 
@I [HLS-100] Command           ap_source returned 0; 0.001 sec.
@I [HLS-100] Execute           source C:/Xilinx/Vivado_HLS/2016.3/common/technology/xilinx/interface/axi4.gen 
@I [HLS-100] Command           ap_source returned 0; 0.002 sec.
@I [HLS-100] Execute           source C:/Xilinx/Vivado_HLS/2016.3/common/technology/xilinx/interface/nativeAXI4.gen 
@I [HLS-100] Execute             source C:/Xilinx/Vivado_HLS/2016.3/common/technology/xilinx/interface/saxilite.gen 
@I [HLS-100] Command             ap_source returned 0; 0.004 sec.
@I [HLS-100] Execute             source C:/Xilinx/Vivado_HLS/2016.3/common/technology/xilinx/interface/maxi.gen 
@I [HLS-100] Command             ap_source returned 0; 0.01 sec.
@I [HLS-100] Command           ap_source returned 0; 0.014 sec.
@I [HLS-100] Execute           source C:/Xilinx/Vivado_HLS/2016.3/common/technology/xilinx/scripts/xilinxcoregen.gen 
@I [HLS-100] Command           ap_source returned 0; 0.011 sec.
@I [HLS-100] Execute           source C:/Xilinx/Vivado_HLS/2016.3/common/technology/xilinx/interface/XilEDKCoreGen.gen 
@I [HLS-100] Command           ap_source returned 0; 0.01 sec.
@I [HLS-100] Execute           source C:/Xilinx/Vivado_HLS/2016.3/common/technology/xilinx/ip/dds_compiler.gen 
@I [HLS-100] Command           ap_source returned 0; 0.003 sec.
@I [HLS-100] Execute           source C:/Xilinx/Vivado_HLS/2016.3/common/technology/xilinx/ip/util.gen 
@I [HLS-100] Command           ap_source returned 0; 0.001 sec.
@I [HLS-100] Execute           source C:/Xilinx/Vivado_HLS/2016.3/common/technology/xilinx/ip/xfft.gen 
@I [HLS-100] Command           ap_source returned 0; 0.1 sec.
@I [HLS-100] Execute           source C:/Xilinx/Vivado_HLS/2016.3/common/technology/xilinx/ip/xfir.gen 
@I [HLS-100] Command           ap_source returned 0; 0.001 sec.
@I [HLS-100] Command         ap_source returned 0; 0.147 sec.
@I [HLS-100] Execute         source C:/Xilinx/Vivado_HLS/2016.3/common/technology/xilinx/common/dsp48.gen 
@I [HLS-100] Command         ap_source returned 0; 0 sec.
@I [HLS-100] Command       ap_source returned 0; 0.149 sec.
@I [HLS-100] Command     ap_source returned 0; 0.149 sec.
@I [HLS-100] Execute     source C:/Xilinx/Vivado_HLS/2016.3/common/technology/xilinx/kintex7/kintex7_fpv6.gen 
@I [HLS-100] Execute       source C:/Xilinx/Vivado_HLS/2016.3/common/technology/xilinx/common/xilinx_fpv6.gen 
@I [HLS-100] Command       ap_source returned 0; 0.001 sec.
@I [HLS-100] Command     ap_source returned 0; 0.001 sec.
@I [HLS-100] Execute     source C:/Users/dougo/LDPC_INIT_DSP3/solution2/.autopilot/db/global.setting.tcl 
@I [HLS-100] Command     ap_source returned 0; 0.001 sec.
@I [HLS-100] Execute     source C:/Users/dougo/LDPC_INIT_DSP3/solution2/.autopilot/db/global.setting.tcl 
@I [HLS-100] Command     ap_source returned 0; 0.001 sec.
@I [HLS-100] Execute     source C:/Users/dougo/LDPC_INIT_DSP3/solution2/.autopilot/db/global.setting.tcl 
@I [HLS-100] Command     ap_source returned 0; 0.001 sec.
@I [HLS-100] Execute     source C:/Xilinx/Vivado_HLS/2016.3/common/technology/generic/autopilot/common.gen 
@I [HLS-100] Execute       source C:/Xilinx/Vivado_HLS/2016.3/common/technology/generic/autopilot/APCoreGen.gen 
@I [HLS-100] Command       ap_source returned 0; 0.001 sec.
@I [HLS-100] Command     ap_source returned 0; 0.002 sec.
@I [HLS-100] Execute     source C:/Xilinx/Vivado_HLS/2016.3/common/technology/generic/autopilot/op.gen 
@I [HLS-100] Command     ap_source returned 0; 0.001 sec.
@I [HLS-100] Execute     source C:/Xilinx/Vivado_HLS/2016.3/common/technology/generic/autopilot/op_simcore.gen 
@I [HLS-100] Command     ap_source returned 0; 0.002 sec.
@I [HLS-100] Execute     source C:/Xilinx/Vivado_HLS/2016.3/common/technology/generic/autopilot/interface.gen 
@I [HLS-100] Command     ap_source returned 0; 0.001 sec.
@I [HLS-100] Execute     source C:/Users/dougo/LDPC_INIT_DSP3/solution2/.autopilot/db/global.setting.tcl 
@I [HLS-100] Command     ap_source returned 0; 0.001 sec.
@I [HLS-100] Execute     source C:/Xilinx/Vivado_HLS/2016.3/common/technology/xilinx/kintex7/kintex7.gen 
@I [HLS-100] Execute       source C:/Xilinx/Vivado_HLS/2016.3/common/technology/xilinx/common/virtex.gen 
@I [HLS-100] Execute         source C:/Xilinx/Vivado_HLS/2016.3/common/technology/xilinx/common/xilinx.gen 
@I [HLS-100] Execute           source C:/Xilinx/Vivado_HLS/2016.3/common/technology/xilinx/interface/plb46.gen 
@I [HLS-100] Command           ap_source returned 0; 0.002 sec.
@I [HLS-100] Execute           source C:/Xilinx/Vivado_HLS/2016.3/common/technology/xilinx/interface/fsl.gen 
@I [HLS-100] Command           ap_source returned 0; 0 sec.
@I [HLS-100] Execute           source C:/Xilinx/Vivado_HLS/2016.3/common/technology/xilinx/interface/axi4.gen 
@I [HLS-100] Command           ap_source returned 0; 0.003 sec.
@I [HLS-100] Execute           source C:/Xilinx/Vivado_HLS/2016.3/common/technology/xilinx/interface/nativeAXI4.gen 
@I [HLS-100] Execute             source C:/Xilinx/Vivado_HLS/2016.3/common/technology/xilinx/interface/saxilite.gen 
@I [HLS-100] Command             ap_source returned 0; 0.004 sec.
@I [HLS-100] Execute             source C:/Xilinx/Vivado_HLS/2016.3/common/technology/xilinx/interface/maxi.gen 
@I [HLS-100] Command             ap_source returned 0; 0.008 sec.
@I [HLS-100] Command           ap_source returned 0; 0.012 sec.
@I [HLS-100] Execute           source C:/Xilinx/Vivado_HLS/2016.3/common/technology/xilinx/scripts/xilinxcoregen.gen 
@I [HLS-100] Command           ap_source returned 0; 0.011 sec.
@I [HLS-100] Execute           source C:/Xilinx/Vivado_HLS/2016.3/common/technology/xilinx/interface/XilEDKCoreGen.gen 
@I [HLS-100] Command           ap_source returned 0; 0.009 sec.
@I [HLS-100] Execute           source C:/Xilinx/Vivado_HLS/2016.3/common/technology/xilinx/ip/dds_compiler.gen 
@I [HLS-100] Command           ap_source returned 0; 0.003 sec.
@I [HLS-100] Execute           source C:/Xilinx/Vivado_HLS/2016.3/common/technology/xilinx/ip/util.gen 
@I [HLS-100] Command           ap_source returned 0; 0.001 sec.
@I [HLS-100] Execute           source C:/Xilinx/Vivado_HLS/2016.3/common/technology/xilinx/ip/xfft.gen 
@I [HLS-100] Command           ap_source returned 0; 0.087 sec.
@I [HLS-100] Execute           source C:/Xilinx/Vivado_HLS/2016.3/common/technology/xilinx/ip/xfir.gen 
@I [HLS-100] Command           ap_source returned 0; 0.001 sec.
@I [HLS-100] Command         ap_source returned 0; 0.13 sec.
@I [HLS-100] Execute         source C:/Xilinx/Vivado_HLS/2016.3/common/technology/xilinx/common/dsp48.gen 
@I [HLS-100] Command         ap_source returned 0; 0.001 sec.
@I [HLS-100] Command       ap_source returned 0; 0.133 sec.
@I [HLS-100] Command     ap_source returned 0; 0.133 sec.
@I [HLS-100] Execute     source C:/Xilinx/Vivado_HLS/2016.3/common/technology/xilinx/kintex7/kintex7_fpv6.gen 
@I [HLS-100] Execute       source C:/Xilinx/Vivado_HLS/2016.3/common/technology/xilinx/common/xilinx_fpv6.gen 
@I [HLS-100] Command       ap_source returned 0; 0.001 sec.
@I [HLS-100] Command     ap_source returned 0; 0.001 sec.
@I [HLS-100] Execute     source C:/Users/dougo/LDPC_INIT_DSP3/solution2/.autopilot/db/global.setting.tcl 
@I [HLS-100] Command     ap_source returned 0; 0.001 sec.
@I [HLS-100] Execute     source C:/Users/dougo/LDPC_INIT_DSP3/solution2/.autopilot/db/global.setting.tcl 
@I [HLS-100] Command     ap_source returned 0; 0.001 sec.
@I [HLS-100] Execute     source C:/Users/dougo/LDPC_INIT_DSP3/solution2/.autopilot/db/setupLDPC.compgen.tcl 
@I [HLS-100] Command     ap_source returned 0; 0 sec.
@I [HLS-100] Execute     source C:/Users/dougo/LDPC_INIT_DSP3/solution2/.autopilot/db/global.setting.tcl 
@I [HLS-100] Command     ap_source returned 0; 0.001 sec.
@I [HLS-100] Execute     source C:/Users/dougo/LDPC_INIT_DSP3/solution2/.autopilot/db/setupLDPC.constraint.tcl 
@I [HLS-100] Command     ap_source returned 0; 0.001 sec.
@I [HLS-100] Execute     source C:/Users/dougo/LDPC_INIT_DSP3/solution2/.autopilot/db/global.setting.tcl 
@I [HLS-100] Command     ap_source returned 0; 0.001 sec.
@I [HLS-100] Execute     source C:/Xilinx/Vivado_HLS/2016.3/common/technology/generic/autopilot/common.gen 
@I [HLS-100] Execute       source C:/Xilinx/Vivado_HLS/2016.3/common/technology/generic/autopilot/APCoreGen.gen 
@I [HLS-100] Command       ap_source returned 0; 0 sec.
@I [HLS-100] Command     ap_source returned 0; 0.002 sec.
@I [HLS-100] Execute     source C:/Xilinx/Vivado_HLS/2016.3/common/technology/generic/autopilot/op.gen 
@I [HLS-100] Command     ap_source returned 0; 0 sec.
@I [HLS-100] Execute     source C:/Xilinx/Vivado_HLS/2016.3/common/technology/generic/autopilot/op_simcore.gen 
@I [HLS-100] Command     ap_source returned 0; 0.002 sec.
@I [HLS-100] Execute     source C:/Xilinx/Vivado_HLS/2016.3/common/technology/generic/autopilot/interface.gen 
@I [HLS-100] Command     ap_source returned 0; 0 sec.
@I [HLS-100] Execute     source C:/Users/dougo/LDPC_INIT_DSP3/solution2/.autopilot/db/global.setting.tcl 
@I [HLS-100] Command     ap_source returned 0; 0.001 sec.
@I [HLS-100] Execute     source C:/Xilinx/Vivado_HLS/2016.3/common/technology/xilinx/kintex7/kintex7.gen 
@I [HLS-100] Execute       source C:/Xilinx/Vivado_HLS/2016.3/common/technology/xilinx/common/virtex.gen 
@I [HLS-100] Execute         source C:/Xilinx/Vivado_HLS/2016.3/common/technology/xilinx/common/xilinx.gen 
@I [HLS-100] Execute           source C:/Xilinx/Vivado_HLS/2016.3/common/technology/xilinx/interface/plb46.gen 
@I [HLS-100] Command           ap_source returned 0; 0.001 sec.
@I [HLS-100] Execute           source C:/Xilinx/Vivado_HLS/2016.3/common/technology/xilinx/interface/fsl.gen 
@I [HLS-100] Command           ap_source returned 0; 0.001 sec.
@I [HLS-100] Execute           source C:/Xilinx/Vivado_HLS/2016.3/common/technology/xilinx/interface/axi4.gen 
@I [HLS-100] Command           ap_source returned 0; 0.002 sec.
@I [HLS-100] Execute           source C:/Xilinx/Vivado_HLS/2016.3/common/technology/xilinx/interface/nativeAXI4.gen 
@I [HLS-100] Execute             source C:/Xilinx/Vivado_HLS/2016.3/common/technology/xilinx/interface/saxilite.gen 
@I [HLS-100] Command             ap_source returned 0; 0.004 sec.
@I [HLS-100] Execute             source C:/Xilinx/Vivado_HLS/2016.3/common/technology/xilinx/interface/maxi.gen 
@I [HLS-100] Command             ap_source returned 0; 0.008 sec.
@I [HLS-100] Command           ap_source returned 0; 0.013 sec.
@I [HLS-100] Execute           source C:/Xilinx/Vivado_HLS/2016.3/common/technology/xilinx/scripts/xilinxcoregen.gen 
@I [HLS-100] Command           ap_source returned 0; 0.009 sec.
@I [HLS-100] Execute           source C:/Xilinx/Vivado_HLS/2016.3/common/technology/xilinx/interface/XilEDKCoreGen.gen 
@I [HLS-100] Command           ap_source returned 0; 0.009 sec.
@I [HLS-100] Execute           source C:/Xilinx/Vivado_HLS/2016.3/common/technology/xilinx/ip/dds_compiler.gen 
@I [HLS-100] Command           ap_source returned 0; 0.004 sec.
@I [HLS-100] Execute           source C:/Xilinx/Vivado_HLS/2016.3/common/technology/xilinx/ip/util.gen 
@I [HLS-100] Command           ap_source returned 0; 0 sec.
@I [HLS-100] Execute           source C:/Xilinx/Vivado_HLS/2016.3/common/technology/xilinx/ip/xfft.gen 
@I [HLS-100] Command           ap_source returned 0; 0.092 sec.
@I [HLS-100] Execute           source C:/Xilinx/Vivado_HLS/2016.3/common/technology/xilinx/ip/xfir.gen 
@I [HLS-100] Command           ap_source returned 0; 0.001 sec.
@I [HLS-100] Command         ap_source returned 0; 0.134 sec.
@I [HLS-100] Execute         source C:/Xilinx/Vivado_HLS/2016.3/common/technology/xilinx/common/dsp48.gen 
@I [HLS-100] Command         ap_source returned 0; 0.001 sec.
@I [HLS-100] Command       ap_source returned 0; 0.137 sec.
@I [HLS-100] Command     ap_source returned 0; 0.138 sec.
@I [HLS-100] Execute     source C:/Xilinx/Vivado_HLS/2016.3/common/technology/xilinx/kintex7/kintex7_fpv6.gen 
@I [HLS-100] Execute       source C:/Xilinx/Vivado_HLS/2016.3/common/technology/xilinx/common/xilinx_fpv6.gen 
@I [HLS-100] Command       ap_source returned 0; 0.006 sec.
@I [HLS-100] Command     ap_source returned 0; 0.007 sec.
@W [IMPL-201] IO timing constraints are not applied without adding IO buffers.
@I [HLS-100] Execute     source C:/Users/dougo/LDPC_INIT_DSP3/solution2/.autopilot/db/global.setting.tcl 
@I [HLS-100] Command     ap_source returned 0; 0.001 sec.
@I [HLS-100] Command   export_design returned 0; 35.931 sec.
@I [HLS-100] Command ap_source returned 0; 36.244 sec.
@I [HLS-100] Execute cleanup_all 
@I [HLS-100] Command cleanup_all returned 0; 0 sec.
