

================================================================
== Vivado HLS Report for 'setupLDPC_load_lambdaIndexM'
================================================================
* Date:           Fri Mar 23 18:05:29 2018

* Version:        2015.2 (Build 1266856 on Fri Jun 26 16:57:37 PM 2015)
* Project:        LDPC_INIT_DSP3
* Solution:       solution1
* Product family: spartan3adsp
* Target device:  xc3sd3400acs484-4


================================================================
== Performance Estimates
================================================================
+ Timing (ns): 
    * Summary: 
    +--------+-------+----------+------------+
    |  Clock | Target| Estimated| Uncertainty|
    +--------+-------+----------+------------+
    |ap_clk  |  10.00|      5.14|        1.25|
    +--------+-------+----------+------------+

+ Latency (clock cycles): 
    * Summary: 
    +-------+--------+-------+--------+---------+
    |     Latency    |    Interval    | Pipeline|
    |  min  |   max  |  min  |   max  |   Type  |
    +-------+--------+-------+--------+---------+
    |  96803|  663587|  96803|  663587|   none  |
    +-------+--------+-------+--------+---------+

    + Detail: 
        * Instance: 
        N/A

        * Loop: 
        +-------------+-------+--------+----------+-----------+-----------+--------------+----------+
        |             |     Latency    | Iteration|  Initiation Interval  |     Trip     |          |
        |  Loop Name  |  min  |   max  |  Latency |  achieved |   target  |     Count    | Pipelined|
        +-------------+-------+--------+----------+-----------+-----------+--------------+----------+
        |- Loop 1     |      8|       8|         1|          -|          -|             8|    no    |
        |- Loop 2     |     24|      24|         1|          -|          -|            24|    no    |
        |- Loop 3     |  96768|  663552|        18|          -|          -| 5376 ~ 36864 |    no    |
        | + Loop 3.1  |     16|      16|         1|          -|          -|            16|    no    |
        +-------------+-------+--------+----------+-----------+-----------+--------------+----------+



================================================================
== Utilization Estimates
================================================================
* Summary: 
+-----------------+---------+-------+-------+-------+
|       Name      | BRAM_18K| DSP48A|   FF  |  LUT  |
+-----------------+---------+-------+-------+-------+
|Expression       |        -|      -|      0|     84|
|FIFO             |        -|      -|      -|      -|
|Instance         |        -|      -|      -|      -|
|Memory           |        -|      -|      -|      -|
|Multiplexer      |        -|      -|      -|     58|
|Register         |        -|      -|     75|      -|
+-----------------+---------+-------+-------+-------+
|Total            |        0|      0|     75|    142|
+-----------------+---------+-------+-------+-------+
|Available        |      126|    126|  47744|  47744|
+-----------------+---------+-------+-------+-------+
|Utilization (%)  |        0|      0|   ~0  |   ~0  |
+-----------------+---------+-------+-------+-------+

+ Detail: 
    * Instance: 
    N/A

    * Memory: 
    N/A

    * FIFO: 
    N/A

    * Expression: 
    +---------------------+----------+-------+---+----+------------+------------+
    |    Variable Name    | Operation| DSP48A| FF| LUT| Bitwidth P0| Bitwidth P1|
    +---------------------+----------+-------+---+----+------------+------------+
    |loop_6_fu_150_p2     |     +    |      0|  0|   4|           4|           1|
    |loop_7_fu_182_p2     |     +    |      0|  0|   5|           5|           1|
    |loop_8_fu_231_p2     |     +    |      0|  0|   5|           5|           1|
    |pos_2_fu_203_p2      |     +    |      0|  0|  16|          16|           1|
    |data_V_4_fu_249_p3   |  Select  |      0|  0|  16|           1|          16|
    |exitcond3_fu_144_p2  |   icmp   |      0|  0|   4|           4|           5|
    |exitcond4_fu_176_p2  |   icmp   |      0|  0|   4|           5|           5|
    |exitcond_fu_225_p2   |   icmp   |      0|  0|   4|           5|           6|
    |tmp_1_fu_198_p2      |   icmp   |      0|  0|  10|          17|          17|
    |data_V_3_fu_243_p2   |    or    |      0|  0|  16|          16|           1|
    +---------------------+----------+-------+---+----+------------+------------+
    |Total                |          |      0|  0|  84|          78|          54|
    +---------------------+----------+-------+---+----+------------+------------+

    * Multiplexer: 
    +----------------+----+-----------+-----+-----------+
    |      Name      | LUT| Input Size| Bits| Total Bits|
    +----------------+----+-----------+-----+-----------+
    |ap_NS_fsm       |   3|          6|    1|          6|
    |dout            |   1|          3|    1|          3|
    |loop_1_reg_98   |   5|          2|    5|         10|
    |loop_2_reg_133  |   5|          2|    5|         10|
    |loop_reg_76     |   4|          2|    4|          8|
    |p_s_reg_121     |  16|          2|   16|         32|
    |pos_reg_109     |  16|          2|   16|         32|
    |read_reg_87     |   8|          2|    8|         16|
    +----------------+----+-----------+-----+-----------+
    |Total           |  58|         21|   56|        117|
    +----------------+----+-----------+-----+-----------+

    * Register: 
    +----------------+----+----+-----+-----------+
    |      Name      | FF | LUT| Bits| Const Bits|
    +----------------+----+----+-----+-----------+
    |ap_CS_fsm       |   5|   0|    5|          0|
    |loop_1_reg_98   |   5|   0|    5|          0|
    |loop_2_reg_133  |   5|   0|    5|          0|
    |loop_reg_76     |   4|   0|    4|          0|
    |p_s_reg_121     |  16|   0|   16|          0|
    |pos_2_reg_290   |  16|   0|   16|          0|
    |pos_reg_109     |  16|   0|   16|          0|
    |read_reg_87     |   8|   0|    8|          0|
    +----------------+----+----+-----+-----------+
    |Total           |  75|   0|   75|          0|
    +----------------+----+----+-----+-----------+



================================================================
== Interface
================================================================
* Summary: 
+-------------------------+-----+-----+------------+-----------------------------+--------------+
|        RTL Ports        | Dir | Bits|  Protocol  |        Source Object        |    C Type    |
+-------------------------+-----+-----+------------+-----------------------------+--------------+
|ap_clk                   |  in |    1| ap_ctrl_hs | setupLDPC_load_lambdaIndexM | return value |
|ap_rst                   |  in |    1| ap_ctrl_hs | setupLDPC_load_lambdaIndexM | return value |
|ap_start                 |  in |    1| ap_ctrl_hs | setupLDPC_load_lambdaIndexM | return value |
|ap_done                  | out |    1| ap_ctrl_hs | setupLDPC_load_lambdaIndexM | return value |
|ap_idle                  | out |    1| ap_ctrl_hs | setupLDPC_load_lambdaIndexM | return value |
|ap_ready                 | out |    1| ap_ctrl_hs | setupLDPC_load_lambdaIndexM | return value |
|num                      |  in |   17|   ap_none  |             num             |    scalar    |
|lambdaIndexM_V_address0  | out |   16|  ap_memory |        lambdaIndexM_V       |     array    |
|lambdaIndexM_V_ce0       | out |    1|  ap_memory |        lambdaIndexM_V       |     array    |
|lambdaIndexM_V_we0       | out |    1|  ap_memory |        lambdaIndexM_V       |     array    |
|lambdaIndexM_V_d0        | out |   16|  ap_memory |        lambdaIndexM_V       |     array    |
|dout                     | out |    1|   ap_vld   |             dout            |    pointer   |
|dout_ap_vld              | out |    1|   ap_vld   |             dout            |    pointer   |
|din                      |  in |    1|   ap_none  |             din             |    pointer   |
|cs                       | out |    1|   ap_vld   |              cs             |    pointer   |
|cs_ap_vld                | out |    1|   ap_vld   |              cs             |    pointer   |
|clk                      | out |    1|   ap_vld   |             clk             |    pointer   |
|clk_ap_vld               | out |    1|   ap_vld   |             clk             |    pointer   |
+-------------------------+-----+-----+------------+-----------------------------+--------------+

