Unable to capture context for thread 6432 in process 17412, can not generate back trace
Exception at PC 0x00007FF9A73BBB93
Printing stacktrace...

Unable to capture context for thread 6432 in process 17412, can not generate back trace
Exception at PC 0x00007FFA1AC6A388
Exception at PC 0x00007FFA1AC6A388
Exception at PC 0x00007FFA1AC6A388
Exception at PC 0x00007FFA1AC6A388
Exception at PC 0x00007FFA1AC6A388
Exception at PC 0x00007FFA1AC6A388
Exception at PC 0x00007FFA1AC6A388
Exception at PC 0x00007FFA1AC6A388
Exception at PC 0x00007FFA1AC6A388
Exception at PC 0x00007FFA1AC6A388
Exception at PC 0x00007FFA1AC6A388
Exception at PC 0x00007FFA1AC6A388
Exception at PC 0x00007FFA1AC6A388
Exception at PC 0x00007FFA1AC6A388
[0]  [0x00007FF9A73BBB93]
[1]  [0x00007FF9A73BBB93]
[2]  [0x00007FF9A73BB4A1]
[3]  [0x00007FF9A73BB3EF]
[4]  [0x00007FF9A73A19FE]
[5]  [0x00007FF9A73A0ED1]
[6]  [0x00007FF9A73A0D76]
[7]  [0x00007FF9A73479F6]
[8]  [0x00007FF9A7337AFB]
[9]  [0x00007FF9A745E90A]
[10]  [0x00007FF9A7479F87]
[11]  [0x00007FF9A747A05F]
[12] (BaseThreadInitThunk+0x14) [0x00007FFA1C0A3DC4]
[13] (RtlUserThreadStart+0x21) [0x00007FFA1E533691]
Done
Exception at PC 0x00007FFA1AC6A388
Exception at PC 0x00007FFA1AC6A388
Exception at PC 0x00007FFA1AC6A388
Exception at PC 0x00007FFA1AC6A388
Exception at PC 0x00007FFA1AC6A388
