Unable to capture context for thread 28596 in process 15464, can not generate back trace
Exception at PC 0x00007FFF97E9BB93
Printing stacktrace...

Unable to capture context for thread 28596 in process 15464, can not generate back trace
Exception at PC 0x00007FF86BF44FD9
Exception at PC 0x00007FF86BF44FD9
Exception at PC 0x00007FF86BF44FD9
Exception at PC 0x00007FF86BF44FD9
Exception at PC 0x00007FF86BF44FD9
Exception at PC 0x00007FF86BF44FD9
Exception at PC 0x00007FF86BF44FD9
Exception at PC 0x00007FF86BF44FD9
[0]  [0x00007FFF97E9BB93]
[1]  [0x00007FFF97E9BB93]
[2]  [0x00007FFF97E9B4A1]
[3]  [0x00007FFF97E9B3EF]
[4]  [0x00007FFF97E819FE]
[5]  [0x00007FFF97E80ED1]
[6]  [0x00007FFF97E80D76]
[7]  [0x00007FFF97E279F6]
[8]  [0x00007FFF97E17AFB]
[9]  [0x00007FFF97F3E90A]
[10]  [0x00007FFF97F59F87]
[11]  [0x00007FFF97F5A05F]
[12] (BaseThreadInitThunk+0x14) [0x00007FF86D717034]
[13] (RtlUserThreadStart+0x21) [0x00007FF86E282651]
Done
Exception at PC 0x00007FF86BF44FD9
Exception at PC 0x00007FF86BF44FD9
Exception at PC 0x00007FF86BF44FD9
Exception at PC 0x00007FF86BF44FD9
Exception at PC 0x00007FF86BF44FD9
Exception at PC 0x00007FF86BF44FD9
Exception at PC 0x00007FF86BF44FD9
Exception at PC 0x00007FF86BF44FD9
Exception at PC 0x00007FF86BF44FD9
