#-----------------------------------------------------------
# xsim v2016.3 (64-bit)
# SW Build 1682563 on Mon Oct 10 19:07:27 MDT 2016
# IP Build 1681267 on Mon Oct 10 21:28:31 MDT 2016
# Start of session at: Sun Oct 06 12:00:58 2019
# Process ID: 13100
# Current directory: C:/Users/dougo/LDPC_Decoder3U/solution1/sim/verilog
# Command line: xsim.exe -mode tcl -source {xsim.dir/HLSLdpcLogDecScaledMin/xsim_script.tcl}
# Log file: C:/Users/dougo/LDPC_Decoder3U/solution1/sim/verilog/xsim.log
# Journal file: C:/Users/dougo/LDPC_Decoder3U/solution1/sim/verilog\xsim.jou
#-----------------------------------------------------------
source xsim.dir/HLSLdpcLogDecScaledMin/xsim_script.tcl
# xsim {HLSLdpcLogDecScaledMin} -autoloadwcfg -tclbatch {HLSLdpcLogDecScaledMin.tcl}
Vivado Simulator 2016.3
Time resolution is 1 ps
source HLSLdpcLogDecScaledMin.tcl
## run all
////////////////////////////////////////////////////////////////////////////////////
// Inter-Transaction Progress: Completed Transaction / Total Transaction
// Intra-Transaction Progress: Measured Latency / Latency Estimation * 100%
//
// RTL Simulation : "Inter-Transaction Progress" ["Intra-Transaction Progress"] @ "Simulation Time"
////////////////////////////////////////////////////////////////////////////////////
// RTL Simulation : 0 / 1 [n/a] @ "125000"
// RTL Simulation : 1 / 1 [n/a] @ "9381795000"
////////////////////////////////////////////////////////////////////////////////////
$finish called at time : 9381835 ns : File "C:/Users/dougo/LDPC_Decoder3U/solution1/sim/verilog/HLSLdpcLogDecScaledMin.autotb.v" Line 1465
run: Time (s): cpu = 00:00:00 ; elapsed = 00:15:25 . Memory (MB): peak = 207.219 ; gain = 0.000
## quit
INFO: [Common 17-206] Exiting xsim at Sun Oct 06 12:16:31 2019...
