INFO: [VRFC 10-2263] Analyzing Verilog file "C:/modem/vivado/semcoDemod.sim/simMultih/impl/func/test_func_impl.v" into library xil_defaultlib
INFO: [VRFC 10-311] analyzing module acsMultH
INFO: [VRFC 10-311] analyzing module acsMultH_0
INFO: [VRFC 10-311] analyzing module acsMultH_1
INFO: [VRFC 10-311] analyzing module acsMultH_2
INFO: [VRFC 10-311] analyzing module acsMultH__parameterized0
INFO: [VRFC 10-311] analyzing module acsMultH__parameterized1
INFO: [VRFC 10-311] analyzing module acsMultH__parameterized10
INFO: [VRFC 10-311] analyzing module acsMultH__parameterized11
INFO: [VRFC 10-311] analyzing module acsMultH__parameterized12
INFO: [VRFC 10-311] analyzing module acsMultH__parameterized13
INFO: [VRFC 10-311] analyzing module acsMultH__parameterized14
INFO: [VRFC 10-311] analyzing module acsMultH__parameterized15
INFO: [VRFC 10-311] analyzing module acsMultH__parameterized16
INFO: [VRFC 10-311] analyzing module acsMultH__parameterized17
INFO: [VRFC 10-311] analyzing module acsMultH__parameterized18
INFO: [VRFC 10-311] analyzing module acsMultH__parameterized19
INFO: [VRFC 10-311] analyzing module acsMultH__parameterized2
INFO: [VRFC 10-311] analyzing module acsMultH__parameterized20
INFO: [VRFC 10-311] analyzing module acsMultH__parameterized21
INFO: [VRFC 10-311] analyzing module acsMultH__parameterized22
INFO: [VRFC 10-311] analyzing module acsMultH__parameterized23
INFO: [VRFC 10-311] analyzing module acsMultH__parameterized24
INFO: [VRFC 10-311] analyzing module acsMultH__parameterized25
INFO: [VRFC 10-311] analyzing module acsMultH__parameterized26
INFO: [VRFC 10-311] analyzing module acsMultH__parameterized27
INFO: [VRFC 10-311] analyzing module acsMultH__parameterized28
INFO: [VRFC 10-311] analyzing module acsMultH__parameterized29
INFO: [VRFC 10-311] analyzing module acsMultH__parameterized3
INFO: [VRFC 10-311] analyzing module acsMultH__parameterized30
INFO: [VRFC 10-311] analyzing module acsMultH__parameterized31
INFO: [VRFC 10-311] analyzing module acsMultH__parameterized32
INFO: [VRFC 10-311] analyzing module acsMultH__parameterized33
INFO: [VRFC 10-311] analyzing module acsMultH__parameterized34
INFO: [VRFC 10-311] analyzing module acsMultH__parameterized35
INFO: [VRFC 10-311] analyzing module acsMultH__parameterized36
INFO: [VRFC 10-311] analyzing module acsMultH__parameterized37
INFO: [VRFC 10-311] analyzing module acsMultH__parameterized38
INFO: [VRFC 10-311] analyzing module acsMultH__parameterized39
INFO: [VRFC 10-311] analyzing module acsMultH__parameterized4
INFO: [VRFC 10-311] analyzing module acsMultH__parameterized40
INFO: [VRFC 10-311] analyzing module acsMultH__parameterized41
INFO: [VRFC 10-311] analyzing module acsMultH__parameterized42
INFO: [VRFC 10-311] analyzing module acsMultH__parameterized43
INFO: [VRFC 10-311] analyzing module acsMultH__parameterized44
INFO: [VRFC 10-311] analyzing module acsMultH__parameterized45
INFO: [VRFC 10-311] analyzing module acsMultH__parameterized46
INFO: [VRFC 10-311] analyzing module acsMultH__parameterized47
INFO: [VRFC 10-311] analyzing module acsMultH__parameterized48
INFO: [VRFC 10-311] analyzing module acsMultH__parameterized49
INFO: [VRFC 10-311] analyzing module acsMultH__parameterized5
INFO: [VRFC 10-311] analyzing module acsMultH__parameterized50
INFO: [VRFC 10-311] analyzing module acsMultH__parameterized51
INFO: [VRFC 10-311] analyzing module acsMultH__parameterized52
INFO: [VRFC 10-311] analyzing module acsMultH__parameterized53
INFO: [VRFC 10-311] analyzing module acsMultH__parameterized54
INFO: [VRFC 10-311] analyzing module acsMultH__parameterized55
INFO: [VRFC 10-311] analyzing module acsMultH__parameterized56
INFO: [VRFC 10-311] analyzing module acsMultH__parameterized57
INFO: [VRFC 10-311] analyzing module acsMultH__parameterized58
INFO: [VRFC 10-311] analyzing module acsMultH__parameterized59
INFO: [VRFC 10-311] analyzing module acsMultH__parameterized6
INFO: [VRFC 10-311] analyzing module acsMultH__parameterized7
INFO: [VRFC 10-311] analyzing module acsMultH__parameterized8
INFO: [VRFC 10-311] analyzing module acsMultH__parameterized9
INFO: [VRFC 10-311] analyzing module acsMuxMpy
INFO: [VRFC 10-311] analyzing module acsMuxMpy_10
INFO: [VRFC 10-311] analyzing module acsMuxMpy_11
INFO: [VRFC 10-311] analyzing module acsMuxMpy_12
INFO: [VRFC 10-311] analyzing module acsMuxMpy_13
INFO: [VRFC 10-311] analyzing module acsMuxMpy_14
INFO: [VRFC 10-311] analyzing module acsMuxMpy_15
INFO: [VRFC 10-311] analyzing module acsMuxMpy_16
INFO: [VRFC 10-311] analyzing module acsMuxMpy_17
INFO: [VRFC 10-311] analyzing module acsMuxMpy_3
INFO: [VRFC 10-311] analyzing module acsMuxMpy_4
INFO: [VRFC 10-311] analyzing module acsMuxMpy_5
INFO: [VRFC 10-311] analyzing module acsMuxMpy_6
INFO: [VRFC 10-311] analyzing module acsMuxMpy_7
INFO: [VRFC 10-311] analyzing module acsMuxMpy_8
INFO: [VRFC 10-311] analyzing module acsMuxMpy_9
INFO: [VRFC 10-311] analyzing module compSel
INFO: [VRFC 10-311] analyzing module compSel_100
INFO: [VRFC 10-311] analyzing module compSel_104
INFO: [VRFC 10-311] analyzing module compSel_108
INFO: [VRFC 10-311] analyzing module compSel_112
INFO: [VRFC 10-311] analyzing module compSel_116
INFO: [VRFC 10-311] analyzing module compSel_120
INFO: [VRFC 10-311] analyzing module compSel_124
INFO: [VRFC 10-311] analyzing module compSel_128
INFO: [VRFC 10-311] analyzing module compSel_132
INFO: [VRFC 10-311] analyzing module compSel_136
INFO: [VRFC 10-311] analyzing module compSel_140
INFO: [VRFC 10-311] analyzing module compSel_144
INFO: [VRFC 10-311] analyzing module compSel_148
INFO: [VRFC 10-311] analyzing module compSel_152
INFO: [VRFC 10-311] analyzing module compSel_156
INFO: [VRFC 10-311] analyzing module compSel_160
INFO: [VRFC 10-311] analyzing module compSel_164
INFO: [VRFC 10-311] analyzing module compSel_168
INFO: [VRFC 10-311] analyzing module compSel_172
INFO: [VRFC 10-311] analyzing module compSel_176
INFO: [VRFC 10-311] analyzing module compSel_180
INFO: [VRFC 10-311] analyzing module compSel_184
INFO: [VRFC 10-311] analyzing module compSel_188
INFO: [VRFC 10-311] analyzing module compSel_192
INFO: [VRFC 10-311] analyzing module compSel_196
INFO: [VRFC 10-311] analyzing module compSel_200
INFO: [VRFC 10-311] analyzing module compSel_204
INFO: [VRFC 10-311] analyzing module compSel_208
INFO: [VRFC 10-311] analyzing module compSel_212
INFO: [VRFC 10-311] analyzing module compSel_216
INFO: [VRFC 10-311] analyzing module compSel_220
INFO: [VRFC 10-311] analyzing module compSel_224
INFO: [VRFC 10-311] analyzing module compSel_228
INFO: [VRFC 10-311] analyzing module compSel_232
INFO: [VRFC 10-311] analyzing module compSel_236
INFO: [VRFC 10-311] analyzing module compSel_240
INFO: [VRFC 10-311] analyzing module compSel_244
INFO: [VRFC 10-311] analyzing module compSel_248
INFO: [VRFC 10-311] analyzing module compSel_252
INFO: [VRFC 10-311] analyzing module compSel_256
INFO: [VRFC 10-311] analyzing module compSel_260
INFO: [VRFC 10-311] analyzing module compSel_264
INFO: [VRFC 10-311] analyzing module compSel_268
INFO: [VRFC 10-311] analyzing module compSel_272
INFO: [VRFC 10-311] analyzing module compSel_276
INFO: [VRFC 10-311] analyzing module compSel_28
INFO: [VRFC 10-311] analyzing module compSel_32
INFO: [VRFC 10-311] analyzing module compSel_36
INFO: [VRFC 10-311] analyzing module compSel_40
INFO: [VRFC 10-311] analyzing module compSel_44
INFO: [VRFC 10-311] analyzing module compSel_48
INFO: [VRFC 10-311] analyzing module compSel_52
INFO: [VRFC 10-311] analyzing module compSel_56
INFO: [VRFC 10-311] analyzing module compSel_60
INFO: [VRFC 10-311] analyzing module compSel_64
INFO: [VRFC 10-311] analyzing module compSel_68
INFO: [VRFC 10-311] analyzing module compSel_72
INFO: [VRFC 10-311] analyzing module compSel_76
INFO: [VRFC 10-311] analyzing module compSel_80
INFO: [VRFC 10-311] analyzing module compSel_84
INFO: [VRFC 10-311] analyzing module compSel_88
INFO: [VRFC 10-311] analyzing module compSel_92
INFO: [VRFC 10-311] analyzing module compSel_96
INFO: [VRFC 10-311] analyzing module decayMpy10x8
INFO: [VRFC 10-311] analyzing module decayMpy10x8_HD1339
INFO: [VRFC 10-311] analyzing module decayMpy10x8_HD1343
INFO: [VRFC 10-311] analyzing module decayMpy10x8_HD1347
INFO: [VRFC 10-311] analyzing module decayMpy10x8_HD1351
INFO: [VRFC 10-311] analyzing module decayMpy10x8_HD1355
INFO: [VRFC 10-311] analyzing module decayMpy10x8_HD1359
INFO: [VRFC 10-311] analyzing module decayMpy10x8_HD1363
INFO: [VRFC 10-311] analyzing module decayMpy10x8_HD1367
INFO: [VRFC 10-311] analyzing module decayMpy10x8_HD1371
INFO: [VRFC 10-311] analyzing module decayMpy10x8_HD1375
INFO: [VRFC 10-311] analyzing module decayMpy10x8_HD1379
INFO: [VRFC 10-311] analyzing module decayMpy10x8_HD1383
INFO: [VRFC 10-311] analyzing module decayMpy10x8_HD1387
INFO: [VRFC 10-311] analyzing module decayMpy10x8_HD1391
INFO: [VRFC 10-311] analyzing module decayMpy10x8_HD1395
INFO: [VRFC 10-311] analyzing module decayMpy10x8_HD1399
INFO: [VRFC 10-311] analyzing module decayMpy10x8_HD1403
INFO: [VRFC 10-311] analyzing module decayMpy10x8_HD1407
INFO: [VRFC 10-311] analyzing module decayMpy10x8_HD1411
INFO: [VRFC 10-311] analyzing module decayMpy10x8_HD1415
INFO: [VRFC 10-311] analyzing module decayMpy10x8_HD1419
INFO: [VRFC 10-311] analyzing module decayMpy10x8_HD1423
INFO: [VRFC 10-311] analyzing module decayMpy10x8_HD1427
INFO: [VRFC 10-311] analyzing module decayMpy10x8_HD1431
INFO: [VRFC 10-311] analyzing module decayMpy10x8_HD1435
INFO: [VRFC 10-311] analyzing module decayMpy10x8_HD1439
INFO: [VRFC 10-311] analyzing module decayMpy10x8_HD1443
INFO: [VRFC 10-311] analyzing module decayMpy10x8_HD1447
INFO: [VRFC 10-311] analyzing module decayMpy10x8_HD1451
INFO: [VRFC 10-311] analyzing module decayMpy10x8_HD1455
INFO: [VRFC 10-311] analyzing module decayMpy10x8_HD1459
INFO: [VRFC 10-311] analyzing module decayMpy10x8_HD1463
INFO: [VRFC 10-311] analyzing module decayMpy10x8_HD1467
INFO: [VRFC 10-311] analyzing module decayMpy10x8_HD1471
INFO: [VRFC 10-311] analyzing module decayMpy10x8_HD1475
INFO: [VRFC 10-311] analyzing module decayMpy10x8_HD1479
INFO: [VRFC 10-311] analyzing module decayMpy10x8_HD1483
INFO: [VRFC 10-311] analyzing module decayMpy10x8_HD1487
INFO: [VRFC 10-311] analyzing module decayMpy10x8_HD1491
INFO: [VRFC 10-311] analyzing module decayMpy10x8_HD1495
INFO: [VRFC 10-311] analyzing module decayMpy10x8_HD1499
INFO: [VRFC 10-311] analyzing module decayMpy10x8_HD1503
INFO: [VRFC 10-311] analyzing module decayMpy10x8_HD1507
INFO: [VRFC 10-311] analyzing module decayMpy10x8_HD1511
INFO: [VRFC 10-311] analyzing module decayMpy10x8_HD1515
INFO: [VRFC 10-311] analyzing module decayMpy10x8_HD1519
INFO: [VRFC 10-311] analyzing module decayMpy10x8_HD1523
INFO: [VRFC 10-311] analyzing module decayMpy10x8_HD1527
INFO: [VRFC 10-311] analyzing module decayMpy10x8_HD1531
INFO: [VRFC 10-311] analyzing module decayMpy10x8_HD1535
INFO: [VRFC 10-311] analyzing module decayMpy10x8_HD1539
INFO: [VRFC 10-311] analyzing module decayMpy10x8_HD1543
INFO: [VRFC 10-311] analyzing module decayMpy10x8_HD1547
INFO: [VRFC 10-311] analyzing module decayMpy10x8_HD1551
INFO: [VRFC 10-311] analyzing module decayMpy10x8_HD1555
INFO: [VRFC 10-311] analyzing module decayMpy10x8_HD1559
INFO: [VRFC 10-311] analyzing module decayMpy10x8_HD1563
INFO: [VRFC 10-311] analyzing module decayMpy10x8_HD1567
INFO: [VRFC 10-311] analyzing module decayMpy10x8_HD1571
INFO: [VRFC 10-311] analyzing module decayMpy10x8_HD1575
INFO: [VRFC 10-311] analyzing module decayMpy10x8_HD1579
INFO: [VRFC 10-311] analyzing module decayMpy10x8_HD1583
INFO: [VRFC 10-311] analyzing module decayMpy10x8_HD1587
INFO: [VRFC 10-311] analyzing module dsp48_mac
INFO: [VRFC 10-311] analyzing module dsp48_mac_280
INFO: [VRFC 10-311] analyzing module dsp48_mac_281
INFO: [VRFC 10-311] analyzing module dsp48_mac_282
INFO: [VRFC 10-311] analyzing module dsp48_mac_283
INFO: [VRFC 10-311] analyzing module dsp48_mac_284
INFO: [VRFC 10-311] analyzing module dsp48_mac_285
INFO: [VRFC 10-311] analyzing module dsp48_mac_286
INFO: [VRFC 10-311] analyzing module dsp48_mac_287
INFO: [VRFC 10-311] analyzing module dsp48_mac_288
INFO: [VRFC 10-311] analyzing module dsp48_mac_289
INFO: [VRFC 10-311] analyzing module dsp48_mac_290
INFO: [VRFC 10-311] analyzing module dsp48_mac_291
INFO: [VRFC 10-311] analyzing module dsp48_mac_292
INFO: [VRFC 10-311] analyzing module dsp48_mac_293
INFO: [VRFC 10-311] analyzing module dsp48_mac_294
INFO: [VRFC 10-311] analyzing module dsp48_mac_295
INFO: [VRFC 10-311] analyzing module dsp48_mac_296
INFO: [VRFC 10-311] analyzing module dsp48_mac_297
INFO: [VRFC 10-311] analyzing module dsp48_mac_298
INFO: [VRFC 10-311] analyzing module dsp48_mac_299
INFO: [VRFC 10-311] analyzing module dsp48_mac_300
INFO: [VRFC 10-311] analyzing module dsp48_mac_301
INFO: [VRFC 10-311] analyzing module dsp48_mac_302
INFO: [VRFC 10-311] analyzing module dsp48_mac_303
INFO: [VRFC 10-311] analyzing module dsp48_mac_304
INFO: [VRFC 10-311] analyzing module dsp48_mac_305
INFO: [VRFC 10-311] analyzing module dsp48_mac_306
INFO: [VRFC 10-311] analyzing module dsp48_mac_307
INFO: [VRFC 10-311] analyzing module dsp48_mac_308
INFO: [VRFC 10-311] analyzing module dsp48_mac_309
INFO: [VRFC 10-311] analyzing module dsp48_mac_310
INFO: [VRFC 10-311] analyzing module dsp48_mac_311
INFO: [VRFC 10-311] analyzing module dsp48_mac_312
INFO: [VRFC 10-311] analyzing module dsp48_mac_313
INFO: [VRFC 10-311] analyzing module dsp48_mac_314
INFO: [VRFC 10-311] analyzing module dsp48_mac_315
INFO: [VRFC 10-311] analyzing module dsp48_mac_316
INFO: [VRFC 10-311] analyzing module dsp48_mac_317
INFO: [VRFC 10-311] analyzing module dsp48_mac_318
INFO: [VRFC 10-311] analyzing module dsp48_mac_319
INFO: [VRFC 10-311] analyzing module dsp48_mac_320
INFO: [VRFC 10-311] analyzing module dsp48_mac_321
INFO: [VRFC 10-311] analyzing module dsp48_mac_322
INFO: [VRFC 10-311] analyzing module dsp48_mac_323
INFO: [VRFC 10-311] analyzing module dsp48_mac_324
INFO: [VRFC 10-311] analyzing module dsp48_mac_325
INFO: [VRFC 10-311] analyzing module dsp48_mac_326
INFO: [VRFC 10-311] analyzing module dsp48_mac_327
INFO: [VRFC 10-311] analyzing module dsp48_mac_328
INFO: [VRFC 10-311] analyzing module dsp48_mac_329
INFO: [VRFC 10-311] analyzing module dsp48_mac_330
INFO: [VRFC 10-311] analyzing module dsp48_mac_331
INFO: [VRFC 10-311] analyzing module dsp48_mac_332
INFO: [VRFC 10-311] analyzing module dsp48_mac_333
INFO: [VRFC 10-311] analyzing module dsp48_mac_334
INFO: [VRFC 10-311] analyzing module dsp48_mac_335
INFO: [VRFC 10-311] analyzing module dsp48_mac_336
INFO: [VRFC 10-311] analyzing module dsp48_mac_337
INFO: [VRFC 10-311] analyzing module dsp48_mac_338
INFO: [VRFC 10-311] analyzing module dsp48_mac_339
INFO: [VRFC 10-311] analyzing module dsp48_mac_340
INFO: [VRFC 10-311] analyzing module dsp48_mac_341
INFO: [VRFC 10-311] analyzing module dsp48_mac_342
INFO: [VRFC 10-311] analyzing module maxMetricMultiH
INFO: [VRFC 10-311] analyzing module mfilt
INFO: [VRFC 10-311] analyzing module mfiltBank
INFO: [VRFC 10-311] analyzing module mfilt__parameterized0
INFO: [VRFC 10-311] analyzing module mfilt__parameterized1
INFO: [VRFC 10-311] analyzing module mfilt__parameterized10
INFO: [VRFC 10-311] analyzing module mfilt__parameterized11
INFO: [VRFC 10-311] analyzing module mfilt__parameterized12
INFO: [VRFC 10-311] analyzing module mfilt__parameterized13
INFO: [VRFC 10-311] analyzing module mfilt__parameterized14
INFO: [VRFC 10-311] analyzing module mfilt__parameterized2
INFO: [VRFC 10-311] analyzing module mfilt__parameterized3
INFO: [VRFC 10-311] analyzing module mfilt__parameterized4
INFO: [VRFC 10-311] analyzing module mfilt__parameterized5
INFO: [VRFC 10-311] analyzing module mfilt__parameterized6
INFO: [VRFC 10-311] analyzing module mfilt__parameterized7
INFO: [VRFC 10-311] analyzing module mfilt__parameterized8
INFO: [VRFC 10-311] analyzing module mfilt__parameterized9
INFO: [VRFC 10-311] analyzing module mult8x8
INFO: [VRFC 10-311] analyzing module mult8x8_HD1000
INFO: [VRFC 10-311] analyzing module mult8x8_HD1004
INFO: [VRFC 10-311] analyzing module mult8x8_HD1016
INFO: [VRFC 10-311] analyzing module mult8x8_HD1020
INFO: [VRFC 10-311] analyzing module mult8x8_HD1032
INFO: [VRFC 10-311] analyzing module mult8x8_HD1036
INFO: [VRFC 10-311] analyzing module mult8x8_HD1048
INFO: [VRFC 10-311] analyzing module mult8x8_HD1052
INFO: [VRFC 10-311] analyzing module mult8x8_HD1064
INFO: [VRFC 10-311] analyzing module mult8x8_HD1068
INFO: [VRFC 10-311] analyzing module mult8x8_HD1072
INFO: [VRFC 10-311] analyzing module mult8x8_HD1076
INFO: [VRFC 10-311] analyzing module mult8x8_HD1080
INFO: [VRFC 10-311] analyzing module mult8x8_HD1084
INFO: [VRFC 10-311] analyzing module mult8x8_HD1096
INFO: [VRFC 10-311] analyzing module mult8x8_HD1100
INFO: [VRFC 10-311] analyzing module mult8x8_HD1112
INFO: [VRFC 10-311] analyzing module mult8x8_HD1116
INFO: [VRFC 10-311] analyzing module mult8x8_HD1128
INFO: [VRFC 10-311] analyzing module mult8x8_HD1132
INFO: [VRFC 10-311] analyzing module mult8x8_HD1144
INFO: [VRFC 10-311] analyzing module mult8x8_HD1148
INFO: [VRFC 10-311] analyzing module mult8x8_HD1160
INFO: [VRFC 10-311] analyzing module mult8x8_HD1164
INFO: [VRFC 10-311] analyzing module mult8x8_HD1176
INFO: [VRFC 10-311] analyzing module mult8x8_HD1180
INFO: [VRFC 10-311] analyzing module mult8x8_HD1192
INFO: [VRFC 10-311] analyzing module mult8x8_HD1196
INFO: [VRFC 10-311] analyzing module mult8x8_HD1208
INFO: [VRFC 10-311] analyzing module mult8x8_HD1212
INFO: [VRFC 10-311] analyzing module mult8x8_HD1224
INFO: [VRFC 10-311] analyzing module mult8x8_HD1228
INFO: [VRFC 10-311] analyzing module mult8x8_HD1240
INFO: [VRFC 10-311] analyzing module mult8x8_HD1244
INFO: [VRFC 10-311] analyzing module mult8x8_HD1256
INFO: [VRFC 10-311] analyzing module mult8x8_HD1260
INFO: [VRFC 10-311] analyzing module mult8x8_HD1272
INFO: [VRFC 10-311] analyzing module mult8x8_HD256
INFO: [VRFC 10-311] analyzing module mult8x8_HD260
INFO: [VRFC 10-311] analyzing module mult8x8_HD264
INFO: [VRFC 10-311] analyzing module mult8x8_HD268
INFO: [VRFC 10-311] analyzing module mult8x8_HD272
INFO: [VRFC 10-311] analyzing module mult8x8_HD276
INFO: [VRFC 10-311] analyzing module mult8x8_HD280
INFO: [VRFC 10-311] analyzing module mult8x8_HD284
INFO: [VRFC 10-311] analyzing module mult8x8_HD288
INFO: [VRFC 10-311] analyzing module mult8x8_HD292
INFO: [VRFC 10-311] analyzing module mult8x8_HD296
INFO: [VRFC 10-311] analyzing module mult8x8_HD300
INFO: [VRFC 10-311] analyzing module mult8x8_HD304
INFO: [VRFC 10-311] analyzing module mult8x8_HD308
INFO: [VRFC 10-311] analyzing module mult8x8_HD312
INFO: [VRFC 10-311] analyzing module mult8x8_HD316
INFO: [VRFC 10-311] analyzing module mult8x8_HD328
INFO: [VRFC 10-311] analyzing module mult8x8_HD332
INFO: [VRFC 10-311] analyzing module mult8x8_HD344
INFO: [VRFC 10-311] analyzing module mult8x8_HD348
INFO: [VRFC 10-311] analyzing module mult8x8_HD360
INFO: [VRFC 10-311] analyzing module mult8x8_HD364
INFO: [VRFC 10-311] analyzing module mult8x8_HD376
INFO: [VRFC 10-311] analyzing module mult8x8_HD380
INFO: [VRFC 10-311] analyzing module mult8x8_HD392
INFO: [VRFC 10-311] analyzing module mult8x8_HD396
INFO: [VRFC 10-311] analyzing module mult8x8_HD408
INFO: [VRFC 10-311] analyzing module mult8x8_HD412
INFO: [VRFC 10-311] analyzing module mult8x8_HD424
INFO: [VRFC 10-311] analyzing module mult8x8_HD428
INFO: [VRFC 10-311] analyzing module mult8x8_HD440
INFO: [VRFC 10-311] analyzing module mult8x8_HD444
INFO: [VRFC 10-311] analyzing module mult8x8_HD456
INFO: [VRFC 10-311] analyzing module mult8x8_HD460
INFO: [VRFC 10-311] analyzing module mult8x8_HD472
INFO: [VRFC 10-311] analyzing module mult8x8_HD476
INFO: [VRFC 10-311] analyzing module mult8x8_HD488
INFO: [VRFC 10-311] analyzing module mult8x8_HD492
INFO: [VRFC 10-311] analyzing module mult8x8_HD496
INFO: [VRFC 10-311] analyzing module mult8x8_HD500
INFO: [VRFC 10-311] analyzing module mult8x8_HD504
INFO: [VRFC 10-311] analyzing module mult8x8_HD508
INFO: [VRFC 10-311] analyzing module mult8x8_HD520
INFO: [VRFC 10-311] analyzing module mult8x8_HD524
INFO: [VRFC 10-311] analyzing module mult8x8_HD536
INFO: [VRFC 10-311] analyzing module mult8x8_HD540
INFO: [VRFC 10-311] analyzing module mult8x8_HD552
INFO: [VRFC 10-311] analyzing module mult8x8_HD556
INFO: [VRFC 10-311] analyzing module mult8x8_HD568
INFO: [VRFC 10-311] analyzing module mult8x8_HD572
INFO: [VRFC 10-311] analyzing module mult8x8_HD584
INFO: [VRFC 10-311] analyzing module mult8x8_HD588
INFO: [VRFC 10-311] analyzing module mult8x8_HD600
INFO: [VRFC 10-311] analyzing module mult8x8_HD604
INFO: [VRFC 10-311] analyzing module mult8x8_HD616
INFO: [VRFC 10-311] analyzing module mult8x8_HD620
INFO: [VRFC 10-311] analyzing module mult8x8_HD632
INFO: [VRFC 10-311] analyzing module mult8x8_HD636
INFO: [VRFC 10-311] analyzing module mult8x8_HD648
INFO: [VRFC 10-311] analyzing module mult8x8_HD652
INFO: [VRFC 10-311] analyzing module mult8x8_HD664
INFO: [VRFC 10-311] analyzing module mult8x8_HD668
INFO: [VRFC 10-311] analyzing module mult8x8_HD680
INFO: [VRFC 10-311] analyzing module mult8x8_HD684
INFO: [VRFC 10-311] analyzing module mult8x8_HD688
INFO: [VRFC 10-311] analyzing module mult8x8_HD692
INFO: [VRFC 10-311] analyzing module mult8x8_HD696
INFO: [VRFC 10-311] analyzing module mult8x8_HD700
INFO: [VRFC 10-311] analyzing module mult8x8_HD712
INFO: [VRFC 10-311] analyzing module mult8x8_HD716
INFO: [VRFC 10-311] analyzing module mult8x8_HD728
INFO: [VRFC 10-311] analyzing module mult8x8_HD732
INFO: [VRFC 10-311] analyzing module mult8x8_HD744
INFO: [VRFC 10-311] analyzing module mult8x8_HD748
INFO: [VRFC 10-311] analyzing module mult8x8_HD760
INFO: [VRFC 10-311] analyzing module mult8x8_HD764
INFO: [VRFC 10-311] analyzing module mult8x8_HD776
INFO: [VRFC 10-311] analyzing module mult8x8_HD780
INFO: [VRFC 10-311] analyzing module mult8x8_HD784
INFO: [VRFC 10-311] analyzing module mult8x8_HD788
INFO: [VRFC 10-311] analyzing module mult8x8_HD792
INFO: [VRFC 10-311] analyzing module mult8x8_HD796
INFO: [VRFC 10-311] analyzing module mult8x8_HD808
INFO: [VRFC 10-311] analyzing module mult8x8_HD812
INFO: [VRFC 10-311] analyzing module mult8x8_HD824
INFO: [VRFC 10-311] analyzing module mult8x8_HD828
INFO: [VRFC 10-311] analyzing module mult8x8_HD840
INFO: [VRFC 10-311] analyzing module mult8x8_HD844
INFO: [VRFC 10-311] analyzing module mult8x8_HD856
INFO: [VRFC 10-311] analyzing module mult8x8_HD860
INFO: [VRFC 10-311] analyzing module mult8x8_HD872
INFO: [VRFC 10-311] analyzing module mult8x8_HD876
INFO: [VRFC 10-311] analyzing module mult8x8_HD888
INFO: [VRFC 10-311] analyzing module mult8x8_HD892
INFO: [VRFC 10-311] analyzing module mult8x8_HD904
INFO: [VRFC 10-311] analyzing module mult8x8_HD908
INFO: [VRFC 10-311] analyzing module mult8x8_HD920
INFO: [VRFC 10-311] analyzing module mult8x8_HD924
INFO: [VRFC 10-311] analyzing module mult8x8_HD936
INFO: [VRFC 10-311] analyzing module mult8x8_HD940
INFO: [VRFC 10-311] analyzing module mult8x8_HD952
INFO: [VRFC 10-311] analyzing module mult8x8_HD956
INFO: [VRFC 10-311] analyzing module mult8x8_HD968
INFO: [VRFC 10-311] analyzing module mult8x8_HD972
INFO: [VRFC 10-311] analyzing module mult8x8_HD984
INFO: [VRFC 10-311] analyzing module mult8x8_HD988
INFO: [VRFC 10-311] analyzing module rot8x8
INFO: [VRFC 10-311] analyzing module rot8x8_101
INFO: [VRFC 10-311] analyzing module rot8x8_105
INFO: [VRFC 10-311] analyzing module rot8x8_109
INFO: [VRFC 10-311] analyzing module rot8x8_113
INFO: [VRFC 10-311] analyzing module rot8x8_117
INFO: [VRFC 10-311] analyzing module rot8x8_121
INFO: [VRFC 10-311] analyzing module rot8x8_125
INFO: [VRFC 10-311] analyzing module rot8x8_129
INFO: [VRFC 10-311] analyzing module rot8x8_133
INFO: [VRFC 10-311] analyzing module rot8x8_137
INFO: [VRFC 10-311] analyzing module rot8x8_141
INFO: [VRFC 10-311] analyzing module rot8x8_145
INFO: [VRFC 10-311] analyzing module rot8x8_149
INFO: [VRFC 10-311] analyzing module rot8x8_153
INFO: [VRFC 10-311] analyzing module rot8x8_157
INFO: [VRFC 10-311] analyzing module rot8x8_161
INFO: [VRFC 10-311] analyzing module rot8x8_165
INFO: [VRFC 10-311] analyzing module rot8x8_169
INFO: [VRFC 10-311] analyzing module rot8x8_173
INFO: [VRFC 10-311] analyzing module rot8x8_177
INFO: [VRFC 10-311] analyzing module rot8x8_181
INFO: [VRFC 10-311] analyzing module rot8x8_185
INFO: [VRFC 10-311] analyzing module rot8x8_189
INFO: [VRFC 10-311] analyzing module rot8x8_193
INFO: [VRFC 10-311] analyzing module rot8x8_197
INFO: [VRFC 10-311] analyzing module rot8x8_201
INFO: [VRFC 10-311] analyzing module rot8x8_205
INFO: [VRFC 10-311] analyzing module rot8x8_209
INFO: [VRFC 10-311] analyzing module rot8x8_213
INFO: [VRFC 10-311] analyzing module rot8x8_217
INFO: [VRFC 10-311] analyzing module rot8x8_221
INFO: [VRFC 10-311] analyzing module rot8x8_225
INFO: [VRFC 10-311] analyzing module rot8x8_229
INFO: [VRFC 10-311] analyzing module rot8x8_233
INFO: [VRFC 10-311] analyzing module rot8x8_237
INFO: [VRFC 10-311] analyzing module rot8x8_241
INFO: [VRFC 10-311] analyzing module rot8x8_245
INFO: [VRFC 10-311] analyzing module rot8x8_249
INFO: [VRFC 10-311] analyzing module rot8x8_253
INFO: [VRFC 10-311] analyzing module rot8x8_257
INFO: [VRFC 10-311] analyzing module rot8x8_261
INFO: [VRFC 10-311] analyzing module rot8x8_265
INFO: [VRFC 10-311] analyzing module rot8x8_269
INFO: [VRFC 10-311] analyzing module rot8x8_273
INFO: [VRFC 10-311] analyzing module rot8x8_277
INFO: [VRFC 10-311] analyzing module rot8x8_29
INFO: [VRFC 10-311] analyzing module rot8x8_33
INFO: [VRFC 10-311] analyzing module rot8x8_37
INFO: [VRFC 10-311] analyzing module rot8x8_41
INFO: [VRFC 10-311] analyzing module rot8x8_45
INFO: [VRFC 10-311] analyzing module rot8x8_49
INFO: [VRFC 10-311] analyzing module rot8x8_53
INFO: [VRFC 10-311] analyzing module rot8x8_57
INFO: [VRFC 10-311] analyzing module rot8x8_61
INFO: [VRFC 10-311] analyzing module rot8x8_65
INFO: [VRFC 10-311] analyzing module rot8x8_69
INFO: [VRFC 10-311] analyzing module rot8x8_73
INFO: [VRFC 10-311] analyzing module rot8x8_77
INFO: [VRFC 10-311] analyzing module rot8x8_81
INFO: [VRFC 10-311] analyzing module rot8x8_85
INFO: [VRFC 10-311] analyzing module rot8x8_89
INFO: [VRFC 10-311] analyzing module rot8x8_93
INFO: [VRFC 10-311] analyzing module rot8x8_97
INFO: [VRFC 10-311] analyzing module rotMux
INFO: [VRFC 10-311] analyzing module rotMux_18
INFO: [VRFC 10-311] analyzing module rotMux_19
INFO: [VRFC 10-311] analyzing module rotMux_20
INFO: [VRFC 10-311] analyzing module tbMux
INFO: [VRFC 10-311] analyzing module tbMux_21
INFO: [VRFC 10-311] analyzing module tbMux_22
INFO: [VRFC 10-311] analyzing module tbMux_23
INFO: [VRFC 10-311] analyzing module tbMux_24
INFO: [VRFC 10-311] analyzing module tbMux_25
INFO: [VRFC 10-311] analyzing module tbMux_26
INFO: [VRFC 10-311] analyzing module tbMux_27
INFO: [VRFC 10-311] analyzing module tilt
INFO: [VRFC 10-311] analyzing module tiltPhaseAcc
INFO: [VRFC 10-311] analyzing module tiltPhaseAcc_103
INFO: [VRFC 10-311] analyzing module tiltPhaseAcc_107
INFO: [VRFC 10-311] analyzing module tiltPhaseAcc_111
INFO: [VRFC 10-311] analyzing module tiltPhaseAcc_115
INFO: [VRFC 10-311] analyzing module tiltPhaseAcc_119
INFO: [VRFC 10-311] analyzing module tiltPhaseAcc_123
INFO: [VRFC 10-311] analyzing module tiltPhaseAcc_127
INFO: [VRFC 10-311] analyzing module tiltPhaseAcc_131
INFO: [VRFC 10-311] analyzing module tiltPhaseAcc_135
INFO: [VRFC 10-311] analyzing module tiltPhaseAcc_139
INFO: [VRFC 10-311] analyzing module tiltPhaseAcc_143
INFO: [VRFC 10-311] analyzing module tiltPhaseAcc_147
INFO: [VRFC 10-311] analyzing module tiltPhaseAcc_151
INFO: [VRFC 10-311] analyzing module tiltPhaseAcc_155
INFO: [VRFC 10-311] analyzing module tiltPhaseAcc_159
INFO: [VRFC 10-311] analyzing module tiltPhaseAcc_163
INFO: [VRFC 10-311] analyzing module tiltPhaseAcc_167
INFO: [VRFC 10-311] analyzing module tiltPhaseAcc_171
INFO: [VRFC 10-311] analyzing module tiltPhaseAcc_175
INFO: [VRFC 10-311] analyzing module tiltPhaseAcc_179
INFO: [VRFC 10-311] analyzing module tiltPhaseAcc_183
INFO: [VRFC 10-311] analyzing module tiltPhaseAcc_187
INFO: [VRFC 10-311] analyzing module tiltPhaseAcc_191
INFO: [VRFC 10-311] analyzing module tiltPhaseAcc_195
INFO: [VRFC 10-311] analyzing module tiltPhaseAcc_199
INFO: [VRFC 10-311] analyzing module tiltPhaseAcc_203
INFO: [VRFC 10-311] analyzing module tiltPhaseAcc_207
INFO: [VRFC 10-311] analyzing module tiltPhaseAcc_211
INFO: [VRFC 10-311] analyzing module tiltPhaseAcc_215
INFO: [VRFC 10-311] analyzing module tiltPhaseAcc_219
INFO: [VRFC 10-311] analyzing module tiltPhaseAcc_223
INFO: [VRFC 10-311] analyzing module tiltPhaseAcc_227
INFO: [VRFC 10-311] analyzing module tiltPhaseAcc_231
INFO: [VRFC 10-311] analyzing module tiltPhaseAcc_235
INFO: [VRFC 10-311] analyzing module tiltPhaseAcc_239
INFO: [VRFC 10-311] analyzing module tiltPhaseAcc_243
INFO: [VRFC 10-311] analyzing module tiltPhaseAcc_247
INFO: [VRFC 10-311] analyzing module tiltPhaseAcc_251
INFO: [VRFC 10-311] analyzing module tiltPhaseAcc_255
INFO: [VRFC 10-311] analyzing module tiltPhaseAcc_259
INFO: [VRFC 10-311] analyzing module tiltPhaseAcc_263
INFO: [VRFC 10-311] analyzing module tiltPhaseAcc_267
INFO: [VRFC 10-311] analyzing module tiltPhaseAcc_271
INFO: [VRFC 10-311] analyzing module tiltPhaseAcc_275
INFO: [VRFC 10-311] analyzing module tiltPhaseAcc_279
INFO: [VRFC 10-311] analyzing module tiltPhaseAcc_31
INFO: [VRFC 10-311] analyzing module tiltPhaseAcc_35
INFO: [VRFC 10-311] analyzing module tiltPhaseAcc_39
INFO: [VRFC 10-311] analyzing module tiltPhaseAcc_43
INFO: [VRFC 10-311] analyzing module tiltPhaseAcc_47
INFO: [VRFC 10-311] analyzing module tiltPhaseAcc_51
INFO: [VRFC 10-311] analyzing module tiltPhaseAcc_55
INFO: [VRFC 10-311] analyzing module tiltPhaseAcc_59
INFO: [VRFC 10-311] analyzing module tiltPhaseAcc_63
INFO: [VRFC 10-311] analyzing module tiltPhaseAcc_67
INFO: [VRFC 10-311] analyzing module tiltPhaseAcc_71
INFO: [VRFC 10-311] analyzing module tiltPhaseAcc_75
INFO: [VRFC 10-311] analyzing module tiltPhaseAcc_79
INFO: [VRFC 10-311] analyzing module tiltPhaseAcc_83
INFO: [VRFC 10-311] analyzing module tiltPhaseAcc_87
INFO: [VRFC 10-311] analyzing module tiltPhaseAcc_91
INFO: [VRFC 10-311] analyzing module tiltPhaseAcc_95
INFO: [VRFC 10-311] analyzing module tiltPhaseAcc_99
INFO: [VRFC 10-311] analyzing module tilt_102
INFO: [VRFC 10-311] analyzing module tilt_106
INFO: [VRFC 10-311] analyzing module tilt_110
INFO: [VRFC 10-311] analyzing module tilt_114
INFO: [VRFC 10-311] analyzing module tilt_118
INFO: [VRFC 10-311] analyzing module tilt_122
INFO: [VRFC 10-311] analyzing module tilt_126
INFO: [VRFC 10-311] analyzing module tilt_130
INFO: [VRFC 10-311] analyzing module tilt_134
INFO: [VRFC 10-311] analyzing module tilt_138
INFO: [VRFC 10-311] analyzing module tilt_142
INFO: [VRFC 10-311] analyzing module tilt_146
INFO: [VRFC 10-311] analyzing module tilt_150
INFO: [VRFC 10-311] analyzing module tilt_154
INFO: [VRFC 10-311] analyzing module tilt_158
INFO: [VRFC 10-311] analyzing module tilt_162
INFO: [VRFC 10-311] analyzing module tilt_166
INFO: [VRFC 10-311] analyzing module tilt_170
INFO: [VRFC 10-311] analyzing module tilt_174
INFO: [VRFC 10-311] analyzing module tilt_178
INFO: [VRFC 10-311] analyzing module tilt_182
INFO: [VRFC 10-311] analyzing module tilt_186
INFO: [VRFC 10-311] analyzing module tilt_190
INFO: [VRFC 10-311] analyzing module tilt_194
INFO: [VRFC 10-311] analyzing module tilt_198
INFO: [VRFC 10-311] analyzing module tilt_202
INFO: [VRFC 10-311] analyzing module tilt_206
INFO: [VRFC 10-311] analyzing module tilt_210
INFO: [VRFC 10-311] analyzing module tilt_214
INFO: [VRFC 10-311] analyzing module tilt_218
INFO: [VRFC 10-311] analyzing module tilt_222
INFO: [VRFC 10-311] analyzing module tilt_226
INFO: [VRFC 10-311] analyzing module tilt_230
INFO: [VRFC 10-311] analyzing module tilt_234
INFO: [VRFC 10-311] analyzing module tilt_238
INFO: [VRFC 10-311] analyzing module tilt_242
INFO: [VRFC 10-311] analyzing module tilt_246
INFO: [VRFC 10-311] analyzing module tilt_250
INFO: [VRFC 10-311] analyzing module tilt_254
INFO: [VRFC 10-311] analyzing module tilt_258
INFO: [VRFC 10-311] analyzing module tilt_262
INFO: [VRFC 10-311] analyzing module tilt_266
INFO: [VRFC 10-311] analyzing module tilt_270
INFO: [VRFC 10-311] analyzing module tilt_274
INFO: [VRFC 10-311] analyzing module tilt_278
INFO: [VRFC 10-311] analyzing module tilt_30
INFO: [VRFC 10-311] analyzing module tilt_34
INFO: [VRFC 10-311] analyzing module tilt_38
INFO: [VRFC 10-311] analyzing module tilt_42
INFO: [VRFC 10-311] analyzing module tilt_46
INFO: [VRFC 10-311] analyzing module tilt_50
INFO: [VRFC 10-311] analyzing module tilt_54
INFO: [VRFC 10-311] analyzing module tilt_58
INFO: [VRFC 10-311] analyzing module tilt_62
INFO: [VRFC 10-311] analyzing module tilt_66
INFO: [VRFC 10-311] analyzing module tilt_70
INFO: [VRFC 10-311] analyzing module tilt_74
INFO: [VRFC 10-311] analyzing module tilt_78
INFO: [VRFC 10-311] analyzing module tilt_82
INFO: [VRFC 10-311] analyzing module tilt_86
INFO: [VRFC 10-311] analyzing module tilt_90
INFO: [VRFC 10-311] analyzing module tilt_94
INFO: [VRFC 10-311] analyzing module tilt_98
INFO: [VRFC 10-311] analyzing module traceBackMultiH
INFO: [VRFC 10-311] analyzing module trellisMultiH
INFO: [VRFC 10-311] analyzing module viterbiMultiH
INFO: [VRFC 10-311] analyzing module decayMpy10x8mult_gen_v12_0_12
INFO: [VRFC 10-311] analyzing module decayMpy10x8mult_gen_v12_0_12_HD1340
INFO: [VRFC 10-311] analyzing module decayMpy10x8mult_gen_v12_0_12_HD1344
INFO: [VRFC 10-311] analyzing module decayMpy10x8mult_gen_v12_0_12_HD1348
INFO: [VRFC 10-311] analyzing module decayMpy10x8mult_gen_v12_0_12_HD1352
INFO: [VRFC 10-311] analyzing module decayMpy10x8mult_gen_v12_0_12_HD1356
INFO: [VRFC 10-311] analyzing module decayMpy10x8mult_gen_v12_0_12_HD1360
INFO: [VRFC 10-311] analyzing module decayMpy10x8mult_gen_v12_0_12_HD1364
INFO: [VRFC 10-311] analyzing module decayMpy10x8mult_gen_v12_0_12_HD1368
INFO: [VRFC 10-311] analyzing module decayMpy10x8mult_gen_v12_0_12_HD1372
INFO: [VRFC 10-311] analyzing module decayMpy10x8mult_gen_v12_0_12_HD1376
INFO: [VRFC 10-311] analyzing module decayMpy10x8mult_gen_v12_0_12_HD1380
INFO: [VRFC 10-311] analyzing module decayMpy10x8mult_gen_v12_0_12_HD1384
INFO: [VRFC 10-311] analyzing module decayMpy10x8mult_gen_v12_0_12_HD1388
INFO: [VRFC 10-311] analyzing module decayMpy10x8mult_gen_v12_0_12_HD1392
INFO: [VRFC 10-311] analyzing module decayMpy10x8mult_gen_v12_0_12_HD1396
INFO: [VRFC 10-311] analyzing module decayMpy10x8mult_gen_v12_0_12_HD1400
INFO: [VRFC 10-311] analyzing module decayMpy10x8mult_gen_v12_0_12_HD1404
INFO: [VRFC 10-311] analyzing module decayMpy10x8mult_gen_v12_0_12_HD1408
INFO: [VRFC 10-311] analyzing module decayMpy10x8mult_gen_v12_0_12_HD1412
INFO: [VRFC 10-311] analyzing module decayMpy10x8mult_gen_v12_0_12_HD1416
INFO: [VRFC 10-311] analyzing module decayMpy10x8mult_gen_v12_0_12_HD1420
INFO: [VRFC 10-311] analyzing module decayMpy10x8mult_gen_v12_0_12_HD1424
INFO: [VRFC 10-311] analyzing module decayMpy10x8mult_gen_v12_0_12_HD1428
INFO: [VRFC 10-311] analyzing module decayMpy10x8mult_gen_v12_0_12_HD1432
INFO: [VRFC 10-311] analyzing module decayMpy10x8mult_gen_v12_0_12_HD1436
INFO: [VRFC 10-311] analyzing module decayMpy10x8mult_gen_v12_0_12_HD1440
INFO: [VRFC 10-311] analyzing module decayMpy10x8mult_gen_v12_0_12_HD1444
INFO: [VRFC 10-311] analyzing module decayMpy10x8mult_gen_v12_0_12_HD1448
INFO: [VRFC 10-311] analyzing module decayMpy10x8mult_gen_v12_0_12_HD1452
INFO: [VRFC 10-311] analyzing module decayMpy10x8mult_gen_v12_0_12_HD1456
INFO: [VRFC 10-311] analyzing module decayMpy10x8mult_gen_v12_0_12_HD1460
INFO: [VRFC 10-311] analyzing module decayMpy10x8mult_gen_v12_0_12_HD1464
INFO: [VRFC 10-311] analyzing module decayMpy10x8mult_gen_v12_0_12_HD1468
INFO: [VRFC 10-311] analyzing module decayMpy10x8mult_gen_v12_0_12_HD1472
INFO: [VRFC 10-311] analyzing module decayMpy10x8mult_gen_v12_0_12_HD1476
INFO: [VRFC 10-311] analyzing module decayMpy10x8mult_gen_v12_0_12_HD1480
INFO: [VRFC 10-311] analyzing module decayMpy10x8mult_gen_v12_0_12_HD1484
INFO: [VRFC 10-311] analyzing module decayMpy10x8mult_gen_v12_0_12_HD1488
INFO: [VRFC 10-311] analyzing module decayMpy10x8mult_gen_v12_0_12_HD1492
INFO: [VRFC 10-311] analyzing module decayMpy10x8mult_gen_v12_0_12_HD1496
INFO: [VRFC 10-311] analyzing module decayMpy10x8mult_gen_v12_0_12_HD1500
INFO: [VRFC 10-311] analyzing module decayMpy10x8mult_gen_v12_0_12_HD1504
INFO: [VRFC 10-311] analyzing module decayMpy10x8mult_gen_v12_0_12_HD1508
INFO: [VRFC 10-311] analyzing module decayMpy10x8mult_gen_v12_0_12_HD1512
INFO: [VRFC 10-311] analyzing module decayMpy10x8mult_gen_v12_0_12_HD1516
INFO: [VRFC 10-311] analyzing module decayMpy10x8mult_gen_v12_0_12_HD1520
INFO: [VRFC 10-311] analyzing module decayMpy10x8mult_gen_v12_0_12_HD1524
INFO: [VRFC 10-311] analyzing module decayMpy10x8mult_gen_v12_0_12_HD1528
INFO: [VRFC 10-311] analyzing module decayMpy10x8mult_gen_v12_0_12_HD1532
INFO: [VRFC 10-311] analyzing module decayMpy10x8mult_gen_v12_0_12_HD1536
INFO: [VRFC 10-311] analyzing module decayMpy10x8mult_gen_v12_0_12_HD1540
INFO: [VRFC 10-311] analyzing module decayMpy10x8mult_gen_v12_0_12_HD1544
INFO: [VRFC 10-311] analyzing module decayMpy10x8mult_gen_v12_0_12_HD1548
INFO: [VRFC 10-311] analyzing module decayMpy10x8mult_gen_v12_0_12_HD1552
INFO: [VRFC 10-311] analyzing module decayMpy10x8mult_gen_v12_0_12_HD1556
INFO: [VRFC 10-311] analyzing module decayMpy10x8mult_gen_v12_0_12_HD1560
INFO: [VRFC 10-311] analyzing module decayMpy10x8mult_gen_v12_0_12_HD1564
INFO: [VRFC 10-311] analyzing module decayMpy10x8mult_gen_v12_0_12_HD1568
INFO: [VRFC 10-311] analyzing module decayMpy10x8mult_gen_v12_0_12_HD1572
INFO: [VRFC 10-311] analyzing module decayMpy10x8mult_gen_v12_0_12_HD1576
INFO: [VRFC 10-311] analyzing module decayMpy10x8mult_gen_v12_0_12_HD1580
INFO: [VRFC 10-311] analyzing module decayMpy10x8mult_gen_v12_0_12_HD1584
INFO: [VRFC 10-311] analyzing module decayMpy10x8mult_gen_v12_0_12_HD1588
INFO: [VRFC 10-311] analyzing module mult8x8mult_gen_v12_0_12
INFO: [VRFC 10-311] analyzing module mult8x8mult_gen_v12_0_12_HD1001
INFO: [VRFC 10-311] analyzing module mult8x8mult_gen_v12_0_12_HD1005
INFO: [VRFC 10-311] analyzing module mult8x8mult_gen_v12_0_12_HD1017
INFO: [VRFC 10-311] analyzing module mult8x8mult_gen_v12_0_12_HD1021
INFO: [VRFC 10-311] analyzing module mult8x8mult_gen_v12_0_12_HD1033
INFO: [VRFC 10-311] analyzing module mult8x8mult_gen_v12_0_12_HD1037
INFO: [VRFC 10-311] analyzing module mult8x8mult_gen_v12_0_12_HD1049
INFO: [VRFC 10-311] analyzing module mult8x8mult_gen_v12_0_12_HD1053
INFO: [VRFC 10-311] analyzing module mult8x8mult_gen_v12_0_12_HD1065
INFO: [VRFC 10-311] analyzing module mult8x8mult_gen_v12_0_12_HD1069
INFO: [VRFC 10-311] analyzing module mult8x8mult_gen_v12_0_12_HD1073
INFO: [VRFC 10-311] analyzing module mult8x8mult_gen_v12_0_12_HD1077
INFO: [VRFC 10-311] analyzing module mult8x8mult_gen_v12_0_12_HD1081
INFO: [VRFC 10-311] analyzing module mult8x8mult_gen_v12_0_12_HD1085
INFO: [VRFC 10-311] analyzing module mult8x8mult_gen_v12_0_12_HD1097
INFO: [VRFC 10-311] analyzing module mult8x8mult_gen_v12_0_12_HD1101
INFO: [VRFC 10-311] analyzing module mult8x8mult_gen_v12_0_12_HD1113
INFO: [VRFC 10-311] analyzing module mult8x8mult_gen_v12_0_12_HD1117
INFO: [VRFC 10-311] analyzing module mult8x8mult_gen_v12_0_12_HD1129
INFO: [VRFC 10-311] analyzing module mult8x8mult_gen_v12_0_12_HD1133
INFO: [VRFC 10-311] analyzing module mult8x8mult_gen_v12_0_12_HD1145
INFO: [VRFC 10-311] analyzing module mult8x8mult_gen_v12_0_12_HD1149
INFO: [VRFC 10-311] analyzing module mult8x8mult_gen_v12_0_12_HD1161
INFO: [VRFC 10-311] analyzing module mult8x8mult_gen_v12_0_12_HD1165
INFO: [VRFC 10-311] analyzing module mult8x8mult_gen_v12_0_12_HD1177
INFO: [VRFC 10-311] analyzing module mult8x8mult_gen_v12_0_12_HD1181
INFO: [VRFC 10-311] analyzing module mult8x8mult_gen_v12_0_12_HD1193
INFO: [VRFC 10-311] analyzing module mult8x8mult_gen_v12_0_12_HD1197
INFO: [VRFC 10-311] analyzing module mult8x8mult_gen_v12_0_12_HD1209
INFO: [VRFC 10-311] analyzing module mult8x8mult_gen_v12_0_12_HD1213
INFO: [VRFC 10-311] analyzing module mult8x8mult_gen_v12_0_12_HD1225
INFO: [VRFC 10-311] analyzing module mult8x8mult_gen_v12_0_12_HD1229
INFO: [VRFC 10-311] analyzing module mult8x8mult_gen_v12_0_12_HD1241
INFO: [VRFC 10-311] analyzing module mult8x8mult_gen_v12_0_12_HD1245
INFO: [VRFC 10-311] analyzing module mult8x8mult_gen_v12_0_12_HD1257
INFO: [VRFC 10-311] analyzing module mult8x8mult_gen_v12_0_12_HD1261
INFO: [VRFC 10-311] analyzing module mult8x8mult_gen_v12_0_12_HD1273
INFO: [VRFC 10-311] analyzing module mult8x8mult_gen_v12_0_12_HD257
INFO: [VRFC 10-311] analyzing module mult8x8mult_gen_v12_0_12_HD261
INFO: [VRFC 10-311] analyzing module mult8x8mult_gen_v12_0_12_HD265
INFO: [VRFC 10-311] analyzing module mult8x8mult_gen_v12_0_12_HD269
INFO: [VRFC 10-311] analyzing module mult8x8mult_gen_v12_0_12_HD273
INFO: [VRFC 10-311] analyzing module mult8x8mult_gen_v12_0_12_HD277
INFO: [VRFC 10-311] analyzing module mult8x8mult_gen_v12_0_12_HD281
INFO: [VRFC 10-311] analyzing module mult8x8mult_gen_v12_0_12_HD285
INFO: [VRFC 10-311] analyzing module mult8x8mult_gen_v12_0_12_HD289
INFO: [VRFC 10-311] analyzing module mult8x8mult_gen_v12_0_12_HD293
INFO: [VRFC 10-311] analyzing module mult8x8mult_gen_v12_0_12_HD297
INFO: [VRFC 10-311] analyzing module mult8x8mult_gen_v12_0_12_HD301
INFO: [VRFC 10-311] analyzing module mult8x8mult_gen_v12_0_12_HD305
INFO: [VRFC 10-311] analyzing module mult8x8mult_gen_v12_0_12_HD309
INFO: [VRFC 10-311] analyzing module mult8x8mult_gen_v12_0_12_HD313
INFO: [VRFC 10-311] analyzing module mult8x8mult_gen_v12_0_12_HD317
INFO: [VRFC 10-311] analyzing module mult8x8mult_gen_v12_0_12_HD329
INFO: [VRFC 10-311] analyzing module mult8x8mult_gen_v12_0_12_HD333
INFO: [VRFC 10-311] analyzing module mult8x8mult_gen_v12_0_12_HD345
INFO: [VRFC 10-311] analyzing module mult8x8mult_gen_v12_0_12_HD349
INFO: [VRFC 10-311] analyzing module mult8x8mult_gen_v12_0_12_HD361
INFO: [VRFC 10-311] analyzing module mult8x8mult_gen_v12_0_12_HD365
INFO: [VRFC 10-311] analyzing module mult8x8mult_gen_v12_0_12_HD377
INFO: [VRFC 10-311] analyzing module mult8x8mult_gen_v12_0_12_HD381
INFO: [VRFC 10-311] analyzing module mult8x8mult_gen_v12_0_12_HD393
INFO: [VRFC 10-311] analyzing module mult8x8mult_gen_v12_0_12_HD397
INFO: [VRFC 10-311] analyzing module mult8x8mult_gen_v12_0_12_HD409
INFO: [VRFC 10-311] analyzing module mult8x8mult_gen_v12_0_12_HD413
INFO: [VRFC 10-311] analyzing module mult8x8mult_gen_v12_0_12_HD425
INFO: [VRFC 10-311] analyzing module mult8x8mult_gen_v12_0_12_HD429
INFO: [VRFC 10-311] analyzing module mult8x8mult_gen_v12_0_12_HD441
INFO: [VRFC 10-311] analyzing module mult8x8mult_gen_v12_0_12_HD445
INFO: [VRFC 10-311] analyzing module mult8x8mult_gen_v12_0_12_HD457
INFO: [VRFC 10-311] analyzing module mult8x8mult_gen_v12_0_12_HD461
INFO: [VRFC 10-311] analyzing module mult8x8mult_gen_v12_0_12_HD473
INFO: [VRFC 10-311] analyzing module mult8x8mult_gen_v12_0_12_HD477
INFO: [VRFC 10-311] analyzing module mult8x8mult_gen_v12_0_12_HD489
INFO: [VRFC 10-311] analyzing module mult8x8mult_gen_v12_0_12_HD493
INFO: [VRFC 10-311] analyzing module mult8x8mult_gen_v12_0_12_HD497
INFO: [VRFC 10-311] analyzing module mult8x8mult_gen_v12_0_12_HD501
INFO: [VRFC 10-311] analyzing module mult8x8mult_gen_v12_0_12_HD505
INFO: [VRFC 10-311] analyzing module mult8x8mult_gen_v12_0_12_HD509
INFO: [VRFC 10-311] analyzing module mult8x8mult_gen_v12_0_12_HD521
INFO: [VRFC 10-311] analyzing module mult8x8mult_gen_v12_0_12_HD525
INFO: [VRFC 10-311] analyzing module mult8x8mult_gen_v12_0_12_HD537
INFO: [VRFC 10-311] analyzing module mult8x8mult_gen_v12_0_12_HD541
INFO: [VRFC 10-311] analyzing module mult8x8mult_gen_v12_0_12_HD553
INFO: [VRFC 10-311] analyzing module mult8x8mult_gen_v12_0_12_HD557
INFO: [VRFC 10-311] analyzing module mult8x8mult_gen_v12_0_12_HD569
INFO: [VRFC 10-311] analyzing module mult8x8mult_gen_v12_0_12_HD573
INFO: [VRFC 10-311] analyzing module mult8x8mult_gen_v12_0_12_HD585
INFO: [VRFC 10-311] analyzing module mult8x8mult_gen_v12_0_12_HD589
INFO: [VRFC 10-311] analyzing module mult8x8mult_gen_v12_0_12_HD601
INFO: [VRFC 10-311] analyzing module mult8x8mult_gen_v12_0_12_HD605
INFO: [VRFC 10-311] analyzing module mult8x8mult_gen_v12_0_12_HD617
INFO: [VRFC 10-311] analyzing module mult8x8mult_gen_v12_0_12_HD621
INFO: [VRFC 10-311] analyzing module mult8x8mult_gen_v12_0_12_HD633
INFO: [VRFC 10-311] analyzing module mult8x8mult_gen_v12_0_12_HD637
INFO: [VRFC 10-311] analyzing module mult8x8mult_gen_v12_0_12_HD649
INFO: [VRFC 10-311] analyzing module mult8x8mult_gen_v12_0_12_HD653
INFO: [VRFC 10-311] analyzing module mult8x8mult_gen_v12_0_12_HD665
INFO: [VRFC 10-311] analyzing module mult8x8mult_gen_v12_0_12_HD669
INFO: [VRFC 10-311] analyzing module mult8x8mult_gen_v12_0_12_HD681
INFO: [VRFC 10-311] analyzing module mult8x8mult_gen_v12_0_12_HD685
INFO: [VRFC 10-311] analyzing module mult8x8mult_gen_v12_0_12_HD689
INFO: [VRFC 10-311] analyzing module mult8x8mult_gen_v12_0_12_HD693
INFO: [VRFC 10-311] analyzing module mult8x8mult_gen_v12_0_12_HD697
INFO: [VRFC 10-311] analyzing module mult8x8mult_gen_v12_0_12_HD701
INFO: [VRFC 10-311] analyzing module mult8x8mult_gen_v12_0_12_HD713
INFO: [VRFC 10-311] analyzing module mult8x8mult_gen_v12_0_12_HD717
INFO: [VRFC 10-311] analyzing module mult8x8mult_gen_v12_0_12_HD729
INFO: [VRFC 10-311] analyzing module mult8x8mult_gen_v12_0_12_HD733
INFO: [VRFC 10-311] analyzing module mult8x8mult_gen_v12_0_12_HD745
INFO: [VRFC 10-311] analyzing module mult8x8mult_gen_v12_0_12_HD749
INFO: [VRFC 10-311] analyzing module mult8x8mult_gen_v12_0_12_HD761
INFO: [VRFC 10-311] analyzing module mult8x8mult_gen_v12_0_12_HD765
INFO: [VRFC 10-311] analyzing module mult8x8mult_gen_v12_0_12_HD777
INFO: [VRFC 10-311] analyzing module mult8x8mult_gen_v12_0_12_HD781
INFO: [VRFC 10-311] analyzing module mult8x8mult_gen_v12_0_12_HD785
INFO: [VRFC 10-311] analyzing module mult8x8mult_gen_v12_0_12_HD789
INFO: [VRFC 10-311] analyzing module mult8x8mult_gen_v12_0_12_HD793
INFO: [VRFC 10-311] analyzing module mult8x8mult_gen_v12_0_12_HD797
INFO: [VRFC 10-311] analyzing module mult8x8mult_gen_v12_0_12_HD809
INFO: [VRFC 10-311] analyzing module mult8x8mult_gen_v12_0_12_HD813
INFO: [VRFC 10-311] analyzing module mult8x8mult_gen_v12_0_12_HD825
INFO: [VRFC 10-311] analyzing module mult8x8mult_gen_v12_0_12_HD829
INFO: [VRFC 10-311] analyzing module mult8x8mult_gen_v12_0_12_HD841
INFO: [VRFC 10-311] analyzing module mult8x8mult_gen_v12_0_12_HD845
INFO: [VRFC 10-311] analyzing module mult8x8mult_gen_v12_0_12_HD857
INFO: [VRFC 10-311] analyzing module mult8x8mult_gen_v12_0_12_HD861
INFO: [VRFC 10-311] analyzing module mult8x8mult_gen_v12_0_12_HD873
INFO: [VRFC 10-311] analyzing module mult8x8mult_gen_v12_0_12_HD877
INFO: [VRFC 10-311] analyzing module mult8x8mult_gen_v12_0_12_HD889
INFO: [VRFC 10-311] analyzing module mult8x8mult_gen_v12_0_12_HD893
INFO: [VRFC 10-311] analyzing module mult8x8mult_gen_v12_0_12_HD905
INFO: [VRFC 10-311] analyzing module mult8x8mult_gen_v12_0_12_HD909
INFO: [VRFC 10-311] analyzing module mult8x8mult_gen_v12_0_12_HD921
INFO: [VRFC 10-311] analyzing module mult8x8mult_gen_v12_0_12_HD925
INFO: [VRFC 10-311] analyzing module mult8x8mult_gen_v12_0_12_HD937
INFO: [VRFC 10-311] analyzing module mult8x8mult_gen_v12_0_12_HD941
INFO: [VRFC 10-311] analyzing module mult8x8mult_gen_v12_0_12_HD953
INFO: [VRFC 10-311] analyzing module mult8x8mult_gen_v12_0_12_HD957
INFO: [VRFC 10-311] analyzing module mult8x8mult_gen_v12_0_12_HD969
INFO: [VRFC 10-311] analyzing module mult8x8mult_gen_v12_0_12_HD973
INFO: [VRFC 10-311] analyzing module mult8x8mult_gen_v12_0_12_HD985
INFO: [VRFC 10-311] analyzing module mult8x8mult_gen_v12_0_12_HD989
INFO: [VRFC 10-311] analyzing module decayMpy10x8dsp
INFO: [VRFC 10-311] analyzing module decayMpy10x8dsp_HD1342
INFO: [VRFC 10-311] analyzing module decayMpy10x8dsp_HD1346
INFO: [VRFC 10-311] analyzing module decayMpy10x8dsp_HD1350
INFO: [VRFC 10-311] analyzing module decayMpy10x8dsp_HD1354
INFO: [VRFC 10-311] analyzing module decayMpy10x8dsp_HD1358
INFO: [VRFC 10-311] analyzing module decayMpy10x8dsp_HD1362
INFO: [VRFC 10-311] analyzing module decayMpy10x8dsp_HD1366
INFO: [VRFC 10-311] analyzing module decayMpy10x8dsp_HD1370
INFO: [VRFC 10-311] analyzing module decayMpy10x8dsp_HD1374
INFO: [VRFC 10-311] analyzing module decayMpy10x8dsp_HD1378
INFO: [VRFC 10-311] analyzing module decayMpy10x8dsp_HD1382
INFO: [VRFC 10-311] analyzing module decayMpy10x8dsp_HD1386
INFO: [VRFC 10-311] analyzing module decayMpy10x8dsp_HD1390
INFO: [VRFC 10-311] analyzing module decayMpy10x8dsp_HD1394
INFO: [VRFC 10-311] analyzing module decayMpy10x8dsp_HD1398
INFO: [VRFC 10-311] analyzing module decayMpy10x8dsp_HD1402
INFO: [VRFC 10-311] analyzing module decayMpy10x8dsp_HD1406
INFO: [VRFC 10-311] analyzing module decayMpy10x8dsp_HD1410
INFO: [VRFC 10-311] analyzing module decayMpy10x8dsp_HD1414
INFO: [VRFC 10-311] analyzing module decayMpy10x8dsp_HD1418
INFO: [VRFC 10-311] analyzing module decayMpy10x8dsp_HD1422
INFO: [VRFC 10-311] analyzing module decayMpy10x8dsp_HD1426
INFO: [VRFC 10-311] analyzing module decayMpy10x8dsp_HD1430
INFO: [VRFC 10-311] analyzing module decayMpy10x8dsp_HD1434
INFO: [VRFC 10-311] analyzing module decayMpy10x8dsp_HD1438
INFO: [VRFC 10-311] analyzing module decayMpy10x8dsp_HD1442
INFO: [VRFC 10-311] analyzing module decayMpy10x8dsp_HD1446
INFO: [VRFC 10-311] analyzing module decayMpy10x8dsp_HD1450
INFO: [VRFC 10-311] analyzing module decayMpy10x8dsp_HD1454
INFO: [VRFC 10-311] analyzing module decayMpy10x8dsp_HD1458
INFO: [VRFC 10-311] analyzing module decayMpy10x8dsp_HD1462
INFO: [VRFC 10-311] analyzing module decayMpy10x8dsp_HD1466
INFO: [VRFC 10-311] analyzing module decayMpy10x8dsp_HD1470
INFO: [VRFC 10-311] analyzing module decayMpy10x8dsp_HD1474
INFO: [VRFC 10-311] analyzing module decayMpy10x8dsp_HD1478
INFO: [VRFC 10-311] analyzing module decayMpy10x8dsp_HD1482
INFO: [VRFC 10-311] analyzing module decayMpy10x8dsp_HD1486
INFO: [VRFC 10-311] analyzing module decayMpy10x8dsp_HD1490
INFO: [VRFC 10-311] analyzing module decayMpy10x8dsp_HD1494
INFO: [VRFC 10-311] analyzing module decayMpy10x8dsp_HD1498
INFO: [VRFC 10-311] analyzing module decayMpy10x8dsp_HD1502
INFO: [VRFC 10-311] analyzing module decayMpy10x8dsp_HD1506
INFO: [VRFC 10-311] analyzing module decayMpy10x8dsp_HD1510
INFO: [VRFC 10-311] analyzing module decayMpy10x8dsp_HD1514
INFO: [VRFC 10-311] analyzing module decayMpy10x8dsp_HD1518
INFO: [VRFC 10-311] analyzing module decayMpy10x8dsp_HD1522
INFO: [VRFC 10-311] analyzing module decayMpy10x8dsp_HD1526
INFO: [VRFC 10-311] analyzing module decayMpy10x8dsp_HD1530
INFO: [VRFC 10-311] analyzing module decayMpy10x8dsp_HD1534
INFO: [VRFC 10-311] analyzing module decayMpy10x8dsp_HD1538
INFO: [VRFC 10-311] analyzing module decayMpy10x8dsp_HD1542
INFO: [VRFC 10-311] analyzing module decayMpy10x8dsp_HD1546
INFO: [VRFC 10-311] analyzing module decayMpy10x8dsp_HD1550
INFO: [VRFC 10-311] analyzing module decayMpy10x8dsp_HD1554
INFO: [VRFC 10-311] analyzing module decayMpy10x8dsp_HD1558
INFO: [VRFC 10-311] analyzing module decayMpy10x8dsp_HD1562
INFO: [VRFC 10-311] analyzing module decayMpy10x8dsp_HD1566
INFO: [VRFC 10-311] analyzing module decayMpy10x8dsp_HD1570
INFO: [VRFC 10-311] analyzing module decayMpy10x8dsp_HD1574
INFO: [VRFC 10-311] analyzing module decayMpy10x8dsp_HD1578
INFO: [VRFC 10-311] analyzing module decayMpy10x8dsp_HD1582
INFO: [VRFC 10-311] analyzing module decayMpy10x8dsp_HD1586
INFO: [VRFC 10-311] analyzing module decayMpy10x8dsp_HD1590
INFO: [VRFC 10-311] analyzing module decayMpy10x8mult_gen_v12_0_12_viv
INFO: [VRFC 10-311] analyzing module decayMpy10x8mult_gen_v12_0_12_viv_HD1341
INFO: [VRFC 10-311] analyzing module decayMpy10x8mult_gen_v12_0_12_viv_HD1345
INFO: [VRFC 10-311] analyzing module decayMpy10x8mult_gen_v12_0_12_viv_HD1349
INFO: [VRFC 10-311] analyzing module decayMpy10x8mult_gen_v12_0_12_viv_HD1353
INFO: [VRFC 10-311] analyzing module decayMpy10x8mult_gen_v12_0_12_viv_HD1357
INFO: [VRFC 10-311] analyzing module decayMpy10x8mult_gen_v12_0_12_viv_HD1361
INFO: [VRFC 10-311] analyzing module decayMpy10x8mult_gen_v12_0_12_viv_HD1365
INFO: [VRFC 10-311] analyzing module decayMpy10x8mult_gen_v12_0_12_viv_HD1369
INFO: [VRFC 10-311] analyzing module decayMpy10x8mult_gen_v12_0_12_viv_HD1373
INFO: [VRFC 10-311] analyzing module decayMpy10x8mult_gen_v12_0_12_viv_HD1377
INFO: [VRFC 10-311] analyzing module decayMpy10x8mult_gen_v12_0_12_viv_HD1381
INFO: [VRFC 10-311] analyzing module decayMpy10x8mult_gen_v12_0_12_viv_HD1385
INFO: [VRFC 10-311] analyzing module decayMpy10x8mult_gen_v12_0_12_viv_HD1389
INFO: [VRFC 10-311] analyzing module decayMpy10x8mult_gen_v12_0_12_viv_HD1393
INFO: [VRFC 10-311] analyzing module decayMpy10x8mult_gen_v12_0_12_viv_HD1397
INFO: [VRFC 10-311] analyzing module decayMpy10x8mult_gen_v12_0_12_viv_HD1401
INFO: [VRFC 10-311] analyzing module decayMpy10x8mult_gen_v12_0_12_viv_HD1405
INFO: [VRFC 10-311] analyzing module decayMpy10x8mult_gen_v12_0_12_viv_HD1409
INFO: [VRFC 10-311] analyzing module decayMpy10x8mult_gen_v12_0_12_viv_HD1413
INFO: [VRFC 10-311] analyzing module decayMpy10x8mult_gen_v12_0_12_viv_HD1417
INFO: [VRFC 10-311] analyzing module decayMpy10x8mult_gen_v12_0_12_viv_HD1421
INFO: [VRFC 10-311] analyzing module decayMpy10x8mult_gen_v12_0_12_viv_HD1425
INFO: [VRFC 10-311] analyzing module decayMpy10x8mult_gen_v12_0_12_viv_HD1429
INFO: [VRFC 10-311] analyzing module decayMpy10x8mult_gen_v12_0_12_viv_HD1433
INFO: [VRFC 10-311] analyzing module decayMpy10x8mult_gen_v12_0_12_viv_HD1437
INFO: [VRFC 10-311] analyzing module decayMpy10x8mult_gen_v12_0_12_viv_HD1441
INFO: [VRFC 10-311] analyzing module decayMpy10x8mult_gen_v12_0_12_viv_HD1445
INFO: [VRFC 10-311] analyzing module decayMpy10x8mult_gen_v12_0_12_viv_HD1449
INFO: [VRFC 10-311] analyzing module decayMpy10x8mult_gen_v12_0_12_viv_HD1453
INFO: [VRFC 10-311] analyzing module decayMpy10x8mult_gen_v12_0_12_viv_HD1457
INFO: [VRFC 10-311] analyzing module decayMpy10x8mult_gen_v12_0_12_viv_HD1461
INFO: [VRFC 10-311] analyzing module decayMpy10x8mult_gen_v12_0_12_viv_HD1465
INFO: [VRFC 10-311] analyzing module decayMpy10x8mult_gen_v12_0_12_viv_HD1469
INFO: [VRFC 10-311] analyzing module decayMpy10x8mult_gen_v12_0_12_viv_HD1473
INFO: [VRFC 10-311] analyzing module decayMpy10x8mult_gen_v12_0_12_viv_HD1477
INFO: [VRFC 10-311] analyzing module decayMpy10x8mult_gen_v12_0_12_viv_HD1481
INFO: [VRFC 10-311] analyzing module decayMpy10x8mult_gen_v12_0_12_viv_HD1485
INFO: [VRFC 10-311] analyzing module decayMpy10x8mult_gen_v12_0_12_viv_HD1489
INFO: [VRFC 10-311] analyzing module decayMpy10x8mult_gen_v12_0_12_viv_HD1493
INFO: [VRFC 10-311] analyzing module decayMpy10x8mult_gen_v12_0_12_viv_HD1497
INFO: [VRFC 10-311] analyzing module decayMpy10x8mult_gen_v12_0_12_viv_HD1501
INFO: [VRFC 10-311] analyzing module decayMpy10x8mult_gen_v12_0_12_viv_HD1505
INFO: [VRFC 10-311] analyzing module decayMpy10x8mult_gen_v12_0_12_viv_HD1509
INFO: [VRFC 10-311] analyzing module decayMpy10x8mult_gen_v12_0_12_viv_HD1513
INFO: [VRFC 10-311] analyzing module decayMpy10x8mult_gen_v12_0_12_viv_HD1517
INFO: [VRFC 10-311] analyzing module decayMpy10x8mult_gen_v12_0_12_viv_HD1521
INFO: [VRFC 10-311] analyzing module decayMpy10x8mult_gen_v12_0_12_viv_HD1525
INFO: [VRFC 10-311] analyzing module decayMpy10x8mult_gen_v12_0_12_viv_HD1529
INFO: [VRFC 10-311] analyzing module decayMpy10x8mult_gen_v12_0_12_viv_HD1533
INFO: [VRFC 10-311] analyzing module decayMpy10x8mult_gen_v12_0_12_viv_HD1537
INFO: [VRFC 10-311] analyzing module decayMpy10x8mult_gen_v12_0_12_viv_HD1541
INFO: [VRFC 10-311] analyzing module decayMpy10x8mult_gen_v12_0_12_viv_HD1545
INFO: [VRFC 10-311] analyzing module decayMpy10x8mult_gen_v12_0_12_viv_HD1549
INFO: [VRFC 10-311] analyzing module decayMpy10x8mult_gen_v12_0_12_viv_HD1553
INFO: [VRFC 10-311] analyzing module decayMpy10x8mult_gen_v12_0_12_viv_HD1557
INFO: [VRFC 10-311] analyzing module decayMpy10x8mult_gen_v12_0_12_viv_HD1561
INFO: [VRFC 10-311] analyzing module decayMpy10x8mult_gen_v12_0_12_viv_HD1565
INFO: [VRFC 10-311] analyzing module decayMpy10x8mult_gen_v12_0_12_viv_HD1569
INFO: [VRFC 10-311] analyzing module decayMpy10x8mult_gen_v12_0_12_viv_HD1573
INFO: [VRFC 10-311] analyzing module decayMpy10x8mult_gen_v12_0_12_viv_HD1577
INFO: [VRFC 10-311] analyzing module decayMpy10x8mult_gen_v12_0_12_viv_HD1581
INFO: [VRFC 10-311] analyzing module decayMpy10x8mult_gen_v12_0_12_viv_HD1585
INFO: [VRFC 10-311] analyzing module decayMpy10x8mult_gen_v12_0_12_viv_HD1589
INFO: [VRFC 10-311] analyzing module mult8x8luts
INFO: [VRFC 10-311] analyzing module mult8x8luts_HD1003
INFO: [VRFC 10-311] analyzing module mult8x8luts_HD1007
INFO: [VRFC 10-311] analyzing module mult8x8luts_HD1019
INFO: [VRFC 10-311] analyzing module mult8x8luts_HD1023
INFO: [VRFC 10-311] analyzing module mult8x8luts_HD1035
INFO: [VRFC 10-311] analyzing module mult8x8luts_HD1039
INFO: [VRFC 10-311] analyzing module mult8x8luts_HD1051
INFO: [VRFC 10-311] analyzing module mult8x8luts_HD1055
INFO: [VRFC 10-311] analyzing module mult8x8luts_HD1067
INFO: [VRFC 10-311] analyzing module mult8x8luts_HD1071
INFO: [VRFC 10-311] analyzing module mult8x8luts_HD1075
INFO: [VRFC 10-311] analyzing module mult8x8luts_HD1079
INFO: [VRFC 10-311] analyzing module mult8x8luts_HD1083
INFO: [VRFC 10-311] analyzing module mult8x8luts_HD1087
INFO: [VRFC 10-311] analyzing module mult8x8luts_HD1099
INFO: [VRFC 10-311] analyzing module mult8x8luts_HD1103
INFO: [VRFC 10-311] analyzing module mult8x8luts_HD1115
INFO: [VRFC 10-311] analyzing module mult8x8luts_HD1119
INFO: [VRFC 10-311] analyzing module mult8x8luts_HD1131
INFO: [VRFC 10-311] analyzing module mult8x8luts_HD1135
INFO: [VRFC 10-311] analyzing module mult8x8luts_HD1147
INFO: [VRFC 10-311] analyzing module mult8x8luts_HD1151
INFO: [VRFC 10-311] analyzing module mult8x8luts_HD1163
INFO: [VRFC 10-311] analyzing module mult8x8luts_HD1167
INFO: [VRFC 10-311] analyzing module mult8x8luts_HD1179
INFO: [VRFC 10-311] analyzing module mult8x8luts_HD1183
INFO: [VRFC 10-311] analyzing module mult8x8luts_HD1195
INFO: [VRFC 10-311] analyzing module mult8x8luts_HD1199
INFO: [VRFC 10-311] analyzing module mult8x8luts_HD1211
INFO: [VRFC 10-311] analyzing module mult8x8luts_HD1215
INFO: [VRFC 10-311] analyzing module mult8x8luts_HD1227
INFO: [VRFC 10-311] analyzing module mult8x8luts_HD1231
INFO: [VRFC 10-311] analyzing module mult8x8luts_HD1243
INFO: [VRFC 10-311] analyzing module mult8x8luts_HD1247
INFO: [VRFC 10-311] analyzing module mult8x8luts_HD1259
INFO: [VRFC 10-311] analyzing module mult8x8luts_HD1263
INFO: [VRFC 10-311] analyzing module mult8x8luts_HD1275
INFO: [VRFC 10-311] analyzing module mult8x8luts_HD259
INFO: [VRFC 10-311] analyzing module mult8x8luts_HD263
INFO: [VRFC 10-311] analyzing module mult8x8luts_HD267
INFO: [VRFC 10-311] analyzing module mult8x8luts_HD271
INFO: [VRFC 10-311] analyzing module mult8x8luts_HD275
INFO: [VRFC 10-311] analyzing module mult8x8luts_HD279
INFO: [VRFC 10-311] analyzing module mult8x8luts_HD283
INFO: [VRFC 10-311] analyzing module mult8x8luts_HD287
INFO: [VRFC 10-311] analyzing module mult8x8luts_HD291
INFO: [VRFC 10-311] analyzing module mult8x8luts_HD295
INFO: [VRFC 10-311] analyzing module mult8x8luts_HD299
INFO: [VRFC 10-311] analyzing module mult8x8luts_HD303
INFO: [VRFC 10-311] analyzing module mult8x8luts_HD307
INFO: [VRFC 10-311] analyzing module mult8x8luts_HD311
INFO: [VRFC 10-311] analyzing module mult8x8luts_HD315
INFO: [VRFC 10-311] analyzing module mult8x8luts_HD319
INFO: [VRFC 10-311] analyzing module mult8x8luts_HD331
INFO: [VRFC 10-311] analyzing module mult8x8luts_HD335
INFO: [VRFC 10-311] analyzing module mult8x8luts_HD347
INFO: [VRFC 10-311] analyzing module mult8x8luts_HD351
INFO: [VRFC 10-311] analyzing module mult8x8luts_HD363
INFO: [VRFC 10-311] analyzing module mult8x8luts_HD367
INFO: [VRFC 10-311] analyzing module mult8x8luts_HD379
INFO: [VRFC 10-311] analyzing module mult8x8luts_HD383
INFO: [VRFC 10-311] analyzing module mult8x8luts_HD395
INFO: [VRFC 10-311] analyzing module mult8x8luts_HD399
INFO: [VRFC 10-311] analyzing module mult8x8luts_HD411
INFO: [VRFC 10-311] analyzing module mult8x8luts_HD415
INFO: [VRFC 10-311] analyzing module mult8x8luts_HD427
INFO: [VRFC 10-311] analyzing module mult8x8luts_HD431
INFO: [VRFC 10-311] analyzing module mult8x8luts_HD443
INFO: [VRFC 10-311] analyzing module mult8x8luts_HD447
INFO: [VRFC 10-311] analyzing module mult8x8luts_HD459
INFO: [VRFC 10-311] analyzing module mult8x8luts_HD463
INFO: [VRFC 10-311] analyzing module mult8x8luts_HD475
INFO: [VRFC 10-311] analyzing module mult8x8luts_HD479
INFO: [VRFC 10-311] analyzing module mult8x8luts_HD491
INFO: [VRFC 10-311] analyzing module mult8x8luts_HD495
INFO: [VRFC 10-311] analyzing module mult8x8luts_HD499
INFO: [VRFC 10-311] analyzing module mult8x8luts_HD503
INFO: [VRFC 10-311] analyzing module mult8x8luts_HD507
INFO: [VRFC 10-311] analyzing module mult8x8luts_HD511
INFO: [VRFC 10-311] analyzing module mult8x8luts_HD523
INFO: [VRFC 10-311] analyzing module mult8x8luts_HD527
INFO: [VRFC 10-311] analyzing module mult8x8luts_HD539
INFO: [VRFC 10-311] analyzing module mult8x8luts_HD543
INFO: [VRFC 10-311] analyzing module mult8x8luts_HD555
INFO: [VRFC 10-311] analyzing module mult8x8luts_HD559
INFO: [VRFC 10-311] analyzing module mult8x8luts_HD571
INFO: [VRFC 10-311] analyzing module mult8x8luts_HD575
INFO: [VRFC 10-311] analyzing module mult8x8luts_HD587
INFO: [VRFC 10-311] analyzing module mult8x8luts_HD591
INFO: [VRFC 10-311] analyzing module mult8x8luts_HD603
INFO: [VRFC 10-311] analyzing module mult8x8luts_HD607
INFO: [VRFC 10-311] analyzing module mult8x8luts_HD619
INFO: [VRFC 10-311] analyzing module mult8x8luts_HD623
INFO: [VRFC 10-311] analyzing module mult8x8luts_HD635
INFO: [VRFC 10-311] analyzing module mult8x8luts_HD639
INFO: [VRFC 10-311] analyzing module mult8x8luts_HD651
INFO: [VRFC 10-311] analyzing module mult8x8luts_HD655
INFO: [VRFC 10-311] analyzing module mult8x8luts_HD667
INFO: [VRFC 10-311] analyzing module mult8x8luts_HD671
INFO: [VRFC 10-311] analyzing module mult8x8luts_HD683
INFO: [VRFC 10-311] analyzing module mult8x8luts_HD687
INFO: [VRFC 10-311] analyzing module mult8x8luts_HD691
INFO: [VRFC 10-311] analyzing module mult8x8luts_HD695
INFO: [VRFC 10-311] analyzing module mult8x8luts_HD699
INFO: [VRFC 10-311] analyzing module mult8x8luts_HD703
INFO: [VRFC 10-311] analyzing module mult8x8luts_HD715
INFO: [VRFC 10-311] analyzing module mult8x8luts_HD719
INFO: [VRFC 10-311] analyzing module mult8x8luts_HD731
INFO: [VRFC 10-311] analyzing module mult8x8luts_HD735
INFO: [VRFC 10-311] analyzing module mult8x8luts_HD747
INFO: [VRFC 10-311] analyzing module mult8x8luts_HD751
INFO: [VRFC 10-311] analyzing module mult8x8luts_HD763
INFO: [VRFC 10-311] analyzing module mult8x8luts_HD767
INFO: [VRFC 10-311] analyzing module mult8x8luts_HD779
INFO: [VRFC 10-311] analyzing module mult8x8luts_HD783
INFO: [VRFC 10-311] analyzing module mult8x8luts_HD787
INFO: [VRFC 10-311] analyzing module mult8x8luts_HD791
INFO: [VRFC 10-311] analyzing module mult8x8luts_HD795
INFO: [VRFC 10-311] analyzing module mult8x8luts_HD799
INFO: [VRFC 10-311] analyzing module mult8x8luts_HD811
INFO: [VRFC 10-311] analyzing module mult8x8luts_HD815
INFO: [VRFC 10-311] analyzing module mult8x8luts_HD827
INFO: [VRFC 10-311] analyzing module mult8x8luts_HD831
INFO: [VRFC 10-311] analyzing module mult8x8luts_HD843
INFO: [VRFC 10-311] analyzing module mult8x8luts_HD847
INFO: [VRFC 10-311] analyzing module mult8x8luts_HD859
INFO: [VRFC 10-311] analyzing module mult8x8luts_HD863
INFO: [VRFC 10-311] analyzing module mult8x8luts_HD875
INFO: [VRFC 10-311] analyzing module mult8x8luts_HD879
INFO: [VRFC 10-311] analyzing module mult8x8luts_HD891
INFO: [VRFC 10-311] analyzing module mult8x8luts_HD895
INFO: [VRFC 10-311] analyzing module mult8x8luts_HD907
INFO: [VRFC 10-311] analyzing module mult8x8luts_HD911
INFO: [VRFC 10-311] analyzing module mult8x8luts_HD923
INFO: [VRFC 10-311] analyzing module mult8x8luts_HD927
INFO: [VRFC 10-311] analyzing module mult8x8luts_HD939
INFO: [VRFC 10-311] analyzing module mult8x8luts_HD943
INFO: [VRFC 10-311] analyzing module mult8x8luts_HD955
INFO: [VRFC 10-311] analyzing module mult8x8luts_HD959
INFO: [VRFC 10-311] analyzing module mult8x8luts_HD971
INFO: [VRFC 10-311] analyzing module mult8x8luts_HD975
INFO: [VRFC 10-311] analyzing module mult8x8luts_HD987
INFO: [VRFC 10-311] analyzing module mult8x8luts_HD991
INFO: [VRFC 10-311] analyzing module mult8x8mult_gen_v12_0_12_viv
INFO: [VRFC 10-311] analyzing module mult8x8mult_gen_v12_0_12_viv_HD1002
INFO: [VRFC 10-311] analyzing module mult8x8mult_gen_v12_0_12_viv_HD1006
INFO: [VRFC 10-311] analyzing module mult8x8mult_gen_v12_0_12_viv_HD1018
INFO: [VRFC 10-311] analyzing module mult8x8mult_gen_v12_0_12_viv_HD1022
INFO: [VRFC 10-311] analyzing module mult8x8mult_gen_v12_0_12_viv_HD1034
INFO: [VRFC 10-311] analyzing module mult8x8mult_gen_v12_0_12_viv_HD1038
INFO: [VRFC 10-311] analyzing module mult8x8mult_gen_v12_0_12_viv_HD1050
INFO: [VRFC 10-311] analyzing module mult8x8mult_gen_v12_0_12_viv_HD1054
INFO: [VRFC 10-311] analyzing module mult8x8mult_gen_v12_0_12_viv_HD1066
INFO: [VRFC 10-311] analyzing module mult8x8mult_gen_v12_0_12_viv_HD1070
INFO: [VRFC 10-311] analyzing module mult8x8mult_gen_v12_0_12_viv_HD1074
INFO: [VRFC 10-311] analyzing module mult8x8mult_gen_v12_0_12_viv_HD1078
INFO: [VRFC 10-311] analyzing module mult8x8mult_gen_v12_0_12_viv_HD1082
INFO: [VRFC 10-311] analyzing module mult8x8mult_gen_v12_0_12_viv_HD1086
INFO: [VRFC 10-311] analyzing module mult8x8mult_gen_v12_0_12_viv_HD1098
INFO: [VRFC 10-311] analyzing module mult8x8mult_gen_v12_0_12_viv_HD1102
INFO: [VRFC 10-311] analyzing module mult8x8mult_gen_v12_0_12_viv_HD1114
INFO: [VRFC 10-311] analyzing module mult8x8mult_gen_v12_0_12_viv_HD1118
INFO: [VRFC 10-311] analyzing module mult8x8mult_gen_v12_0_12_viv_HD1130
INFO: [VRFC 10-311] analyzing module mult8x8mult_gen_v12_0_12_viv_HD1134
INFO: [VRFC 10-311] analyzing module mult8x8mult_gen_v12_0_12_viv_HD1146
INFO: [VRFC 10-311] analyzing module mult8x8mult_gen_v12_0_12_viv_HD1150
INFO: [VRFC 10-311] analyzing module mult8x8mult_gen_v12_0_12_viv_HD1162
INFO: [VRFC 10-311] analyzing module mult8x8mult_gen_v12_0_12_viv_HD1166
INFO: [VRFC 10-311] analyzing module mult8x8mult_gen_v12_0_12_viv_HD1178
INFO: [VRFC 10-311] analyzing module mult8x8mult_gen_v12_0_12_viv_HD1182
INFO: [VRFC 10-311] analyzing module mult8x8mult_gen_v12_0_12_viv_HD1194
INFO: [VRFC 10-311] analyzing module mult8x8mult_gen_v12_0_12_viv_HD1198
INFO: [VRFC 10-311] analyzing module mult8x8mult_gen_v12_0_12_viv_HD1210
INFO: [VRFC 10-311] analyzing module mult8x8mult_gen_v12_0_12_viv_HD1214
INFO: [VRFC 10-311] analyzing module mult8x8mult_gen_v12_0_12_viv_HD1226
INFO: [VRFC 10-311] analyzing module mult8x8mult_gen_v12_0_12_viv_HD1230
INFO: [VRFC 10-311] analyzing module mult8x8mult_gen_v12_0_12_viv_HD1242
INFO: [VRFC 10-311] analyzing module mult8x8mult_gen_v12_0_12_viv_HD1246
INFO: [VRFC 10-311] analyzing module mult8x8mult_gen_v12_0_12_viv_HD1258
INFO: [VRFC 10-311] analyzing module mult8x8mult_gen_v12_0_12_viv_HD1262
INFO: [VRFC 10-311] analyzing module mult8x8mult_gen_v12_0_12_viv_HD1274
INFO: [VRFC 10-311] analyzing module mult8x8mult_gen_v12_0_12_viv_HD258
INFO: [VRFC 10-311] analyzing module mult8x8mult_gen_v12_0_12_viv_HD262
INFO: [VRFC 10-311] analyzing module mult8x8mult_gen_v12_0_12_viv_HD266
INFO: [VRFC 10-311] analyzing module mult8x8mult_gen_v12_0_12_viv_HD270
INFO: [VRFC 10-311] analyzing module mult8x8mult_gen_v12_0_12_viv_HD274
INFO: [VRFC 10-311] analyzing module mult8x8mult_gen_v12_0_12_viv_HD278
INFO: [VRFC 10-311] analyzing module mult8x8mult_gen_v12_0_12_viv_HD282
INFO: [VRFC 10-311] analyzing module mult8x8mult_gen_v12_0_12_viv_HD286
INFO: [VRFC 10-311] analyzing module mult8x8mult_gen_v12_0_12_viv_HD290
INFO: [VRFC 10-311] analyzing module mult8x8mult_gen_v12_0_12_viv_HD294
INFO: [VRFC 10-311] analyzing module mult8x8mult_gen_v12_0_12_viv_HD298
INFO: [VRFC 10-311] analyzing module mult8x8mult_gen_v12_0_12_viv_HD302
INFO: [VRFC 10-311] analyzing module mult8x8mult_gen_v12_0_12_viv_HD306
INFO: [VRFC 10-311] analyzing module mult8x8mult_gen_v12_0_12_viv_HD310
INFO: [VRFC 10-311] analyzing module mult8x8mult_gen_v12_0_12_viv_HD314
INFO: [VRFC 10-311] analyzing module mult8x8mult_gen_v12_0_12_viv_HD318
INFO: [VRFC 10-311] analyzing module mult8x8mult_gen_v12_0_12_viv_HD330
INFO: [VRFC 10-311] analyzing module mult8x8mult_gen_v12_0_12_viv_HD334
INFO: [VRFC 10-311] analyzing module mult8x8mult_gen_v12_0_12_viv_HD346
INFO: [VRFC 10-311] analyzing module mult8x8mult_gen_v12_0_12_viv_HD350
INFO: [VRFC 10-311] analyzing module mult8x8mult_gen_v12_0_12_viv_HD362
INFO: [VRFC 10-311] analyzing module mult8x8mult_gen_v12_0_12_viv_HD366
INFO: [VRFC 10-311] analyzing module mult8x8mult_gen_v12_0_12_viv_HD378
INFO: [VRFC 10-311] analyzing module mult8x8mult_gen_v12_0_12_viv_HD382
INFO: [VRFC 10-311] analyzing module mult8x8mult_gen_v12_0_12_viv_HD394
INFO: [VRFC 10-311] analyzing module mult8x8mult_gen_v12_0_12_viv_HD398
INFO: [VRFC 10-311] analyzing module mult8x8mult_gen_v12_0_12_viv_HD410
INFO: [VRFC 10-311] analyzing module mult8x8mult_gen_v12_0_12_viv_HD414
INFO: [VRFC 10-311] analyzing module mult8x8mult_gen_v12_0_12_viv_HD426
INFO: [VRFC 10-311] analyzing module mult8x8mult_gen_v12_0_12_viv_HD430
INFO: [VRFC 10-311] analyzing module mult8x8mult_gen_v12_0_12_viv_HD442
INFO: [VRFC 10-311] analyzing module mult8x8mult_gen_v12_0_12_viv_HD446
INFO: [VRFC 10-311] analyzing module mult8x8mult_gen_v12_0_12_viv_HD458
INFO: [VRFC 10-311] analyzing module mult8x8mult_gen_v12_0_12_viv_HD462
INFO: [VRFC 10-311] analyzing module mult8x8mult_gen_v12_0_12_viv_HD474
INFO: [VRFC 10-311] analyzing module mult8x8mult_gen_v12_0_12_viv_HD478
INFO: [VRFC 10-311] analyzing module mult8x8mult_gen_v12_0_12_viv_HD490
INFO: [VRFC 10-311] analyzing module mult8x8mult_gen_v12_0_12_viv_HD494
INFO: [VRFC 10-311] analyzing module mult8x8mult_gen_v12_0_12_viv_HD498
INFO: [VRFC 10-311] analyzing module mult8x8mult_gen_v12_0_12_viv_HD502
INFO: [VRFC 10-311] analyzing module mult8x8mult_gen_v12_0_12_viv_HD506
INFO: [VRFC 10-311] analyzing module mult8x8mult_gen_v12_0_12_viv_HD510
INFO: [VRFC 10-311] analyzing module mult8x8mult_gen_v12_0_12_viv_HD522
INFO: [VRFC 10-311] analyzing module mult8x8mult_gen_v12_0_12_viv_HD526
INFO: [VRFC 10-311] analyzing module mult8x8mult_gen_v12_0_12_viv_HD538
INFO: [VRFC 10-311] analyzing module mult8x8mult_gen_v12_0_12_viv_HD542
INFO: [VRFC 10-311] analyzing module mult8x8mult_gen_v12_0_12_viv_HD554
INFO: [VRFC 10-311] analyzing module mult8x8mult_gen_v12_0_12_viv_HD558
INFO: [VRFC 10-311] analyzing module mult8x8mult_gen_v12_0_12_viv_HD570
INFO: [VRFC 10-311] analyzing module mult8x8mult_gen_v12_0_12_viv_HD574
INFO: [VRFC 10-311] analyzing module mult8x8mult_gen_v12_0_12_viv_HD586
INFO: [VRFC 10-311] analyzing module mult8x8mult_gen_v12_0_12_viv_HD590
INFO: [VRFC 10-311] analyzing module mult8x8mult_gen_v12_0_12_viv_HD602
INFO: [VRFC 10-311] analyzing module mult8x8mult_gen_v12_0_12_viv_HD606
INFO: [VRFC 10-311] analyzing module mult8x8mult_gen_v12_0_12_viv_HD618
INFO: [VRFC 10-311] analyzing module mult8x8mult_gen_v12_0_12_viv_HD622
INFO: [VRFC 10-311] analyzing module mult8x8mult_gen_v12_0_12_viv_HD634
INFO: [VRFC 10-311] analyzing module mult8x8mult_gen_v12_0_12_viv_HD638
INFO: [VRFC 10-311] analyzing module mult8x8mult_gen_v12_0_12_viv_HD650
INFO: [VRFC 10-311] analyzing module mult8x8mult_gen_v12_0_12_viv_HD654
INFO: [VRFC 10-311] analyzing module mult8x8mult_gen_v12_0_12_viv_HD666
INFO: [VRFC 10-311] analyzing module mult8x8mult_gen_v12_0_12_viv_HD670
INFO: [VRFC 10-311] analyzing module mult8x8mult_gen_v12_0_12_viv_HD682
INFO: [VRFC 10-311] analyzing module mult8x8mult_gen_v12_0_12_viv_HD686
INFO: [VRFC 10-311] analyzing module mult8x8mult_gen_v12_0_12_viv_HD690
INFO: [VRFC 10-311] analyzing module mult8x8mult_gen_v12_0_12_viv_HD694
INFO: [VRFC 10-311] analyzing module mult8x8mult_gen_v12_0_12_viv_HD698
INFO: [VRFC 10-311] analyzing module mult8x8mult_gen_v12_0_12_viv_HD702
INFO: [VRFC 10-311] analyzing module mult8x8mult_gen_v12_0_12_viv_HD714
INFO: [VRFC 10-311] analyzing module mult8x8mult_gen_v12_0_12_viv_HD718
INFO: [VRFC 10-311] analyzing module mult8x8mult_gen_v12_0_12_viv_HD730
INFO: [VRFC 10-311] analyzing module mult8x8mult_gen_v12_0_12_viv_HD734
INFO: [VRFC 10-311] analyzing module mult8x8mult_gen_v12_0_12_viv_HD746
INFO: [VRFC 10-311] analyzing module mult8x8mult_gen_v12_0_12_viv_HD750
INFO: [VRFC 10-311] analyzing module mult8x8mult_gen_v12_0_12_viv_HD762
INFO: [VRFC 10-311] analyzing module mult8x8mult_gen_v12_0_12_viv_HD766
INFO: [VRFC 10-311] analyzing module mult8x8mult_gen_v12_0_12_viv_HD778
INFO: [VRFC 10-311] analyzing module mult8x8mult_gen_v12_0_12_viv_HD782
INFO: [VRFC 10-311] analyzing module mult8x8mult_gen_v12_0_12_viv_HD786
INFO: [VRFC 10-311] analyzing module mult8x8mult_gen_v12_0_12_viv_HD790
INFO: [VRFC 10-311] analyzing module mult8x8mult_gen_v12_0_12_viv_HD794
INFO: [VRFC 10-311] analyzing module mult8x8mult_gen_v12_0_12_viv_HD798
INFO: [VRFC 10-311] analyzing module mult8x8mult_gen_v12_0_12_viv_HD810
INFO: [VRFC 10-311] analyzing module mult8x8mult_gen_v12_0_12_viv_HD814
INFO: [VRFC 10-311] analyzing module mult8x8mult_gen_v12_0_12_viv_HD826
INFO: [VRFC 10-311] analyzing module mult8x8mult_gen_v12_0_12_viv_HD830
INFO: [VRFC 10-311] analyzing module mult8x8mult_gen_v12_0_12_viv_HD842
INFO: [VRFC 10-311] analyzing module mult8x8mult_gen_v12_0_12_viv_HD846
INFO: [VRFC 10-311] analyzing module mult8x8mult_gen_v12_0_12_viv_HD858
INFO: [VRFC 10-311] analyzing module mult8x8mult_gen_v12_0_12_viv_HD862
INFO: [VRFC 10-311] analyzing module mult8x8mult_gen_v12_0_12_viv_HD874
INFO: [VRFC 10-311] analyzing module mult8x8mult_gen_v12_0_12_viv_HD878
INFO: [VRFC 10-311] analyzing module mult8x8mult_gen_v12_0_12_viv_HD890
INFO: [VRFC 10-311] analyzing module mult8x8mult_gen_v12_0_12_viv_HD894
INFO: [VRFC 10-311] analyzing module mult8x8mult_gen_v12_0_12_viv_HD906
INFO: [VRFC 10-311] analyzing module mult8x8mult_gen_v12_0_12_viv_HD910
INFO: [VRFC 10-311] analyzing module mult8x8mult_gen_v12_0_12_viv_HD922
INFO: [VRFC 10-311] analyzing module mult8x8mult_gen_v12_0_12_viv_HD926
INFO: [VRFC 10-311] analyzing module mult8x8mult_gen_v12_0_12_viv_HD938
INFO: [VRFC 10-311] analyzing module mult8x8mult_gen_v12_0_12_viv_HD942
INFO: [VRFC 10-311] analyzing module mult8x8mult_gen_v12_0_12_viv_HD954
INFO: [VRFC 10-311] analyzing module mult8x8mult_gen_v12_0_12_viv_HD958
INFO: [VRFC 10-311] analyzing module mult8x8mult_gen_v12_0_12_viv_HD970
INFO: [VRFC 10-311] analyzing module mult8x8mult_gen_v12_0_12_viv_HD974
INFO: [VRFC 10-311] analyzing module mult8x8mult_gen_v12_0_12_viv_HD986
INFO: [VRFC 10-311] analyzing module mult8x8mult_gen_v12_0_12_viv_HD990
INFO: [VRFC 10-311] analyzing module glbl
INFO: [VRFC 10-2263] Analyzing Verilog file "C:/modem/vivado/multi-h/testMultiH.v" into library xil_defaultlib
INFO: [VRFC 10-311] analyzing module test
