Vivado Simulator 2016.4
Copyright 1986-1999, 2001-2016 Xilinx, Inc. All Rights Reserved.
Running: C:/Xilinx/Vivado/2016.4/bin/unwrapped/win64.o/xelab.exe -wto 0027b497f38f46a7b40b8158d1351c26 --debug typical --relax --mt 2 -d SEMCO_DEMOD= -d SIMULATE= -L xil_defaultlib -L unisims_ver -L secureip --snapshot test_func_impl xil_defaultlib.test xil_defaultlib.glbl -log elaborate.log 
Using 2 slave threads.
Starting static elaboration
Completed static elaboration
Starting simulation data flow analysis
Completed simulation data flow analysis
Time Resolution for simulation is 1ps
Compiling module unisims_ver.IBUF
Compiling module unisims_ver.BUFG
Compiling module unisims_ver.OBUF
Compiling module unisims_ver.sffsrce_fdre
Compiling module unisims_ver.FDRE
Compiling module unisims_ver.x_lut3_mux4
Compiling module unisims_ver.x_lut3_mux4_reduced_0
Compiling module unisims_ver.LUT3
Compiling module unisims_ver.LUT6
Compiling module unisims_ver.x_lut2_mux4
Compiling module unisims_ver.LUT2
Compiling module unisims_ver.LUT5
Compiling module unisims_ver.LUT4
Compiling module unisims_ver.CARRY4
Compiling module unisims_ver.x_lut1_mux2
Compiling module unisims_ver.LUT1
Compiling module unisims_ver.DSP48E1(ALUMODEREG=0,CARRYINREG=...
Compiling module xil_defaultlib.dsp48_mac_339
Compiling module xil_defaultlib.dsp48_mac_340
Compiling module xil_defaultlib.dsp48_mac_341
Compiling module xil_defaultlib.dsp48_mac_342
Compiling module xil_defaultlib.mfilt__parameterized5
Compiling module xil_defaultlib.dsp48_mac_335
Compiling module xil_defaultlib.dsp48_mac_336
Compiling module xil_defaultlib.dsp48_mac_337
Compiling module xil_defaultlib.dsp48_mac_338
Compiling module xil_defaultlib.mfilt__parameterized13
Compiling module xil_defaultlib.dsp48_mac_331
Compiling module xil_defaultlib.dsp48_mac_332
Compiling module xil_defaultlib.dsp48_mac_333
Compiling module xil_defaultlib.dsp48_mac_334
Compiling module xil_defaultlib.mfilt__parameterized6
Compiling module xil_defaultlib.dsp48_mac_327
Compiling module xil_defaultlib.dsp48_mac_328
Compiling module xil_defaultlib.dsp48_mac_329
Compiling module xil_defaultlib.dsp48_mac_330
Compiling module xil_defaultlib.mfilt__parameterized14
Compiling module xil_defaultlib.dsp48_mac_323
Compiling module xil_defaultlib.dsp48_mac_324
Compiling module xil_defaultlib.dsp48_mac_325
Compiling module xil_defaultlib.dsp48_mac_326
Compiling module xil_defaultlib.mfilt__parameterized4
Compiling module xil_defaultlib.dsp48_mac_319
Compiling module xil_defaultlib.dsp48_mac_320
Compiling module xil_defaultlib.dsp48_mac_321
Compiling module xil_defaultlib.dsp48_mac_322
Compiling module xil_defaultlib.mfilt__parameterized12
Compiling module xil_defaultlib.dsp48_mac_315
Compiling module xil_defaultlib.dsp48_mac_316
Compiling module xil_defaultlib.dsp48_mac_317
Compiling module xil_defaultlib.dsp48_mac_318
Compiling module xil_defaultlib.mfilt__parameterized3
Compiling module xil_defaultlib.dsp48_mac_311
Compiling module xil_defaultlib.dsp48_mac_312
Compiling module xil_defaultlib.dsp48_mac_313
Compiling module xil_defaultlib.dsp48_mac_314
Compiling module xil_defaultlib.mfilt__parameterized11
Compiling module xil_defaultlib.dsp48_mac_307
Compiling module xil_defaultlib.dsp48_mac_308
Compiling module xil_defaultlib.dsp48_mac_309
Compiling module xil_defaultlib.dsp48_mac_310
Compiling module xil_defaultlib.mfilt__parameterized1
Compiling module xil_defaultlib.dsp48_mac_303
Compiling module xil_defaultlib.dsp48_mac_304
Compiling module xil_defaultlib.dsp48_mac_305
Compiling module xil_defaultlib.dsp48_mac_306
Compiling module xil_defaultlib.mfilt__parameterized9
Compiling module xil_defaultlib.dsp48_mac_299
Compiling module xil_defaultlib.dsp48_mac_300
Compiling module xil_defaultlib.dsp48_mac_301
Compiling module xil_defaultlib.dsp48_mac_302
Compiling module xil_defaultlib.mfilt__parameterized2
Compiling module xil_defaultlib.dsp48_mac_295
Compiling module xil_defaultlib.dsp48_mac_296
Compiling module xil_defaultlib.dsp48_mac_297
Compiling module xil_defaultlib.dsp48_mac_298
Compiling module xil_defaultlib.mfilt__parameterized10
Compiling module xil_defaultlib.dsp48_mac_291
Compiling module xil_defaultlib.dsp48_mac_292
Compiling module xil_defaultlib.dsp48_mac_293
Compiling module xil_defaultlib.dsp48_mac_294
Compiling module xil_defaultlib.mfilt__parameterized0
Compiling module xil_defaultlib.dsp48_mac_287
Compiling module xil_defaultlib.dsp48_mac_288
Compiling module xil_defaultlib.dsp48_mac_289
Compiling module xil_defaultlib.dsp48_mac_290
Compiling module xil_defaultlib.mfilt__parameterized8
Compiling module xil_defaultlib.dsp48_mac_283
Compiling module xil_defaultlib.dsp48_mac_284
Compiling module xil_defaultlib.dsp48_mac_285
Compiling module xil_defaultlib.dsp48_mac_286
Compiling module xil_defaultlib.mfilt
Compiling module xil_defaultlib.dsp48_mac
Compiling module xil_defaultlib.dsp48_mac_280
Compiling module xil_defaultlib.dsp48_mac_281
Compiling module xil_defaultlib.dsp48_mac_282
Compiling module xil_defaultlib.mfilt__parameterized7
Compiling module unisims_ver.SRL16E
Compiling module xil_defaultlib.mfiltBank
Compiling module xil_defaultlib.compSel_276
Compiling module unisims_ver.sffsrce_fdse
Compiling module unisims_ver.FDSE
Compiling module xil_defaultlib.mult8x8luts
Compiling module xil_defaultlib.mult8x8mult_gen_v12_0_12_viv
Compiling module xil_defaultlib.mult8x8mult_gen_v12_0_12
Compiling module xil_defaultlib.mult8x8
Compiling module xil_defaultlib.mult8x8luts_HD259
Compiling module xil_defaultlib.mult8x8mult_gen_v12_0_12_viv_HD2...
Compiling module xil_defaultlib.mult8x8mult_gen_v12_0_12_HD257
Compiling module xil_defaultlib.mult8x8_HD256
Compiling module xil_defaultlib.mult8x8luts_HD263
Compiling module xil_defaultlib.mult8x8mult_gen_v12_0_12_viv_HD2...
Compiling module xil_defaultlib.mult8x8mult_gen_v12_0_12_HD261
Compiling module xil_defaultlib.mult8x8_HD260
Compiling module xil_defaultlib.mult8x8luts_HD267
Compiling module xil_defaultlib.mult8x8mult_gen_v12_0_12_viv_HD2...
Compiling module xil_defaultlib.mult8x8mult_gen_v12_0_12_HD265
Compiling module xil_defaultlib.mult8x8_HD264
Compiling module xil_defaultlib.rot8x8_277
Compiling module unisims_ver.MUXF7
Compiling module xil_defaultlib.tiltPhaseAcc_279
Compiling module xil_defaultlib.tilt_278
Compiling module xil_defaultlib.acsMultH
Compiling module xil_defaultlib.compSel_272
Compiling module xil_defaultlib.mult8x8luts_HD271
Compiling module xil_defaultlib.mult8x8mult_gen_v12_0_12_viv_HD2...
Compiling module xil_defaultlib.mult8x8mult_gen_v12_0_12_HD269
Compiling module xil_defaultlib.mult8x8_HD268
Compiling module xil_defaultlib.mult8x8luts_HD275
Compiling module xil_defaultlib.mult8x8mult_gen_v12_0_12_viv_HD2...
Compiling module xil_defaultlib.mult8x8mult_gen_v12_0_12_HD273
Compiling module xil_defaultlib.mult8x8_HD272
Compiling module xil_defaultlib.mult8x8luts_HD279
Compiling module xil_defaultlib.mult8x8mult_gen_v12_0_12_viv_HD2...
Compiling module xil_defaultlib.mult8x8mult_gen_v12_0_12_HD277
Compiling module xil_defaultlib.mult8x8_HD276
Compiling module xil_defaultlib.mult8x8luts_HD283
Compiling module xil_defaultlib.mult8x8mult_gen_v12_0_12_viv_HD2...
Compiling module xil_defaultlib.mult8x8mult_gen_v12_0_12_HD281
Compiling module xil_defaultlib.mult8x8_HD280
Compiling module xil_defaultlib.rot8x8_273
Compiling module xil_defaultlib.tiltPhaseAcc_275
Compiling module xil_defaultlib.tilt_274
Compiling module xil_defaultlib.acsMultH_0
Compiling module xil_defaultlib.compSel_268
Compiling module xil_defaultlib.mult8x8luts_HD847
Compiling module xil_defaultlib.mult8x8mult_gen_v12_0_12_viv_HD8...
Compiling module xil_defaultlib.mult8x8mult_gen_v12_0_12_HD845
Compiling module xil_defaultlib.mult8x8_HD844
Compiling module xil_defaultlib.mult8x8luts_HD859
Compiling module xil_defaultlib.mult8x8mult_gen_v12_0_12_viv_HD8...
Compiling module xil_defaultlib.mult8x8mult_gen_v12_0_12_HD857
Compiling module xil_defaultlib.mult8x8_HD856
Compiling module xil_defaultlib.rot8x8_269
Compiling module xil_defaultlib.tiltPhaseAcc_271
Compiling module xil_defaultlib.tilt_270
Compiling module xil_defaultlib.acsMultH__parameterized39
Compiling module xil_defaultlib.compSel_264
Compiling module xil_defaultlib.mult8x8luts_HD1135
Compiling module xil_defaultlib.mult8x8mult_gen_v12_0_12_viv_HD1...
Compiling module xil_defaultlib.mult8x8mult_gen_v12_0_12_HD1133
Compiling module xil_defaultlib.mult8x8_HD1132
Compiling module xil_defaultlib.mult8x8luts_HD1147
Compiling module xil_defaultlib.mult8x8mult_gen_v12_0_12_viv_HD1...
Compiling module xil_defaultlib.mult8x8mult_gen_v12_0_12_HD1145
Compiling module xil_defaultlib.mult8x8_HD1144
Compiling module xil_defaultlib.rot8x8_265
Compiling module xil_defaultlib.tiltPhaseAcc_267
Compiling module xil_defaultlib.tilt_266
Compiling module xil_defaultlib.acsMultH__parameterized55
Compiling module xil_defaultlib.compSel_260
Compiling module xil_defaultlib.mult8x8luts_HD367
Compiling module xil_defaultlib.mult8x8mult_gen_v12_0_12_viv_HD3...
Compiling module xil_defaultlib.mult8x8mult_gen_v12_0_12_HD365
Compiling module xil_defaultlib.mult8x8_HD364
Compiling module xil_defaultlib.mult8x8luts_HD379
Compiling module xil_defaultlib.mult8x8mult_gen_v12_0_12_viv_HD3...
Compiling module xil_defaultlib.mult8x8mult_gen_v12_0_12_HD377
Compiling module xil_defaultlib.mult8x8_HD376
Compiling module xil_defaultlib.rot8x8_261
Compiling module xil_defaultlib.tiltPhaseAcc_263
Compiling module xil_defaultlib.tilt_262
Compiling module xil_defaultlib.acsMultH__parameterized11
Compiling module xil_defaultlib.compSel_256
Compiling module xil_defaultlib.mult8x8luts_HD639
Compiling module xil_defaultlib.mult8x8mult_gen_v12_0_12_viv_HD6...
Compiling module xil_defaultlib.mult8x8mult_gen_v12_0_12_HD637
Compiling module xil_defaultlib.mult8x8_HD636
Compiling module xil_defaultlib.mult8x8luts_HD651
Compiling module xil_defaultlib.mult8x8mult_gen_v12_0_12_viv_HD6...
Compiling module xil_defaultlib.mult8x8mult_gen_v12_0_12_HD649
Compiling module xil_defaultlib.mult8x8_HD648
Compiling module xil_defaultlib.rot8x8_257
Compiling module xil_defaultlib.tiltPhaseAcc_259
Compiling module xil_defaultlib.tilt_258
Compiling module xil_defaultlib.acsMultH__parameterized27
Compiling module xil_defaultlib.compSel_252
Compiling module xil_defaultlib.mult8x8luts_HD927
Compiling module xil_defaultlib.mult8x8mult_gen_v12_0_12_viv_HD9...
Compiling module xil_defaultlib.mult8x8mult_gen_v12_0_12_HD925
Compiling module xil_defaultlib.mult8x8_HD924
Compiling module xil_defaultlib.mult8x8luts_HD939
Compiling module xil_defaultlib.mult8x8mult_gen_v12_0_12_viv_HD9...
Compiling module xil_defaultlib.mult8x8mult_gen_v12_0_12_HD937
Compiling module xil_defaultlib.mult8x8_HD936
Compiling module xil_defaultlib.rot8x8_253
Compiling module xil_defaultlib.tiltPhaseAcc_255
Compiling module xil_defaultlib.tilt_254
Compiling module xil_defaultlib.acsMultH__parameterized43
Compiling module xil_defaultlib.compSel_248
Compiling module xil_defaultlib.mult8x8luts_HD1199
Compiling module xil_defaultlib.mult8x8mult_gen_v12_0_12_viv_HD1...
Compiling module xil_defaultlib.mult8x8mult_gen_v12_0_12_HD1197
Compiling module xil_defaultlib.mult8x8_HD1196
Compiling module xil_defaultlib.mult8x8luts_HD1211
Compiling module xil_defaultlib.mult8x8mult_gen_v12_0_12_viv_HD1...
Compiling module xil_defaultlib.mult8x8mult_gen_v12_0_12_HD1209
Compiling module xil_defaultlib.mult8x8_HD1208
Compiling module xil_defaultlib.rot8x8_249
Compiling module xil_defaultlib.tiltPhaseAcc_251
Compiling module xil_defaultlib.tilt_250
Compiling module xil_defaultlib.acsMultH__parameterized59
Compiling module xil_defaultlib.compSel_244
Compiling module xil_defaultlib.mult8x8luts_HD431
Compiling module xil_defaultlib.mult8x8mult_gen_v12_0_12_viv_HD4...
Compiling module xil_defaultlib.mult8x8mult_gen_v12_0_12_HD429
Compiling module xil_defaultlib.mult8x8_HD428
Compiling module xil_defaultlib.mult8x8luts_HD443
Compiling module xil_defaultlib.mult8x8mult_gen_v12_0_12_viv_HD4...
Compiling module xil_defaultlib.mult8x8mult_gen_v12_0_12_HD441
Compiling module xil_defaultlib.mult8x8_HD440
Compiling module xil_defaultlib.rot8x8_245
Compiling module xil_defaultlib.tiltPhaseAcc_247
Compiling module xil_defaultlib.tilt_246
Compiling module xil_defaultlib.acsMultH__parameterized15
Compiling module xil_defaultlib.compSel_240
Compiling module xil_defaultlib.mult8x8luts_HD719
Compiling module xil_defaultlib.mult8x8mult_gen_v12_0_12_viv_HD7...
Compiling module xil_defaultlib.mult8x8mult_gen_v12_0_12_HD717
Compiling module xil_defaultlib.mult8x8_HD716
Compiling module xil_defaultlib.mult8x8luts_HD731
Compiling module xil_defaultlib.mult8x8mult_gen_v12_0_12_viv_HD7...
Compiling module xil_defaultlib.mult8x8mult_gen_v12_0_12_HD729
Compiling module xil_defaultlib.mult8x8_HD728
Compiling module xil_defaultlib.rot8x8_241
Compiling module xil_defaultlib.tiltPhaseAcc_243
Compiling module xil_defaultlib.tilt_242
Compiling module xil_defaultlib.acsMultH__parameterized31
Compiling module xil_defaultlib.compSel_236
Compiling module xil_defaultlib.mult8x8luts_HD991
Compiling module xil_defaultlib.mult8x8mult_gen_v12_0_12_viv_HD9...
Compiling module xil_defaultlib.mult8x8mult_gen_v12_0_12_HD989
Compiling module xil_defaultlib.mult8x8_HD988
Compiling module xil_defaultlib.mult8x8luts_HD1003
Compiling module xil_defaultlib.mult8x8mult_gen_v12_0_12_viv_HD1...
Compiling module xil_defaultlib.mult8x8mult_gen_v12_0_12_HD1001
Compiling module xil_defaultlib.mult8x8_HD1000
Compiling module xil_defaultlib.rot8x8_237
Compiling module xil_defaultlib.tiltPhaseAcc_239
Compiling module xil_defaultlib.tilt_238
Compiling module xil_defaultlib.acsMultH__parameterized47
Compiling module xil_defaultlib.compSel_232
Compiling module xil_defaultlib.mult8x8luts_HD511
Compiling module xil_defaultlib.mult8x8mult_gen_v12_0_12_viv_HD5...
Compiling module xil_defaultlib.mult8x8mult_gen_v12_0_12_HD509
Compiling module xil_defaultlib.mult8x8_HD508
Compiling module xil_defaultlib.mult8x8luts_HD523
Compiling module xil_defaultlib.mult8x8mult_gen_v12_0_12_viv_HD5...
Compiling module xil_defaultlib.mult8x8mult_gen_v12_0_12_HD521
Compiling module xil_defaultlib.mult8x8_HD520
Compiling module xil_defaultlib.rot8x8_233
Compiling module xil_defaultlib.tiltPhaseAcc_235
Compiling module xil_defaultlib.tilt_234
Compiling module xil_defaultlib.acsMultH__parameterized2
Compiling module xil_defaultlib.compSel_228
Compiling module xil_defaultlib.mult8x8luts_HD287
Compiling module xil_defaultlib.mult8x8mult_gen_v12_0_12_viv_HD2...
Compiling module xil_defaultlib.mult8x8mult_gen_v12_0_12_HD285
Compiling module xil_defaultlib.mult8x8_HD284
Compiling module xil_defaultlib.mult8x8luts_HD291
Compiling module xil_defaultlib.mult8x8mult_gen_v12_0_12_viv_HD2...
Compiling module xil_defaultlib.mult8x8mult_gen_v12_0_12_HD289
Compiling module xil_defaultlib.mult8x8_HD288
Compiling module xil_defaultlib.mult8x8luts_HD295
Compiling module xil_defaultlib.mult8x8mult_gen_v12_0_12_viv_HD2...
Compiling module xil_defaultlib.mult8x8mult_gen_v12_0_12_HD293
Compiling module xil_defaultlib.mult8x8_HD292
Compiling module xil_defaultlib.mult8x8luts_HD299
Compiling module xil_defaultlib.mult8x8mult_gen_v12_0_12_viv_HD2...
Compiling module xil_defaultlib.mult8x8mult_gen_v12_0_12_HD297
Compiling module xil_defaultlib.mult8x8_HD296
Compiling module xil_defaultlib.rot8x8_229
Compiling module xil_defaultlib.tiltPhaseAcc_231
Compiling module xil_defaultlib.tilt_230
Compiling module xil_defaultlib.acsMultH_1
Compiling module xil_defaultlib.compSel_224
Compiling module xil_defaultlib.mult8x8luts_HD479
Compiling module xil_defaultlib.mult8x8mult_gen_v12_0_12_viv_HD4...
Compiling module xil_defaultlib.mult8x8mult_gen_v12_0_12_HD477
Compiling module xil_defaultlib.mult8x8_HD476
Compiling module xil_defaultlib.mult8x8luts_HD491
Compiling module xil_defaultlib.mult8x8mult_gen_v12_0_12_viv_HD4...
Compiling module xil_defaultlib.mult8x8mult_gen_v12_0_12_HD489
Compiling module xil_defaultlib.mult8x8_HD488
Compiling module xil_defaultlib.rot8x8_225
Compiling module xil_defaultlib.tiltPhaseAcc_227
Compiling module xil_defaultlib.tilt_226
Compiling module xil_defaultlib.acsMultH__parameterized18
Compiling module xil_defaultlib.compSel_220
Compiling module xil_defaultlib.mult8x8luts_HD767
Compiling module xil_defaultlib.mult8x8mult_gen_v12_0_12_viv_HD7...
Compiling module xil_defaultlib.mult8x8mult_gen_v12_0_12_HD765
Compiling module xil_defaultlib.mult8x8_HD764
Compiling module xil_defaultlib.mult8x8luts_HD779
Compiling module xil_defaultlib.mult8x8mult_gen_v12_0_12_viv_HD7...
Compiling module xil_defaultlib.mult8x8mult_gen_v12_0_12_HD777
Compiling module xil_defaultlib.mult8x8_HD776
Compiling module xil_defaultlib.rot8x8_221
Compiling module xil_defaultlib.tiltPhaseAcc_223
Compiling module xil_defaultlib.tilt_222
Compiling module xil_defaultlib.acsMultH__parameterized34
Compiling module xil_defaultlib.compSel_216
Compiling module xil_defaultlib.mult8x8luts_HD1055
Compiling module xil_defaultlib.mult8x8mult_gen_v12_0_12_viv_HD1...
Compiling module xil_defaultlib.mult8x8mult_gen_v12_0_12_HD1053
Compiling module xil_defaultlib.mult8x8_HD1052
Compiling module xil_defaultlib.mult8x8luts_HD1067
Compiling module xil_defaultlib.mult8x8mult_gen_v12_0_12_viv_HD1...
Compiling module xil_defaultlib.mult8x8mult_gen_v12_0_12_HD1065
Compiling module xil_defaultlib.mult8x8_HD1064
Compiling module xil_defaultlib.rot8x8_217
Compiling module xil_defaultlib.tiltPhaseAcc_219
Compiling module xil_defaultlib.tilt_218
Compiling module xil_defaultlib.acsMultH__parameterized50
Compiling module xil_defaultlib.compSel_212
Compiling module xil_defaultlib.mult8x8luts_HD1215
Compiling module xil_defaultlib.mult8x8mult_gen_v12_0_12_viv_HD1...
Compiling module xil_defaultlib.mult8x8mult_gen_v12_0_12_HD1213
Compiling module xil_defaultlib.mult8x8_HD1212
Compiling module xil_defaultlib.mult8x8luts_HD1227
Compiling module xil_defaultlib.mult8x8mult_gen_v12_0_12_viv_HD1...
Compiling module xil_defaultlib.mult8x8mult_gen_v12_0_12_HD1225
Compiling module xil_defaultlib.mult8x8_HD1224
Compiling module xil_defaultlib.rot8x8_213
Compiling module xil_defaultlib.tiltPhaseAcc_215
Compiling module xil_defaultlib.tilt_214
Compiling module xil_defaultlib.acsMultH__parameterized6
Compiling module xil_defaultlib.compSel_208
Compiling module xil_defaultlib.mult8x8luts_HD559
Compiling module xil_defaultlib.mult8x8mult_gen_v12_0_12_viv_HD5...
Compiling module xil_defaultlib.mult8x8mult_gen_v12_0_12_HD557
Compiling module xil_defaultlib.mult8x8_HD556
Compiling module xil_defaultlib.mult8x8luts_HD571
Compiling module xil_defaultlib.mult8x8mult_gen_v12_0_12_viv_HD5...
Compiling module xil_defaultlib.mult8x8mult_gen_v12_0_12_HD569
Compiling module xil_defaultlib.mult8x8_HD568
Compiling module xil_defaultlib.rot8x8_209
Compiling module xil_defaultlib.tiltPhaseAcc_211
Compiling module xil_defaultlib.tilt_210
Compiling module xil_defaultlib.acsMultH__parameterized22
Compiling module xil_defaultlib.compSel_204
Compiling module xil_defaultlib.mult8x8luts_HD831
Compiling module xil_defaultlib.mult8x8mult_gen_v12_0_12_viv_HD8...
Compiling module xil_defaultlib.mult8x8mult_gen_v12_0_12_HD829
Compiling module xil_defaultlib.mult8x8_HD828
Compiling module xil_defaultlib.mult8x8luts_HD843
Compiling module xil_defaultlib.mult8x8mult_gen_v12_0_12_viv_HD8...
Compiling module xil_defaultlib.mult8x8mult_gen_v12_0_12_HD841
Compiling module xil_defaultlib.mult8x8_HD840
Compiling module xil_defaultlib.rot8x8_205
Compiling module xil_defaultlib.tiltPhaseAcc_207
Compiling module xil_defaultlib.tilt_206
Compiling module xil_defaultlib.acsMultH__parameterized38
Compiling module xil_defaultlib.compSel_200
Compiling module xil_defaultlib.mult8x8luts_HD1119
Compiling module xil_defaultlib.mult8x8mult_gen_v12_0_12_viv_HD1...
Compiling module xil_defaultlib.mult8x8mult_gen_v12_0_12_HD1117
Compiling module xil_defaultlib.mult8x8_HD1116
Compiling module xil_defaultlib.mult8x8luts_HD1131
Compiling module xil_defaultlib.mult8x8mult_gen_v12_0_12_viv_HD1...
Compiling module xil_defaultlib.mult8x8mult_gen_v12_0_12_HD1129
Compiling module xil_defaultlib.mult8x8_HD1128
Compiling module xil_defaultlib.rot8x8_201
Compiling module xil_defaultlib.tiltPhaseAcc_203
Compiling module xil_defaultlib.tilt_202
Compiling module xil_defaultlib.acsMultH__parameterized54
Compiling module xil_defaultlib.compSel_196
Compiling module xil_defaultlib.mult8x8luts_HD351
Compiling module xil_defaultlib.mult8x8mult_gen_v12_0_12_viv_HD3...
Compiling module xil_defaultlib.mult8x8mult_gen_v12_0_12_HD349
Compiling module xil_defaultlib.mult8x8_HD348
Compiling module xil_defaultlib.mult8x8luts_HD363
Compiling module xil_defaultlib.mult8x8mult_gen_v12_0_12_viv_HD3...
Compiling module xil_defaultlib.mult8x8mult_gen_v12_0_12_HD361
Compiling module xil_defaultlib.mult8x8_HD360
Compiling module xil_defaultlib.rot8x8_197
Compiling module xil_defaultlib.tiltPhaseAcc_199
Compiling module xil_defaultlib.tilt_198
Compiling module xil_defaultlib.acsMultH__parameterized10
Compiling module xil_defaultlib.compSel_192
Compiling module xil_defaultlib.mult8x8luts_HD623
Compiling module xil_defaultlib.mult8x8mult_gen_v12_0_12_viv_HD6...
Compiling module xil_defaultlib.mult8x8mult_gen_v12_0_12_HD621
Compiling module xil_defaultlib.mult8x8_HD620
Compiling module xil_defaultlib.mult8x8luts_HD635
Compiling module xil_defaultlib.mult8x8mult_gen_v12_0_12_viv_HD6...
Compiling module xil_defaultlib.mult8x8mult_gen_v12_0_12_HD633
Compiling module xil_defaultlib.mult8x8_HD632
Compiling module xil_defaultlib.rot8x8_193
Compiling module xil_defaultlib.tiltPhaseAcc_195
Compiling module xil_defaultlib.tilt_194
Compiling module xil_defaultlib.acsMultH__parameterized26
Compiling module xil_defaultlib.compSel_188
Compiling module xil_defaultlib.mult8x8luts_HD911
Compiling module xil_defaultlib.mult8x8mult_gen_v12_0_12_viv_HD9...
Compiling module xil_defaultlib.mult8x8mult_gen_v12_0_12_HD909
Compiling module xil_defaultlib.mult8x8_HD908
Compiling module xil_defaultlib.mult8x8luts_HD923
Compiling module xil_defaultlib.mult8x8mult_gen_v12_0_12_viv_HD9...
Compiling module xil_defaultlib.mult8x8mult_gen_v12_0_12_HD921
Compiling module xil_defaultlib.mult8x8_HD920
Compiling module xil_defaultlib.rot8x8_189
Compiling module xil_defaultlib.tiltPhaseAcc_191
Compiling module xil_defaultlib.tilt_190
Compiling module xil_defaultlib.acsMultH__parameterized42
Compiling module xil_defaultlib.compSel_184
Compiling module xil_defaultlib.mult8x8luts_HD303
Compiling module xil_defaultlib.mult8x8mult_gen_v12_0_12_viv_HD3...
Compiling module xil_defaultlib.mult8x8mult_gen_v12_0_12_HD301
Compiling module xil_defaultlib.mult8x8_HD300
Compiling module xil_defaultlib.mult8x8luts_HD307
Compiling module xil_defaultlib.mult8x8mult_gen_v12_0_12_viv_HD3...
Compiling module xil_defaultlib.mult8x8mult_gen_v12_0_12_HD305
Compiling module xil_defaultlib.mult8x8_HD304
Compiling module xil_defaultlib.mult8x8luts_HD311
Compiling module xil_defaultlib.mult8x8mult_gen_v12_0_12_viv_HD3...
Compiling module xil_defaultlib.mult8x8mult_gen_v12_0_12_HD309
Compiling module xil_defaultlib.mult8x8_HD308
Compiling module xil_defaultlib.mult8x8luts_HD315
Compiling module xil_defaultlib.mult8x8mult_gen_v12_0_12_viv_HD3...
Compiling module xil_defaultlib.mult8x8mult_gen_v12_0_12_HD313
Compiling module xil_defaultlib.mult8x8_HD312
Compiling module xil_defaultlib.rot8x8_185
Compiling module xil_defaultlib.tiltPhaseAcc_187
Compiling module xil_defaultlib.tilt_186
Compiling module xil_defaultlib.acsMultH_2
Compiling module xil_defaultlib.compSel_180
Compiling module xil_defaultlib.mult8x8luts_HD1183
Compiling module xil_defaultlib.mult8x8mult_gen_v12_0_12_viv_HD1...
Compiling module xil_defaultlib.mult8x8mult_gen_v12_0_12_HD1181
Compiling module xil_defaultlib.mult8x8_HD1180
Compiling module xil_defaultlib.mult8x8luts_HD1195
Compiling module xil_defaultlib.mult8x8mult_gen_v12_0_12_viv_HD1...
Compiling module xil_defaultlib.mult8x8mult_gen_v12_0_12_HD1193
Compiling module xil_defaultlib.mult8x8_HD1192
Compiling module xil_defaultlib.rot8x8_181
Compiling module xil_defaultlib.tiltPhaseAcc_183
Compiling module xil_defaultlib.tilt_182
Compiling module xil_defaultlib.acsMultH__parameterized58
Compiling module xil_defaultlib.compSel_176
Compiling module xil_defaultlib.mult8x8luts_HD415
Compiling module xil_defaultlib.mult8x8mult_gen_v12_0_12_viv_HD4...
Compiling module xil_defaultlib.mult8x8mult_gen_v12_0_12_HD413
Compiling module xil_defaultlib.mult8x8_HD412
Compiling module xil_defaultlib.mult8x8luts_HD427
Compiling module xil_defaultlib.mult8x8mult_gen_v12_0_12_viv_HD4...
Compiling module xil_defaultlib.mult8x8mult_gen_v12_0_12_HD425
Compiling module xil_defaultlib.mult8x8_HD424
Compiling module xil_defaultlib.rot8x8_177
Compiling module xil_defaultlib.tiltPhaseAcc_179
Compiling module xil_defaultlib.tilt_178
Compiling module xil_defaultlib.acsMultH__parameterized14
Compiling module xil_defaultlib.compSel_172
Compiling module xil_defaultlib.mult8x8luts_HD703
Compiling module xil_defaultlib.mult8x8mult_gen_v12_0_12_viv_HD7...
Compiling module xil_defaultlib.mult8x8mult_gen_v12_0_12_HD701
Compiling module xil_defaultlib.mult8x8_HD700
Compiling module xil_defaultlib.mult8x8luts_HD715
Compiling module xil_defaultlib.mult8x8mult_gen_v12_0_12_viv_HD7...
Compiling module xil_defaultlib.mult8x8mult_gen_v12_0_12_HD713
Compiling module xil_defaultlib.mult8x8_HD712
Compiling module xil_defaultlib.rot8x8_173
Compiling module xil_defaultlib.tiltPhaseAcc_175
Compiling module xil_defaultlib.tilt_174
Compiling module xil_defaultlib.acsMultH__parameterized30
Compiling module xil_defaultlib.compSel_168
Compiling module xil_defaultlib.mult8x8luts_HD975
Compiling module xil_defaultlib.mult8x8mult_gen_v12_0_12_viv_HD9...
Compiling module xil_defaultlib.mult8x8mult_gen_v12_0_12_HD973
Compiling module xil_defaultlib.mult8x8_HD972
Compiling module xil_defaultlib.mult8x8luts_HD987
Compiling module xil_defaultlib.mult8x8mult_gen_v12_0_12_viv_HD9...
Compiling module xil_defaultlib.mult8x8mult_gen_v12_0_12_HD985
Compiling module xil_defaultlib.mult8x8_HD984
Compiling module xil_defaultlib.rot8x8_169
Compiling module xil_defaultlib.tiltPhaseAcc_171
Compiling module xil_defaultlib.tilt_170
Compiling module xil_defaultlib.acsMultH__parameterized46
Compiling module xil_defaultlib.compSel_164
Compiling module xil_defaultlib.mult8x8luts_HD335
Compiling module xil_defaultlib.mult8x8mult_gen_v12_0_12_viv_HD3...
Compiling module xil_defaultlib.mult8x8mult_gen_v12_0_12_HD333
Compiling module xil_defaultlib.mult8x8_HD332
Compiling module xil_defaultlib.mult8x8luts_HD347
Compiling module xil_defaultlib.mult8x8mult_gen_v12_0_12_viv_HD3...
Compiling module xil_defaultlib.mult8x8mult_gen_v12_0_12_HD345
Compiling module xil_defaultlib.mult8x8_HD344
Compiling module xil_defaultlib.rot8x8_165
Compiling module xil_defaultlib.tiltPhaseAcc_167
Compiling module xil_defaultlib.tilt_166
Compiling module xil_defaultlib.acsMultH__parameterized1
Compiling module xil_defaultlib.compSel_160
Compiling module xil_defaultlib.mult8x8luts_HD463
Compiling module xil_defaultlib.mult8x8mult_gen_v12_0_12_viv_HD4...
Compiling module xil_defaultlib.mult8x8mult_gen_v12_0_12_HD461
Compiling module xil_defaultlib.mult8x8_HD460
Compiling module xil_defaultlib.mult8x8luts_HD475
Compiling module xil_defaultlib.mult8x8mult_gen_v12_0_12_viv_HD4...
Compiling module xil_defaultlib.mult8x8mult_gen_v12_0_12_HD473
Compiling module xil_defaultlib.mult8x8_HD472
Compiling module xil_defaultlib.rot8x8_161
Compiling module xil_defaultlib.tiltPhaseAcc_163
Compiling module xil_defaultlib.tilt_162
Compiling module xil_defaultlib.acsMultH__parameterized17
Compiling module xil_defaultlib.compSel_156
Compiling module xil_defaultlib.mult8x8luts_HD751
Compiling module xil_defaultlib.mult8x8mult_gen_v12_0_12_viv_HD7...
Compiling module xil_defaultlib.mult8x8mult_gen_v12_0_12_HD749
Compiling module xil_defaultlib.mult8x8_HD748
Compiling module xil_defaultlib.mult8x8luts_HD763
Compiling module xil_defaultlib.mult8x8mult_gen_v12_0_12_viv_HD7...
Compiling module xil_defaultlib.mult8x8mult_gen_v12_0_12_HD761
Compiling module xil_defaultlib.mult8x8_HD760
Compiling module xil_defaultlib.rot8x8_157
Compiling module xil_defaultlib.tiltPhaseAcc_159
Compiling module xil_defaultlib.tilt_158
Compiling module xil_defaultlib.acsMultH__parameterized33
Compiling module xil_defaultlib.compSel_152
Compiling module xil_defaultlib.mult8x8luts_HD1023
Compiling module xil_defaultlib.mult8x8mult_gen_v12_0_12_viv_HD1...
Compiling module xil_defaultlib.mult8x8mult_gen_v12_0_12_HD1021
Compiling module xil_defaultlib.mult8x8_HD1020
Compiling module xil_defaultlib.mult8x8luts_HD1035
Compiling module xil_defaultlib.mult8x8mult_gen_v12_0_12_viv_HD1...
Compiling module xil_defaultlib.mult8x8mult_gen_v12_0_12_HD1033
Compiling module xil_defaultlib.mult8x8_HD1032
Compiling module xil_defaultlib.rot8x8_153
Compiling module xil_defaultlib.tiltPhaseAcc_155
Compiling module xil_defaultlib.tilt_154
Compiling module xil_defaultlib.acsMultH__parameterized49
Compiling module xil_defaultlib.compSel_148
Compiling module xil_defaultlib.mult8x8luts_HD1039
Compiling module xil_defaultlib.mult8x8mult_gen_v12_0_12_viv_HD1...
Compiling module xil_defaultlib.mult8x8mult_gen_v12_0_12_HD1037
Compiling module xil_defaultlib.mult8x8_HD1036
Compiling module xil_defaultlib.mult8x8luts_HD1051
Compiling module xil_defaultlib.mult8x8mult_gen_v12_0_12_viv_HD1...
Compiling module xil_defaultlib.mult8x8mult_gen_v12_0_12_HD1049
Compiling module xil_defaultlib.mult8x8_HD1048
Compiling module xil_defaultlib.rot8x8_149
Compiling module xil_defaultlib.tiltPhaseAcc_151
Compiling module xil_defaultlib.tilt_150
Compiling module xil_defaultlib.acsMultH__parameterized5
Compiling module xil_defaultlib.compSel_144
Compiling module xil_defaultlib.mult8x8luts_HD543
Compiling module xil_defaultlib.mult8x8mult_gen_v12_0_12_viv_HD5...
Compiling module xil_defaultlib.mult8x8mult_gen_v12_0_12_HD541
Compiling module xil_defaultlib.mult8x8_HD540
Compiling module xil_defaultlib.mult8x8luts_HD555
Compiling module xil_defaultlib.mult8x8mult_gen_v12_0_12_viv_HD5...
Compiling module xil_defaultlib.mult8x8mult_gen_v12_0_12_HD553
Compiling module xil_defaultlib.mult8x8_HD552
Compiling module xil_defaultlib.rot8x8_145
Compiling module xil_defaultlib.tiltPhaseAcc_147
Compiling module xil_defaultlib.tilt_146
Compiling module xil_defaultlib.acsMultH__parameterized21
Compiling module xil_defaultlib.compSel_140
Compiling module xil_defaultlib.mult8x8luts_HD687
Compiling module xil_defaultlib.mult8x8mult_gen_v12_0_12_viv_HD6...
Compiling module xil_defaultlib.mult8x8mult_gen_v12_0_12_HD685
Compiling module xil_defaultlib.mult8x8_HD684
Compiling module xil_defaultlib.mult8x8luts_HD691
Compiling module xil_defaultlib.mult8x8mult_gen_v12_0_12_viv_HD6...
Compiling module xil_defaultlib.mult8x8mult_gen_v12_0_12_HD689
Compiling module xil_defaultlib.mult8x8_HD688
Compiling module xil_defaultlib.mult8x8luts_HD695
Compiling module xil_defaultlib.mult8x8mult_gen_v12_0_12_viv_HD6...
Compiling module xil_defaultlib.mult8x8mult_gen_v12_0_12_HD693
Compiling module xil_defaultlib.mult8x8_HD692
Compiling module xil_defaultlib.mult8x8luts_HD699
Compiling module xil_defaultlib.mult8x8mult_gen_v12_0_12_viv_HD6...
Compiling module xil_defaultlib.mult8x8mult_gen_v12_0_12_HD697
Compiling module xil_defaultlib.mult8x8_HD696
Compiling module xil_defaultlib.rot8x8_141
Compiling module xil_defaultlib.tiltPhaseAcc_143
Compiling module xil_defaultlib.tilt_142
Compiling module xil_defaultlib.acsMultH__parameterized3
Compiling module xil_defaultlib.compSel_136
Compiling module xil_defaultlib.mult8x8luts_HD815
Compiling module xil_defaultlib.mult8x8mult_gen_v12_0_12_viv_HD8...
Compiling module xil_defaultlib.mult8x8mult_gen_v12_0_12_HD813
Compiling module xil_defaultlib.mult8x8_HD812
Compiling module xil_defaultlib.mult8x8luts_HD827
Compiling module xil_defaultlib.mult8x8mult_gen_v12_0_12_viv_HD8...
Compiling module xil_defaultlib.mult8x8mult_gen_v12_0_12_HD825
Compiling module xil_defaultlib.mult8x8_HD824
Compiling module xil_defaultlib.rot8x8_137
Compiling module xil_defaultlib.tiltPhaseAcc_139
Compiling module xil_defaultlib.tilt_138
Compiling module xil_defaultlib.acsMultH__parameterized37
Compiling module xil_defaultlib.compSel_132
Compiling module xil_defaultlib.mult8x8luts_HD1103
Compiling module xil_defaultlib.mult8x8mult_gen_v12_0_12_viv_HD1...
Compiling module xil_defaultlib.mult8x8mult_gen_v12_0_12_HD1101
Compiling module xil_defaultlib.mult8x8_HD1100
Compiling module xil_defaultlib.mult8x8luts_HD1115
Compiling module xil_defaultlib.mult8x8mult_gen_v12_0_12_viv_HD1...
Compiling module xil_defaultlib.mult8x8mult_gen_v12_0_12_HD1113
Compiling module xil_defaultlib.mult8x8_HD1112
Compiling module xil_defaultlib.rot8x8_133
Compiling module xil_defaultlib.tiltPhaseAcc_135
Compiling module xil_defaultlib.tilt_134
Compiling module xil_defaultlib.acsMultH__parameterized53
Compiling module xil_defaultlib.compSel_128
Compiling module xil_defaultlib.mult8x8luts_HD1263
Compiling module xil_defaultlib.mult8x8mult_gen_v12_0_12_viv_HD1...
Compiling module xil_defaultlib.mult8x8mult_gen_v12_0_12_HD1261
Compiling module xil_defaultlib.mult8x8_HD1260
Compiling module xil_defaultlib.mult8x8luts_HD1275
Compiling module xil_defaultlib.mult8x8mult_gen_v12_0_12_viv_HD1...
Compiling module xil_defaultlib.mult8x8mult_gen_v12_0_12_HD1273
Compiling module xil_defaultlib.mult8x8_HD1272
Compiling module xil_defaultlib.rot8x8_129
Compiling module xil_defaultlib.tiltPhaseAcc_131
Compiling module xil_defaultlib.tilt_130
Compiling module xil_defaultlib.acsMultH__parameterized9
Compiling module xil_defaultlib.compSel_124
Compiling module xil_defaultlib.mult8x8luts_HD607
Compiling module xil_defaultlib.mult8x8mult_gen_v12_0_12_viv_HD6...
Compiling module xil_defaultlib.mult8x8mult_gen_v12_0_12_HD605
Compiling module xil_defaultlib.mult8x8_HD604
Compiling module xil_defaultlib.mult8x8luts_HD619
Compiling module xil_defaultlib.mult8x8mult_gen_v12_0_12_viv_HD6...
Compiling module xil_defaultlib.mult8x8mult_gen_v12_0_12_HD617
Compiling module xil_defaultlib.mult8x8_HD616
Compiling module xil_defaultlib.rot8x8_125
Compiling module xil_defaultlib.tiltPhaseAcc_127
Compiling module xil_defaultlib.tilt_126
Compiling module xil_defaultlib.acsMultH__parameterized25
Compiling module xil_defaultlib.compSel_120
Compiling module xil_defaultlib.mult8x8luts_HD895
Compiling module xil_defaultlib.mult8x8mult_gen_v12_0_12_viv_HD8...
Compiling module xil_defaultlib.mult8x8mult_gen_v12_0_12_HD893
Compiling module xil_defaultlib.mult8x8_HD892
Compiling module xil_defaultlib.mult8x8luts_HD907
Compiling module xil_defaultlib.mult8x8mult_gen_v12_0_12_viv_HD9...
Compiling module xil_defaultlib.mult8x8mult_gen_v12_0_12_HD905
Compiling module xil_defaultlib.mult8x8_HD904
Compiling module xil_defaultlib.rot8x8_121
Compiling module xil_defaultlib.tiltPhaseAcc_123
Compiling module xil_defaultlib.tilt_122
Compiling module xil_defaultlib.acsMultH__parameterized41
Compiling module xil_defaultlib.compSel_116
Compiling module xil_defaultlib.mult8x8luts_HD1167
Compiling module xil_defaultlib.mult8x8mult_gen_v12_0_12_viv_HD1...
Compiling module xil_defaultlib.mult8x8mult_gen_v12_0_12_HD1165
Compiling module xil_defaultlib.mult8x8_HD1164
Compiling module xil_defaultlib.mult8x8luts_HD1179
Compiling module xil_defaultlib.mult8x8mult_gen_v12_0_12_viv_HD1...
Compiling module xil_defaultlib.mult8x8mult_gen_v12_0_12_HD1177
Compiling module xil_defaultlib.mult8x8_HD1176
Compiling module xil_defaultlib.rot8x8_117
Compiling module xil_defaultlib.tiltPhaseAcc_119
Compiling module xil_defaultlib.tilt_118
Compiling module xil_defaultlib.acsMultH__parameterized57
Compiling module xil_defaultlib.compSel_112
Compiling module xil_defaultlib.mult8x8luts_HD399
Compiling module xil_defaultlib.mult8x8mult_gen_v12_0_12_viv_HD3...
Compiling module xil_defaultlib.mult8x8mult_gen_v12_0_12_HD397
Compiling module xil_defaultlib.mult8x8_HD396
Compiling module xil_defaultlib.mult8x8luts_HD411
Compiling module xil_defaultlib.mult8x8mult_gen_v12_0_12_viv_HD4...
Compiling module xil_defaultlib.mult8x8mult_gen_v12_0_12_HD409
Compiling module xil_defaultlib.mult8x8_HD408
Compiling module xil_defaultlib.rot8x8_113
Compiling module xil_defaultlib.tiltPhaseAcc_115
Compiling module xil_defaultlib.tilt_114
Compiling module xil_defaultlib.acsMultH__parameterized13
Compiling module xil_defaultlib.compSel_108
Compiling module xil_defaultlib.mult8x8luts_HD671
Compiling module xil_defaultlib.mult8x8mult_gen_v12_0_12_viv_HD6...
Compiling module xil_defaultlib.mult8x8mult_gen_v12_0_12_HD669
Compiling module xil_defaultlib.mult8x8_HD668
Compiling module xil_defaultlib.mult8x8luts_HD683
Compiling module xil_defaultlib.mult8x8mult_gen_v12_0_12_viv_HD6...
Compiling module xil_defaultlib.mult8x8mult_gen_v12_0_12_HD681
Compiling module xil_defaultlib.mult8x8_HD680
Compiling module xil_defaultlib.rot8x8_109
Compiling module xil_defaultlib.tiltPhaseAcc_111
Compiling module xil_defaultlib.tilt_110
Compiling module xil_defaultlib.acsMultH__parameterized29
Compiling module xil_defaultlib.compSel_104
Compiling module xil_defaultlib.mult8x8luts_HD959
Compiling module xil_defaultlib.mult8x8mult_gen_v12_0_12_viv_HD9...
Compiling module xil_defaultlib.mult8x8mult_gen_v12_0_12_HD957
Compiling module xil_defaultlib.mult8x8_HD956
Compiling module xil_defaultlib.mult8x8luts_HD971
Compiling module xil_defaultlib.mult8x8mult_gen_v12_0_12_viv_HD9...
Compiling module xil_defaultlib.mult8x8mult_gen_v12_0_12_HD969
Compiling module xil_defaultlib.mult8x8_HD968
Compiling module xil_defaultlib.rot8x8_105
Compiling module xil_defaultlib.tiltPhaseAcc_107
Compiling module xil_defaultlib.tilt_106
Compiling module xil_defaultlib.acsMultH__parameterized45
Compiling module xil_defaultlib.compSel_100
Compiling module xil_defaultlib.mult8x8luts_HD319
Compiling module xil_defaultlib.mult8x8mult_gen_v12_0_12_viv_HD3...
Compiling module xil_defaultlib.mult8x8mult_gen_v12_0_12_HD317
Compiling module xil_defaultlib.mult8x8_HD316
Compiling module xil_defaultlib.mult8x8luts_HD331
Compiling module xil_defaultlib.mult8x8mult_gen_v12_0_12_viv_HD3...
Compiling module xil_defaultlib.mult8x8mult_gen_v12_0_12_HD329
Compiling module xil_defaultlib.mult8x8_HD328
Compiling module xil_defaultlib.rot8x8_101
Compiling module xil_defaultlib.tiltPhaseAcc_103
Compiling module xil_defaultlib.tilt_102
Compiling module xil_defaultlib.acsMultH__parameterized0
Compiling module xil_defaultlib.compSel_96
Compiling module xil_defaultlib.mult8x8luts_HD495
Compiling module xil_defaultlib.mult8x8mult_gen_v12_0_12_viv_HD4...
Compiling module xil_defaultlib.mult8x8mult_gen_v12_0_12_HD493
Compiling module xil_defaultlib.mult8x8_HD492
Compiling module xil_defaultlib.mult8x8luts_HD499
Compiling module xil_defaultlib.mult8x8mult_gen_v12_0_12_viv_HD4...
Compiling module xil_defaultlib.mult8x8mult_gen_v12_0_12_HD497
Compiling module xil_defaultlib.mult8x8_HD496
Compiling module xil_defaultlib.mult8x8luts_HD503
Compiling module xil_defaultlib.mult8x8mult_gen_v12_0_12_viv_HD5...
Compiling module xil_defaultlib.mult8x8mult_gen_v12_0_12_HD501
Compiling module xil_defaultlib.mult8x8_HD500
Compiling module xil_defaultlib.mult8x8luts_HD507
Compiling module xil_defaultlib.mult8x8mult_gen_v12_0_12_viv_HD5...
Compiling module xil_defaultlib.mult8x8mult_gen_v12_0_12_HD505
Compiling module xil_defaultlib.mult8x8_HD504
Compiling module xil_defaultlib.rot8x8_97
Compiling module xil_defaultlib.tiltPhaseAcc_99
Compiling module xil_defaultlib.tilt_98
Compiling module xil_defaultlib.acsMultH__parameterized19
Compiling module xil_defaultlib.compSel_92
Compiling module xil_defaultlib.mult8x8luts_HD447
Compiling module xil_defaultlib.mult8x8mult_gen_v12_0_12_viv_HD4...
Compiling module xil_defaultlib.mult8x8mult_gen_v12_0_12_HD445
Compiling module xil_defaultlib.mult8x8_HD444
Compiling module xil_defaultlib.mult8x8luts_HD459
Compiling module xil_defaultlib.mult8x8mult_gen_v12_0_12_viv_HD4...
Compiling module xil_defaultlib.mult8x8mult_gen_v12_0_12_HD457
Compiling module xil_defaultlib.mult8x8_HD456
Compiling module xil_defaultlib.rot8x8_93
Compiling module xil_defaultlib.tiltPhaseAcc_95
Compiling module xil_defaultlib.tilt_94
Compiling module xil_defaultlib.acsMultH__parameterized16
Compiling module xil_defaultlib.compSel_88
Compiling module xil_defaultlib.mult8x8luts_HD735
Compiling module xil_defaultlib.mult8x8mult_gen_v12_0_12_viv_HD7...
Compiling module xil_defaultlib.mult8x8mult_gen_v12_0_12_HD733
Compiling module xil_defaultlib.mult8x8_HD732
Compiling module xil_defaultlib.mult8x8luts_HD747
Compiling module xil_defaultlib.mult8x8mult_gen_v12_0_12_viv_HD7...
Compiling module xil_defaultlib.mult8x8mult_gen_v12_0_12_HD745
Compiling module xil_defaultlib.mult8x8_HD744
Compiling module xil_defaultlib.rot8x8_89
Compiling module xil_defaultlib.tiltPhaseAcc_91
Compiling module xil_defaultlib.tilt_90
Compiling module xil_defaultlib.acsMultH__parameterized32
Compiling module xil_defaultlib.compSel_84
Compiling module xil_defaultlib.mult8x8luts_HD1007
Compiling module xil_defaultlib.mult8x8mult_gen_v12_0_12_viv_HD1...
Compiling module xil_defaultlib.mult8x8mult_gen_v12_0_12_HD1005
Compiling module xil_defaultlib.mult8x8_HD1004
Compiling module xil_defaultlib.mult8x8luts_HD1019
Compiling module xil_defaultlib.mult8x8mult_gen_v12_0_12_viv_HD1...
Compiling module xil_defaultlib.mult8x8mult_gen_v12_0_12_HD1017
Compiling module xil_defaultlib.mult8x8_HD1016
Compiling module xil_defaultlib.rot8x8_85
Compiling module xil_defaultlib.tiltPhaseAcc_87
Compiling module xil_defaultlib.tilt_86
Compiling module xil_defaultlib.acsMultH__parameterized48
Compiling module xil_defaultlib.compSel_80
Compiling module xil_defaultlib.mult8x8luts_HD863
Compiling module xil_defaultlib.mult8x8mult_gen_v12_0_12_viv_HD8...
Compiling module xil_defaultlib.mult8x8mult_gen_v12_0_12_HD861
Compiling module xil_defaultlib.mult8x8_HD860
Compiling module xil_defaultlib.mult8x8luts_HD875
Compiling module xil_defaultlib.mult8x8mult_gen_v12_0_12_viv_HD8...
Compiling module xil_defaultlib.mult8x8mult_gen_v12_0_12_HD873
Compiling module xil_defaultlib.mult8x8_HD872
Compiling module xil_defaultlib.rot8x8_81
Compiling module xil_defaultlib.tiltPhaseAcc_83
Compiling module xil_defaultlib.tilt_82
Compiling module xil_defaultlib.acsMultH__parameterized4
Compiling module xil_defaultlib.compSel_76
Compiling module xil_defaultlib.mult8x8luts_HD527
Compiling module xil_defaultlib.mult8x8mult_gen_v12_0_12_viv_HD5...
Compiling module xil_defaultlib.mult8x8mult_gen_v12_0_12_HD525
Compiling module xil_defaultlib.mult8x8_HD524
Compiling module xil_defaultlib.mult8x8luts_HD539
Compiling module xil_defaultlib.mult8x8mult_gen_v12_0_12_viv_HD5...
Compiling module xil_defaultlib.mult8x8mult_gen_v12_0_12_HD537
Compiling module xil_defaultlib.mult8x8_HD536
Compiling module xil_defaultlib.rot8x8_77
Compiling module xil_defaultlib.tiltPhaseAcc_79
Compiling module xil_defaultlib.tilt_78
Compiling module xil_defaultlib.acsMultH__parameterized20
Compiling module xil_defaultlib.compSel_72
Compiling module xil_defaultlib.mult8x8luts_HD799
Compiling module xil_defaultlib.mult8x8mult_gen_v12_0_12_viv_HD7...
Compiling module xil_defaultlib.mult8x8mult_gen_v12_0_12_HD797
Compiling module xil_defaultlib.mult8x8_HD796
Compiling module xil_defaultlib.mult8x8luts_HD811
Compiling module xil_defaultlib.mult8x8mult_gen_v12_0_12_viv_HD8...
Compiling module xil_defaultlib.mult8x8mult_gen_v12_0_12_HD809
Compiling module xil_defaultlib.mult8x8_HD808
Compiling module xil_defaultlib.rot8x8_73
Compiling module xil_defaultlib.tiltPhaseAcc_75
Compiling module xil_defaultlib.tilt_74
Compiling module xil_defaultlib.acsMultH__parameterized36
Compiling module xil_defaultlib.compSel_68
Compiling module xil_defaultlib.mult8x8luts_HD1087
Compiling module xil_defaultlib.mult8x8mult_gen_v12_0_12_viv_HD1...
Compiling module xil_defaultlib.mult8x8mult_gen_v12_0_12_HD1085
Compiling module xil_defaultlib.mult8x8_HD1084
Compiling module xil_defaultlib.mult8x8luts_HD1099
Compiling module xil_defaultlib.mult8x8mult_gen_v12_0_12_viv_HD1...
Compiling module xil_defaultlib.mult8x8mult_gen_v12_0_12_HD1097
Compiling module xil_defaultlib.mult8x8_HD1096
Compiling module xil_defaultlib.rot8x8_69
Compiling module xil_defaultlib.tiltPhaseAcc_71
Compiling module xil_defaultlib.tilt_70
Compiling module xil_defaultlib.acsMultH__parameterized52
Compiling module xil_defaultlib.compSel_64
Compiling module xil_defaultlib.mult8x8luts_HD1247
Compiling module xil_defaultlib.mult8x8mult_gen_v12_0_12_viv_HD1...
Compiling module xil_defaultlib.mult8x8mult_gen_v12_0_12_HD1245
Compiling module xil_defaultlib.mult8x8_HD1244
Compiling module xil_defaultlib.mult8x8luts_HD1259
Compiling module xil_defaultlib.mult8x8mult_gen_v12_0_12_viv_HD1...
Compiling module xil_defaultlib.mult8x8mult_gen_v12_0_12_HD1257
Compiling module xil_defaultlib.mult8x8_HD1256
Compiling module xil_defaultlib.rot8x8_65
Compiling module xil_defaultlib.tiltPhaseAcc_67
Compiling module xil_defaultlib.tilt_66
Compiling module xil_defaultlib.acsMultH__parameterized8
Compiling module xil_defaultlib.compSel_60
Compiling module xil_defaultlib.mult8x8luts_HD591
Compiling module xil_defaultlib.mult8x8mult_gen_v12_0_12_viv_HD5...
Compiling module xil_defaultlib.mult8x8mult_gen_v12_0_12_HD589
Compiling module xil_defaultlib.mult8x8_HD588
Compiling module xil_defaultlib.mult8x8luts_HD603
Compiling module xil_defaultlib.mult8x8mult_gen_v12_0_12_viv_HD6...
Compiling module xil_defaultlib.mult8x8mult_gen_v12_0_12_HD601
Compiling module xil_defaultlib.mult8x8_HD600
Compiling module xil_defaultlib.rot8x8_61
Compiling module xil_defaultlib.tiltPhaseAcc_63
Compiling module xil_defaultlib.tilt_62
Compiling module xil_defaultlib.acsMultH__parameterized24
Compiling module xil_defaultlib.compSel_56
Compiling module xil_defaultlib.mult8x8luts_HD879
Compiling module xil_defaultlib.mult8x8mult_gen_v12_0_12_viv_HD8...
Compiling module xil_defaultlib.mult8x8mult_gen_v12_0_12_HD877
Compiling module xil_defaultlib.mult8x8_HD876
Compiling module xil_defaultlib.mult8x8luts_HD891
Compiling module xil_defaultlib.mult8x8mult_gen_v12_0_12_viv_HD8...
Compiling module xil_defaultlib.mult8x8mult_gen_v12_0_12_HD889
Compiling module xil_defaultlib.mult8x8_HD888
Compiling module xil_defaultlib.rot8x8_57
Compiling module xil_defaultlib.tiltPhaseAcc_59
Compiling module xil_defaultlib.tilt_58
Compiling module xil_defaultlib.acsMultH__parameterized40
Compiling module xil_defaultlib.compSel_52
Compiling module xil_defaultlib.mult8x8luts_HD783
Compiling module xil_defaultlib.mult8x8mult_gen_v12_0_12_viv_HD7...
Compiling module xil_defaultlib.mult8x8mult_gen_v12_0_12_HD781
Compiling module xil_defaultlib.mult8x8_HD780
Compiling module xil_defaultlib.mult8x8luts_HD787
Compiling module xil_defaultlib.mult8x8mult_gen_v12_0_12_viv_HD7...
Compiling module xil_defaultlib.mult8x8mult_gen_v12_0_12_HD785
Compiling module xil_defaultlib.mult8x8_HD784
Compiling module xil_defaultlib.mult8x8luts_HD791
Compiling module xil_defaultlib.mult8x8mult_gen_v12_0_12_viv_HD7...
Compiling module xil_defaultlib.mult8x8mult_gen_v12_0_12_HD789
Compiling module xil_defaultlib.mult8x8_HD788
Compiling module xil_defaultlib.mult8x8luts_HD795
Compiling module xil_defaultlib.mult8x8mult_gen_v12_0_12_viv_HD7...
Compiling module xil_defaultlib.mult8x8mult_gen_v12_0_12_HD793
Compiling module xil_defaultlib.mult8x8_HD792
Compiling module xil_defaultlib.rot8x8_53
Compiling module xil_defaultlib.tiltPhaseAcc_55
Compiling module xil_defaultlib.tilt_54
Compiling module xil_defaultlib.acsMultH__parameterized35
Compiling module xil_defaultlib.compSel_48
Compiling module xil_defaultlib.mult8x8luts_HD1151
Compiling module xil_defaultlib.mult8x8mult_gen_v12_0_12_viv_HD1...
Compiling module xil_defaultlib.mult8x8mult_gen_v12_0_12_HD1149
Compiling module xil_defaultlib.mult8x8_HD1148
Compiling module xil_defaultlib.mult8x8luts_HD1163
Compiling module xil_defaultlib.mult8x8mult_gen_v12_0_12_viv_HD1...
Compiling module xil_defaultlib.mult8x8mult_gen_v12_0_12_HD1161
Compiling module xil_defaultlib.mult8x8_HD1160
Compiling module xil_defaultlib.rot8x8_49
Compiling module xil_defaultlib.tiltPhaseAcc_51
Compiling module xil_defaultlib.tilt_50
Compiling module xil_defaultlib.acsMultH__parameterized56
Compiling module xil_defaultlib.compSel_44
Compiling module xil_defaultlib.mult8x8luts_HD383
Compiling module xil_defaultlib.mult8x8mult_gen_v12_0_12_viv_HD3...
Compiling module xil_defaultlib.mult8x8mult_gen_v12_0_12_HD381
Compiling module xil_defaultlib.mult8x8_HD380
Compiling module xil_defaultlib.mult8x8luts_HD395
Compiling module xil_defaultlib.mult8x8mult_gen_v12_0_12_viv_HD3...
Compiling module xil_defaultlib.mult8x8mult_gen_v12_0_12_HD393
Compiling module xil_defaultlib.mult8x8_HD392
Compiling module xil_defaultlib.rot8x8_45
Compiling module xil_defaultlib.tiltPhaseAcc_47
Compiling module xil_defaultlib.tilt_46
Compiling module xil_defaultlib.acsMultH__parameterized12
Compiling module xil_defaultlib.compSel_40
Compiling module xil_defaultlib.mult8x8luts_HD655
Compiling module xil_defaultlib.mult8x8mult_gen_v12_0_12_viv_HD6...
Compiling module xil_defaultlib.mult8x8mult_gen_v12_0_12_HD653
Compiling module xil_defaultlib.mult8x8_HD652
Compiling module xil_defaultlib.mult8x8luts_HD667
Compiling module xil_defaultlib.mult8x8mult_gen_v12_0_12_viv_HD6...
Compiling module xil_defaultlib.mult8x8mult_gen_v12_0_12_HD665
Compiling module xil_defaultlib.mult8x8_HD664
Compiling module xil_defaultlib.rot8x8_41
Compiling module xil_defaultlib.tiltPhaseAcc_43
Compiling module xil_defaultlib.tilt_42
Compiling module xil_defaultlib.acsMultH__parameterized28
Compiling module xil_defaultlib.compSel_36
Compiling module xil_defaultlib.mult8x8luts_HD943
Compiling module xil_defaultlib.mult8x8mult_gen_v12_0_12_viv_HD9...
Compiling module xil_defaultlib.mult8x8mult_gen_v12_0_12_HD941
Compiling module xil_defaultlib.mult8x8_HD940
Compiling module xil_defaultlib.mult8x8luts_HD955
Compiling module xil_defaultlib.mult8x8mult_gen_v12_0_12_viv_HD9...
Compiling module xil_defaultlib.mult8x8mult_gen_v12_0_12_HD953
Compiling module xil_defaultlib.mult8x8_HD952
Compiling module xil_defaultlib.rot8x8_37
Compiling module xil_defaultlib.tiltPhaseAcc_39
Compiling module xil_defaultlib.tilt_38
Compiling module xil_defaultlib.acsMultH__parameterized44
Compiling module xil_defaultlib.compSel_32
Compiling module xil_defaultlib.mult8x8luts_HD1071
Compiling module xil_defaultlib.mult8x8mult_gen_v12_0_12_viv_HD1...
Compiling module xil_defaultlib.mult8x8mult_gen_v12_0_12_HD1069
Compiling module xil_defaultlib.mult8x8_HD1068
Compiling module xil_defaultlib.mult8x8luts_HD1075
Compiling module xil_defaultlib.mult8x8mult_gen_v12_0_12_viv_HD1...
Compiling module xil_defaultlib.mult8x8mult_gen_v12_0_12_HD1073
Compiling module xil_defaultlib.mult8x8_HD1072
Compiling module xil_defaultlib.mult8x8luts_HD1079
Compiling module xil_defaultlib.mult8x8mult_gen_v12_0_12_viv_HD1...
Compiling module xil_defaultlib.mult8x8mult_gen_v12_0_12_HD1077
Compiling module xil_defaultlib.mult8x8_HD1076
Compiling module xil_defaultlib.mult8x8luts_HD1083
Compiling module xil_defaultlib.mult8x8mult_gen_v12_0_12_viv_HD1...
Compiling module xil_defaultlib.mult8x8mult_gen_v12_0_12_HD1081
Compiling module xil_defaultlib.mult8x8_HD1080
Compiling module xil_defaultlib.rot8x8_33
Compiling module xil_defaultlib.tiltPhaseAcc_35
Compiling module xil_defaultlib.tilt_34
Compiling module xil_defaultlib.acsMultH__parameterized51
Compiling module xil_defaultlib.compSel_28
Compiling module xil_defaultlib.mult8x8luts_HD1231
Compiling module xil_defaultlib.mult8x8mult_gen_v12_0_12_viv_HD1...
Compiling module xil_defaultlib.mult8x8mult_gen_v12_0_12_HD1229
Compiling module xil_defaultlib.mult8x8_HD1228
Compiling module xil_defaultlib.mult8x8luts_HD1243
Compiling module xil_defaultlib.mult8x8mult_gen_v12_0_12_viv_HD1...
Compiling module xil_defaultlib.mult8x8mult_gen_v12_0_12_HD1241
Compiling module xil_defaultlib.mult8x8_HD1240
Compiling module xil_defaultlib.rot8x8_29
Compiling module xil_defaultlib.tiltPhaseAcc_31
Compiling module xil_defaultlib.tilt_30
Compiling module xil_defaultlib.acsMultH__parameterized7
Compiling module xil_defaultlib.compSel
Compiling module xil_defaultlib.mult8x8luts_HD575
Compiling module xil_defaultlib.mult8x8mult_gen_v12_0_12_viv_HD5...
Compiling module xil_defaultlib.mult8x8mult_gen_v12_0_12_HD573
Compiling module xil_defaultlib.mult8x8_HD572
Compiling module xil_defaultlib.mult8x8luts_HD587
Compiling module xil_defaultlib.mult8x8mult_gen_v12_0_12_viv_HD5...
Compiling module xil_defaultlib.mult8x8mult_gen_v12_0_12_HD585
Compiling module xil_defaultlib.mult8x8_HD584
Compiling module xil_defaultlib.rot8x8
Compiling module xil_defaultlib.tiltPhaseAcc
Compiling module xil_defaultlib.tilt
Compiling module xil_defaultlib.acsMultH__parameterized23
Compiling module unisims_ver.DSP48E1(ACASCREG=0,ALUMODEREG=0,...
Compiling module xil_defaultlib.decayMpy10x8dsp
Compiling module xil_defaultlib.decayMpy10x8mult_gen_v12_0_12_vi...
Compiling module xil_defaultlib.decayMpy10x8mult_gen_v12_0_12
Compiling module xil_defaultlib.decayMpy10x8
Compiling module xil_defaultlib.decayMpy10x8dsp_HD1342
Compiling module xil_defaultlib.decayMpy10x8mult_gen_v12_0_12_vi...
Compiling module xil_defaultlib.decayMpy10x8mult_gen_v12_0_12_HD...
Compiling module xil_defaultlib.decayMpy10x8_HD1339
Compiling module xil_defaultlib.decayMpy10x8dsp_HD1346
Compiling module xil_defaultlib.decayMpy10x8mult_gen_v12_0_12_vi...
Compiling module xil_defaultlib.decayMpy10x8mult_gen_v12_0_12_HD...
Compiling module xil_defaultlib.decayMpy10x8_HD1343
Compiling module xil_defaultlib.decayMpy10x8dsp_HD1350
Compiling module xil_defaultlib.decayMpy10x8mult_gen_v12_0_12_vi...
Compiling module xil_defaultlib.decayMpy10x8mult_gen_v12_0_12_HD...
Compiling module xil_defaultlib.decayMpy10x8_HD1347
Compiling module xil_defaultlib.acsMuxMpy
Compiling module xil_defaultlib.decayMpy10x8dsp_HD1482
Compiling module xil_defaultlib.decayMpy10x8mult_gen_v12_0_12_vi...
Compiling module xil_defaultlib.decayMpy10x8mult_gen_v12_0_12_HD...
Compiling module xil_defaultlib.decayMpy10x8_HD1479
Compiling module xil_defaultlib.decayMpy10x8dsp_HD1486
Compiling module xil_defaultlib.decayMpy10x8mult_gen_v12_0_12_vi...
Compiling module xil_defaultlib.decayMpy10x8mult_gen_v12_0_12_HD...
Compiling module xil_defaultlib.decayMpy10x8_HD1483
Compiling module xil_defaultlib.decayMpy10x8dsp_HD1490
Compiling module xil_defaultlib.decayMpy10x8mult_gen_v12_0_12_vi...
Compiling module xil_defaultlib.decayMpy10x8mult_gen_v12_0_12_HD...
Compiling module xil_defaultlib.decayMpy10x8_HD1487
Compiling module xil_defaultlib.decayMpy10x8dsp_HD1494
Compiling module xil_defaultlib.decayMpy10x8mult_gen_v12_0_12_vi...
Compiling module xil_defaultlib.decayMpy10x8mult_gen_v12_0_12_HD...
Compiling module xil_defaultlib.decayMpy10x8_HD1491
Compiling module xil_defaultlib.acsMuxMpy_3
Compiling module xil_defaultlib.decayMpy10x8dsp_HD1498
Compiling module xil_defaultlib.decayMpy10x8mult_gen_v12_0_12_vi...
Compiling module xil_defaultlib.decayMpy10x8mult_gen_v12_0_12_HD...
Compiling module xil_defaultlib.decayMpy10x8_HD1495
Compiling module xil_defaultlib.decayMpy10x8dsp_HD1502
Compiling module xil_defaultlib.decayMpy10x8mult_gen_v12_0_12_vi...
Compiling module xil_defaultlib.decayMpy10x8mult_gen_v12_0_12_HD...
Compiling module xil_defaultlib.decayMpy10x8_HD1499
Compiling module xil_defaultlib.decayMpy10x8dsp_HD1506
Compiling module xil_defaultlib.decayMpy10x8mult_gen_v12_0_12_vi...
Compiling module xil_defaultlib.decayMpy10x8mult_gen_v12_0_12_HD...
Compiling module xil_defaultlib.decayMpy10x8_HD1503
Compiling module xil_defaultlib.decayMpy10x8dsp_HD1510
Compiling module xil_defaultlib.decayMpy10x8mult_gen_v12_0_12_vi...
Compiling module xil_defaultlib.decayMpy10x8mult_gen_v12_0_12_HD...
Compiling module xil_defaultlib.decayMpy10x8_HD1507
Compiling module xil_defaultlib.acsMuxMpy_4
Compiling module xil_defaultlib.decayMpy10x8dsp_HD1514
Compiling module xil_defaultlib.decayMpy10x8mult_gen_v12_0_12_vi...
Compiling module xil_defaultlib.decayMpy10x8mult_gen_v12_0_12_HD...
Compiling module xil_defaultlib.decayMpy10x8_HD1511
Compiling module xil_defaultlib.decayMpy10x8dsp_HD1518
Compiling module xil_defaultlib.decayMpy10x8mult_gen_v12_0_12_vi...
Compiling module xil_defaultlib.decayMpy10x8mult_gen_v12_0_12_HD...
Compiling module xil_defaultlib.decayMpy10x8_HD1515
Compiling module xil_defaultlib.decayMpy10x8dsp_HD1522
Compiling module xil_defaultlib.decayMpy10x8mult_gen_v12_0_12_vi...
Compiling module xil_defaultlib.decayMpy10x8mult_gen_v12_0_12_HD...
Compiling module xil_defaultlib.decayMpy10x8_HD1519
Compiling module xil_defaultlib.decayMpy10x8dsp_HD1526
Compiling module xil_defaultlib.decayMpy10x8mult_gen_v12_0_12_vi...
Compiling module xil_defaultlib.decayMpy10x8mult_gen_v12_0_12_HD...
Compiling module xil_defaultlib.decayMpy10x8_HD1523
Compiling module xil_defaultlib.acsMuxMpy_5
Compiling module xil_defaultlib.decayMpy10x8dsp_HD1530
Compiling module xil_defaultlib.decayMpy10x8mult_gen_v12_0_12_vi...
Compiling module xil_defaultlib.decayMpy10x8mult_gen_v12_0_12_HD...
Compiling module xil_defaultlib.decayMpy10x8_HD1527
Compiling module xil_defaultlib.decayMpy10x8dsp_HD1534
Compiling module xil_defaultlib.decayMpy10x8mult_gen_v12_0_12_vi...
Compiling module xil_defaultlib.decayMpy10x8mult_gen_v12_0_12_HD...
Compiling module xil_defaultlib.decayMpy10x8_HD1531
Compiling module xil_defaultlib.decayMpy10x8dsp_HD1538
Compiling module xil_defaultlib.decayMpy10x8mult_gen_v12_0_12_vi...
Compiling module xil_defaultlib.decayMpy10x8mult_gen_v12_0_12_HD...
Compiling module xil_defaultlib.decayMpy10x8_HD1535
Compiling module xil_defaultlib.decayMpy10x8dsp_HD1542
Compiling module xil_defaultlib.decayMpy10x8mult_gen_v12_0_12_vi...
Compiling module xil_defaultlib.decayMpy10x8mult_gen_v12_0_12_HD...
Compiling module xil_defaultlib.decayMpy10x8_HD1539
Compiling module xil_defaultlib.acsMuxMpy_6
Compiling module xil_defaultlib.decayMpy10x8dsp_HD1546
Compiling module xil_defaultlib.decayMpy10x8mult_gen_v12_0_12_vi...
Compiling module xil_defaultlib.decayMpy10x8mult_gen_v12_0_12_HD...
Compiling module xil_defaultlib.decayMpy10x8_HD1543
Compiling module xil_defaultlib.decayMpy10x8dsp_HD1550
Compiling module xil_defaultlib.decayMpy10x8mult_gen_v12_0_12_vi...
Compiling module xil_defaultlib.decayMpy10x8mult_gen_v12_0_12_HD...
Compiling module xil_defaultlib.decayMpy10x8_HD1547
Compiling module xil_defaultlib.decayMpy10x8dsp_HD1554
Compiling module xil_defaultlib.decayMpy10x8mult_gen_v12_0_12_vi...
Compiling module xil_defaultlib.decayMpy10x8mult_gen_v12_0_12_HD...
Compiling module xil_defaultlib.decayMpy10x8_HD1551
Compiling module xil_defaultlib.decayMpy10x8dsp_HD1558
Compiling module xil_defaultlib.decayMpy10x8mult_gen_v12_0_12_vi...
Compiling module xil_defaultlib.decayMpy10x8mult_gen_v12_0_12_HD...
Compiling module xil_defaultlib.decayMpy10x8_HD1555
Compiling module xil_defaultlib.acsMuxMpy_7
Compiling module xil_defaultlib.decayMpy10x8dsp_HD1562
Compiling module xil_defaultlib.decayMpy10x8mult_gen_v12_0_12_vi...
Compiling module xil_defaultlib.decayMpy10x8mult_gen_v12_0_12_HD...
Compiling module xil_defaultlib.decayMpy10x8_HD1559
Compiling module xil_defaultlib.decayMpy10x8dsp_HD1566
Compiling module xil_defaultlib.decayMpy10x8mult_gen_v12_0_12_vi...
Compiling module xil_defaultlib.decayMpy10x8mult_gen_v12_0_12_HD...
Compiling module xil_defaultlib.decayMpy10x8_HD1563
Compiling module xil_defaultlib.decayMpy10x8dsp_HD1570
Compiling module xil_defaultlib.decayMpy10x8mult_gen_v12_0_12_vi...
Compiling module xil_defaultlib.decayMpy10x8mult_gen_v12_0_12_HD...
Compiling module xil_defaultlib.decayMpy10x8_HD1567
Compiling module xil_defaultlib.decayMpy10x8dsp_HD1574
Compiling module xil_defaultlib.decayMpy10x8mult_gen_v12_0_12_vi...
Compiling module xil_defaultlib.decayMpy10x8mult_gen_v12_0_12_HD...
Compiling module xil_defaultlib.decayMpy10x8_HD1571
Compiling module xil_defaultlib.acsMuxMpy_8
Compiling module xil_defaultlib.decayMpy10x8dsp_HD1578
Compiling module xil_defaultlib.decayMpy10x8mult_gen_v12_0_12_vi...
Compiling module xil_defaultlib.decayMpy10x8mult_gen_v12_0_12_HD...
Compiling module xil_defaultlib.decayMpy10x8_HD1575
Compiling module xil_defaultlib.decayMpy10x8dsp_HD1582
Compiling module xil_defaultlib.decayMpy10x8mult_gen_v12_0_12_vi...
Compiling module xil_defaultlib.decayMpy10x8mult_gen_v12_0_12_HD...
Compiling module xil_defaultlib.decayMpy10x8_HD1579
Compiling module xil_defaultlib.decayMpy10x8dsp_HD1586
Compiling module xil_defaultlib.decayMpy10x8mult_gen_v12_0_12_vi...
Compiling module xil_defaultlib.decayMpy10x8mult_gen_v12_0_12_HD...
Compiling module xil_defaultlib.decayMpy10x8_HD1583
Compiling module xil_defaultlib.decayMpy10x8dsp_HD1590
Compiling module xil_defaultlib.decayMpy10x8mult_gen_v12_0_12_vi...
Compiling module xil_defaultlib.decayMpy10x8mult_gen_v12_0_12_HD...
Compiling module xil_defaultlib.decayMpy10x8_HD1587
Compiling module xil_defaultlib.acsMuxMpy_9
Compiling module xil_defaultlib.decayMpy10x8dsp_HD1354
Compiling module xil_defaultlib.decayMpy10x8mult_gen_v12_0_12_vi...
Compiling module xil_defaultlib.decayMpy10x8mult_gen_v12_0_12_HD...
Compiling module xil_defaultlib.decayMpy10x8_HD1351
Compiling module xil_defaultlib.decayMpy10x8dsp_HD1358
Compiling module xil_defaultlib.decayMpy10x8mult_gen_v12_0_12_vi...
Compiling module xil_defaultlib.decayMpy10x8mult_gen_v12_0_12_HD...
Compiling module xil_defaultlib.decayMpy10x8_HD1355
Compiling module xil_defaultlib.decayMpy10x8dsp_HD1362
Compiling module xil_defaultlib.decayMpy10x8mult_gen_v12_0_12_vi...
Compiling module xil_defaultlib.decayMpy10x8mult_gen_v12_0_12_HD...
Compiling module xil_defaultlib.decayMpy10x8_HD1359
Compiling module xil_defaultlib.decayMpy10x8dsp_HD1366
Compiling module xil_defaultlib.decayMpy10x8mult_gen_v12_0_12_vi...
Compiling module xil_defaultlib.decayMpy10x8mult_gen_v12_0_12_HD...
Compiling module xil_defaultlib.decayMpy10x8_HD1363
Compiling module xil_defaultlib.acsMuxMpy_10
Compiling module xil_defaultlib.decayMpy10x8dsp_HD1370
Compiling module xil_defaultlib.decayMpy10x8mult_gen_v12_0_12_vi...
Compiling module xil_defaultlib.decayMpy10x8mult_gen_v12_0_12_HD...
Compiling module xil_defaultlib.decayMpy10x8_HD1367
Compiling module xil_defaultlib.decayMpy10x8dsp_HD1374
Compiling module xil_defaultlib.decayMpy10x8mult_gen_v12_0_12_vi...
Compiling module xil_defaultlib.decayMpy10x8mult_gen_v12_0_12_HD...
Compiling module xil_defaultlib.decayMpy10x8_HD1371
Compiling module xil_defaultlib.decayMpy10x8dsp_HD1378
Compiling module xil_defaultlib.decayMpy10x8mult_gen_v12_0_12_vi...
Compiling module xil_defaultlib.decayMpy10x8mult_gen_v12_0_12_HD...
Compiling module xil_defaultlib.decayMpy10x8_HD1375
Compiling module xil_defaultlib.decayMpy10x8dsp_HD1382
Compiling module xil_defaultlib.decayMpy10x8mult_gen_v12_0_12_vi...
Compiling module xil_defaultlib.decayMpy10x8mult_gen_v12_0_12_HD...
Compiling module xil_defaultlib.decayMpy10x8_HD1379
Compiling module xil_defaultlib.acsMuxMpy_11
Compiling module xil_defaultlib.decayMpy10x8dsp_HD1386
Compiling module xil_defaultlib.decayMpy10x8mult_gen_v12_0_12_vi...
Compiling module xil_defaultlib.decayMpy10x8mult_gen_v12_0_12_HD...
Compiling module xil_defaultlib.decayMpy10x8_HD1383
Compiling module xil_defaultlib.decayMpy10x8dsp_HD1390
Compiling module xil_defaultlib.decayMpy10x8mult_gen_v12_0_12_vi...
Compiling module xil_defaultlib.decayMpy10x8mult_gen_v12_0_12_HD...
Compiling module xil_defaultlib.decayMpy10x8_HD1387
Compiling module xil_defaultlib.decayMpy10x8dsp_HD1394
Compiling module xil_defaultlib.decayMpy10x8mult_gen_v12_0_12_vi...
Compiling module xil_defaultlib.decayMpy10x8mult_gen_v12_0_12_HD...
Compiling module xil_defaultlib.decayMpy10x8_HD1391
Compiling module xil_defaultlib.decayMpy10x8dsp_HD1398
Compiling module xil_defaultlib.decayMpy10x8mult_gen_v12_0_12_vi...
Compiling module xil_defaultlib.decayMpy10x8mult_gen_v12_0_12_HD...
Compiling module xil_defaultlib.decayMpy10x8_HD1395
Compiling module xil_defaultlib.acsMuxMpy_12
Compiling module xil_defaultlib.decayMpy10x8dsp_HD1402
Compiling module xil_defaultlib.decayMpy10x8mult_gen_v12_0_12_vi...
Compiling module xil_defaultlib.decayMpy10x8mult_gen_v12_0_12_HD...
Compiling module xil_defaultlib.decayMpy10x8_HD1399
Compiling module xil_defaultlib.decayMpy10x8dsp_HD1406
Compiling module xil_defaultlib.decayMpy10x8mult_gen_v12_0_12_vi...
Compiling module xil_defaultlib.decayMpy10x8mult_gen_v12_0_12_HD...
Compiling module xil_defaultlib.decayMpy10x8_HD1403
Compiling module xil_defaultlib.decayMpy10x8dsp_HD1410
Compiling module xil_defaultlib.decayMpy10x8mult_gen_v12_0_12_vi...
Compiling module xil_defaultlib.decayMpy10x8mult_gen_v12_0_12_HD...
Compiling module xil_defaultlib.decayMpy10x8_HD1407
Compiling module xil_defaultlib.decayMpy10x8dsp_HD1414
Compiling module xil_defaultlib.decayMpy10x8mult_gen_v12_0_12_vi...
Compiling module xil_defaultlib.decayMpy10x8mult_gen_v12_0_12_HD...
Compiling module xil_defaultlib.decayMpy10x8_HD1411
Compiling module xil_defaultlib.acsMuxMpy_13
Compiling module xil_defaultlib.decayMpy10x8dsp_HD1418
Compiling module xil_defaultlib.decayMpy10x8mult_gen_v12_0_12_vi...
Compiling module xil_defaultlib.decayMpy10x8mult_gen_v12_0_12_HD...
Compiling module xil_defaultlib.decayMpy10x8_HD1415
Compiling module xil_defaultlib.decayMpy10x8dsp_HD1422
Compiling module xil_defaultlib.decayMpy10x8mult_gen_v12_0_12_vi...
Compiling module xil_defaultlib.decayMpy10x8mult_gen_v12_0_12_HD...
Compiling module xil_defaultlib.decayMpy10x8_HD1419
Compiling module xil_defaultlib.decayMpy10x8dsp_HD1426
Compiling module xil_defaultlib.decayMpy10x8mult_gen_v12_0_12_vi...
Compiling module xil_defaultlib.decayMpy10x8mult_gen_v12_0_12_HD...
Compiling module xil_defaultlib.decayMpy10x8_HD1423
Compiling module xil_defaultlib.decayMpy10x8dsp_HD1430
Compiling module xil_defaultlib.decayMpy10x8mult_gen_v12_0_12_vi...
Compiling module xil_defaultlib.decayMpy10x8mult_gen_v12_0_12_HD...
Compiling module xil_defaultlib.decayMpy10x8_HD1427
Compiling module xil_defaultlib.acsMuxMpy_14
Compiling module xil_defaultlib.decayMpy10x8dsp_HD1434
Compiling module xil_defaultlib.decayMpy10x8mult_gen_v12_0_12_vi...
Compiling module xil_defaultlib.decayMpy10x8mult_gen_v12_0_12_HD...
Compiling module xil_defaultlib.decayMpy10x8_HD1431
Compiling module xil_defaultlib.decayMpy10x8dsp_HD1438
Compiling module xil_defaultlib.decayMpy10x8mult_gen_v12_0_12_vi...
Compiling module xil_defaultlib.decayMpy10x8mult_gen_v12_0_12_HD...
Compiling module xil_defaultlib.decayMpy10x8_HD1435
Compiling module xil_defaultlib.decayMpy10x8dsp_HD1442
Compiling module xil_defaultlib.decayMpy10x8mult_gen_v12_0_12_vi...
Compiling module xil_defaultlib.decayMpy10x8mult_gen_v12_0_12_HD...
Compiling module xil_defaultlib.decayMpy10x8_HD1439
Compiling module xil_defaultlib.decayMpy10x8dsp_HD1446
Compiling module xil_defaultlib.decayMpy10x8mult_gen_v12_0_12_vi...
Compiling module xil_defaultlib.decayMpy10x8mult_gen_v12_0_12_HD...
Compiling module xil_defaultlib.decayMpy10x8_HD1443
Compiling module xil_defaultlib.acsMuxMpy_15
Compiling module xil_defaultlib.decayMpy10x8dsp_HD1450
Compiling module xil_defaultlib.decayMpy10x8mult_gen_v12_0_12_vi...
Compiling module xil_defaultlib.decayMpy10x8mult_gen_v12_0_12_HD...
Compiling module xil_defaultlib.decayMpy10x8_HD1447
Compiling module xil_defaultlib.decayMpy10x8dsp_HD1454
Compiling module xil_defaultlib.decayMpy10x8mult_gen_v12_0_12_vi...
Compiling module xil_defaultlib.decayMpy10x8mult_gen_v12_0_12_HD...
Compiling module xil_defaultlib.decayMpy10x8_HD1451
Compiling module xil_defaultlib.decayMpy10x8dsp_HD1458
Compiling module xil_defaultlib.decayMpy10x8mult_gen_v12_0_12_vi...
Compiling module xil_defaultlib.decayMpy10x8mult_gen_v12_0_12_HD...
Compiling module xil_defaultlib.decayMpy10x8_HD1455
Compiling module xil_defaultlib.decayMpy10x8dsp_HD1462
Compiling module xil_defaultlib.decayMpy10x8mult_gen_v12_0_12_vi...
Compiling module xil_defaultlib.decayMpy10x8mult_gen_v12_0_12_HD...
Compiling module xil_defaultlib.decayMpy10x8_HD1459
Compiling module xil_defaultlib.acsMuxMpy_16
Compiling module xil_defaultlib.decayMpy10x8dsp_HD1466
Compiling module xil_defaultlib.decayMpy10x8mult_gen_v12_0_12_vi...
Compiling module xil_defaultlib.decayMpy10x8mult_gen_v12_0_12_HD...
Compiling module xil_defaultlib.decayMpy10x8_HD1463
Compiling module xil_defaultlib.decayMpy10x8dsp_HD1470
Compiling module xil_defaultlib.decayMpy10x8mult_gen_v12_0_12_vi...
Compiling module xil_defaultlib.decayMpy10x8mult_gen_v12_0_12_HD...
Compiling module xil_defaultlib.decayMpy10x8_HD1467
Compiling module xil_defaultlib.decayMpy10x8dsp_HD1474
Compiling module xil_defaultlib.decayMpy10x8mult_gen_v12_0_12_vi...
Compiling module xil_defaultlib.decayMpy10x8mult_gen_v12_0_12_HD...
Compiling module xil_defaultlib.decayMpy10x8_HD1471
Compiling module xil_defaultlib.decayMpy10x8dsp_HD1478
Compiling module xil_defaultlib.decayMpy10x8mult_gen_v12_0_12_vi...
Compiling module xil_defaultlib.decayMpy10x8mult_gen_v12_0_12_HD...
Compiling module xil_defaultlib.decayMpy10x8_HD1475
Compiling module xil_defaultlib.acsMuxMpy_17
Compiling module unisims_ver.MUXF8
Compiling module xil_defaultlib.maxMetricMultiH
Compiling module xil_defaultlib.rotMux
Compiling module xil_defaultlib.rotMux_18
Compiling module xil_defaultlib.rotMux_19
Compiling module xil_defaultlib.rotMux_20
Compiling module xil_defaultlib.tbMux
Compiling module xil_defaultlib.tbMux_21
Compiling module xil_defaultlib.tbMux_22
Compiling module xil_defaultlib.tbMux_23
Compiling module xil_defaultlib.tbMux_24
Compiling module xil_defaultlib.tbMux_25
Compiling module xil_defaultlib.tbMux_26
Compiling module xil_defaultlib.tbMux_27
Compiling module xil_defaultlib.traceBackMultiH
Compiling module xil_defaultlib.viterbiMultiH
Compiling module xil_defaultlib.trellisMultiH
Compiling module xil_defaultlib.test
Compiling module xil_defaultlib.glbl
Built simulation snapshot test_func_impl
